[2015.07.16-20.11.37:153][  0]Log file open, 07/16/15 23:11:37
[2015.07.16-20.11.37:153][  0]LogInit:Display: Running engine for game: JustDoIt
[2015.07.16-20.11.37:153][  0]LogInit:Display: RandInit(-509269772) SRandInit(-509269771).
[2015.07.16-20.11.37:153][  0]LogTaskGraph: Started task graph with 4 named threads and 5 total threads.
[2015.07.16-20.11.37:153][  0]LogStats: Stats thread started
[2015.07.16-20.11.37:153][  0]LogInit: Version: 4.8.2-2614606+++depot+UE4-Releases+4.8
[2015.07.16-20.11.37:153][  0]LogInit: API Version: 2579680
[2015.07.16-20.11.37:153][  0]LogInit: Compiled (64-bit): Jul  8 2015 23:43:41
[2015.07.16-20.11.37:153][  0]LogInit: Compiled with Visual C++: 18.00.21005.01
[2015.07.16-20.11.37:153][  0]LogInit: Build Configuration: Development
[2015.07.16-20.11.37:153][  0]LogInit: Branch Name: ++depot+UE4-Releases+4.8
[2015.07.16-20.11.37:153][  0]LogInit: Command line:  
[2015.07.16-20.11.37:153][  0]LogInit: Base directory: F:/GameDevelopment/Epic Games/4.8/Engine/Binaries/Win64/
[2015.07.16-20.11.37:153][  0]LogInit: Rocket: 1
[2015.07.16-20.11.37:199][  0]LogInit: Using libcurl 7.41.0
[2015.07.16-20.11.37:199][  0]LogInit:  - built for x86_64-pc-win32
[2015.07.16-20.11.37:199][  0]LogInit:  - supports SSL with WinSSL
[2015.07.16-20.11.37:199][  0]LogInit:  - other features:
[2015.07.16-20.11.37:199][  0]LogInit:      CURL_VERSION_SSL
[2015.07.16-20.11.37:199][  0]LogInit:      CURL_VERSION_IPV6
[2015.07.16-20.11.37:199][  0]LogInit:      CURL_VERSION_ASYNCHDNS
[2015.07.16-20.11.37:199][  0]LogInit:      CURL_VERSION_LARGEFILE
[2015.07.16-20.11.37:199][  0]LogInit:      CURL_VERSION_IDN
[2015.07.16-20.11.37:199][  0]LogInit:  CurlRequestOptions (configurable via config and command line):
[2015.07.16-20.11.37:199][  0]LogInit:  - bVerifyPeer = true  - Libcurl will verify peer certificate
[2015.07.16-20.11.37:199][  0]LogInit:  - bUseHttpProxy = false  - Libcurl will NOT use HTTP proxy
[2015.07.16-20.11.37:199][  0]LogInit:  - bDontReuseConnections = false  - Libcurl will reuse connections
[2015.07.16-20.11.37:199][  0]LogInit:  - CertBundlePath = nullptr  - Libcurl will use whatever was configured at build time.
[2015.07.16-20.11.37:215][  0]LogOnline:Warning: No default platform service specified for OnlineSubsystem
[2015.07.16-20.11.37:236][  0]LogInit: Presizing for 0 objects not considered by GC, pre-allocating 0 bytes.
[2015.07.16-20.11.37:247][  0]LogInit: Object subsystem initialized
[2015.07.16-20.11.37:248][  0]LogConsoleResponse:Warning: Skipping Unknown console variable: 'TranslucentSortAxis = (X=0.000000,Y=-1.000000,Z=0.000000)'
[2015.07.16-20.11.37:248][  0]LogConsoleResponse:Warning:   Found in ini file 'F:/GameDevelopment/Projects/ActualProject_1/FirstProjEver/JustDoIt/Saved/Config/Windows/Engine.ini', in section '[/Script/Engine.RendererSettings]'
[2015.07.16-20.11.37:248][  0]LogConsoleResponse:Warning: Skipping Unknown console variable: 'UIScaleRule = ShortestSide'
[2015.07.16-20.11.37:248][  0]LogConsoleResponse:Warning:   Found in ini file 'F:/GameDevelopment/Projects/ActualProject_1/FirstProjEver/JustDoIt/Saved/Config/Windows/Engine.ini', in section '[/Script/Engine.RendererSettings]'
[2015.07.16-20.11.37:248][  0]LogConsoleResponse:Warning: Skipping Unknown console variable: 'UIScaleCurve = (EditorCurveData=(Keys=),ExternalCurve=None)'
[2015.07.16-20.11.37:248][  0]LogConsoleResponse:Warning:   Found in ini file 'F:/GameDevelopment/Projects/ActualProject_1/FirstProjEver/JustDoIt/Saved/Config/Windows/Engine.ini', in section '[/Script/Engine.RendererSettings]'
[2015.07.16-20.11.37:249][  0]LogInit: Selected Device Profile: [Windows]
[2015.07.16-20.11.37:249][  0]LogInit: Applying CVar settings loaded from the selected device profile: [Windows]
[2015.07.16-20.11.37:260][  0]LogInit: Computer: NIKPC
[2015.07.16-20.11.37:260][  0]LogInit: User: Nikita
[2015.07.16-20.11.37:260][  0]LogInit: CPU Page size=4096, Cores=2
[2015.07.16-20.11.37:260][  0]LogInit: High frequency timer resolution =1.753827 MHz
[2015.07.16-20.11.37:260][  0]LogMemory: Memory total: Physical=7.9GB (8GB approx)
[2015.07.16-20.11.37:260][  0]LogMemory: Platform Memory Stats for Windows
[2015.07.16-20.11.37:260][  0]LogMemory: Process Physical Memory: 49.57 MB used, 49.57 MB peak
[2015.07.16-20.11.37:260][  0]LogMemory: Process Virtual Memory: 22.50 MB used, 22.50 MB peak
[2015.07.16-20.11.37:260][  0]LogMemory: Physical Memory: 3891.28 MB used, 8077.30 MB total
[2015.07.16-20.11.37:260][  0]LogMemory: Virtual Memory: 291.25 MB used, 134217728.00 MB total
[2015.07.16-20.11.37:304][  0]LogTextLocalizationManager: The requested culture ('ru_RU') has no localization data; falling back to 'en' for localization and internationalization data.
[2015.07.16-20.11.37:644][  0]LogTextLocalizationManager:Warning: Loaded localization resources contain conflicting entries for (Namespace:ContentBrowser, Key:ImportAssetToolTip):
Localization Resource: (F:/GameDevelopment/Epic Games/4.8/Engine/Content/Localization/Editor/en/Editor.locres) Source String Hash: (-630476809) Localized String: (Import to {0}...)
Localization Resource: (F:/GameDevelopment/Epic Games/4.8/Engine/Content/Localization/Editor/en/Editor.locres) Source String Hash: (1271782899) Localized String: (Imports an asset from file to this folder.)
[2015.07.16-20.11.38:298][  0]LogD3D11RHI: Found D3D11 adapter 0: Intel(R) HD Graphics 4000 (Feature Level 11_0)
[2015.07.16-20.11.38:298][  0]LogD3D11RHI: Adapter has 1988MB of dedicated video memory, 0MB of dedicated system memory, and 2048MB of shared system memory, 2 output[s]
[2015.07.16-20.11.38:312][  0]LogD3D11RHI: Found D3D11 adapter 1: NVIDIA GeForce GT 740M    (Feature Level 11_0)
[2015.07.16-20.11.38:312][  0]LogD3D11RHI: Adapter has 1988MB of dedicated video memory, 0MB of dedicated system memory, and 2048MB of shared system memory, 0 output[s]
[2015.07.16-20.11.38:313][  0]LogD3D11RHI: Found D3D11 adapter 2: Microsoft Basic Render Driver (Feature Level 11_0)
[2015.07.16-20.11.38:313][  0]LogD3D11RHI: Adapter has 1988MB of dedicated video memory, 0MB of dedicated system memory, and 2048MB of shared system memory, 0 output[s]
[2015.07.16-20.11.38:314][  0]LogD3D11RHI: Chosen D3D11 Adapter Id = 0
[2015.07.16-20.11.38:318][  0]LogD3D11RHI: InitD3DDevice
[2015.07.16-20.11.38:318][  0]LogD3D11RHI: !Direct3DDevice
[2015.07.16-20.11.38:318][  0]LogRHI: Texture pool is 1361 MB (70% of 1945 MB)
[2015.07.16-20.11.38:331][  0]LogD3D11RHI: Async texture creation enabled
[2015.07.16-20.11.38:351][  0]LogShaderCompilers:Display: Using Local Shader Compiler.
[2015.07.16-20.11.40:039][  0]LogTemp:Display: Loaded TP DesktopTargetPlatform
[2015.07.16-20.11.40:058][  0]LogTemp:Display: Loaded TP WindowsClientTargetPlatform
[2015.07.16-20.11.40:084][  0]LogTemp:Display: Loaded TP WindowsNoEditorTargetPlatform
[2015.07.16-20.11.40:106][  0]LogTemp:Display: Loaded TP WindowsServerTargetPlatform
[2015.07.16-20.11.40:130][  0]LogTemp:Display: Loaded TP WindowsTargetPlatform
[2015.07.16-20.11.40:149][  0]LogTemp:Display: Loaded TP AndroidTargetPlatform
[2015.07.16-20.11.40:172][  0]LogTemp:Display: Loaded TP Android_ASTCTargetPlatform
[2015.07.16-20.11.40:197][  0]LogTemp:Display: Loaded TP Android_ATCTargetPlatform
[2015.07.16-20.11.40:218][  0]LogTemp:Display: Loaded TP Android_DXTTargetPlatform
[2015.07.16-20.11.40:238][  0]LogTemp:Display: Loaded TP Android_ETC1TargetPlatform
[2015.07.16-20.11.40:255][  0]LogTemp:Display: Loaded TP Android_ETC2TargetPlatform
[2015.07.16-20.11.40:271][  0]LogTemp:Display: Loaded TP Android_PVRTCTargetPlatform
[2015.07.16-20.11.40:336][  0]LogTemp:Display: Loaded TP IOSTargetPlatform
[2015.07.16-20.11.40:354][  0]LogTemp:Display: Loaded TP LinuxNoEditorTargetPlatform
[2015.07.16-20.11.40:374][  0]LogTemp:Display: Loaded TP LinuxServerTargetPlatform
[2015.07.16-20.11.40:399][  0]LogTemp:Display: Loaded TP LinuxTargetPlatform
[2015.07.16-20.11.40:399][  0]LogTargetPlatformManager:Display: Building Assets For Windows
[2015.07.16-20.11.40:722][  0]LogDerivedDataCache:Display: Max Cache Size: 512 MB
[2015.07.16-20.11.41:570][  0]LogDerivedDataCache: Loaded boot cache 0.85s 53MB C:/Users/Nikita/AppData/Local/UnrealEngine/4.8/DerivedDataCache/Boot.ddc.
[2015.07.16-20.11.41:571][  0]LogDerivedDataCache:Display: Loaded Boot cache: C:/Users/Nikita/AppData/Local/UnrealEngine/4.8/DerivedDataCache/Boot.ddc
[2015.07.16-20.11.41:571][  0]LogDerivedDataCache: FDerivedDataBackendGraph:  Pak pak cache file ../../../../../Projects/ActualProject_1/FirstProjEver/JustDoIt/DerivedDataCache/DDC.ddp not found, will not use a pak cache.
[2015.07.16-20.11.41:571][  0]LogDerivedDataCache: Unable to find inner node Pak for hierarchical cache Hierarchy.
[2015.07.16-20.11.41:571][  0]LogDerivedDataCache: FDerivedDataBackendGraph:  CompressedPak pak cache file ../../../../../Projects/ActualProject_1/FirstProjEver/JustDoIt/DerivedDataCache/Compressed.ddp not found, will not use a pak cache.
[2015.07.16-20.11.41:571][  0]LogDerivedDataCache: Unable to find inner node CompressedPak for hierarchical cache Hierarchy.
[2015.07.16-20.11.41:814][  0]LogDerivedDataCache:Display: Pak cache opened for reading ../../../Engine/DerivedDataCache/Compressed.ddp.
[2015.07.16-20.11.41:826][  0]LogDerivedDataCache: Using Local data cache path C:/Users/Nikita/AppData/Local/UnrealEngine/Common/DerivedDataCache: Writable
[2015.07.16-20.11.42:176][  0]LogInit: Selected Device Profile: [Windows]
[2015.07.16-20.11.42:304][  0]ImportText (ComponentSweepMultiTests): Missing closing parenthesis: (RootShapeAsset="/Engine/BasicShapes/Cube.Cube",ShapeType="TriggerCapsule",HitResult=(Time=0.50,Location=(X=-100.000015,Y=0.0,Z=100.000015),ImpactPoint=(X=-50.0,Y=0.0,Z=50.0),Normal=(X=-1.0,Y=-0.0,Z=0.0),ImpactNormal=(X=0.0,Y=0.0,Z=1.0),TraceStart=(X=-200.0,Y=0.0,Z=200.0),TraceEnd=(X=0.0,Y=0.0,Z=0.0))
[2015.07.16-20.11.42:305][  0]ImportText (LineTraceSingleByChannelTests): Missing closing parenthesis: (RootShapeAsset="/Engine/BasicShapes/Cube.Cube",HitResult=(Time=0.50,Location=(X=-100.000015,Y=0.0,Z=100.000015),ImpactPoint=(X=-50.0,Y=0.0,Z=50.0),Normal=(X=-1.0,Y=-0.0,Z=0.0),ImpactNormal=(X=0.0,Y=0.0,Z=1.0),TraceStart=(X=-200.0,Y=0.0,Z=200.0),TraceEnd=(X=0.0,Y=0.0,Z=0.0))
[2015.07.16-20.11.42:346][  0]LogMeshUtilities: No automatic mesh reduction module available
[2015.07.16-20.11.42:346][  0]LogMeshUtilities: No automatic mesh merging module available
[2015.07.16-20.11.42:828][  0]LogInit: WinSock: version 1.1 (2.2), MaxSocks=32767, MaxUdp=65467
[2015.07.16-20.11.44:185][  0]UdpMessaging: Initializing bridge on interface 0.0.0.0:0 to multicast group 230.0.0.1:6666.
[2015.07.16-20.11.44:661][  0]SourceControl: Info Source control is disabled
[2015.07.16-20.11.44:681][  0]SourceControl: Info Source control is disabled
[2015.07.16-20.11.44:694][  0]SourceControl: Info Source control is disabled
[2015.07.16-20.11.44:709][  0]SourceControl: Info Source control is disabled
[2015.07.16-20.11.45:036][  0]LogObj: 26273 objects as part of root set at end of initial load.
[2015.07.16-20.11.45:036][  0]LogUObjectAllocator: 5409248 out of 0 bytes used by permanent object pool.
[2015.07.16-20.11.45:127][  0]LogEngine: Initializing Engine...
[2015.07.16-20.11.45:129][  0]LogHMD: Can't find Oculus library dev build: is proper Runtime installed? Version: 0.6.0.0
[2015.07.16-20.11.45:131][  0]LogHMD:Warning: SteamVR failed to initialize.  Error: 110
[2015.07.16-20.11.45:347][  0]LogAIModule: Creating AISystem for world NewWorld
[2015.07.16-20.11.45:355][  0]LogInit: XAudio2 using 'Headphones (High Definition Audio Device)' : 2 channels at 44.1 kHz using 16 bits per sample (channel mask 0x3)
[2015.07.16-20.11.45:364][  0]LogInit: FAudioDevice initialized.
[2015.07.16-20.11.45:402][  0]LogDerivedDataCache: Saved boot cache 0.04s 53MB C:/Users/Nikita/AppData/Local/UnrealEngine/4.8/DerivedDataCache/Boot.ddc.
[2015.07.16-20.11.45:408][  0]LogInit: Texture streaming: Disabled
[2015.07.16-20.11.45:439][  0]LogAnalytics: Creating configured Analytics provider AnalyticsET
[2015.07.16-20.11.45:439][  0]LogAnalytics: [UEEditor.Rocket.Release] APIServer = http://et2.epicgames.com/ET2/. AppVersion = 4.8.2-2614606+++depot+UE4-Releases+4.8
[2015.07.16-20.11.45:440][  0]LogAnalytics: [UEEditor.Rocket.Release] SetUserId 412554c84dce0172ced9c993479e3b4a|211b3dab690f4096afd4dd007df595dd|a7c4cc10-e2dd-4cbc-a537-941298a0deb0
[2015.07.16-20.11.45:440][  0]LogAnalytics: [UEEditor.Rocket.Release] AnalyticsET::StartSession
[2015.07.16-20.11.45:474][  0]LogInit: Transaction tracking system initialized
[2015.07.16-20.11.45:666][  0]BlueprintLog: New page: Editor Load
[2015.07.16-20.11.45:717][  0]LogAssetRegistry: FAssetRegistry took 0.0111 seconds to start up
[2015.07.16-20.11.45:717][  0]LogDirectoryWatcher:Warning: Failed to begin reading directory changes for ../../../Engine/Plugins/Experimental/CharacterAI/Content/. Error: 0
[2015.07.16-20.11.46:817][  0]LogConsoleManager:Warning: Console variable 'r.VSync' wasn't set ('GameSetting' has a lower priority than 'SystemSettingsIni')
[2015.07.16-20.11.46:817][  0]LogConsoleResponse:Display: 
[2015.07.16-20.11.47:006][  0]LogCook:Display: Done creating registry. It took  0.00s.
[2015.07.16-20.11.47:342][  0]SourceControl: Info Source control is disabled
[2015.07.16-20.11.47:342][  0]Cmd: MAP LOAD FILE="../../../../../Projects/ActualProject_1/FirstProjEver/JustDoIt/Content/StarterContent/Maps/Minimal_Default.umap" TEMPLATE=0 SHOWPROGRESS=1 FEATURELEVEL=3
[2015.07.16-20.11.47:343][  0]LightingResults: New page: Lighting Build
[2015.07.16-20.11.47:363][  0]MapCheck: New page: Map Check
[2015.07.16-20.11.47:363][  0]LightingResults: New page: Lighting Build
[2015.07.16-20.11.47:386][  0]LogParticles: Destroying 0 GPU particle simulations for FXSystem 0x000000F6C1450B80
[2015.07.16-20.11.54:107][  0]LogAIModule: Creating AISystem for world Minimal_Default
[2015.07.16-20.11.54:121][  0]LogEditorServer: Finished looking for orphan Actors (0.000 secs)
[2015.07.16-20.11.54:152][  0]Cmd: MAP CHECKDEP NOCLEARLOG
[2015.07.16-20.11.54:244][  0]MapCheck: Info Map check complete: 0 Error(s), 0 Warning(s), took 91.815ms to complete.
[2015.07.16-20.11.54:244][  0]LogFileHelpers: Loading map 'Minimal_Default' took 6.901
[2015.07.16-20.11.54:392][  0]LogCollectionManager: Loaded 0 collections in 0.004549 seconds
[2015.07.16-20.11.54:408][  0]LogContentBrowser: Native class hierarchy populated in 0.0159 seconds. Added 1792 classes and 301 folders.
[2015.07.16-20.11.54:466][  0]LogContentBrowser: Native class hierarchy updated for 'WidgetCarousel' in 0.0004 seconds. Added 0 classes and 0 folders.
[2015.07.16-20.11.54:497][  0]LogContentBrowser: Native class hierarchy updated for 'AddContentDialog' in 0.0004 seconds. Added 0 classes and 0 folders.
[2015.07.16-20.11.54:565][  0]LogContentBrowser: Native class hierarchy updated for 'SceneOutliner' in 0.0005 seconds. Added 1 classes and 2 folders.
[2015.07.16-20.11.54:675][  0]LogCrashTracker: Crashtracker disabled due to settings.
[2015.07.16-20.11.54:676][  0]LogD3D11RHI: InitD3DDevice
[2015.07.16-20.11.54:682][  0]LogUObjectGlobals:Warning: Failed to find object 'Class None.'
[2015.07.16-20.11.54:704][  0]LogLoad: Full Startup: 19.94 seconds (BP compile: 3.76 seconds)
[2015.07.16-20.11.55:137][  0]LogContentStreaming: Texture pool size is 0.000000MB
[2015.07.16-20.11.55:179][  0]LogContentStreaming: Texture pool size now 700 MB
[2015.07.16-20.11.55:338][  0]LogRenderer: Reallocating scene render targets to support 928x592 (Frame:2).
[2015.07.16-20.11.55:435][  1]LogScript:Warning: Accessed None 'CallFunc_TryGetPawnOwner_ReturnValue'
	FP_AB_C /Engine/Transient.CharacterMesh0:FP_AB_C_0
	Function /Game/FP/BP_Anims/FP_AB.FP_AB_C:ExecuteUbergraph_FP_AB:19A2
[2015.07.16-20.11.55:435][  1]LogScript:Warning: Accessed None 'CallFunc_TryGetPawnOwner_ReturnValue'
	FP_AB_C /Engine/Transient.CharacterMesh0:FP_AB_C_0
	Function /Game/FP/BP_Anims/FP_AB.FP_AB_C:ExecuteUbergraph_FP_AB:19CD
[2015.07.16-20.11.55:435][  1]LogScript:Warning: Accessed None 'CallFunc_TryGetPawnOwner_ReturnValue'
	FP_AB_C /Engine/Transient.CharacterMesh0:FP_AB_C_0
	Function /Game/FP/BP_Anims/FP_AB.FP_AB_C:ExecuteUbergraph_FP_AB:1A3C
[2015.07.16-20.11.55:435][  1]LogScript:Warning: Accessed None 'CallFunc_GetMovementComponent_ReturnValue'
	FP_AB_C /Engine/Transient.CharacterMesh0:FP_AB_C_0
	Function /Game/FP/BP_Anims/FP_AB.FP_AB_C:ExecuteUbergraph_FP_AB:1A6B
[2015.07.16-20.11.55:435][  1]LogScript:Warning: Accessed None 'CallFunc_TryGetPawnOwner_ReturnValue'
	FP_AB_C /Engine/Transient.CharacterMesh0:FP_AB_C_0
	Function /Game/FP/BP_Anims/FP_AB.FP_AB_C:ExecuteUbergraph_FP_AB:1AC7
[2015.07.16-20.11.55:436][  1]LogScript:Warning: Accessed None 'CallFunc_TryGetPawnOwner_ReturnValue'
	FP_AB_C /Engine/Transient.CharacterMesh0:FP_AB_C_0
	Function /Game/FP/BP_Anims/FP_AB.FP_AB_C:ExecuteUbergraph_FP_AB:19A2
[2015.07.16-20.11.55:436][  1]LogScript:Warning: Accessed None 'CallFunc_TryGetPawnOwner_ReturnValue'
	FP_AB_C /Engine/Transient.CharacterMesh0:FP_AB_C_0
	Function /Game/FP/BP_Anims/FP_AB.FP_AB_C:ExecuteUbergraph_FP_AB:19CD
[2015.07.16-20.11.55:436][  1]LogScript:Warning: Accessed None 'CallFunc_TryGetPawnOwner_ReturnValue'
	FP_AB_C /Engine/Transient.CharacterMesh0:FP_AB_C_0
	Function /Game/FP/BP_Anims/FP_AB.FP_AB_C:ExecuteUbergraph_FP_AB:1A3C
[2015.07.16-20.11.55:436][  1]LogScript:Warning: Accessed None 'CallFunc_GetMovementComponent_ReturnValue'
	FP_AB_C /Engine/Transient.CharacterMesh0:FP_AB_C_0
	Function /Game/FP/BP_Anims/FP_AB.FP_AB_C:ExecuteUbergraph_FP_AB:1A6B
[2015.07.16-20.11.55:436][  1]LogScript:Warning: Accessed None 'CallFunc_TryGetPawnOwner_ReturnValue'
	FP_AB_C /Engine/Transient.CharacterMesh0:FP_AB_C_0
	Function /Game/FP/BP_Anims/FP_AB.FP_AB_C:ExecuteUbergraph_FP_AB:1AC7
[2015.07.16-20.11.55:868][  3]LogD3D11RHI: InitD3DDevice
[2015.07.16-20.12.03:101][ 24]LogAssetRegistry: Asset discovery search completed in 17.3954 seconds
[2015.07.16-20.14.04:053][463]LogD3D11RHI: InitD3DDevice
[2015.07.16-20.14.05:181][536]LogD3D11RHI: InitD3DDevice
[2015.07.16-20.14.05:327][536]LogLinker:Warning: Asset '../../../Engine/Content/ArtTools/RenderToTexture/Macros/RenderToTextureMacros.uasset' has been saved with empty engine version. The asset will be loaded but may be incompatible.
[2015.07.16-20.14.05:403][536]LogLinker:Warning: Asset '../../../Engine/Content/ArtTools/RenderToTexture/Enums/RenderToTexture_Enum.uasset' has been saved with empty engine version. The asset will be loaded but may be incompatible.
[2015.07.16-20.14.12:375][821]LogD3D11RHI: InitD3DDevice
[2015.07.16-20.14.12:438][821]LogD3D11RHI: InitD3DDevice
[2015.07.16-20.14.58:085][725]LogD3D11RHI: InitD3DDevice
[2015.07.16-20.14.58:847][758]LogActorComponent: UnregisterComponent: (/Engine/Transient.CharMoveComp) Not registered. Aborting.
[2015.07.16-20.15.00:208][792]LogD3D11RHI: InitD3DDevice
[2015.07.16-20.15.02:926][976]LogPlayLevel: PIE:  No blueprints needed recompiling
[2015.07.16-20.15.02:928][976]PIE: New page: PIE session: Minimal_Default (Jul 17, 2015, 2:15:02 AM)
[2015.07.16-20.15.02:929][976]LogPlayLevel: Creating play world package: /Game/StarterContent/Maps/UEDPIE_0_Minimal_Default
[2015.07.16-20.15.02:941][976]LogPlayLevel: PIE: StaticDuplicateObject took: (0.012730s)
[2015.07.16-20.15.02:942][976]LogAIModule: Creating AISystem for world Minimal_Default
[2015.07.16-20.15.02:944][976]LogPlayLevel: PIE: World Init took: (0.002103s)
[2015.07.16-20.15.02:944][976]LogPlayLevel: PIE: Created PIE world by copying editor world from /Game/StarterContent/Maps/Minimal_Default.Minimal_Default to /Game/StarterContent/Maps/UEDPIE_0_Minimal_Default.Minimal_Default (0.015179s)
[2015.07.16-20.15.03:014][976]LogInit: XAudio2 using 'Headphones (High Definition Audio Device)' : 2 channels at 44.1 kHz using 16 bits per sample (channel mask 0x3)
[2015.07.16-20.15.03:022][976]LogInit: FAudioDevice initialized.
[2015.07.16-20.15.03:101][976]LogWorld: Game class is 'NewGameMode_C'
[2015.07.16-20.15.03:195][976]LogWorld: Bringing World /Game/StarterContent/Maps/UEDPIE_0_Minimal_Default.Minimal_Default up for play (max tick rate 0) at 2015.07.16-23.15.03
[2015.07.16-20.15.03:195][976]LogActor:Warning: GameSession /Game/StarterContent/Maps/UEDPIE_0_Minimal_Default.Minimal_Default:PersistentLevel.GameSession_0 has natively added scene component(s), but none of them were set as the actor's RootComponent - picking one arbitrarily
[2015.07.16-20.15.03:196][976]LogActor:Warning: GameNetworkManager /Game/StarterContent/Maps/UEDPIE_0_Minimal_Default.Minimal_Default:PersistentLevel.GameNetworkManager_0 has natively added scene component(s), but none of them were set as the actor's RootComponent - picking one arbitrarily
[2015.07.16-20.15.03:197][976]LogWorld: Bringing up level for play took: 0.093745
[2015.07.16-20.15.03:203][976]PIE: Info Play in editor start time for /Game/StarterContent/Maps/UEDPIE_0_Minimal_Default -0.704
[2015.07.16-20.15.06:819][209]Cmd: LevelEditor.ToggleImmersive
[2015.07.16-20.15.06:990][210]LogRenderer: Reallocating scene render targets to support 1136x656 (Frame:2484).
[2015.07.16-20.15.07:067][211]LogRenderer: Reallocating scene render targets to support 1368x728 (Frame:2486).
[2015.07.16-20.15.57:609][ 72]LogBlueprintUserMessages: Hello
[2015.07.16-20.15.57:671][ 75]LogBlueprintUserMessages: Hello
[2015.07.16-20.15.57:778][ 82]LogBlueprintUserMessages: Hello
[2015.07.16-20.15.57:868][ 87]LogBlueprintUserMessages: Hello
[2015.07.16-20.15.57:983][ 93]LogBlueprintUserMessages: Hello
[2015.07.16-20.15.58:085][ 98]LogBlueprintUserMessages: Hello
[2015.07.16-20.15.58:188][103]LogBlueprintUserMessages: Hello
[2015.07.16-20.15.58:269][107]LogBlueprintUserMessages: Hello
[2015.07.16-20.15.58:371][112]LogBlueprintUserMessages: Hello
[2015.07.16-20.15.58:475][117]LogBlueprintUserMessages: Hello
[2015.07.16-20.15.58:580][122]LogBlueprintUserMessages: Hello
[2015.07.16-20.15.58:684][127]LogBlueprintUserMessages: Hello
[2015.07.16-20.15.58:767][131]LogBlueprintUserMessages: Hello
[2015.07.16-20.15.58:871][136]LogBlueprintUserMessages: Hello
[2015.07.16-20.15.59:797][177]LogParticles: Destroying 0 GPU particle simulations for FXSystem 0x000000F6BBFB07C0
[2015.07.16-20.16.04:974][552]LogD3D11RHI: InitD3DDevice
[2015.07.16-20.16.07:821][787]BlueprintLog: New page: Compile AssaultRifle
[2015.07.16-20.16.08:581][787]BlueprintEditorCompileResults: Info [0273.82] Compile of AssaultRifle successful! [in 759 ms]
[2015.07.16-20.16.08:605][787]LogD3D11RHI: InitD3DDevice
[2015.07.16-20.16.08:642][787]Cmd: OBJ SAVEPACKAGE PACKAGE="/Game/Weapons/Auto_weapon/AssaultRifle" FILE="../../../../../Projects/ActualProject_1/FirstProjEver/JustDoIt/Content/Weapons/Auto_weapon/AssaultRifle.uasset" SILENT=true
[2015.07.16-20.16.09:009][787]LogSavePackage: Save=251.547623ms
[2015.07.16-20.16.09:009][787]LogSavePackage: Moving '../../../../../Projects/ActualProject_1/FirstProjEver/JustDoIt/Saved/AssaultRifleEDAF3F284250C4149500479DF363FF44.tmp' to '../../../../../Projects/ActualProject_1/FirstProjEver/JustDoIt/Content/Weapons/Auto_weapon/AssaultRifle.uasset'
[2015.07.16-20.16.09:031][787]LogScript:Warning: Accessed None 'CallFunc_TryGetPawnOwner_ReturnValue'
	FP_AB_C /Engine/Transient.CharacterMesh0:FP_AB_C_3
	Function /Game/FP/BP_Anims/FP_AB.FP_AB_C:ExecuteUbergraph_FP_AB:19A2
[2015.07.16-20.16.09:031][787]LogScript:Warning: Accessed None 'CallFunc_TryGetPawnOwner_ReturnValue'
	FP_AB_C /Engine/Transient.CharacterMesh0:FP_AB_C_3
	Function /Game/FP/BP_Anims/FP_AB.FP_AB_C:ExecuteUbergraph_FP_AB:19CD
[2015.07.16-20.16.09:031][787]LogScript:Warning: Accessed None 'CallFunc_TryGetPawnOwner_ReturnValue'
	FP_AB_C /Engine/Transient.CharacterMesh0:FP_AB_C_3
	Function /Game/FP/BP_Anims/FP_AB.FP_AB_C:ExecuteUbergraph_FP_AB:1A3C
[2015.07.16-20.16.09:031][787]LogScript:Warning: Accessed None 'CallFunc_GetMovementComponent_ReturnValue'
	FP_AB_C /Engine/Transient.CharacterMesh0:FP_AB_C_3
	Function /Game/FP/BP_Anims/FP_AB.FP_AB_C:ExecuteUbergraph_FP_AB:1A6B
[2015.07.16-20.16.09:031][787]LogScript:Warning: Accessed None 'CallFunc_TryGetPawnOwner_ReturnValue'
	FP_AB_C /Engine/Transient.CharacterMesh0:FP_AB_C_3
	Function /Game/FP/BP_Anims/FP_AB.FP_AB_C:ExecuteUbergraph_FP_AB:1AC7
[2015.07.16-20.16.09:032][787]LogScript:Warning: Accessed None 'CallFunc_TryGetPawnOwner_ReturnValue'
	FP_AB_C /Engine/Transient.CharacterMesh0:FP_AB_C_3
	Function /Game/FP/BP_Anims/FP_AB.FP_AB_C:ExecuteUbergraph_FP_AB:19A2
[2015.07.16-20.16.09:032][787]LogScript:Warning: Accessed None 'CallFunc_TryGetPawnOwner_ReturnValue'
	FP_AB_C /Engine/Transient.CharacterMesh0:FP_AB_C_3
	Function /Game/FP/BP_Anims/FP_AB.FP_AB_C:ExecuteUbergraph_FP_AB:19CD
[2015.07.16-20.16.09:032][787]LogScript:Warning: Accessed None 'CallFunc_TryGetPawnOwner_ReturnValue'
	FP_AB_C /Engine/Transient.CharacterMesh0:FP_AB_C_3
	Function /Game/FP/BP_Anims/FP_AB.FP_AB_C:ExecuteUbergraph_FP_AB:1A3C
[2015.07.16-20.16.09:033][787]LogScript:Warning: Accessed None 'CallFunc_GetMovementComponent_ReturnValue'
	FP_AB_C /Engine/Transient.CharacterMesh0:FP_AB_C_3
	Function /Game/FP/BP_Anims/FP_AB.FP_AB_C:ExecuteUbergraph_FP_AB:1A6B
[2015.07.16-20.16.09:033][787]LogScript:Warning: Accessed None 'CallFunc_TryGetPawnOwner_ReturnValue'
	FP_AB_C /Engine/Transient.CharacterMesh0:FP_AB_C_3
	Function /Game/FP/BP_Anims/FP_AB.FP_AB_C:ExecuteUbergraph_FP_AB:1AC7
[2015.07.16-20.16.19:791][368]LogD3D11RHI: InitD3DDevice
[2015.07.16-20.16.20:445][368]LogSkeletalMesh: InitArticulated: Bodies already created (/Engine/Transient.DebugSkelMeshComponent_0) - call TermArticulated first.
[2015.07.16-20.16.20:732][368]LogLinker:Warning: Asset '../../../Engine/Content/Tutorial/SubEditors/PersonaAnimEditorTutorial.uasset' has been saved with empty engine version. The asset will be loaded but may be incompatible.
[2015.07.16-20.16.23:914][579]LogD3D11RHI: InitD3DDevice
[2015.07.16-20.16.26:042][736]BlueprintLog: New page: Compile akHands_AB
[2015.07.16-20.16.26:393][736]LogActorComponent: UnregisterComponent: (/Engine/Transient.CharMoveComp) Not registered. Aborting.
[2015.07.16-20.16.26:482][736]BlueprintEditorCompileResults: Info [0291.72] Compile of akHands_AB successful! [in 439 ms]
[2015.07.16-20.16.26:765][753]LogD3D11RHI: InitD3DDevice
[2015.07.16-20.16.27:625][802]LogD3D11RHI: InitD3DDevice
[2015.07.16-20.16.28:130][802]LogSavePackage: Save=315.235199ms
[2015.07.16-20.16.28:131][802]LogSavePackage: Moving '../../../../../Projects/ActualProject_1/FirstProjEver/JustDoIt/Saved/akHands_ABB4B1DDA04E820FD28B049F920FBFC84A.tmp' to '../../../../../Projects/ActualProject_1/FirstProjEver/JustDoIt/Content/Weapons/Auto_weapon/AK/AnimBP/akHands_AB.uasset'
[2015.07.16-20.16.29:296][882]LogPlayLevel: PIE:  No blueprints needed recompiling
[2015.07.16-20.16.29:296][882]PIE: New page: PIE session: Minimal_Default (Jul 17, 2015, 2:16:29 AM)
[2015.07.16-20.16.29:297][882]LogPlayLevel: Creating play world package: /Game/StarterContent/Maps/UEDPIE_0_Minimal_Default
[2015.07.16-20.16.29:310][882]LogPlayLevel: PIE: StaticDuplicateObject took: (0.013237s)
[2015.07.16-20.16.29:311][882]LogAIModule: Creating AISystem for world Minimal_Default
[2015.07.16-20.16.29:312][882]LogPlayLevel: PIE: World Init took: (0.001669s)
[2015.07.16-20.16.29:312][882]LogPlayLevel: PIE: Created PIE world by copying editor world from /Game/StarterContent/Maps/Minimal_Default.Minimal_Default to /Game/StarterContent/Maps/UEDPIE_0_Minimal_Default.Minimal_Default (0.015175s)
[2015.07.16-20.16.29:378][882]LogInit: XAudio2 using 'Headphones (High Definition Audio Device)' : 2 channels at 44.1 kHz using 16 bits per sample (channel mask 0x3)
[2015.07.16-20.16.29:385][882]LogInit: FAudioDevice initialized.
[2015.07.16-20.16.29:424][882]LogWorld: Game class is 'NewGameMode_C'
[2015.07.16-20.16.29:434][882]LogWorld: Bringing World /Game/StarterContent/Maps/UEDPIE_0_Minimal_Default.Minimal_Default up for play (max tick rate 0) at 2015.07.16-23.16.29
[2015.07.16-20.16.29:434][882]LogActor:Warning: GameSession /Game/StarterContent/Maps/UEDPIE_0_Minimal_Default.Minimal_Default:PersistentLevel.GameSession_1 has natively added scene component(s), but none of them were set as the actor's RootComponent - picking one arbitrarily
[2015.07.16-20.16.29:435][882]LogActor:Warning: GameNetworkManager /Game/StarterContent/Maps/UEDPIE_0_Minimal_Default.Minimal_Default:PersistentLevel.GameNetworkManager_1 has natively added scene component(s), but none of them were set as the actor's RootComponent - picking one arbitrarily
[2015.07.16-20.16.29:435][882]LogWorld: Bringing up level for play took: 0.009336
[2015.07.16-20.16.29:442][882]PIE: Info Play in editor start time for /Game/StarterContent/Maps/UEDPIE_0_Minimal_Default -0.466
[2015.07.16-20.16.38:968][534]LogParticles: Destroying 0 GPU particle simulations for FXSystem 0x000000F6D614E480
[2015.07.16-20.16.47:085][929]LogD3D11RHI: InitD3DDevice
[2015.07.16-20.16.47:374][929]LogSkeletalMesh: UPhysicsAssetInstance::InitInstance : Could not find root physics body: DebugSkelMeshComponent_2
[2015.07.16-20.16.47:374][929]LogSkeletalMesh: UPhysicsAssetInstance::InitInstance : Could not find root physics body: DebugSkelMeshComponent_2
[2015.07.16-20.16.57:632][426]LogD3D11RHI: InitD3DDevice
[2015.07.16-20.16.59:471][507]LogWindowsTextInputMethodSystem:Display: IME system now deactivated.
[2015.07.16-20.16.59:471][507]LogWindowsTextInputMethodSystem:Display: IME system now deactivated.
[2015.07.16-20.17.00:165][536]LogWindowsTextInputMethodSystem:Display: IME system now deactivated.
[2015.07.16-20.17.00:165][536]LogWindowsTextInputMethodSystem:Display: IME system now deactivated.
[2015.07.16-20.17.04:196][749]LogD3D11RHI: InitD3DDevice
[2015.07.16-20.17.04:243][749]Cmd: OBJ SAVEPACKAGE PACKAGE="/Game/Weapons/Auto_weapon/AK/Ak" FILE="../../../../../Projects/ActualProject_1/FirstProjEver/JustDoIt/Content/Weapons/Auto_weapon/AK/Ak.uasset" SILENT=true
[2015.07.16-20.17.04:340][749]LogSavePackage: Save=46.614632ms
[2015.07.16-20.17.04:340][749]LogSavePackage: Moving '../../../../../Projects/ActualProject_1/FirstProjEver/JustDoIt/Saved/AkAB9582074D4A1DD71797CEA0DF67B1D5.tmp' to '../../../../../Projects/ActualProject_1/FirstProjEver/JustDoIt/Content/Weapons/Auto_weapon/AK/Ak.uasset'
[2015.07.16-20.17.05:608][827]LogPlayLevel: PIE:  No blueprints needed recompiling
[2015.07.16-20.17.05:609][827]PIE: New page: PIE session: Minimal_Default (Jul 17, 2015, 2:17:05 AM)
[2015.07.16-20.17.05:609][827]LogPlayLevel: Creating play world package: /Game/StarterContent/Maps/UEDPIE_0_Minimal_Default
[2015.07.16-20.17.05:623][827]LogPlayLevel: PIE: StaticDuplicateObject took: (0.013835s)
[2015.07.16-20.17.05:624][827]LogAIModule: Creating AISystem for world Minimal_Default
[2015.07.16-20.17.05:625][827]LogPlayLevel: PIE: World Init took: (0.001888s)
[2015.07.16-20.17.05:625][827]LogPlayLevel: PIE: Created PIE world by copying editor world from /Game/StarterContent/Maps/Minimal_Default.Minimal_Default to /Game/StarterContent/Maps/UEDPIE_0_Minimal_Default.Minimal_Default (0.016044s)
[2015.07.16-20.17.05:693][827]LogInit: XAudio2 using 'Headphones (High Definition Audio Device)' : 2 channels at 44.1 kHz using 16 bits per sample (channel mask 0x3)
[2015.07.16-20.17.05:700][827]LogInit: FAudioDevice initialized.
[2015.07.16-20.17.05:742][827]LogWorld: Game class is 'NewGameMode_C'
[2015.07.16-20.17.05:752][827]LogWorld: Bringing World /Game/StarterContent/Maps/UEDPIE_0_Minimal_Default.Minimal_Default up for play (max tick rate 0) at 2015.07.16-23.17.05
[2015.07.16-20.17.05:752][827]LogActor:Warning: GameSession /Game/StarterContent/Maps/UEDPIE_0_Minimal_Default.Minimal_Default:PersistentLevel.GameSession_2 has natively added scene component(s), but none of them were set as the actor's RootComponent - picking one arbitrarily
[2015.07.16-20.17.05:753][827]LogActor:Warning: GameNetworkManager /Game/StarterContent/Maps/UEDPIE_0_Minimal_Default.Minimal_Default:PersistentLevel.GameNetworkManager_2 has natively added scene component(s), but none of them were set as the actor's RootComponent - picking one arbitrarily
[2015.07.16-20.17.05:753][827]LogWorld: Bringing up level for play took: 0.009414
[2015.07.16-20.17.05:760][827]PIE: Info Play in editor start time for /Game/StarterContent/Maps/UEDPIE_0_Minimal_Default -0.147
[2015.07.16-20.17.13:193][357]Cmd: LevelEditor.ToggleImmersive
[2015.07.16-20.18.05:331][637]LogParticles: Destroying 0 GPU particle simulations for FXSystem 0x000000F6B5C64D60
[2015.07.16-20.18.21:418][744]LogScript:Warning: Accessed None 'CallFunc_TryGetPawnOwner_ReturnValue'
	FP_AB_C /Engine/Transient.CharacterMesh0:FP_AB_C_6
	Function /Game/FP/BP_Anims/FP_AB.FP_AB_C:ExecuteUbergraph_FP_AB:19A2
[2015.07.16-20.18.21:418][744]LogScript:Warning: Accessed None 'CallFunc_TryGetPawnOwner_ReturnValue'
	FP_AB_C /Engine/Transient.CharacterMesh0:FP_AB_C_6
	Function /Game/FP/BP_Anims/FP_AB.FP_AB_C:ExecuteUbergraph_FP_AB:19CD
[2015.07.16-20.18.21:418][744]LogScript:Warning: Accessed None 'CallFunc_TryGetPawnOwner_ReturnValue'
	FP_AB_C /Engine/Transient.CharacterMesh0:FP_AB_C_6
	Function /Game/FP/BP_Anims/FP_AB.FP_AB_C:ExecuteUbergraph_FP_AB:1A3C
[2015.07.16-20.18.21:418][744]LogScript:Warning: Accessed None 'CallFunc_GetMovementComponent_ReturnValue'
	FP_AB_C /Engine/Transient.CharacterMesh0:FP_AB_C_6
	Function /Game/FP/BP_Anims/FP_AB.FP_AB_C:ExecuteUbergraph_FP_AB:1A6B
[2015.07.16-20.18.21:418][744]LogScript:Warning: Accessed None 'CallFunc_TryGetPawnOwner_ReturnValue'
	FP_AB_C /Engine/Transient.CharacterMesh0:FP_AB_C_6
	Function /Game/FP/BP_Anims/FP_AB.FP_AB_C:ExecuteUbergraph_FP_AB:1AC7
[2015.07.16-20.18.21:418][744]LogScript:Warning: Accessed None 'CallFunc_TryGetPawnOwner_ReturnValue'
	FP_AB_C /Engine/Transient.CharacterMesh0:FP_AB_C_6
	Function /Game/FP/BP_Anims/FP_AB.FP_AB_C:ExecuteUbergraph_FP_AB:19A2
[2015.07.16-20.18.21:418][744]LogScript:Warning: Accessed None 'CallFunc_TryGetPawnOwner_ReturnValue'
	FP_AB_C /Engine/Transient.CharacterMesh0:FP_AB_C_6
	Function /Game/FP/BP_Anims/FP_AB.FP_AB_C:ExecuteUbergraph_FP_AB:19CD
[2015.07.16-20.18.21:418][744]LogScript:Warning: Accessed None 'CallFunc_TryGetPawnOwner_ReturnValue'
	FP_AB_C /Engine/Transient.CharacterMesh0:FP_AB_C_6
	Function /Game/FP/BP_Anims/FP_AB.FP_AB_C:ExecuteUbergraph_FP_AB:1A3C
[2015.07.16-20.18.21:418][744]LogScript:Warning: Accessed None 'CallFunc_GetMovementComponent_ReturnValue'
	FP_AB_C /Engine/Transient.CharacterMesh0:FP_AB_C_6
	Function /Game/FP/BP_Anims/FP_AB.FP_AB_C:ExecuteUbergraph_FP_AB:1A6B
[2015.07.16-20.18.21:418][744]LogScript:Warning: Accessed None 'CallFunc_TryGetPawnOwner_ReturnValue'
	FP_AB_C /Engine/Transient.CharacterMesh0:FP_AB_C_6
	Function /Game/FP/BP_Anims/FP_AB.FP_AB_C:ExecuteUbergraph_FP_AB:1AC7
[2015.07.16-20.18.30:120][430]LogEditorTransaction: Undo Modify Component(s)
[2015.07.16-20.18.30:225][430]LogActorComponent: UnregisterComponent: (/Engine/Transient.CharMoveComp) Not registered. Aborting.
[2015.07.16-20.18.30:310][430]LogD3D11RHI: InitD3DDevice
[2015.07.16-20.18.30:313][430]LogScript:Warning: Accessed None 'CallFunc_TryGetPawnOwner_ReturnValue'
	FP_AB_C /Engine/Transient.SkeletalMeshComponent_1:FP_AB_C_7
	Function /Game/FP/BP_Anims/FP_AB.FP_AB_C:ExecuteUbergraph_FP_AB:19A2
[2015.07.16-20.18.30:313][430]LogScript:Warning: Accessed None 'CallFunc_TryGetPawnOwner_ReturnValue'
	FP_AB_C /Engine/Transient.SkeletalMeshComponent_1:FP_AB_C_7
	Function /Game/FP/BP_Anims/FP_AB.FP_AB_C:ExecuteUbergraph_FP_AB:19CD
[2015.07.16-20.18.30:313][430]LogScript:Warning: Accessed None 'CallFunc_TryGetPawnOwner_ReturnValue'
	FP_AB_C /Engine/Transient.SkeletalMeshComponent_1:FP_AB_C_7
	Function /Game/FP/BP_Anims/FP_AB.FP_AB_C:ExecuteUbergraph_FP_AB:1A3C
[2015.07.16-20.18.30:313][430]LogScript:Warning: Accessed None 'CallFunc_GetMovementComponent_ReturnValue'
	FP_AB_C /Engine/Transient.SkeletalMeshComponent_1:FP_AB_C_7
	Function /Game/FP/BP_Anims/FP_AB.FP_AB_C:ExecuteUbergraph_FP_AB:1A6B
[2015.07.16-20.18.30:313][430]LogScript:Warning: Accessed None 'CallFunc_TryGetPawnOwner_ReturnValue'
	FP_AB_C /Engine/Transient.SkeletalMeshComponent_1:FP_AB_C_7
	Function /Game/FP/BP_Anims/FP_AB.FP_AB_C:ExecuteUbergraph_FP_AB:1AC7
[2015.07.16-20.18.30:313][430]LogScript:Warning: Accessed None 'CallFunc_TryGetPawnOwner_ReturnValue'
	FP_AB_C /Engine/Transient.SkeletalMeshComponent_1:FP_AB_C_7
	Function /Game/FP/BP_Anims/FP_AB.FP_AB_C:ExecuteUbergraph_FP_AB:19A2
[2015.07.16-20.18.30:313][430]LogScript:Warning: Accessed None 'CallFunc_TryGetPawnOwner_ReturnValue'
	FP_AB_C /Engine/Transient.SkeletalMeshComponent_1:FP_AB_C_7
	Function /Game/FP/BP_Anims/FP_AB.FP_AB_C:ExecuteUbergraph_FP_AB:19CD
[2015.07.16-20.18.30:313][430]LogScript:Warning: Accessed None 'CallFunc_TryGetPawnOwner_ReturnValue'
	FP_AB_C /Engine/Transient.SkeletalMeshComponent_1:FP_AB_C_7
	Function /Game/FP/BP_Anims/FP_AB.FP_AB_C:ExecuteUbergraph_FP_AB:1A3C
[2015.07.16-20.18.30:313][430]LogScript:Warning: Accessed None 'CallFunc_GetMovementComponent_ReturnValue'
	FP_AB_C /Engine/Transient.SkeletalMeshComponent_1:FP_AB_C_7
	Function /Game/FP/BP_Anims/FP_AB.FP_AB_C:ExecuteUbergraph_FP_AB:1A6B
[2015.07.16-20.18.30:313][430]LogScript:Warning: Accessed None 'CallFunc_TryGetPawnOwner_ReturnValue'
	FP_AB_C /Engine/Transient.SkeletalMeshComponent_1:FP_AB_C_7
	Function /Game/FP/BP_Anims/FP_AB.FP_AB_C:ExecuteUbergraph_FP_AB:1AC7
[2015.07.16-20.18.32:948][588]LogEditorTransaction: Undo Modify Component(s)
[2015.07.16-20.18.33:050][588]LogActorComponent: UnregisterComponent: (/Engine/Transient.CharacterMovementComponent_0) Not registered. Aborting.
[2015.07.16-20.18.33:072][588]LogScript:Warning: Accessed None 'CallFunc_TryGetPawnOwner_ReturnValue'
	FP_AB_C /Engine/Transient.SkeletalMeshComponent_3:FP_AB_C_8
	Function /Game/FP/BP_Anims/FP_AB.FP_AB_C:ExecuteUbergraph_FP_AB:19A2
[2015.07.16-20.18.33:072][588]LogScript:Warning: Accessed None 'CallFunc_TryGetPawnOwner_ReturnValue'
	FP_AB_C /Engine/Transient.SkeletalMeshComponent_3:FP_AB_C_8
	Function /Game/FP/BP_Anims/FP_AB.FP_AB_C:ExecuteUbergraph_FP_AB:19CD
[2015.07.16-20.18.33:072][588]LogScript:Warning: Accessed None 'CallFunc_TryGetPawnOwner_ReturnValue'
	FP_AB_C /Engine/Transient.SkeletalMeshComponent_3:FP_AB_C_8
	Function /Game/FP/BP_Anims/FP_AB.FP_AB_C:ExecuteUbergraph_FP_AB:1A3C
[2015.07.16-20.18.33:072][588]LogScript:Warning: Accessed None 'CallFunc_GetMovementComponent_ReturnValue'
	FP_AB_C /Engine/Transient.SkeletalMeshComponent_3:FP_AB_C_8
	Function /Game/FP/BP_Anims/FP_AB.FP_AB_C:ExecuteUbergraph_FP_AB:1A6B
[2015.07.16-20.18.33:072][588]LogScript:Warning: Accessed None 'CallFunc_TryGetPawnOwner_ReturnValue'
	FP_AB_C /Engine/Transient.SkeletalMeshComponent_3:FP_AB_C_8
	Function /Game/FP/BP_Anims/FP_AB.FP_AB_C:ExecuteUbergraph_FP_AB:1AC7
[2015.07.16-20.18.33:073][588]LogScript:Warning: Accessed None 'CallFunc_TryGetPawnOwner_ReturnValue'
	FP_AB_C /Engine/Transient.SkeletalMeshComponent_3:FP_AB_C_8
	Function /Game/FP/BP_Anims/FP_AB.FP_AB_C:ExecuteUbergraph_FP_AB:19A2
[2015.07.16-20.18.33:073][588]LogScript:Warning: Accessed None 'CallFunc_TryGetPawnOwner_ReturnValue'
	FP_AB_C /Engine/Transient.SkeletalMeshComponent_3:FP_AB_C_8
	Function /Game/FP/BP_Anims/FP_AB.FP_AB_C:ExecuteUbergraph_FP_AB:19CD
[2015.07.16-20.18.33:073][588]LogScript:Warning: Accessed None 'CallFunc_TryGetPawnOwner_ReturnValue'
	FP_AB_C /Engine/Transient.SkeletalMeshComponent_3:FP_AB_C_8
	Function /Game/FP/BP_Anims/FP_AB.FP_AB_C:ExecuteUbergraph_FP_AB:1A3C
[2015.07.16-20.18.33:073][588]LogScript:Warning: Accessed None 'CallFunc_GetMovementComponent_ReturnValue'
	FP_AB_C /Engine/Transient.SkeletalMeshComponent_3:FP_AB_C_8
	Function /Game/FP/BP_Anims/FP_AB.FP_AB_C:ExecuteUbergraph_FP_AB:1A6B
[2015.07.16-20.18.33:073][588]LogScript:Warning: Accessed None 'CallFunc_TryGetPawnOwner_ReturnValue'
	FP_AB_C /Engine/Transient.SkeletalMeshComponent_3:FP_AB_C_8
	Function /Game/FP/BP_Anims/FP_AB.FP_AB_C:ExecuteUbergraph_FP_AB:1AC7
[2015.07.16-20.18.46:263][508]BlueprintLog: New page: Pre-PIE auto-recompile
[2015.07.16-20.18.46:269][508]LogActorComponent: UnregisterComponent: (/Engine/Transient.CharacterMovementComponent_1) Not registered. Aborting.
[2015.07.16-20.18.46:288][508]LogPlayLevel: [PIE] Compiling FP_char before PIE...
[2015.07.16-20.18.47:367][508]LogPlayLevel: [PIE] Compiling FP_AB before PIE...
[2015.07.16-20.18.48:233][508]LogPlayLevel: [PIE] Compiling m1911Hands_AB before PIE...
[2015.07.16-20.18.49:204][508]LogPlayLevel: [PIE] Compiling akHands_AB before PIE...
[2015.07.16-20.18.49:633][508]LogPlayLevel: PIE:  Blueprint regeneration took 3370 ms (4 blueprints)
[2015.07.16-20.18.49:633][508]PIE: New page: PIE session: Minimal_Default (Jul 17, 2015, 2:18:49 AM)
[2015.07.16-20.18.49:634][508]LogPlayLevel: Creating play world package: /Game/StarterContent/Maps/UEDPIE_0_Minimal_Default
[2015.07.16-20.18.49:648][508]LogPlayLevel: PIE: StaticDuplicateObject took: (0.013931s)
[2015.07.16-20.18.49:649][508]LogAIModule: Creating AISystem for world Minimal_Default
[2015.07.16-20.18.49:650][508]LogPlayLevel: PIE: World Init took: (0.001924s)
[2015.07.16-20.18.49:650][508]LogPlayLevel: PIE: Created PIE world by copying editor world from /Game/StarterContent/Maps/Minimal_Default.Minimal_Default to /Game/StarterContent/Maps/UEDPIE_0_Minimal_Default.Minimal_Default (0.016130s)
[2015.07.16-20.18.49:717][508]LogInit: XAudio2 using 'Headphones (High Definition Audio Device)' : 2 channels at 44.1 kHz using 16 bits per sample (channel mask 0x3)
[2015.07.16-20.18.49:725][508]LogInit: FAudioDevice initialized.
[2015.07.16-20.18.49:768][508]LogWorld: Game class is 'NewGameMode_C'
[2015.07.16-20.18.49:778][508]LogWorld: Bringing World /Game/StarterContent/Maps/UEDPIE_0_Minimal_Default.Minimal_Default up for play (max tick rate 0) at 2015.07.16-23.18.49
[2015.07.16-20.18.49:778][508]LogActor:Warning: GameSession /Game/StarterContent/Maps/UEDPIE_0_Minimal_Default.Minimal_Default:PersistentLevel.GameSession_3 has natively added scene component(s), but none of them were set as the actor's RootComponent - picking one arbitrarily
[2015.07.16-20.18.49:779][508]LogActor:Warning: GameNetworkManager /Game/StarterContent/Maps/UEDPIE_0_Minimal_Default.Minimal_Default:PersistentLevel.GameNetworkManager_3 has natively added scene component(s), but none of them were set as the actor's RootComponent - picking one arbitrarily
[2015.07.16-20.18.49:779][508]LogWorld: Bringing up level for play took: 0.009376
[2015.07.16-20.18.49:786][508]PIE: Info Play in editor start time for /Game/StarterContent/Maps/UEDPIE_0_Minimal_Default 3.878
[2015.07.16-20.18.49:801][509]LogScript:Warning: Accessed None 'CallFunc_TryGetPawnOwner_ReturnValue'
	FP_AB_C /Engine/Transient.SkeletalMeshComponent_5:FP_AB_C_6
	Function /Game/FP/BP_Anims/FP_AB.FP_AB_C:ExecuteUbergraph_FP_AB:19A2
[2015.07.16-20.18.49:801][509]LogScript:Warning: Accessed None 'CallFunc_TryGetPawnOwner_ReturnValue'
	FP_AB_C /Engine/Transient.SkeletalMeshComponent_5:FP_AB_C_6
	Function /Game/FP/BP_Anims/FP_AB.FP_AB_C:ExecuteUbergraph_FP_AB:19CD
[2015.07.16-20.18.49:801][509]LogScript:Warning: Accessed None 'CallFunc_TryGetPawnOwner_ReturnValue'
	FP_AB_C /Engine/Transient.SkeletalMeshComponent_5:FP_AB_C_6
	Function /Game/FP/BP_Anims/FP_AB.FP_AB_C:ExecuteUbergraph_FP_AB:1A3C
[2015.07.16-20.18.49:801][509]LogScript:Warning: Accessed None 'CallFunc_GetMovementComponent_ReturnValue'
	FP_AB_C /Engine/Transient.SkeletalMeshComponent_5:FP_AB_C_6
	Function /Game/FP/BP_Anims/FP_AB.FP_AB_C:ExecuteUbergraph_FP_AB:1A6B
[2015.07.16-20.18.49:801][509]LogScript:Warning: Accessed None 'CallFunc_TryGetPawnOwner_ReturnValue'
	FP_AB_C /Engine/Transient.SkeletalMeshComponent_5:FP_AB_C_6
	Function /Game/FP/BP_Anims/FP_AB.FP_AB_C:ExecuteUbergraph_FP_AB:1AC7
[2015.07.16-20.18.49:801][509]LogScript:Warning: Accessed None 'CallFunc_TryGetPawnOwner_ReturnValue'
	FP_AB_C /Engine/Transient.SkeletalMeshComponent_5:FP_AB_C_6
	Function /Game/FP/BP_Anims/FP_AB.FP_AB_C:ExecuteUbergraph_FP_AB:19A2
[2015.07.16-20.18.49:802][509]LogScript:Warning: Accessed None 'CallFunc_TryGetPawnOwner_ReturnValue'
	FP_AB_C /Engine/Transient.SkeletalMeshComponent_5:FP_AB_C_6
	Function /Game/FP/BP_Anims/FP_AB.FP_AB_C:ExecuteUbergraph_FP_AB:19CD
[2015.07.16-20.18.56:352][977]Cmd: LevelEditor.ToggleImmersive
[2015.07.16-20.19.51:427][253]LogActorComponent: UnregisterComponent: (/Engine/Transient.CharacterMovementComponent_2) Not registered. Aborting.
[2015.07.16-20.20.57:728][172]LogParticles: Destroying 0 GPU particle simulations for FXSystem 0x000000F6D65D2F20
[2015.07.16-20.21.00:318][312]LogD3D11RHI: InitD3DDevice
[2015.07.16-20.21.01:406][366]LogD3D11RHI: InitD3DDevice
[2015.07.16-20.21.01:438][366]LogScript:Warning: Accessed None 'CallFunc_TryGetPawnOwner_ReturnValue'
	FP_AB_C /Engine/Transient.SkeletalMeshComponent_7:FP_AB_C_7
	Function /Game/FP/BP_Anims/FP_AB.FP_AB_C:ExecuteUbergraph_FP_AB:19A2
[2015.07.16-20.21.01:438][366]LogScript:Warning: Accessed None 'CallFunc_TryGetPawnOwner_ReturnValue'
	FP_AB_C /Engine/Transient.SkeletalMeshComponent_7:FP_AB_C_7
	Function /Game/FP/BP_Anims/FP_AB.FP_AB_C:ExecuteUbergraph_FP_AB:19CD
[2015.07.16-20.21.01:438][366]LogScript:Warning: Accessed None 'CallFunc_TryGetPawnOwner_ReturnValue'
	FP_AB_C /Engine/Transient.SkeletalMeshComponent_7:FP_AB_C_7
	Function /Game/FP/BP_Anims/FP_AB.FP_AB_C:ExecuteUbergraph_FP_AB:1A3C
[2015.07.16-20.21.01:438][366]LogScript:Warning: Accessed None 'CallFunc_GetMovementComponent_ReturnValue'
	FP_AB_C /Engine/Transient.SkeletalMeshComponent_7:FP_AB_C_7
	Function /Game/FP/BP_Anims/FP_AB.FP_AB_C:ExecuteUbergraph_FP_AB:1A6B
[2015.07.16-20.21.01:438][366]LogScript:Warning: Accessed None 'CallFunc_TryGetPawnOwner_ReturnValue'
	FP_AB_C /Engine/Transient.SkeletalMeshComponent_7:FP_AB_C_7
	Function /Game/FP/BP_Anims/FP_AB.FP_AB_C:ExecuteUbergraph_FP_AB:1AC7
[2015.07.16-20.21.01:438][366]LogScript:Warning: Accessed None 'CallFunc_TryGetPawnOwner_ReturnValue'
	FP_AB_C /Engine/Transient.SkeletalMeshComponent_7:FP_AB_C_7
	Function /Game/FP/BP_Anims/FP_AB.FP_AB_C:ExecuteUbergraph_FP_AB:19A2
[2015.07.16-20.21.01:438][366]LogScript:Warning: Accessed None 'CallFunc_TryGetPawnOwner_ReturnValue'
	FP_AB_C /Engine/Transient.SkeletalMeshComponent_7:FP_AB_C_7
	Function /Game/FP/BP_Anims/FP_AB.FP_AB_C:ExecuteUbergraph_FP_AB:19CD
[2015.07.16-20.21.01:459][366]Cmd: OBJ SAVEPACKAGE PACKAGE="/Game/FP/CharBP/FP_char" FILE="../../../../../Projects/ActualProject_1/FirstProjEver/JustDoIt/Content/FP/CharBP/FP_char.uasset" SILENT=true
[2015.07.16-20.21.02:339][366]LogSavePackage: Save=782.399841ms
[2015.07.16-20.21.02:339][366]LogSavePackage: Moving '../../../../../Projects/ActualProject_1/FirstProjEver/JustDoIt/Saved/FP_char8C85F9BF4877F73F9CB4F8A236D15739.tmp' to '../../../../../Projects/ActualProject_1/FirstProjEver/JustDoIt/Content/FP/CharBP/FP_char.uasset'
[2015.07.16-20.21.40:967][383]LogPlayLevel: PIE:  No blueprints needed recompiling
[2015.07.16-20.21.40:967][383]PIE: New page: PIE session: Minimal_Default (Jul 17, 2015, 2:21:40 AM)
[2015.07.16-20.21.40:967][383]LogPlayLevel: Creating play world package: /Game/StarterContent/Maps/UEDPIE_0_Minimal_Default
[2015.07.16-20.21.40:983][383]LogPlayLevel: PIE: StaticDuplicateObject took: (0.015645s)
[2015.07.16-20.21.40:984][383]LogAIModule: Creating AISystem for world Minimal_Default
[2015.07.16-20.21.40:985][383]LogPlayLevel: PIE: World Init took: (0.002103s)
[2015.07.16-20.21.40:985][383]LogPlayLevel: PIE: Created PIE world by copying editor world from /Game/StarterContent/Maps/Minimal_Default.Minimal_Default to /Game/StarterContent/Maps/UEDPIE_0_Minimal_Default.Minimal_Default (0.018087s)
[2015.07.16-20.21.40:985][383]LogActorComponent: UnregisterComponent: (/Engine/Transient.CharacterMovementComponent_3) Not registered. Aborting.
[2015.07.16-20.21.41:061][383]LogInit: XAudio2 using 'Headphones (High Definition Audio Device)' : 2 channels at 44.1 kHz using 16 bits per sample (channel mask 0x3)
[2015.07.16-20.21.41:068][383]LogInit: FAudioDevice initialized.
[2015.07.16-20.21.41:111][383]LogWorld: Game class is 'NewGameMode_C'
[2015.07.16-20.21.41:125][383]LogWorld: Bringing World /Game/StarterContent/Maps/UEDPIE_0_Minimal_Default.Minimal_Default up for play (max tick rate 0) at 2015.07.16-23.21.41
[2015.07.16-20.21.41:125][383]LogActor:Warning: GameSession /Game/StarterContent/Maps/UEDPIE_0_Minimal_Default.Minimal_Default:PersistentLevel.GameSession_4 has natively added scene component(s), but none of them were set as the actor's RootComponent - picking one arbitrarily
[2015.07.16-20.21.41:126][383]LogActor:Warning: GameNetworkManager /Game/StarterContent/Maps/UEDPIE_0_Minimal_Default.Minimal_Default:PersistentLevel.GameNetworkManager_4 has natively added scene component(s), but none of them were set as the actor's RootComponent - picking one arbitrarily
[2015.07.16-20.21.41:127][383]LogWorld: Bringing up level for play took: 0.012997
[2015.07.16-20.21.41:135][383]PIE: Info Play in editor start time for /Game/StarterContent/Maps/UEDPIE_0_Minimal_Default -0.772
[2015.07.16-20.21.54:230][301]Cmd: LevelEditor.ToggleImmersive
[2015.07.16-20.25.28:927][996]LogParticles: Destroying 0 GPU particle simulations for FXSystem 0x000000F6C489B6A0
[2015.07.16-20.26.56:726][670]LogD3D11RHI: InitD3DDevice
[2015.07.16-20.26.57:410][689]LogD3D11RHI: InitD3DDevice
[2015.07.16-20.26.59:424][770]LogScript:Warning: Accessed None 'CallFunc_TryGetPawnOwner_ReturnValue'
	FP_AB_C /Engine/Transient.SkeletalMeshComponent_9:FP_AB_C_9
	Function /Game/FP/BP_Anims/FP_AB.FP_AB_C:ExecuteUbergraph_FP_AB:19A2
[2015.07.16-20.26.59:424][770]LogScript:Warning: Accessed None 'CallFunc_TryGetPawnOwner_ReturnValue'
	FP_AB_C /Engine/Transient.SkeletalMeshComponent_9:FP_AB_C_9
	Function /Game/FP/BP_Anims/FP_AB.FP_AB_C:ExecuteUbergraph_FP_AB:19CD
[2015.07.16-20.26.59:424][770]LogScript:Warning: Accessed None 'CallFunc_TryGetPawnOwner_ReturnValue'
	FP_AB_C /Engine/Transient.SkeletalMeshComponent_9:FP_AB_C_9
	Function /Game/FP/BP_Anims/FP_AB.FP_AB_C:ExecuteUbergraph_FP_AB:1A3C
[2015.07.16-20.26.59:424][770]LogScript:Warning: Accessed None 'CallFunc_GetMovementComponent_ReturnValue'
	FP_AB_C /Engine/Transient.SkeletalMeshComponent_9:FP_AB_C_9
	Function /Game/FP/BP_Anims/FP_AB.FP_AB_C:ExecuteUbergraph_FP_AB:1A6B
[2015.07.16-20.26.59:424][770]LogScript:Warning: Accessed None 'CallFunc_TryGetPawnOwner_ReturnValue'
	FP_AB_C /Engine/Transient.SkeletalMeshComponent_9:FP_AB_C_9
	Function /Game/FP/BP_Anims/FP_AB.FP_AB_C:ExecuteUbergraph_FP_AB:1AC7
[2015.07.16-20.26.59:424][770]LogScript:Warning: Accessed None 'CallFunc_TryGetPawnOwner_ReturnValue'
	FP_AB_C /Engine/Transient.SkeletalMeshComponent_9:FP_AB_C_9
	Function /Game/FP/BP_Anims/FP_AB.FP_AB_C:ExecuteUbergraph_FP_AB:19A2
[2015.07.16-20.26.59:424][770]LogScript:Warning: Accessed None 'CallFunc_TryGetPawnOwner_ReturnValue'
	FP_AB_C /Engine/Transient.SkeletalMeshComponent_9:FP_AB_C_9
	Function /Game/FP/BP_Anims/FP_AB.FP_AB_C:ExecuteUbergraph_FP_AB:19CD
[2015.07.16-20.26.59:424][770]LogScript:Warning: Accessed None 'CallFunc_TryGetPawnOwner_ReturnValue'
	FP_AB_C /Engine/Transient.SkeletalMeshComponent_9:FP_AB_C_9
	Function /Game/FP/BP_Anims/FP_AB.FP_AB_C:ExecuteUbergraph_FP_AB:1A3C
[2015.07.16-20.26.59:424][770]LogScript:Warning: Accessed None 'CallFunc_GetMovementComponent_ReturnValue'
	FP_AB_C /Engine/Transient.SkeletalMeshComponent_9:FP_AB_C_9
	Function /Game/FP/BP_Anims/FP_AB.FP_AB_C:ExecuteUbergraph_FP_AB:1A6B
[2015.07.16-20.26.59:424][770]LogScript:Warning: Accessed None 'CallFunc_TryGetPawnOwner_ReturnValue'
	FP_AB_C /Engine/Transient.SkeletalMeshComponent_9:FP_AB_C_9
	Function /Game/FP/BP_Anims/FP_AB.FP_AB_C:ExecuteUbergraph_FP_AB:1AC7
[2015.07.16-20.27.04:171][128]LogD3D11RHI: InitD3DDevice
[2015.07.16-20.27.08:188][343]LogD3D11RHI: InitD3DDevice
[2015.07.16-20.27.08:483][349]LogD3D11RHI: InitD3DDevice
[2015.07.16-20.27.14:485][686]LogD3D11RHI: InitD3DDevice
[2015.07.16-20.27.17:750][904]LogD3D11RHI: InitD3DDevice
[2015.07.16-20.27.18:537][954]LogActorComponent: UnregisterComponent: (/Engine/Transient.CharacterMovementComponent_4) Not registered. Aborting.
[2015.07.16-20.27.18:614][954]LogD3D11RHI: InitD3DDevice
[2015.07.16-20.27.18:645][954]LogScript:Warning: Accessed None 'CallFunc_TryGetPawnOwner_ReturnValue'
	FP_AB_C /Engine/Transient.CharacterMesh0:FP_AB_C_10
	Function /Game/FP/BP_Anims/FP_AB.FP_AB_C:ExecuteUbergraph_FP_AB:19A2
[2015.07.16-20.27.18:645][954]LogScript:Warning: Accessed None 'CallFunc_TryGetPawnOwner_ReturnValue'
	FP_AB_C /Engine/Transient.CharacterMesh0:FP_AB_C_10
	Function /Game/FP/BP_Anims/FP_AB.FP_AB_C:ExecuteUbergraph_FP_AB:19CD
[2015.07.16-20.27.18:645][954]LogScript:Warning: Accessed None 'CallFunc_TryGetPawnOwner_ReturnValue'
	FP_AB_C /Engine/Transient.CharacterMesh0:FP_AB_C_10
	Function /Game/FP/BP_Anims/FP_AB.FP_AB_C:ExecuteUbergraph_FP_AB:1A3C
[2015.07.16-20.27.18:646][954]LogScript:Warning: Accessed None 'CallFunc_GetMovementComponent_ReturnValue'
	FP_AB_C /Engine/Transient.CharacterMesh0:FP_AB_C_10
	Function /Game/FP/BP_Anims/FP_AB.FP_AB_C:ExecuteUbergraph_FP_AB:1A6B
[2015.07.16-20.27.18:646][954]LogScript:Warning: Accessed None 'CallFunc_TryGetPawnOwner_ReturnValue'
	FP_AB_C /Engine/Transient.CharacterMesh0:FP_AB_C_10
	Function /Game/FP/BP_Anims/FP_AB.FP_AB_C:ExecuteUbergraph_FP_AB:1AC7
[2015.07.16-20.27.18:646][954]LogScript:Warning: Accessed None 'CallFunc_TryGetPawnOwner_ReturnValue'
	FP_AB_C /Engine/Transient.CharacterMesh0:FP_AB_C_10
	Function /Game/FP/BP_Anims/FP_AB.FP_AB_C:ExecuteUbergraph_FP_AB:19A2
[2015.07.16-20.27.18:646][954]LogScript:Warning: Accessed None 'CallFunc_TryGetPawnOwner_ReturnValue'
	FP_AB_C /Engine/Transient.CharacterMesh0:FP_AB_C_10
	Function /Game/FP/BP_Anims/FP_AB.FP_AB_C:ExecuteUbergraph_FP_AB:19CD
[2015.07.16-20.27.18:646][954]LogScript:Warning: Accessed None 'CallFunc_TryGetPawnOwner_ReturnValue'
	FP_AB_C /Engine/Transient.CharacterMesh0:FP_AB_C_10
	Function /Game/FP/BP_Anims/FP_AB.FP_AB_C:ExecuteUbergraph_FP_AB:1A3C
[2015.07.16-20.27.18:646][954]LogScript:Warning: Accessed None 'CallFunc_GetMovementComponent_ReturnValue'
	FP_AB_C /Engine/Transient.CharacterMesh0:FP_AB_C_10
	Function /Game/FP/BP_Anims/FP_AB.FP_AB_C:ExecuteUbergraph_FP_AB:1A6B
[2015.07.16-20.27.18:646][954]LogScript:Warning: Accessed None 'CallFunc_TryGetPawnOwner_ReturnValue'
	FP_AB_C /Engine/Transient.CharacterMesh0:FP_AB_C_10
	Function /Game/FP/BP_Anims/FP_AB.FP_AB_C:ExecuteUbergraph_FP_AB:1AC7
[2015.07.16-20.27.18:665][954]Cmd: OBJ SAVEPACKAGE PACKAGE="/Game/FP/CharBP/FP_char" FILE="../../../../../Projects/ActualProject_1/FirstProjEver/JustDoIt/Content/FP/CharBP/FP_char.uasset" SILENT=true
[2015.07.16-20.27.19:472][954]LogSavePackage: Save=730.187744ms
[2015.07.16-20.27.19:472][954]LogSavePackage: Moving '../../../../../Projects/ActualProject_1/FirstProjEver/JustDoIt/Saved/FP_char340DB3D141A186B0B6DB8C89E15B1C6D.tmp' to '../../../../../Projects/ActualProject_1/FirstProjEver/JustDoIt/Content/FP/CharBP/FP_char.uasset'
[2015.07.16-20.27.20:749][ 42]BlueprintLog: New page: Pre-PIE auto-recompile
[2015.07.16-20.27.20:754][ 42]LogActorComponent: UnregisterComponent: (/Engine/Transient.CharMoveComp) Not registered. Aborting.
[2015.07.16-20.27.20:811][ 42]LogPlayLevel: [PIE] Compiling FP_char before PIE...
[2015.07.16-20.27.21:878][ 42]LogPlayLevel: [PIE] Compiling FP_AB before PIE...
[2015.07.16-20.27.22:732][ 42]LogPlayLevel: [PIE] Compiling m1911Hands_AB before PIE...
[2015.07.16-20.27.22:997][ 42]LogPlayLevel: [PIE] Compiling akHands_AB before PIE...
[2015.07.16-20.27.23:409][ 42]LogPlayLevel: PIE:  Blueprint regeneration took 2661 ms (4 blueprints)
[2015.07.16-20.27.23:409][ 42]PIE: New page: PIE session: Minimal_Default (Jul 17, 2015, 2:27:23 AM)
[2015.07.16-20.27.23:410][ 42]LogPlayLevel: Creating play world package: /Game/StarterContent/Maps/UEDPIE_0_Minimal_Default
[2015.07.16-20.27.23:424][ 42]LogPlayLevel: PIE: StaticDuplicateObject took: (0.014426s)
[2015.07.16-20.27.23:425][ 42]LogAIModule: Creating AISystem for world Minimal_Default
[2015.07.16-20.27.23:426][ 42]LogPlayLevel: PIE: World Init took: (0.001980s)
[2015.07.16-20.27.23:426][ 42]LogPlayLevel: PIE: Created PIE world by copying editor world from /Game/StarterContent/Maps/Minimal_Default.Minimal_Default to /Game/StarterContent/Maps/UEDPIE_0_Minimal_Default.Minimal_Default (0.016711s)
[2015.07.16-20.27.23:493][ 42]LogInit: XAudio2 using 'Headphones (High Definition Audio Device)' : 2 channels at 44.1 kHz using 16 bits per sample (channel mask 0x3)
[2015.07.16-20.27.23:501][ 42]LogInit: FAudioDevice initialized.
[2015.07.16-20.27.23:542][ 42]LogWorld: Game class is 'NewGameMode_C'
[2015.07.16-20.27.23:552][ 42]LogWorld: Bringing World /Game/StarterContent/Maps/UEDPIE_0_Minimal_Default.Minimal_Default up for play (max tick rate 0) at 2015.07.16-23.27.23
[2015.07.16-20.27.23:552][ 42]LogActor:Warning: GameSession /Game/StarterContent/Maps/UEDPIE_0_Minimal_Default.Minimal_Default:PersistentLevel.GameSession_5 has natively added scene component(s), but none of them were set as the actor's RootComponent - picking one arbitrarily
[2015.07.16-20.27.23:553][ 42]LogActor:Warning: GameNetworkManager /Game/StarterContent/Maps/UEDPIE_0_Minimal_Default.Minimal_Default:PersistentLevel.GameNetworkManager_5 has natively added scene component(s), but none of them were set as the actor's RootComponent - picking one arbitrarily
[2015.07.16-20.27.23:553][ 42]LogWorld: Bringing up level for play took: 0.009321
[2015.07.16-20.27.23:560][ 42]PIE: Info Play in editor start time for /Game/StarterContent/Maps/UEDPIE_0_Minimal_Default 3.653
[2015.07.16-20.27.23:575][ 43]LogScript:Warning: Accessed None 'CallFunc_TryGetPawnOwner_ReturnValue'
	FP_AB_C /Engine/Transient.CharacterMesh0:FP_AB_C_3
	Function /Game/FP/BP_Anims/FP_AB.FP_AB_C:ExecuteUbergraph_FP_AB:19A2
[2015.07.16-20.27.23:575][ 43]LogScript:Warning: Accessed None 'CallFunc_TryGetPawnOwner_ReturnValue'
	FP_AB_C /Engine/Transient.CharacterMesh0:FP_AB_C_3
	Function /Game/FP/BP_Anims/FP_AB.FP_AB_C:ExecuteUbergraph_FP_AB:19CD
[2015.07.16-20.27.23:575][ 43]LogScript:Warning: Accessed None 'CallFunc_TryGetPawnOwner_ReturnValue'
	FP_AB_C /Engine/Transient.CharacterMesh0:FP_AB_C_3
	Function /Game/FP/BP_Anims/FP_AB.FP_AB_C:ExecuteUbergraph_FP_AB:1A3C
[2015.07.16-20.27.23:575][ 43]LogScript:Warning: Accessed None 'CallFunc_GetMovementComponent_ReturnValue'
	FP_AB_C /Engine/Transient.CharacterMesh0:FP_AB_C_3
	Function /Game/FP/BP_Anims/FP_AB.FP_AB_C:ExecuteUbergraph_FP_AB:1A6B
[2015.07.16-20.27.23:576][ 43]LogScript:Warning: Accessed None 'CallFunc_TryGetPawnOwner_ReturnValue'
	FP_AB_C /Engine/Transient.CharacterMesh0:FP_AB_C_3
	Function /Game/FP/BP_Anims/FP_AB.FP_AB_C:ExecuteUbergraph_FP_AB:1AC7
[2015.07.16-20.27.23:576][ 43]LogScript:Warning: Accessed None 'CallFunc_TryGetPawnOwner_ReturnValue'
	FP_AB_C /Engine/Transient.CharacterMesh0:FP_AB_C_3
	Function /Game/FP/BP_Anims/FP_AB.FP_AB_C:ExecuteUbergraph_FP_AB:19A2
[2015.07.16-20.27.23:576][ 43]LogScript:Warning: Accessed None 'CallFunc_TryGetPawnOwner_ReturnValue'
	FP_AB_C /Engine/Transient.CharacterMesh0:FP_AB_C_3
	Function /Game/FP/BP_Anims/FP_AB.FP_AB_C:ExecuteUbergraph_FP_AB:19CD
[2015.07.16-20.27.36:388][975]LogActorComponent: UnregisterComponent: (/Engine/Transient.CharMoveComp) Not registered. Aborting.
[2015.07.16-20.27.36:477][976]LogParticles: Destroying 0 GPU particle simulations for FXSystem 0x000000F6DEF1ADE0
[2015.07.16-20.27.51:788][136]LogD3D11RHI: InitD3DDevice
[2015.07.16-20.27.54:147][324]LogD3D11RHI: InitD3DDevice
[2015.07.16-20.27.54:466][336]LogD3D11RHI: InitD3DDevice
[2015.07.16-20.27.56:934][520]LogD3D11RHI: InitD3DDevice
[2015.07.16-20.28.02:460][965]LogD3D11RHI: InitD3DDevice
[2015.07.16-20.28.02:825][976]LogD3D11RHI: InitD3DDevice
[2015.07.16-20.28.03:862][ 12]LogScript:Warning: Accessed None 'CallFunc_TryGetPawnOwner_ReturnValue'
	FP_AB_C /Engine/Transient.CharacterMesh0:FP_AB_C_4
	Function /Game/FP/BP_Anims/FP_AB.FP_AB_C:ExecuteUbergraph_FP_AB:19A2
[2015.07.16-20.28.03:862][ 12]LogScript:Warning: Accessed None 'CallFunc_TryGetPawnOwner_ReturnValue'
	FP_AB_C /Engine/Transient.CharacterMesh0:FP_AB_C_4
	Function /Game/FP/BP_Anims/FP_AB.FP_AB_C:ExecuteUbergraph_FP_AB:19CD
[2015.07.16-20.28.03:862][ 12]LogScript:Warning: Accessed None 'CallFunc_TryGetPawnOwner_ReturnValue'
	FP_AB_C /Engine/Transient.CharacterMesh0:FP_AB_C_4
	Function /Game/FP/BP_Anims/FP_AB.FP_AB_C:ExecuteUbergraph_FP_AB:1A3C
[2015.07.16-20.28.03:862][ 12]LogScript:Warning: Accessed None 'CallFunc_GetMovementComponent_ReturnValue'
	FP_AB_C /Engine/Transient.CharacterMesh0:FP_AB_C_4
	Function /Game/FP/BP_Anims/FP_AB.FP_AB_C:ExecuteUbergraph_FP_AB:1A6B
[2015.07.16-20.28.03:863][ 12]LogScript:Warning: Accessed None 'CallFunc_TryGetPawnOwner_ReturnValue'
	FP_AB_C /Engine/Transient.CharacterMesh0:FP_AB_C_4
	Function /Game/FP/BP_Anims/FP_AB.FP_AB_C:ExecuteUbergraph_FP_AB:1AC7
[2015.07.16-20.28.03:863][ 12]LogScript:Warning: Accessed None 'CallFunc_TryGetPawnOwner_ReturnValue'
	FP_AB_C /Engine/Transient.CharacterMesh0:FP_AB_C_4
	Function /Game/FP/BP_Anims/FP_AB.FP_AB_C:ExecuteUbergraph_FP_AB:19A2
[2015.07.16-20.28.03:863][ 12]LogScript:Warning: Accessed None 'CallFunc_TryGetPawnOwner_ReturnValue'
	FP_AB_C /Engine/Transient.CharacterMesh0:FP_AB_C_4
	Function /Game/FP/BP_Anims/FP_AB.FP_AB_C:ExecuteUbergraph_FP_AB:19CD
[2015.07.16-20.28.03:863][ 12]LogScript:Warning: Accessed None 'CallFunc_TryGetPawnOwner_ReturnValue'
	FP_AB_C /Engine/Transient.CharacterMesh0:FP_AB_C_4
	Function /Game/FP/BP_Anims/FP_AB.FP_AB_C:ExecuteUbergraph_FP_AB:1A3C
[2015.07.16-20.28.03:863][ 12]LogScript:Warning: Accessed None 'CallFunc_GetMovementComponent_ReturnValue'
	FP_AB_C /Engine/Transient.CharacterMesh0:FP_AB_C_4
	Function /Game/FP/BP_Anims/FP_AB.FP_AB_C:ExecuteUbergraph_FP_AB:1A6B
[2015.07.16-20.28.03:863][ 12]LogScript:Warning: Accessed None 'CallFunc_TryGetPawnOwner_ReturnValue'
	FP_AB_C /Engine/Transient.CharacterMesh0:FP_AB_C_4
	Function /Game/FP/BP_Anims/FP_AB.FP_AB_C:ExecuteUbergraph_FP_AB:1AC7
[2015.07.16-20.28.05:263][107]LogD3D11RHI: InitD3DDevice
[2015.07.16-20.28.06:884][219]BlueprintLog: New page: Compile FP_char
[2015.07.16-20.28.07:973][219]LogActorComponent: UnregisterComponent: (/Engine/Transient.CharMoveComp) Not registered. Aborting.
[2015.07.16-20.28.08:135][219]BlueprintEditorCompileResults: Info [0993.37] Compile of FP_char successful! [in 1,250 ms]
[2015.07.16-20.28.08:137][219]LogScript:Warning: Accessed None 'CallFunc_TryGetPawnOwner_ReturnValue'
	FP_AB_C /Engine/Transient.CharacterMesh0:FP_AB_C_0
	Function /Game/FP/BP_Anims/FP_AB.FP_AB_C:ExecuteUbergraph_FP_AB:19A2
[2015.07.16-20.28.08:137][219]LogScript:Warning: Accessed None 'CallFunc_TryGetPawnOwner_ReturnValue'
	FP_AB_C /Engine/Transient.CharacterMesh0:FP_AB_C_0
	Function /Game/FP/BP_Anims/FP_AB.FP_AB_C:ExecuteUbergraph_FP_AB:19CD
[2015.07.16-20.28.08:137][219]LogScript:Warning: Accessed None 'CallFunc_TryGetPawnOwner_ReturnValue'
	FP_AB_C /Engine/Transient.CharacterMesh0:FP_AB_C_0
	Function /Game/FP/BP_Anims/FP_AB.FP_AB_C:ExecuteUbergraph_FP_AB:1A3C
[2015.07.16-20.28.08:137][219]LogScript:Warning: Accessed None 'CallFunc_GetMovementComponent_ReturnValue'
	FP_AB_C /Engine/Transient.CharacterMesh0:FP_AB_C_0
	Function /Game/FP/BP_Anims/FP_AB.FP_AB_C:ExecuteUbergraph_FP_AB:1A6B
[2015.07.16-20.28.08:137][219]LogScript:Warning: Accessed None 'CallFunc_TryGetPawnOwner_ReturnValue'
	FP_AB_C /Engine/Transient.CharacterMesh0:FP_AB_C_0
	Function /Game/FP/BP_Anims/FP_AB.FP_AB_C:ExecuteUbergraph_FP_AB:1AC7
[2015.07.16-20.28.08:137][219]LogScript:Warning: Accessed None 'CallFunc_TryGetPawnOwner_ReturnValue'
	FP_AB_C /Engine/Transient.CharacterMesh0:FP_AB_C_0
	Function /Game/FP/BP_Anims/FP_AB.FP_AB_C:ExecuteUbergraph_FP_AB:19A2
[2015.07.16-20.28.08:137][219]LogScript:Warning: Accessed None 'CallFunc_TryGetPawnOwner_ReturnValue'
	FP_AB_C /Engine/Transient.CharacterMesh0:FP_AB_C_0
	Function /Game/FP/BP_Anims/FP_AB.FP_AB_C:ExecuteUbergraph_FP_AB:19CD
[2015.07.16-20.28.09:347][286]BlueprintLog: New page: Pre-PIE auto-recompile
[2015.07.16-20.28.09:370][286]LogPlayLevel: [PIE] Compiling AssaultRifle before PIE...
[2015.07.16-20.28.09:542][286]LogActorComponent: UnregisterComponent: (/Engine/Transient.CharMoveComp) Not registered. Aborting.
[2015.07.16-20.28.09:969][286]LogPlayLevel: [PIE] Compiling FP_char before PIE...
[2015.07.16-20.28.11:007][286]LogPlayLevel: [PIE] Compiling AK_BP before PIE...
[2015.07.16-20.28.11:192][286]LogPlayLevel: [PIE] Compiling m1911_BP before PIE...
[2015.07.16-20.28.11:359][286]LogPlayLevel: [PIE] Compiling FP_AB before PIE...
[2015.07.16-20.28.12:265][286]LogPlayLevel: [PIE] Compiling m1911Hands_AB before PIE...
[2015.07.16-20.28.12:563][286]LogPlayLevel: [PIE] Compiling akHands_AB before PIE...
[2015.07.16-20.28.12:997][286]LogPlayLevel: PIE:  Blueprint regeneration took 3649 ms (7 blueprints)
[2015.07.16-20.28.12:997][286]PIE: New page: PIE session: Minimal_Default (Jul 17, 2015, 2:28:12 AM)
[2015.07.16-20.28.12:998][286]LogPlayLevel: Creating play world package: /Game/StarterContent/Maps/UEDPIE_0_Minimal_Default
[2015.07.16-20.28.13:011][286]LogPlayLevel: PIE: StaticDuplicateObject took: (0.013017s)
[2015.07.16-20.28.13:012][286]LogAIModule: Creating AISystem for world Minimal_Default
[2015.07.16-20.28.13:013][286]LogPlayLevel: PIE: World Init took: (0.002065s)
[2015.07.16-20.28.13:013][286]LogPlayLevel: PIE: Created PIE world by copying editor world from /Game/StarterContent/Maps/Minimal_Default.Minimal_Default to /Game/StarterContent/Maps/UEDPIE_0_Minimal_Default.Minimal_Default (0.015387s)
[2015.07.16-20.28.13:080][286]LogInit: XAudio2 using 'Headphones (High Definition Audio Device)' : 2 channels at 44.1 kHz using 16 bits per sample (channel mask 0x3)
[2015.07.16-20.28.13:087][286]LogInit: FAudioDevice initialized.
[2015.07.16-20.28.13:127][286]LogWorld: Game class is 'NewGameMode_C'
[2015.07.16-20.28.13:137][286]LogWorld: Bringing World /Game/StarterContent/Maps/UEDPIE_0_Minimal_Default.Minimal_Default up for play (max tick rate 0) at 2015.07.16-23.28.13
[2015.07.16-20.28.13:137][286]LogActor:Warning: GameSession /Game/StarterContent/Maps/UEDPIE_0_Minimal_Default.Minimal_Default:PersistentLevel.GameSession_6 has natively added scene component(s), but none of them were set as the actor's RootComponent - picking one arbitrarily
[2015.07.16-20.28.13:138][286]LogActor:Warning: GameNetworkManager /Game/StarterContent/Maps/UEDPIE_0_Minimal_Default.Minimal_Default:PersistentLevel.GameNetworkManager_6 has natively added scene component(s), but none of them were set as the actor's RootComponent - picking one arbitrarily
[2015.07.16-20.28.13:139][286]LogWorld: Bringing up level for play took: 0.010287
[2015.07.16-20.28.13:145][286]PIE: Info Play in editor start time for /Game/StarterContent/Maps/UEDPIE_0_Minimal_Default 3.238
[2015.07.16-20.28.13:166][287]LogScript:Warning: Accessed None 'CallFunc_TryGetPawnOwner_ReturnValue'
	FP_AB_C /Engine/Transient.CharacterMesh0:FP_AB_C_4
	Function /Game/FP/BP_Anims/FP_AB.FP_AB_C:ExecuteUbergraph_FP_AB:19A2
[2015.07.16-20.28.13:166][287]LogScript:Warning: Accessed None 'CallFunc_TryGetPawnOwner_ReturnValue'
	FP_AB_C /Engine/Transient.CharacterMesh0:FP_AB_C_4
	Function /Game/FP/BP_Anims/FP_AB.FP_AB_C:ExecuteUbergraph_FP_AB:19CD
[2015.07.16-20.28.13:166][287]LogScript:Warning: Accessed None 'CallFunc_TryGetPawnOwner_ReturnValue'
	FP_AB_C /Engine/Transient.CharacterMesh0:FP_AB_C_4
	Function /Game/FP/BP_Anims/FP_AB.FP_AB_C:ExecuteUbergraph_FP_AB:1A3C
[2015.07.16-20.28.13:166][287]LogScript:Warning: Accessed None 'CallFunc_GetMovementComponent_ReturnValue'
	FP_AB_C /Engine/Transient.CharacterMesh0:FP_AB_C_4
	Function /Game/FP/BP_Anims/FP_AB.FP_AB_C:ExecuteUbergraph_FP_AB:1A6B
[2015.07.16-20.28.13:166][287]LogScript:Warning: Accessed None 'CallFunc_TryGetPawnOwner_ReturnValue'
	FP_AB_C /Engine/Transient.CharacterMesh0:FP_AB_C_4
	Function /Game/FP/BP_Anims/FP_AB.FP_AB_C:ExecuteUbergraph_FP_AB:1AC7
[2015.07.16-20.28.13:166][287]LogScript:Warning: Accessed None 'CallFunc_TryGetPawnOwner_ReturnValue'
	FP_AB_C /Engine/Transient.CharacterMesh0:FP_AB_C_4
	Function /Game/FP/BP_Anims/FP_AB.FP_AB_C:ExecuteUbergraph_FP_AB:19A2
[2015.07.16-20.28.13:166][287]LogScript:Warning: Accessed None 'CallFunc_TryGetPawnOwner_ReturnValue'
	FP_AB_C /Engine/Transient.CharacterMesh0:FP_AB_C_4
	Function /Game/FP/BP_Anims/FP_AB.FP_AB_C:ExecuteUbergraph_FP_AB:19CD
[2015.07.16-20.28.13:908][331]LogBlueprintUserMessages: 0.5
[2015.07.16-20.28.14:497][368]LogBlueprintUserMessages: 0.5
[2015.07.16-20.28.15:316][421]LogActorComponent: UnregisterComponent: (/Engine/Transient.CharMoveComp) Not registered. Aborting.
[2015.07.16-20.28.15:403][422]LogParticles: Destroying 0 GPU particle simulations for FXSystem 0x000000F6D37465C0
[2015.07.16-20.28.19:055][666]LogScript:Warning: Accessed None 'CallFunc_TryGetPawnOwner_ReturnValue'
	FP_AB_C /Engine/Transient.CharacterMesh0:FP_AB_C_5
	Function /Game/FP/BP_Anims/FP_AB.FP_AB_C:ExecuteUbergraph_FP_AB:19A2
[2015.07.16-20.28.19:055][666]LogScript:Warning: Accessed None 'CallFunc_TryGetPawnOwner_ReturnValue'
	FP_AB_C /Engine/Transient.CharacterMesh0:FP_AB_C_5
	Function /Game/FP/BP_Anims/FP_AB.FP_AB_C:ExecuteUbergraph_FP_AB:19CD
[2015.07.16-20.28.19:055][666]LogScript:Warning: Accessed None 'CallFunc_TryGetPawnOwner_ReturnValue'
	FP_AB_C /Engine/Transient.CharacterMesh0:FP_AB_C_5
	Function /Game/FP/BP_Anims/FP_AB.FP_AB_C:ExecuteUbergraph_FP_AB:1A3C
[2015.07.16-20.28.19:055][666]LogScript:Warning: Accessed None 'CallFunc_GetMovementComponent_ReturnValue'
	FP_AB_C /Engine/Transient.CharacterMesh0:FP_AB_C_5
	Function /Game/FP/BP_Anims/FP_AB.FP_AB_C:ExecuteUbergraph_FP_AB:1A6B
[2015.07.16-20.28.19:055][666]LogScript:Warning: Accessed None 'CallFunc_TryGetPawnOwner_ReturnValue'
	FP_AB_C /Engine/Transient.CharacterMesh0:FP_AB_C_5
	Function /Game/FP/BP_Anims/FP_AB.FP_AB_C:ExecuteUbergraph_FP_AB:1AC7
[2015.07.16-20.28.19:055][666]LogScript:Warning: Accessed None 'CallFunc_TryGetPawnOwner_ReturnValue'
	FP_AB_C /Engine/Transient.CharacterMesh0:FP_AB_C_5
	Function /Game/FP/BP_Anims/FP_AB.FP_AB_C:ExecuteUbergraph_FP_AB:19A2
[2015.07.16-20.28.19:055][666]LogScript:Warning: Accessed None 'CallFunc_TryGetPawnOwner_ReturnValue'
	FP_AB_C /Engine/Transient.CharacterMesh0:FP_AB_C_5
	Function /Game/FP/BP_Anims/FP_AB.FP_AB_C:ExecuteUbergraph_FP_AB:19CD
[2015.07.16-20.28.19:055][666]LogScript:Warning: Accessed None 'CallFunc_TryGetPawnOwner_ReturnValue'
	FP_AB_C /Engine/Transient.CharacterMesh0:FP_AB_C_5
	Function /Game/FP/BP_Anims/FP_AB.FP_AB_C:ExecuteUbergraph_FP_AB:1A3C
[2015.07.16-20.28.19:055][666]LogScript:Warning: Accessed None 'CallFunc_GetMovementComponent_ReturnValue'
	FP_AB_C /Engine/Transient.CharacterMesh0:FP_AB_C_5
	Function /Game/FP/BP_Anims/FP_AB.FP_AB_C:ExecuteUbergraph_FP_AB:1A6B
[2015.07.16-20.28.19:055][666]LogScript:Warning: Accessed None 'CallFunc_TryGetPawnOwner_ReturnValue'
	FP_AB_C /Engine/Transient.CharacterMesh0:FP_AB_C_5
	Function /Game/FP/BP_Anims/FP_AB.FP_AB_C:ExecuteUbergraph_FP_AB:1AC7
[2015.07.16-20.28.20:142][736]LogD3D11RHI: InitD3DDevice
[2015.07.16-20.28.21:557][830]LogActorComponent: UnregisterComponent: (/Engine/Transient.CharMoveComp) Not registered. Aborting.
[2015.07.16-20.28.27:133][313]LogD3D11RHI: InitD3DDevice
[2015.07.16-20.28.27:282][326]LogD3D11RHI: InitD3DDevice
[2015.07.16-20.28.27:998][388]LogD3D11RHI: InitD3DDevice
[2015.07.16-20.28.28:752][459]LogActorComponent: UnregisterComponent: (/Engine/Transient.CharacterMovementComponent_5) Not registered. Aborting.
[2015.07.16-20.28.28:829][459]LogD3D11RHI: InitD3DDevice
[2015.07.16-20.28.28:877][459]Cmd: OBJ SAVEPACKAGE PACKAGE="/Game/FP/CharBP/FP_char" FILE="../../../../../Projects/ActualProject_1/FirstProjEver/JustDoIt/Content/FP/CharBP/FP_char.uasset" SILENT=true
[2015.07.16-20.28.29:627][459]LogSavePackage: Save=725.633118ms
[2015.07.16-20.28.29:627][459]LogSavePackage: Moving '../../../../../Projects/ActualProject_1/FirstProjEver/JustDoIt/Saved/FP_charB21FED1C4F4E3BF7FF1A6B8F6BD26B08.tmp' to '../../../../../Projects/ActualProject_1/FirstProjEver/JustDoIt/Content/FP/CharBP/FP_char.uasset'
[2015.07.16-20.28.29:640][459]Cmd: OBJ SAVEPACKAGE PACKAGE="/Game/Weapons/Auto_weapon/AssaultRifle" FILE="../../../../../Projects/ActualProject_1/FirstProjEver/JustDoIt/Content/Weapons/Auto_weapon/AssaultRifle.uasset" SILENT=true
[2015.07.16-20.28.29:879][459]LogSavePackage: Save=160.415482ms
[2015.07.16-20.28.29:879][459]LogSavePackage: Moving '../../../../../Projects/ActualProject_1/FirstProjEver/JustDoIt/Saved/AssaultRifle56CECDA148FFB3D640090088B56A4E7F.tmp' to '../../../../../Projects/ActualProject_1/FirstProjEver/JustDoIt/Content/Weapons/Auto_weapon/AssaultRifle.uasset'
[2015.07.16-20.36.49:706][136]LogD3D11RHI: InitD3DDevice
[2015.07.16-20.36.53:797][409]LogD3D11RHI: InitD3DDevice
[2015.07.16-20.36.54:454][453]LogActorComponent: UnregisterComponent: (/Engine/Transient.CharMoveComp) Not registered. Aborting.
[2015.07.16-20.36.54:541][453]LogD3D11RHI: InitD3DDevice
[2015.07.16-20.36.54:572][453]LogScript:Warning: Accessed None 'CallFunc_TryGetPawnOwner_ReturnValue'
	FP_AB_C /Engine/Transient.CharacterMesh0:FP_AB_C_8
	Function /Game/FP/BP_Anims/FP_AB.FP_AB_C:ExecuteUbergraph_FP_AB:19A2
[2015.07.16-20.36.54:572][453]LogScript:Warning: Accessed None 'CallFunc_TryGetPawnOwner_ReturnValue'
	FP_AB_C /Engine/Transient.CharacterMesh0:FP_AB_C_8
	Function /Game/FP/BP_Anims/FP_AB.FP_AB_C:ExecuteUbergraph_FP_AB:19CD
[2015.07.16-20.36.54:572][453]LogScript:Warning: Accessed None 'CallFunc_TryGetPawnOwner_ReturnValue'
	FP_AB_C /Engine/Transient.CharacterMesh0:FP_AB_C_8
	Function /Game/FP/BP_Anims/FP_AB.FP_AB_C:ExecuteUbergraph_FP_AB:1A3C
[2015.07.16-20.36.54:572][453]LogScript:Warning: Accessed None 'CallFunc_GetMovementComponent_ReturnValue'
	FP_AB_C /Engine/Transient.CharacterMesh0:FP_AB_C_8
	Function /Game/FP/BP_Anims/FP_AB.FP_AB_C:ExecuteUbergraph_FP_AB:1A6B
[2015.07.16-20.36.54:572][453]LogScript:Warning: Accessed None 'CallFunc_TryGetPawnOwner_ReturnValue'
	FP_AB_C /Engine/Transient.CharacterMesh0:FP_AB_C_8
	Function /Game/FP/BP_Anims/FP_AB.FP_AB_C:ExecuteUbergraph_FP_AB:1AC7
[2015.07.16-20.36.54:573][453]LogScript:Warning: Accessed None 'CallFunc_TryGetPawnOwner_ReturnValue'
	FP_AB_C /Engine/Transient.CharacterMesh0:FP_AB_C_8
	Function /Game/FP/BP_Anims/FP_AB.FP_AB_C:ExecuteUbergraph_FP_AB:19A2
[2015.07.16-20.36.54:573][453]LogScript:Warning: Accessed None 'CallFunc_TryGetPawnOwner_ReturnValue'
	FP_AB_C /Engine/Transient.CharacterMesh0:FP_AB_C_8
	Function /Game/FP/BP_Anims/FP_AB.FP_AB_C:ExecuteUbergraph_FP_AB:19CD
[2015.07.16-20.36.54:592][453]Cmd: OBJ SAVEPACKAGE PACKAGE="/Game/FP/CharBP/FP_char" FILE="../../../../../Projects/ActualProject_1/FirstProjEver/JustDoIt/Content/FP/CharBP/FP_char.uasset" SILENT=true
[2015.07.16-20.36.55:490][453]LogSavePackage: Save=743.287109ms
[2015.07.16-20.36.55:490][453]LogSavePackage: Moving '../../../../../Projects/ActualProject_1/FirstProjEver/JustDoIt/Saved/FP_char9CD73933402E85D2141A2DAFFBF2E669.tmp' to '../../../../../Projects/ActualProject_1/FirstProjEver/JustDoIt/Content/FP/CharBP/FP_char.uasset'
[2015.07.16-20.36.57:605][596]LogActorComponent: UnregisterComponent: (/Engine/Transient.CharMoveComp) Not registered. Aborting.
[2015.07.16-20.36.58:000][596]LogActorComponent: UnregisterComponent: (/Engine/Transient.EditorFloorComp) Not registered. Aborting.
[2015.07.16-20.36.58:247][596]LogWindowsTextInputMethodSystem:Display: IME system now deactivated.
[2015.07.16-20.36.58:625][597]Cmd: QUIT_EDITOR
[2015.07.16-20.36.59:623][597]LogExit: Preparing to exit.
[2015.07.16-20.37.00:234][597]LogExit: Editor shut down
[2015.07.16-20.37.00:235][597]LogExit: Transaction tracking system shut down
[2015.07.16-20.37.00:238][597]LogParticles: Destroying 0 GPU particle simulations for FXSystem 0x000000F6D5E99EE0
[2015.07.16-20.37.00:239][597]LogParticles: Destroying 0 GPU particle simulations for FXSystem 0x000000F6C6845300
[2015.07.16-20.37.00:240][597]LogParticles: Destroying 0 GPU particle simulations for FXSystem 0x000000F6CEDC47C0
[2015.07.16-20.37.00:240][597]LogParticles: Destroying 0 GPU particle simulations for FXSystem 0x000000F6C9CF07C0
[2015.07.16-20.37.00:240][597]LogParticles: Destroying 0 GPU particle simulations for FXSystem 0x000000F6D112ED40
[2015.07.16-20.37.00:240][597]LogParticles: Destroying 0 GPU particle simulations for FXSystem 0x000000F6D112EF20
[2015.07.16-20.37.00:240][597]LogParticles: Destroying 0 GPU particle simulations for FXSystem 0x000000F6B599F920
[2015.07.16-20.37.00:240][597]LogParticles: Destroying 0 GPU particle simulations for FXSystem 0x000000F6D105BD80
[2015.07.16-20.37.00:243][597]LogParticles: Destroying 0 GPU particle simulations for FXSystem 0x000000F6D105A200
[2015.07.16-20.37.00:243][597]LogParticles: Destroying 0 GPU particle simulations for FXSystem 0x000000F6D62D74C0
[2015.07.16-20.37.00:243][597]LogParticles: Destroying 0 GPU particle simulations for FXSystem 0x000000F6D62D4D60
[2015.07.16-20.37.00:243][597]LogParticles: Destroying 0 GPU particle simulations for FXSystem 0x000000F6D637D6C0
[2015.07.16-20.37.00:243][597]LogParticles: Destroying 0 GPU particle simulations for FXSystem 0x000000F6D637D620
[2015.07.16-20.37.00:245][597]LogParticles: Destroying 0 GPU particle simulations for FXSystem 0x000000F6BABA5E40
[2015.07.16-20.37.00:245][597]LogParticles: Destroying 0 GPU particle simulations for FXSystem 0x000000F6BABA59E0
[2015.07.16-20.37.00:246][597]LogParticles: Destroying 0 GPU particle simulations for FXSystem 0x000000F6B9F771A0
[2015.07.16-20.37.00:247][597]LogParticles: Destroying 0 GPU particle simulations for FXSystem 0x000000F6C21C6CA0
[2015.07.16-20.37.00:474][597]LogExit: Object subsystem successfully closed.
[2015.07.16-20.37.00:505][597]LogD3D11RHI: Shutdown
[2015.07.16-20.37.00:505][597]LogD3D11RHI: CleanupD3DDevice
[2015.07.16-20.37.00:579][597]LogD3D11RHI: ~FD3D11DynamicRHI
[2015.07.16-20.37.00:600][597]LogModuleManager: Shutting down and abandoning module CrashTracker (188)
[2015.07.16-20.37.00:600][597]LogModuleManager: Shutting down and abandoning module SceneOutliner (187)
[2015.07.16-20.37.00:600][597]LogModuleManager: Shutting down and abandoning module SuperSearch (186)
[2015.07.16-20.37.00:600][597]LogModuleManager: Shutting down and abandoning module WidgetCarousel (185)
[2015.07.16-20.37.00:600][597]LogModuleManager: Shutting down and abandoning module AddContentDialog (184)
[2015.07.16-20.37.00:602][597]LogModuleManager: Shutting down and abandoning module EditorWidgets (183)
[2015.07.16-20.37.00:602][597]LogModuleManager: Shutting down and abandoning module CollectionManager (182)
[2015.07.16-20.37.00:602][597]LogModuleManager: Shutting down and abandoning module StatsViewer (181)
[2015.07.16-20.37.00:602][597]LogModuleManager: Shutting down and abandoning module FoliageEdit (180)
[2015.07.16-20.37.00:602][597]LogModuleManager: Shutting down and abandoning module LandscapeEditor (179)
[2015.07.16-20.37.00:603][597]LogModuleManager: Shutting down and abandoning module ActorPickerMode (178)
[2015.07.16-20.37.00:603][597]LogModuleManager: Shutting down and abandoning module GeometryMode (177)
[2015.07.16-20.37.00:603][597]LogModuleManager: Shutting down and abandoning module TextureAlignMode (176)
[2015.07.16-20.37.00:603][597]LogModuleManager: Shutting down and abandoning module BspMode (175)
[2015.07.16-20.37.00:603][597]LogModuleManager: Shutting down and abandoning module PlacementMode (174)
[2015.07.16-20.37.00:603][597]LogModuleManager: Shutting down and abandoning module AutomationWorker (173)
[2015.07.16-20.37.00:603][597]LogModuleManager: Shutting down and abandoning module CharacterAI (172)
[2015.07.16-20.37.00:603][597]LogModuleManager: Shutting down and abandoning module SmartSnapping (171)
[2015.07.16-20.37.00:603][597]LogModuleManager: Shutting down and abandoning module ViewportSnapping (170)
[2015.07.16-20.37.00:603][597]LogModuleManager: Shutting down and abandoning module LogVisualizer (169)
[2015.07.16-20.37.00:603][597]LogModuleManager: Shutting down and abandoning module GameProjectGeneration (168)
[2015.07.16-20.37.00:603][597]LogModuleManager: Shutting down and abandoning module IntroTutorials (167)
[2015.07.16-20.37.00:603][597]LogModuleManager: Shutting down and abandoning module EditorLiveStreaming (166)
[2015.07.16-20.37.00:603][597]LogModuleManager: Shutting down and abandoning module IOSPlatformEditor (165)
[2015.07.16-20.37.00:603][597]LogModuleManager: Shutting down and abandoning module HTML5PlatformEditor (164)
[2015.07.16-20.37.00:603][597]LogModuleManager: Shutting down and abandoning module AndroidDeviceDetection (163)
[2015.07.16-20.37.01:317][597]LogModuleManager: Shutting down and abandoning module AndroidPlatformEditor (162)
[2015.07.16-20.37.01:317][597]LogModuleManager: Shutting down and abandoning module IOSRuntimeSettings (161)
[2015.07.16-20.37.01:317][597]LogModuleManager: Shutting down and abandoning module AndroidRuntimeSettings (160)
[2015.07.16-20.37.01:317][597]LogModuleManager: Shutting down and abandoning module MergeActors (159)
[2015.07.16-20.37.01:317][597]LogModuleManager: Shutting down and abandoning module SizeMap (158)
[2015.07.16-20.37.01:317][597]LogModuleManager: Shutting down and abandoning module TreeMap (157)
[2015.07.16-20.37.01:317][597]LogModuleManager: Shutting down and abandoning module ReferenceViewer (156)
[2015.07.16-20.37.01:317][597]LogModuleManager: Shutting down and abandoning module LocalizationDashboard (155)
[2015.07.16-20.37.01:317][597]LogModuleManager: Shutting down and abandoning module HardwareTargeting (154)
[2015.07.16-20.37.01:317][597]LogModuleManager: Shutting down and abandoning module DeviceProfileEditor (153)
[2015.07.16-20.37.01:317][597]LogModuleManager: Shutting down and abandoning module UndoHistory (152)
[2015.07.16-20.37.01:317][597]LogModuleManager: Shutting down and abandoning module GameplayTagsEditor (151)
[2015.07.16-20.37.01:317][597]LogModuleManager: Shutting down and abandoning module UserFeedback (150)
[2015.07.16-20.37.01:317][597]LogModuleManager: Shutting down and abandoning module XmlParser (149)
[2015.07.16-20.37.01:317][597]LogModuleManager: Shutting down and abandoning module Blutility (148)
[2015.07.16-20.37.01:317][597]LogModuleManager: Shutting down and abandoning module ProjectTargetPlatformEditor (147)
[2015.07.16-20.37.01:317][597]LogModuleManager: Shutting down and abandoning module ProjectSettingsViewer (146)
[2015.07.16-20.37.01:317][597]LogModuleManager: Shutting down and abandoning module InputBindingEditor (145)
[2015.07.16-20.37.01:317][597]LogModuleManager: Shutting down and abandoning module EditorSettingsViewer (144)
[2015.07.16-20.37.01:317][597]LogModuleManager: Shutting down and abandoning module SettingsEditor (143)
[2015.07.16-20.37.01:317][597]LogModuleManager: Shutting down and abandoning module ProjectLauncher (142)
[2015.07.16-20.37.01:317][597]LogModuleManager: Shutting down and abandoning module SessionFrontend (141)
[2015.07.16-20.37.01:318][597]LogModuleManager: Shutting down and abandoning module ProfilerClient (140)
[2015.07.16-20.37.01:318][597]LogModuleManager: Shutting down and abandoning module TargetDeviceServices (139)
[2015.07.16-20.37.01:318][597]LogModuleManager: Shutting down and abandoning module DeviceManager (138)
[2015.07.16-20.37.01:318][597]LogModuleManager: Shutting down and abandoning module AutomationController (137)
[2015.07.16-20.37.01:318][597]LogModuleManager: Shutting down and abandoning module AutomationWindow (136)
[2015.07.16-20.37.01:318][597]LogModuleManager: Shutting down and abandoning module Layers (135)
[2015.07.16-20.37.01:318][597]LogModuleManager: Shutting down and abandoning module ComponentVisualizers (134)
[2015.07.16-20.37.01:318][597]LogModuleManager: Shutting down and abandoning module DetailCustomizations (133)
[2015.07.16-20.37.01:318][597]LogModuleManager: Shutting down and abandoning module PackagesDialog (132)
[2015.07.16-20.37.01:318][597]LogModuleManager: Shutting down and abandoning module AssetRegistry (131)
[2015.07.16-20.37.01:433][597]LogModuleManager: Shutting down and abandoning module Persona (130)
[2015.07.16-20.37.01:433][597]LogModuleManager: Shutting down and abandoning module Kismet (129)
[2015.07.16-20.37.01:433][597]LogModuleManager: Shutting down and abandoning module GraphEditor (128)
[2015.07.16-20.37.01:433][597]LogModuleManager: Shutting down and abandoning module ClassViewer (127)
[2015.07.16-20.37.01:434][597]LogModuleManager: Shutting down and abandoning module Toolbox (126)
[2015.07.16-20.37.01:434][597]LogModuleManager: Shutting down and abandoning module ModuleUI (125)
[2015.07.16-20.37.01:434][597]LogModuleManager: Shutting down and abandoning module MovieSceneTools (124)
[2015.07.16-20.37.01:434][597]LogModuleManager: Shutting down and abandoning module OutputLog (123)
[2015.07.16-20.37.01:434][597]LogModuleManager: Shutting down and abandoning module GammaUI (122)
[2015.07.16-20.37.01:434][597]LogModuleManager: Shutting down and abandoning module Documentation (121)
[2015.07.16-20.37.01:434][597]LogModuleManager: Shutting down and abandoning module GameLiveStreaming (120)
[2015.07.16-20.37.01:434][597]LogModuleManager: Shutting down and abandoning module StreamingPauseRendering (119)
[2015.07.16-20.37.01:434][597]LogModuleManager: Shutting down and abandoning module AnalyticsET (118)
[2015.07.16-20.37.01:434][597]LogModuleManager: Shutting down and abandoning module Analytics (117)
[2015.07.16-20.37.01:434][597]LogModuleManager: Shutting down and abandoning module AITestSuite (116)
[2015.07.16-20.37.01:434][597]LogModuleManager: Shutting down and abandoning module GameplayDebugger (115)
[2015.07.16-20.37.01:434][597]LogModuleManager: Shutting down and abandoning module AIModule (114)
[2015.07.16-20.37.01:434][597]LogModuleManager: Shutting down and abandoning module ProfilerService (113)
[2015.07.16-20.37.01:550][597]LogModuleManager: Shutting down and abandoning module TaskGraph (112)
[2015.07.16-20.37.01:550][597]LogModuleManager: Shutting down and abandoning module SlateRemote (111)
[2015.07.16-20.37.01:550][597]LogModuleManager: Shutting down and abandoning module SteamVRController (110)
[2015.07.16-20.37.01:550][597]LogModuleManager: Shutting down and abandoning module SteamVR (109)
[2015.07.16-20.37.01:550][597]LogModuleManager: Shutting down and abandoning module ProceduralMeshComponent (108)
[2015.07.16-20.37.01:550][597]LogModuleManager: Shutting down and abandoning module OculusRift (107)
[2015.07.16-20.37.01:550][597]LogModuleManager: Shutting down and abandoning module LeapMotionController (106)
[2015.07.16-20.37.01:585][597]LogModuleManager: Shutting down and abandoning module CustomMeshComponent (105)
[2015.07.16-20.37.01:585][597]LogModuleManager: Shutting down and abandoning module CableComponent (104)
[2015.07.16-20.37.01:586][597]LogModuleManager: Shutting down and abandoning module MessagingDebugger (103)
[2015.07.16-20.37.01:586][597]LogModuleManager: Shutting down and abandoning module MediaPlayerEditor (102)
[2015.07.16-20.37.01:586][597]LogModuleManager: Shutting down and abandoning module SpeedTreeImporter (101)
[2015.07.16-20.37.01:586][597]LogModuleManager: Shutting down and abandoning module PluginBrowser (100)
[2015.07.16-20.37.01:586][597]LogModuleManager: Shutting down and abandoning module EpicSurvey (99)
[2015.07.16-20.37.01:586][597]LogModuleManager: Shutting down and abandoning module DesktopPlatform (98)
[2015.07.16-20.37.01:586][597]LogModuleManager: Shutting down and abandoning module VisualStudioSourceCodeAccess (97)
[2015.07.16-20.37.01:586][597]LogModuleManager: Shutting down and abandoning module UObjectPlugin (96)
[2015.07.16-20.37.01:586][597]LogModuleManager: Shutting down and abandoning module SubversionSourceControl (95)
[2015.07.16-20.37.01:586][597]LogModuleManager: Shutting down and abandoning module PerforceSourceControl (94)
[2015.07.16-20.37.01:586][597]LogModuleManager: Shutting down and abandoning module SourceControl (93)
[2015.07.16-20.37.01:586][597]LogModuleManager: Shutting down and abandoning module GitSourceControl (92)
[2015.07.16-20.37.01:587][597]LogModuleManager: Shutting down and abandoning module BlankPlugin (91)
[2015.07.16-20.37.01:587][597]LogModuleManager: Shutting down and abandoning module PaperTiledImporter (90)
[2015.07.16-20.37.01:587][597]LogModuleManager: Shutting down and abandoning module PaperSpriteSheetImporter (89)
[2015.07.16-20.37.01:587][597]LogModuleManager: Shutting down and abandoning module MeshPaint (88)
[2015.07.16-20.37.01:587][597]LogModuleManager: Shutting down and abandoning module SlateReflector (87)
[2015.07.16-20.37.01:587][597]LogModuleManager: Shutting down and abandoning module DirectoryWatcher (86)
[2015.07.16-20.37.01:591][597]LogModuleManager: Shutting down and abandoning module HotReload (85)
[2015.07.16-20.37.01:591][597]LogModuleManager: Shutting down and abandoning module MainFrame (84)
[2015.07.16-20.37.01:591][597]LogModuleManager: Shutting down and abandoning module LevelEditor (83)
[2015.07.16-20.37.01:593][597]LogModuleManager: Shutting down and abandoning module ContentBrowser (82)
[2015.07.16-20.37.01:595][597]LogModuleManager: Shutting down and abandoning module Paper2DEditor (81)
[2015.07.16-20.37.01:595][597]LogModuleManager: Shutting down and abandoning module UdpMessaging (80)
[2015.07.16-20.37.01:696][597]LogModuleManager: Shutting down and abandoning module Paper2D (79)
[2015.07.16-20.37.01:696][597]LogModuleManager: Shutting down and abandoning module WindowsMoviePlayer (78)
[2015.07.16-20.37.01:707][597]LogModuleManager: Shutting down and abandoning module Media (77)
[2015.07.16-20.37.01:707][597]LogModuleManager: Shutting down and abandoning module WmfMedia (76)
[2015.07.16-20.37.01:707][597]LogModuleManager: Shutting down and abandoning module OnlineBlueprintSupport (75)
[2015.07.16-20.37.01:707][597]LogModuleManager: Shutting down and abandoning module PropertyEditor (74)
[2015.07.16-20.37.01:707][597]LogModuleManager: Shutting down and abandoning module BehaviorTreeEditor (73)
[2015.07.16-20.37.01:707][597]LogModuleManager: Shutting down and abandoning module FunctionalTesting (72)
[2015.07.16-20.37.01:708][597]LogModuleManager: Shutting down and abandoning module CollisionAnalyzer (71)
[2015.07.16-20.37.01:708][597]LogModuleManager: Shutting down and abandoning module WorkspaceMenuStructure (70)
[2015.07.16-20.37.01:708][597]LogModuleManager: Shutting down and abandoning module MessageLog (69)
[2015.07.16-20.37.01:708][597]LogModuleManager: Shutting down and abandoning module Sequencer (68)
[2015.07.16-20.37.01:708][597]LogModuleManager: Shutting down and abandoning module AssetTools (67)
[2015.07.16-20.37.01:708][597]LogModuleManager: Shutting down and abandoning module UMGEditor (66)
[2015.07.16-20.37.01:708][597]LogModuleManager: Shutting down and abandoning module UMG (65)
[2015.07.16-20.37.01:708][597]LogModuleManager: Shutting down and abandoning module Slate (64)
[2015.07.16-20.37.01:708][597]LogModuleManager: Shutting down and abandoning module EditorStyle (63)
[2015.07.16-20.37.01:717][597]LogModuleManager: Shutting down and abandoning module SessionServices (62)
[2015.07.16-20.37.01:717][597]LogModuleManager: Shutting down and abandoning module SourceCodeAccess (61)
[2015.07.16-20.37.01:717][597]LogModuleManager: Shutting down and abandoning module HeadMountedDisplay (60)
[2015.07.16-20.37.01:717][597]LogModuleManager: Shutting down and abandoning module XAudio2 (59)
[2015.07.16-20.37.01:717][597]LogModuleManager: Shutting down and abandoning module Networking (57)
[2015.07.16-20.37.01:717][597]LogModuleManager: Shutting down and abandoning module Core (56)
[2015.07.16-20.37.01:717][597]LogModuleManager: Shutting down and abandoning module KismetCompiler (55)
[2015.07.16-20.37.01:718][597]LogModuleManager: Shutting down and abandoning module PhysXFormats (54)
[2015.07.16-20.37.01:718][597]LogModuleManager: Shutting down and abandoning module MeshUtilities (53)
[2015.07.16-20.37.01:718][597]LogModuleManager: Shutting down and abandoning module DerivedDataCache (52)
[2015.07.16-20.37.01:783][597]LogDerivedDataCache: Shutdown
[2015.07.16-20.37.01:783][597]LogModuleManager: Shutting down and abandoning module ShaderFormatOpenGL (51)
[2015.07.16-20.37.01:783][597]LogModuleManager: Shutting down and abandoning module ShaderFormatD3D (50)
[2015.07.16-20.37.01:783][597]LogModuleManager: Shutting down and abandoning module MetalShaderFormat (49)
[2015.07.16-20.37.01:783][597]LogModuleManager: Shutting down and abandoning module TextureFormatUncompressed (48)
[2015.07.16-20.37.01:783][597]LogModuleManager: Shutting down and abandoning module TextureFormatPVR (47)
[2015.07.16-20.37.01:783][597]LogModuleManager: Shutting down and abandoning module TextureFormatIntelISPCTexComp (46)
[2015.07.16-20.37.01:783][597]LogModuleManager: Shutting down and abandoning module TextureFormatDXT (45)
[2015.07.16-20.37.01:783][597]LogModuleManager: Shutting down and abandoning module ImageWrapper (44)
[2015.07.16-20.37.01:783][597]LogModuleManager: Shutting down and abandoning module TextureFormatASTC (43)
[2015.07.16-20.37.01:783][597]LogModuleManager: Shutting down and abandoning module TextureFormatAndroid (42)
[2015.07.16-20.37.01:784][597]LogModuleManager: Shutting down and abandoning module AudioFormatOpus (41)
[2015.07.16-20.37.01:784][597]LogModuleManager: Shutting down and abandoning module AudioFormatOgg (40)
[2015.07.16-20.37.01:784][597]LogModuleManager: Shutting down and abandoning module AudioFormatADPCM (39)
[2015.07.16-20.37.01:784][597]LogModuleManager: Shutting down and abandoning module LinuxTargetPlatform (38)
[2015.07.16-20.37.01:784][597]LogModuleManager: Shutting down and abandoning module LinuxServerTargetPlatform (37)
[2015.07.16-20.37.01:784][597]LogModuleManager: Shutting down and abandoning module LinuxNoEditorTargetPlatform (36)
[2015.07.16-20.37.01:784][597]LogModuleManager: Shutting down and abandoning module Messaging (35)
[2015.07.16-20.37.01:784][597]LogModuleManager: Shutting down and abandoning module IOSTargetPlatform (34)
[2015.07.16-20.37.01:784][597]LogModuleManager: Shutting down and abandoning module HTML5TargetPlatform (33)
[2015.07.16-20.37.01:784][597]LogModuleManager: Shutting down and abandoning module Android_PVRTCTargetPlatform (32)
[2015.07.16-20.37.01:784][597]LogModuleManager: Shutting down and abandoning module Android_ETC2TargetPlatform (31)
[2015.07.16-20.37.01:784][597]LogModuleManager: Shutting down and abandoning module Android_ETC1TargetPlatform (30)
[2015.07.16-20.37.01:784][597]LogModuleManager: Shutting down and abandoning module Android_DXTTargetPlatform (29)
[2015.07.16-20.37.01:784][597]LogModuleManager: Shutting down and abandoning module Android_ATCTargetPlatform (28)
[2015.07.16-20.37.01:784][597]LogModuleManager: Shutting down and abandoning module Android_ASTCTargetPlatform (27)
[2015.07.16-20.37.01:784][597]LogModuleManager: Shutting down and abandoning module AndroidTargetPlatform (26)
[2015.07.16-20.37.01:784][597]LogModuleManager: Shutting down and abandoning module WindowsTargetPlatform (25)
[2015.07.16-20.37.01:784][597]LogModuleManager: Shutting down and abandoning module WindowsServerTargetPlatform (24)
[2015.07.16-20.37.01:784][597]LogModuleManager: Shutting down and abandoning module WindowsNoEditorTargetPlatform (23)
[2015.07.16-20.37.01:784][597]LogModuleManager: Shutting down and abandoning module WindowsClientTargetPlatform (22)
[2015.07.16-20.37.01:784][597]LogModuleManager: Shutting down and abandoning module DesktopTargetPlatform (21)
[2015.07.16-20.37.01:785][597]LogModuleManager: Shutting down and abandoning module TargetPlatform (20)
[2015.07.16-20.37.01:785][597]LogModuleManager: Shutting down and abandoning module InputCore (19)
[2015.07.16-20.37.01:785][597]LogModuleManager: Shutting down and abandoning module Settings (18)
[2015.07.16-20.37.01:785][597]LogModuleManager: Shutting down and abandoning module OnlineSubsystem (16)
[2015.07.16-20.37.01:785][597]LogModuleManager: Shutting down and abandoning module HTTP (15)
[2015.07.16-20.37.01:786][597]LogModuleManager: Shutting down and abandoning module ExampleDeviceProfileSelector (14)
[2015.07.16-20.37.01:786][597]LogModuleManager: Shutting down and abandoning module TextureCompressor (13)
[2015.07.16-20.37.01:786][597]LogModuleManager: Shutting down and abandoning module ShaderCore (12)
[2015.07.16-20.37.01:786][597]LogModuleManager: Shutting down and abandoning module Landscape (11)
[2015.07.16-20.37.01:786][597]LogModuleManager: Shutting down and abandoning module SlateRHIRenderer (10)
[2015.07.16-20.37.01:806][597]LogModuleManager: Shutting down and abandoning module OpenGLDrv (9)
[2015.07.16-20.37.01:806][597]LogModuleManager: Shutting down and abandoning module D3D11RHI (8)
[2015.07.16-20.37.01:806][597]LogModuleManager: Shutting down and abandoning module Renderer (7)
[2015.07.16-20.37.01:806][597]LogModuleManager: Shutting down and abandoning module Engine (6)
[2015.07.16-20.37.01:807][597]LogModuleManager: Shutting down and abandoning module CoreUObject (5)
[2015.07.16-20.37.01:807][597]LogModuleManager: Shutting down and abandoning module NetworkFile (4)
[2015.07.16-20.37.01:807][597]LogModuleManager: Shutting down and abandoning module StreamingFile (3)
[2015.07.16-20.37.01:807][597]LogModuleManager: Shutting down and abandoning module SandboxFile (2)
[2015.07.16-20.37.01:807][597]LogModuleManager: Shutting down and abandoning module PakFile (1)
[2015.07.16-20.37.01:808][597]LogExit: Exiting.
[2015.07.16-20.37.01:813][597]Log file closed, 07/16/15 23:37:01
