[2015.07.29-20.22.34:161][  0]Log file open, 07/29/15 23:22:34
[2015.07.29-20.22.34:161][  0]LogInit:Display: Running engine for game: JustDoIt
[2015.07.29-20.22.34:161][  0]LogInit:Display: RandInit(1239665996) SRandInit(1239665996).
[2015.07.29-20.22.34:161][  0]LogTaskGraph: Started task graph with 4 named threads and 5 total threads.
[2015.07.29-20.22.34:161][  0]LogStats: Stats thread started
[2015.07.29-20.22.34:161][  0]LogInit: Version: 4.8.2-2614606+++depot+UE4-Releases+4.8
[2015.07.29-20.22.34:161][  0]LogInit: API Version: 2579680
[2015.07.29-20.22.34:161][  0]LogInit: Compiled (64-bit): Jul  8 2015 23:43:41
[2015.07.29-20.22.34:161][  0]LogInit: Compiled with Visual C++: 18.00.21005.01
[2015.07.29-20.22.34:161][  0]LogInit: Build Configuration: Development
[2015.07.29-20.22.34:162][  0]LogInit: Branch Name: ++depot+UE4-Releases+4.8
[2015.07.29-20.22.34:162][  0]LogInit: Command line:  
[2015.07.29-20.22.34:162][  0]LogInit: Base directory: F:/GameDevelopment/Epic Games/4.8/Engine/Binaries/Win64/
[2015.07.29-20.22.34:162][  0]LogInit: Rocket: 1
[2015.07.29-20.22.34:194][  0]LogInit: Using libcurl 7.41.0
[2015.07.29-20.22.34:194][  0]LogInit:  - built for x86_64-pc-win32
[2015.07.29-20.22.34:194][  0]LogInit:  - supports SSL with WinSSL
[2015.07.29-20.22.34:194][  0]LogInit:  - other features:
[2015.07.29-20.22.34:194][  0]LogInit:      CURL_VERSION_SSL
[2015.07.29-20.22.34:194][  0]LogInit:      CURL_VERSION_IPV6
[2015.07.29-20.22.34:194][  0]LogInit:      CURL_VERSION_ASYNCHDNS
[2015.07.29-20.22.34:194][  0]LogInit:      CURL_VERSION_LARGEFILE
[2015.07.29-20.22.34:194][  0]LogInit:      CURL_VERSION_IDN
[2015.07.29-20.22.34:194][  0]LogInit:  CurlRequestOptions (configurable via config and command line):
[2015.07.29-20.22.34:194][  0]LogInit:  - bVerifyPeer = true  - Libcurl will verify peer certificate
[2015.07.29-20.22.34:194][  0]LogInit:  - bUseHttpProxy = false  - Libcurl will NOT use HTTP proxy
[2015.07.29-20.22.34:194][  0]LogInit:  - bDontReuseConnections = false  - Libcurl will reuse connections
[2015.07.29-20.22.34:194][  0]LogInit:  - CertBundlePath = nullptr  - Libcurl will use whatever was configured at build time.
[2015.07.29-20.22.34:209][  0]LogOnline:Warning: No default platform service specified for OnlineSubsystem
[2015.07.29-20.22.34:227][  0]LogInit: Presizing for 0 objects not considered by GC, pre-allocating 0 bytes.
[2015.07.29-20.22.34:237][  0]LogInit: Object subsystem initialized
[2015.07.29-20.22.34:239][  0]LogConsoleResponse:Warning: Skipping Unknown console variable: 'TranslucentSortAxis = (X=0.000000,Y=-1.000000,Z=0.000000)'
[2015.07.29-20.22.34:239][  0]LogConsoleResponse:Warning:   Found in ini file 'F:/GameDevelopment/Projects/ActualProject_1/FirstProjEver/JustDoIt/Saved/Config/Windows/Engine.ini', in section '[/Script/Engine.RendererSettings]'
[2015.07.29-20.22.34:239][  0]LogConsoleResponse:Warning: Skipping Unknown console variable: 'UIScaleRule = ShortestSide'
[2015.07.29-20.22.34:239][  0]LogConsoleResponse:Warning:   Found in ini file 'F:/GameDevelopment/Projects/ActualProject_1/FirstProjEver/JustDoIt/Saved/Config/Windows/Engine.ini', in section '[/Script/Engine.RendererSettings]'
[2015.07.29-20.22.34:239][  0]LogConsoleResponse:Warning: Skipping Unknown console variable: 'UIScaleCurve = (EditorCurveData=(Keys=),ExternalCurve=None)'
[2015.07.29-20.22.34:239][  0]LogConsoleResponse:Warning:   Found in ini file 'F:/GameDevelopment/Projects/ActualProject_1/FirstProjEver/JustDoIt/Saved/Config/Windows/Engine.ini', in section '[/Script/Engine.RendererSettings]'
[2015.07.29-20.22.34:239][  0]LogInit: Selected Device Profile: [Windows]
[2015.07.29-20.22.34:239][  0]LogInit: Applying CVar settings loaded from the selected device profile: [Windows]
[2015.07.29-20.22.34:250][  0]LogInit: Computer: NIKPC
[2015.07.29-20.22.34:250][  0]LogInit: User: Nikita
[2015.07.29-20.22.34:250][  0]LogInit: CPU Page size=4096, Cores=2
[2015.07.29-20.22.34:250][  0]LogInit: High frequency timer resolution =1.753830 MHz
[2015.07.29-20.22.34:250][  0]LogMemory: Memory total: Physical=7.9GB (8GB approx)
[2015.07.29-20.22.34:250][  0]LogMemory: Platform Memory Stats for Windows
[2015.07.29-20.22.34:250][  0]LogMemory: Process Physical Memory: 55.27 MB used, 55.27 MB peak
[2015.07.29-20.22.34:250][  0]LogMemory: Process Virtual Memory: 27.52 MB used, 28.55 MB peak
[2015.07.29-20.22.34:250][  0]LogMemory: Physical Memory: 2507.55 MB used, 8077.30 MB total
[2015.07.29-20.22.34:250][  0]LogMemory: Virtual Memory: 300.16 MB used, 134217728.00 MB total
[2015.07.29-20.22.34:287][  0]LogTextLocalizationManager: The requested culture ('ru_RU') has no localization data; falling back to 'en' for localization and internationalization data.
[2015.07.29-20.22.34:618][  0]LogTextLocalizationManager:Warning: Loaded localization resources contain conflicting entries for (Namespace:ContentBrowser, Key:ImportAssetToolTip):
Localization Resource: (F:/GameDevelopment/Epic Games/4.8/Engine/Content/Localization/Editor/en/Editor.locres) Source String Hash: (-630476809) Localized String: (Import to {0}...)
Localization Resource: (F:/GameDevelopment/Epic Games/4.8/Engine/Content/Localization/Editor/en/Editor.locres) Source String Hash: (1271782899) Localized String: (Imports an asset from file to this folder.)
[2015.07.29-20.22.35:073][  0]LogD3D11RHI: Found D3D11 adapter 0: Intel(R) HD Graphics 4000 (Feature Level 11_0)
[2015.07.29-20.22.35:073][  0]LogD3D11RHI: Adapter has 1988MB of dedicated video memory, 0MB of dedicated system memory, and 2048MB of shared system memory, 2 output[s]
[2015.07.29-20.22.35:089][  0]LogD3D11RHI: Found D3D11 adapter 1: NVIDIA GeForce GT 740M    (Feature Level 11_0)
[2015.07.29-20.22.35:089][  0]LogD3D11RHI: Adapter has 1988MB of dedicated video memory, 0MB of dedicated system memory, and 2048MB of shared system memory, 0 output[s]
[2015.07.29-20.22.35:090][  0]LogD3D11RHI: Found D3D11 adapter 2: Microsoft Basic Render Driver (Feature Level 11_0)
[2015.07.29-20.22.35:090][  0]LogD3D11RHI: Adapter has 1988MB of dedicated video memory, 0MB of dedicated system memory, and 2048MB of shared system memory, 0 output[s]
[2015.07.29-20.22.35:090][  0]LogD3D11RHI: Chosen D3D11 Adapter Id = 0
[2015.07.29-20.22.35:095][  0]LogD3D11RHI: InitD3DDevice
[2015.07.29-20.22.35:095][  0]LogD3D11RHI: !Direct3DDevice
[2015.07.29-20.22.35:095][  0]LogRHI: Texture pool is 1361 MB (70% of 1945 MB)
[2015.07.29-20.22.35:110][  0]LogD3D11RHI: Async texture creation enabled
[2015.07.29-20.22.35:128][  0]LogShaderCompilers:Display: Using Local Shader Compiler.
[2015.07.29-20.22.37:893][  0]LogTemp:Display: Loaded TP DesktopTargetPlatform
[2015.07.29-20.22.37:913][  0]LogTemp:Display: Loaded TP WindowsClientTargetPlatform
[2015.07.29-20.22.37:932][  0]LogTemp:Display: Loaded TP WindowsNoEditorTargetPlatform
[2015.07.29-20.22.37:956][  0]LogTemp:Display: Loaded TP WindowsServerTargetPlatform
[2015.07.29-20.22.37:981][  0]LogTemp:Display: Loaded TP WindowsTargetPlatform
[2015.07.29-20.22.37:998][  0]LogTemp:Display: Loaded TP AndroidTargetPlatform
[2015.07.29-20.22.38:014][  0]LogTemp:Display: Loaded TP Android_ASTCTargetPlatform
[2015.07.29-20.22.38:032][  0]LogTemp:Display: Loaded TP Android_ATCTargetPlatform
[2015.07.29-20.22.38:048][  0]LogTemp:Display: Loaded TP Android_DXTTargetPlatform
[2015.07.29-20.22.38:064][  0]LogTemp:Display: Loaded TP Android_ETC1TargetPlatform
[2015.07.29-20.22.38:080][  0]LogTemp:Display: Loaded TP Android_ETC2TargetPlatform
[2015.07.29-20.22.38:096][  0]LogTemp:Display: Loaded TP Android_PVRTCTargetPlatform
[2015.07.29-20.22.38:155][  0]LogTemp:Display: Loaded TP IOSTargetPlatform
[2015.07.29-20.22.38:171][  0]LogTemp:Display: Loaded TP LinuxNoEditorTargetPlatform
[2015.07.29-20.22.38:187][  0]LogTemp:Display: Loaded TP LinuxServerTargetPlatform
[2015.07.29-20.22.38:207][  0]LogTemp:Display: Loaded TP LinuxTargetPlatform
[2015.07.29-20.22.38:207][  0]LogTargetPlatformManager:Display: Building Assets For Windows
[2015.07.29-20.22.38:499][  0]LogDerivedDataCache:Display: Max Cache Size: 512 MB
[2015.07.29-20.22.38:560][  0]LogDerivedDataCache: Loaded boot cache 0.06s 53MB C:/Users/Nikita/AppData/Local/UnrealEngine/4.8/DerivedDataCache/Boot.ddc.
[2015.07.29-20.22.38:560][  0]LogDerivedDataCache:Display: Loaded Boot cache: C:/Users/Nikita/AppData/Local/UnrealEngine/4.8/DerivedDataCache/Boot.ddc
[2015.07.29-20.22.38:560][  0]LogDerivedDataCache: FDerivedDataBackendGraph:  Pak pak cache file ../../../../../Projects/ActualProject_1/FirstProjEver/JustDoIt/DerivedDataCache/DDC.ddp not found, will not use a pak cache.
[2015.07.29-20.22.38:560][  0]LogDerivedDataCache: Unable to find inner node Pak for hierarchical cache Hierarchy.
[2015.07.29-20.22.38:560][  0]LogDerivedDataCache: FDerivedDataBackendGraph:  CompressedPak pak cache file ../../../../../Projects/ActualProject_1/FirstProjEver/JustDoIt/DerivedDataCache/Compressed.ddp not found, will not use a pak cache.
[2015.07.29-20.22.38:560][  0]LogDerivedDataCache: Unable to find inner node CompressedPak for hierarchical cache Hierarchy.
[2015.07.29-20.22.38:782][  0]LogDerivedDataCache:Display: Pak cache opened for reading ../../../Engine/DerivedDataCache/Compressed.ddp.
[2015.07.29-20.22.38:926][  0]LogDerivedDataCache: Using Local data cache path C:/Users/Nikita/AppData/Local/UnrealEngine/Common/DerivedDataCache: Writable
[2015.07.29-20.22.39:319][  0]LogInit: Selected Device Profile: [Windows]
[2015.07.29-20.22.39:457][  0]ImportText (ComponentSweepMultiTests): Missing closing parenthesis: (RootShapeAsset="/Engine/BasicShapes/Cube.Cube",ShapeType="TriggerCapsule",HitResult=(Time=0.50,Location=(X=-100.000015,Y=0.0,Z=100.000015),ImpactPoint=(X=-50.0,Y=0.0,Z=50.0),Normal=(X=-1.0,Y=-0.0,Z=0.0),ImpactNormal=(X=0.0,Y=0.0,Z=1.0),TraceStart=(X=-200.0,Y=0.0,Z=200.0),TraceEnd=(X=0.0,Y=0.0,Z=0.0))
[2015.07.29-20.22.39:458][  0]ImportText (LineTraceSingleByChannelTests): Missing closing parenthesis: (RootShapeAsset="/Engine/BasicShapes/Cube.Cube",HitResult=(Time=0.50,Location=(X=-100.000015,Y=0.0,Z=100.000015),ImpactPoint=(X=-50.0,Y=0.0,Z=50.0),Normal=(X=-1.0,Y=-0.0,Z=0.0),ImpactNormal=(X=0.0,Y=0.0,Z=1.0),TraceStart=(X=-200.0,Y=0.0,Z=200.0),TraceEnd=(X=0.0,Y=0.0,Z=0.0))
[2015.07.29-20.22.39:495][  0]LogMeshUtilities: No automatic mesh reduction module available
[2015.07.29-20.22.39:495][  0]LogMeshUtilities: No automatic mesh merging module available
[2015.07.29-20.22.40:036][  0]LogInit: WinSock: version 1.1 (2.2), MaxSocks=32767, MaxUdp=65467
[2015.07.29-20.23.08:435][  0]UdpMessaging: Initializing bridge on interface 0.0.0.0:0 to multicast group 230.0.0.1:6666.
[2015.07.29-20.23.37:818][  0]LogConfig:Warning: Failed to saved backup for config[SourceControlSettings]
[2015.07.29-20.23.37:824][  0]SourceControl: Info Source control is disabled
[2015.07.29-20.23.37:844][  0]SourceControl: Info Source control is disabled
[2015.07.29-20.23.38:491][  0]SourceControl: Info Source control is disabled
[2015.07.29-20.23.38:782][  0]SourceControl: Info Source control is disabled
[2015.07.29-20.23.50:146][  0]LogObj: 26273 objects as part of root set at end of initial load.
[2015.07.29-20.23.50:146][  0]LogUObjectAllocator: 5409256 out of 0 bytes used by permanent object pool.
[2015.07.29-20.24.01:310][  0]LogAutomationTest:Warning: Smoke tests took > 1s to run: 6.34s
[2015.07.29-20.24.01:888][  0]LogEngine: Initializing Engine...
[2015.07.29-20.24.02:186][  0]LogHMD: Can't find Oculus library dev build: is proper Runtime installed? Version: 0.6.0.0
[2015.07.29-20.24.02:771][  0]LogHMD:Warning: SteamVR failed to initialize.  Error: 110
[2015.07.29-20.24.15:831][  0]LogAIModule: Creating AISystem for world NewWorld
[2015.07.29-20.24.17:054][  0]LogInit: XAudio2 using 'Headphones (High Definition Audio Device)' : 2 channels at 44.1 kHz using 16 bits per sample (channel mask 0x3)
[2015.07.29-20.24.17:405][  0]LogInit: FAudioDevice initialized.
[2015.07.29-20.24.17:451][  0]LogDerivedDataCache: Saved boot cache 0.05s 53MB C:/Users/Nikita/AppData/Local/UnrealEngine/4.8/DerivedDataCache/Boot.ddc.
[2015.07.29-20.24.17:473][  0]LogInit: Texture streaming: Disabled
[2015.07.29-20.24.18:275][  0]LogAnalytics: Creating configured Analytics provider AnalyticsET
[2015.07.29-20.24.18:275][  0]LogAnalytics: [UEEditor.Rocket.Release] APIServer = http://et2.epicgames.com/ET2/. AppVersion = 4.8.2-2614606+++depot+UE4-Releases+4.8
[2015.07.29-20.24.18:276][  0]LogAnalytics: [UEEditor.Rocket.Release] SetUserId 412554c84dce0172ced9c993479e3b4a|211b3dab690f4096afd4dd007df595dd|a7c4cc10-e2dd-4cbc-a537-941298a0deb0
[2015.07.29-20.24.18:276][  0]LogAnalytics: [UEEditor.Rocket.Release] AnalyticsET::StartSession
[2015.07.29-20.24.21:997][  0]LogInit: Transaction tracking system initialized
[2015.07.29-20.24.29:357][  0]BlueprintLog: New page: Editor Load
[2015.07.29-20.24.31:021][  0]LogAssetRegistry: FAssetRegistry took 0.6105 seconds to start up
[2015.07.29-20.24.31:155][  0]LogDirectoryWatcher:Warning: Failed to begin reading directory changes for ../../../Engine/Plugins/Experimental/CharacterAI/Content/. Error: 0
[2015.07.29-20.25.10:409][  0]LogConsoleManager:Warning: Console variable 'r.VSync' wasn't set ('GameSetting' has a lower priority than 'SystemSettingsIni')
[2015.07.29-20.25.10:410][  0]LogConsoleResponse:Display: 
[2015.07.29-20.25.23:584][  0]LogCook:Display: Done creating registry. It took  0.00s.
[2015.07.29-20.25.33:692][  0]SourceControl: Info Source control is disabled
[2015.07.29-20.25.35:731][  0]LogD3D11RHI: InitD3DDevice
[2015.07.29-20.25.55:034][  0]LogD3D11RHI: InitD3DDevice
[2015.07.29-20.25.58:013][  0]LogWindowsTextInputMethodSystem:Display: IME system now deactivated.
[2015.07.29-20.25.58:074][  0]LogWindowsTextInputMethodSystem:Display: IME system now deactivated.
[2015.07.29-20.25.58:524][  0]Cmd: MAP LOAD FILE="../../../../../Projects/ActualProject_1/FirstProjEver/JustDoIt/Content/StarterContent/Maps/Minimal_Default.umap" TEMPLATE=0 SHOWPROGRESS=1 FEATURELEVEL=3
[2015.07.29-20.25.58:648][  0]LightingResults: New page: Lighting Build
[2015.07.29-20.25.59:585][  0]MapCheck: New page: Map Check
[2015.07.29-20.25.59:585][  0]LightingResults: New page: Lighting Build
[2015.07.29-20.26.00:833][  0]LogParticles: Destroying 0 GPU particle simulations for FXSystem 0x000000782D7B0B80
[2015.07.29-20.26.30:698][  0]LogBlueprint:Warning: ValidateTemplates '/Game/Weapons/Attachments/Mags/Mag.Mag_C:InheritableComponentHandler': overriden template is invalid - component 'StaticMesh' from '/Game/Weapons/Attachments/Attachments.Attachments_C'
[2015.07.29-20.27.35:292][  0]LogAIModule: Creating AISystem for world Minimal_Default
[2015.07.29-20.27.38:564][  0]LogEditorServer: Finished looking for orphan Actors (0.002 secs)
[2015.07.29-20.27.38:808][  0]Cmd: MAP CHECKDEP NOCLEARLOG
[2015.07.29-20.27.39:038][  0]MapCheck: Info Map check complete: 0 Error(s), 0 Warning(s), took 228.601ms to complete.
[2015.07.29-20.27.39:045][  0]LogFileHelpers: Loading map 'Minimal_Default' took 100.661
[2015.07.29-20.27.46:563][  0]LogCollectionManager: Loaded 0 collections in 0.004687 seconds
[2015.07.29-20.27.46:928][  0]LogContentBrowser: Native class hierarchy populated in 0.2964 seconds. Added 1792 classes and 301 folders.
[2015.07.29-20.27.49:859][  0]LogContentBrowser: Native class hierarchy updated for 'WidgetCarousel' in 0.0010 seconds. Added 0 classes and 0 folders.
[2015.07.29-20.27.54:152][  0]LogContentBrowser: Native class hierarchy updated for 'AddContentDialog' in 0.0013 seconds. Added 0 classes and 0 folders.
[2015.07.29-20.27.56:537][  0]LogContentBrowser: Native class hierarchy updated for 'SceneOutliner' in 0.0007 seconds. Added 1 classes and 2 folders.
[2015.07.29-20.27.58:678][  0]LogCrashTracker: Crashtracker disabled due to settings.
[2015.07.29-20.27.58:807][  0]LogD3D11RHI: InitD3DDevice
[2015.07.29-20.27.58:848][  0]LogUObjectGlobals:Warning: Failed to find object 'Class None.'
[2015.07.29-20.27.59:109][  0]LogStats:Warning: MetaData mismatch. Did you assign a stat to two groups? New //STATGROUP_Threads//SplashScreenThread///Thread_173c_0///####STATCAT_Advanced#### old //STATGROUP_Threads//SplashScreenThread///Thread_318_0///####STATCAT_Advanced####
[2015.07.29-20.27.59:109][  0]LogLoad: Full Startup: 327.73 seconds (BP compile: 18.23 seconds)
[2015.07.29-20.27.59:453][  0]LoadErrors:Error: Error Failed import for StaticMeshComponent /Game/Weapons/Attachments/Attachments.Attachments_C:StaticMeshF337967E46505DD7D755598F8197584F
[2015.07.29-20.28.00:261][  0]LogContentStreaming: Texture pool size is 0.000000MB
[2015.07.29-20.28.00:404][  0]LogContentStreaming: Texture pool size now 200 MB
[2015.07.29-20.28.00:723][  1]LogScript:Warning: Accessed None 'CallFunc_TryGetPawnOwner_ReturnValue'
	FP_AB_C /Engine/Transient.CharacterMesh0:FP_AB_C_0
	Function /Game/FP/BP_Anims/FP_AB.FP_AB_C:ExecuteUbergraph_FP_AB:19A2
[2015.07.29-20.28.00:723][  1]LogScript:Warning: Accessed None 'CallFunc_TryGetPawnOwner_ReturnValue'
	FP_AB_C /Engine/Transient.CharacterMesh0:FP_AB_C_0
	Function /Game/FP/BP_Anims/FP_AB.FP_AB_C:ExecuteUbergraph_FP_AB:19CD
[2015.07.29-20.28.00:731][  1]LogScript:Warning: Accessed None 'CallFunc_TryGetPawnOwner_ReturnValue'
	FP_AB_C /Engine/Transient.CharacterMesh0:FP_AB_C_0
	Function /Game/FP/BP_Anims/FP_AB.FP_AB_C:ExecuteUbergraph_FP_AB:1A3C
[2015.07.29-20.28.00:731][  1]LogScript:Warning: Accessed None 'CallFunc_GetMovementComponent_ReturnValue'
	FP_AB_C /Engine/Transient.CharacterMesh0:FP_AB_C_0
	Function /Game/FP/BP_Anims/FP_AB.FP_AB_C:ExecuteUbergraph_FP_AB:1A6B
[2015.07.29-20.28.00:731][  1]LogScript:Warning: Accessed None 'CallFunc_TryGetPawnOwner_ReturnValue'
	FP_AB_C /Engine/Transient.CharacterMesh0:FP_AB_C_0
	Function /Game/FP/BP_Anims/FP_AB.FP_AB_C:ExecuteUbergraph_FP_AB:1AC7
[2015.07.29-20.28.00:761][  1]LogScript:Warning: Accessed None 'CallFunc_TryGetPawnOwner_ReturnValue'
	FP_AB_C /Engine/Transient.CharacterMesh0:FP_AB_C_0
	Function /Game/FP/BP_Anims/FP_AB.FP_AB_C:ExecuteUbergraph_FP_AB:19A2
[2015.07.29-20.28.00:762][  1]LogScript:Warning: Accessed None 'CallFunc_TryGetPawnOwner_ReturnValue'
	FP_AB_C /Engine/Transient.CharacterMesh0:FP_AB_C_0
	Function /Game/FP/BP_Anims/FP_AB.FP_AB_C:ExecuteUbergraph_FP_AB:19CD
[2015.07.29-20.28.00:762][  1]LogScript:Warning: Accessed None 'CallFunc_TryGetPawnOwner_ReturnValue'
	FP_AB_C /Engine/Transient.CharacterMesh0:FP_AB_C_0
	Function /Game/FP/BP_Anims/FP_AB.FP_AB_C:ExecuteUbergraph_FP_AB:1A3C
[2015.07.29-20.28.00:762][  1]LogScript:Warning: Accessed None 'CallFunc_GetMovementComponent_ReturnValue'
	FP_AB_C /Engine/Transient.CharacterMesh0:FP_AB_C_0
	Function /Game/FP/BP_Anims/FP_AB.FP_AB_C:ExecuteUbergraph_FP_AB:1A6B
[2015.07.29-20.28.00:762][  1]LogScript:Warning: Accessed None 'CallFunc_TryGetPawnOwner_ReturnValue'
	FP_AB_C /Engine/Transient.CharacterMesh0:FP_AB_C_0
	Function /Game/FP/BP_Anims/FP_AB.FP_AB_C:ExecuteUbergraph_FP_AB:1AC7
[2015.07.29-20.28.00:980][  2]LogRenderer: Reallocating scene render targets to support 32x32 (Frame:2).
[2015.07.29-20.28.01:781][  2]LogD3D11RHI: InitD3DDevice
[2015.07.29-20.28.02:984][ 23]LogAssetRegistry: Asset discovery search completed in 212.0743 seconds
[2015.07.29-20.30.13:288][544]LogActorComponent: UnregisterComponent: (/Engine/Transient.CharMoveComp) Not registered. Aborting.
[2015.07.29-20.30.13:288][544]LogActorComponent: UnregisterComponent: (/Engine/Transient.ProjectileMovementC705A99E4259A1062C81D4BDAB92A46F) Not registered. Aborting.
[2015.07.29-20.30.13:288][544]LogActorComponent: UnregisterComponent: (/Engine/Transient.RotatingMovement4BDE74464C172F0BE54A86B43B59A1F1) Not registered. Aborting.
[2015.07.29-20.30.14:434][544]LogWindowsTextInputMethodSystem:Display: IME system now deactivated.
[2015.07.29-20.30.14:815][544]LogCrashTracker: 


[2015.07.29-20.33.25:867][544]LogWindows:Error: Windows GetLastError: The operation completed successfully. (0)
[2015.07.29-20.33.28:942][544]LogCrashTracker: 


[2015.07.29-20.33.28:942][544]LogWindows: === Critical error: ===
Fatal error: [File:D:\BuildFarm\buildmachine_++depot+UE4-Releases+4.8\Engine\Source\Runtime\RenderCore\Private\RenderingThread.cpp] [Line: 651] 
Rendering thread exception:
Fatal error!

Unhandled Exception: EXCEPTION_ACCESS_VIOLATION reading address 0x00000020

UE4Edi