[2015.07.16-18.42.40:896][  0]Log file open, 07/16/15 21:42:40
[2015.07.16-18.42.40:896][  0]LogInit:Display: Running engine for game: JustDoIt
[2015.07.16-18.42.40:896][  0]LogInit:Display: RandInit(-1281150814) SRandInit(-1281150814).
[2015.07.16-18.42.40:896][  0]LogTaskGraph: Started task graph with 4 named threads and 5 total threads.
[2015.07.16-18.42.40:896][  0]LogStats: Stats thread started
[2015.07.16-18.42.40:896][  0]LogInit: Version: 4.8.2-2614606+++depot+UE4-Releases+4.8
[2015.07.16-18.42.40:896][  0]LogInit: API Version: 2579680
[2015.07.16-18.42.40:896][  0]LogInit: Compiled (64-bit): Jul  8 2015 23:43:41
[2015.07.16-18.42.40:896][  0]LogInit: Compiled with Visual C++: 18.00.21005.01
[2015.07.16-18.42.40:896][  0]LogInit: Build Configuration: Development
[2015.07.16-18.42.40:896][  0]LogInit: Branch Name: ++depot+UE4-Releases+4.8
[2015.07.16-18.42.40:896][  0]LogInit: Command line:  
[2015.07.16-18.42.40:896][  0]LogInit: Base directory: F:/GameDevelopment/Epic Games/4.8/Engine/Binaries/Win64/
[2015.07.16-18.42.40:896][  0]LogInit: Rocket: 1
[2015.07.16-18.42.40:916][  0]LogInit: Using libcurl 7.41.0
[2015.07.16-18.42.40:916][  0]LogInit:  - built for x86_64-pc-win32
[2015.07.16-18.42.40:916][  0]LogInit:  - supports SSL with WinSSL
[2015.07.16-18.42.40:916][  0]LogInit:  - other features:
[2015.07.16-18.42.40:916][  0]LogInit:      CURL_VERSION_SSL
[2015.07.16-18.42.40:916][  0]LogInit:      CURL_VERSION_IPV6
[2015.07.16-18.42.40:916][  0]LogInit:      CURL_VERSION_ASYNCHDNS
[2015.07.16-18.42.40:916][  0]LogInit:      CURL_VERSION_LARGEFILE
[2015.07.16-18.42.40:916][  0]LogInit:      CURL_VERSION_IDN
[2015.07.16-18.42.40:917][  0]LogInit:  CurlRequestOptions (configurable via config and command line):
[2015.07.16-18.42.40:917][  0]LogInit:  - bVerifyPeer = true  - Libcurl will verify peer certificate
[2015.07.16-18.42.40:917][  0]LogInit:  - bUseHttpProxy = false  - Libcurl will NOT use HTTP proxy
[2015.07.16-18.42.40:917][  0]LogInit:  - bDontReuseConnections = false  - Libcurl will reuse connections
[2015.07.16-18.42.40:917][  0]LogInit:  - CertBundlePath = nullptr  - Libcurl will use whatever was configured at build time.
[2015.07.16-18.42.40:935][  0]LogOnline:Warning: No default platform service specified for OnlineSubsystem
[2015.07.16-18.42.41:386][  0]LogInit: Presizing for 0 objects not considered by GC, pre-allocating 0 bytes.
[2015.07.16-18.42.41:402][  0]LogInit: Object subsystem initialized
[2015.07.16-18.42.41:403][  0]LogConsoleResponse:Warning: Skipping Unknown console variable: 'TranslucentSortAxis = (X=0.000000,Y=-1.000000,Z=0.000000)'
[2015.07.16-18.42.41:403][  0]LogConsoleResponse:Warning:   Found in ini file 'F:/GameDevelopment/Projects/ActualProject_1/FirstProjEver/JustDoIt/Saved/Config/Windows/Engine.ini', in section '[/Script/Engine.RendererSettings]'
[2015.07.16-18.42.41:403][  0]LogConsoleResponse:Warning: Skipping Unknown console variable: 'UIScaleRule = ShortestSide'
[2015.07.16-18.42.41:403][  0]LogConsoleResponse:Warning:   Found in ini file 'F:/GameDevelopment/Projects/ActualProject_1/FirstProjEver/JustDoIt/Saved/Config/Windows/Engine.ini', in section '[/Script/Engine.RendererSettings]'
[2015.07.16-18.42.41:403][  0]LogConsoleResponse:Warning: Skipping Unknown console variable: 'UIScaleCurve = (EditorCurveData=(Keys=),ExternalCurve=None)'
[2015.07.16-18.42.41:403][  0]LogConsoleResponse:Warning:   Found in ini file 'F:/GameDevelopment/Projects/ActualProject_1/FirstProjEver/JustDoIt/Saved/Config/Windows/Engine.ini', in section '[/Script/Engine.RendererSettings]'
[2015.07.16-18.42.41:403][  0]LogInit: Selected Device Profile: [Windows]
[2015.07.16-18.42.41:403][  0]LogInit: Applying CVar settings loaded from the selected device profile: [Windows]
[2015.07.16-18.42.41:449][  0]LogInit: Computer: NIKPC
[2015.07.16-18.42.41:449][  0]LogInit: User: Nikita
[2015.07.16-18.42.41:449][  0]LogInit: CPU Page size=4096, Cores=2
[2015.07.16-18.42.41:449][  0]LogInit: High frequency timer resolution =1.753827 MHz
[2015.07.16-18.42.41:449][  0]LogMemory: Memory total: Physical=7.9GB (8GB approx)
[2015.07.16-18.42.41:449][  0]LogMemory: Platform Memory Stats for Windows
[2015.07.16-18.42.41:449][  0]LogMemory: Process Physical Memory: 49.46 MB used, 49.46 MB peak
[2015.07.16-18.42.41:449][  0]LogMemory: Process Virtual Memory: 22.51 MB used, 22.51 MB peak
[2015.07.16-18.42.41:449][  0]LogMemory: Physical Memory: 4138.59 MB used, 8077.30 MB total
[2015.07.16-18.42.41:449][  0]LogMemory: Virtual Memory: 291.25 MB used, 134217728.00 MB total
[2015.07.16-18.42.42:040][  0]LogTextLocalizationManager: The requested culture ('ru_RU') has no localization data; falling back to 'en' for localization and internationalization data.
[2015.07.16-18.42.42:480][  0]LogTextLocalizationManager:Warning: Loaded localization resources contain conflicting entries for (Namespace:ContentBrowser, Key:ImportAssetToolTip):
Localization Resource: (F:/GameDevelopment/Epic Games/4.8/Engine/Content/Localization/Editor/en/Editor.locres) Source String Hash: (-630476809) Localized String: (Import to {0}...)
Localization Resource: (F:/GameDevelopment/Epic Games/4.8/Engine/Content/Localization/Editor/en/Editor.locres) Source String Hash: (1271782899) Localized String: (Imports an asset from file to this folder.)
[2015.07.16-18.42.43:226][  0]LogD3D11RHI: Found D3D11 adapter 0: Intel(R) HD Graphics 4000 (Feature Level 11_0)
[2015.07.16-18.42.43:226][  0]LogD3D11RHI: Adapter has 1988MB of dedicated video memory, 0MB of dedicated system memory, and 2048MB of shared system memory, 2 output[s]
[2015.07.16-18.42.43:243][  0]LogD3D11RHI: Found D3D11 adapter 1: NVIDIA GeForce GT 740M    (Feature Level 11_0)
[2015.07.16-18.42.43:243][  0]LogD3D11RHI: Adapter has 1988MB of dedicated video memory, 0MB of dedicated system memory, and 2048MB of shared system memory, 0 output[s]
[2015.07.16-18.42.43:246][  0]LogD3D11RHI: Found D3D11 adapter 2: Microsoft Basic Render Driver (Feature Level 11_0)
[2015.07.16-18.42.43:246][  0]LogD3D11RHI: Adapter has 1988MB of dedicated video memory, 0MB of dedicated system memory, and 2048MB of shared system memory, 0 output[s]
[2015.07.16-18.42.43:246][  0]LogD3D11RHI: Chosen D3D11 Adapter Id = 0
[2015.07.16-18.42.43:251][  0]LogD3D11RHI: InitD3DDevice
[2015.07.16-18.42.43:251][  0]LogD3D11RHI: !Direct3DDevice
[2015.07.16-18.42.43:251][  0]LogRHI: Texture pool is 1361 MB (70% of 1945 MB)
[2015.07.16-18.42.43:264][  0]LogD3D11RHI: Async texture creation enabled
[2015.07.16-18.42.43:282][  0]LogShaderCompilers:Display: Using Local Shader Compiler.
[2015.07.16-18.42.46:235][  0]LogTemp:Display: Loaded TP DesktopTargetPlatform
[2015.07.16-18.42.46:254][  0]LogTemp:Display: Loaded TP WindowsClientTargetPlatform
[2015.07.16-18.42.46:274][  0]LogTemp:Display: Loaded TP WindowsNoEditorTargetPlatform
[2015.07.16-18.42.46:292][  0]LogTemp:Display: Loaded TP WindowsServerTargetPlatform
[2015.07.16-18.42.46:312][  0]LogTemp:Display: Loaded TP WindowsTargetPlatform
[2015.07.16-18.42.46:331][  0]LogTemp:Display: Loaded TP AndroidTargetPlatform
[2015.07.16-18.42.46:348][  0]LogTemp:Display: Loaded TP Android_ASTCTargetPlatform
[2015.07.16-18.42.46:365][  0]LogTemp:Display: Loaded TP Android_ATCTargetPlatform
[2015.07.16-18.42.46:381][  0]LogTemp:Display: Loaded TP Android_DXTTargetPlatform
[2015.07.16-18.42.46:398][  0]LogTemp:Display: Loaded TP Android_ETC1TargetPlatform
[2015.07.16-18.42.46:415][  0]LogTemp:Display: Loaded TP Android_ETC2TargetPlatform
[2015.07.16-18.42.46:431][  0]LogTemp:Display: Loaded TP Android_PVRTCTargetPlatform
[2015.07.16-18.42.46:651][  0]LogTemp:Display: Loaded TP IOSTargetPlatform
[2015.07.16-18.42.46:677][  0]LogTemp:Display: Loaded TP LinuxNoEditorTargetPlatform
[2015.07.16-18.42.46:700][  0]LogTemp:Display: Loaded TP LinuxServerTargetPlatform
[2015.07.16-18.42.46:721][  0]LogTemp:Display: Loaded TP LinuxTargetPlatform
[2015.07.16-18.42.46:721][  0]LogTargetPlatformManager:Display: Building Assets For Windows
[2015.07.16-18.42.47:951][  0]LogDerivedDataCache:Display: Max Cache Size: 512 MB
[2015.07.16-18.42.48:023][  0]LogDerivedDataCache: Loaded boot cache 0.07s 53MB C:/Users/Nikita/AppData/Local/UnrealEngine/4.8/DerivedDataCache/Boot.ddc.
[2015.07.16-18.42.48:023][  0]LogDerivedDataCache:Display: Loaded Boot cache: C:/Users/Nikita/AppData/Local/UnrealEngine/4.8/DerivedDataCache/Boot.ddc
[2015.07.16-18.42.48:023][  0]LogDerivedDataCache: FDerivedDataBackendGraph:  Pak pak cache file ../../../../../Projects/ActualProject_1/FirstProjEver/JustDoIt/DerivedDataCache/DDC.ddp not found, will not use a pak cache.
[2015.07.16-18.42.48:024][  0]LogDerivedDataCache: Unable to find inner node Pak for hierarchical cache Hierarchy.
[2015.07.16-18.42.48:024][  0]LogDerivedDataCache: FDerivedDataBackendGraph:  CompressedPak pak cache file ../../../../../Projects/ActualProject_1/FirstProjEver/JustDoIt/DerivedDataCache/Compressed.ddp not found, will not use a pak cache.
[2015.07.16-18.42.48:024][  0]LogDerivedDataCache: Unable to find inner node CompressedPak for hierarchical cache Hierarchy.
[2015.07.16-18.42.48:884][  0]LogDerivedDataCache:Display: Pak cache opened for reading ../../../Engine/DerivedDataCache/Compressed.ddp.
[2015.07.16-18.42.48:897][  0]LogDerivedDataCache: Using Local data cache path C:/Users/Nikita/AppData/Local/UnrealEngine/Common/DerivedDataCache: Writable
[2015.07.16-18.43.07:069][  0]LogInit: Selected Device Profile: [Windows]
[2015.07.16-18.43.07:458][  0]ImportText (ComponentSweepMultiTests): Missing closing parenthesis: (RootShapeAsset="/Engine/BasicShapes/Cube.Cube",ShapeType="TriggerCapsule",HitResult=(Time=0.50,Location=(X=-100.000015,Y=0.0,Z=100.000015),ImpactPoint=(X=-50.0,Y=0.0,Z=50.0),Normal=(X=-1.0,Y=-0.0,Z=0.0),ImpactNormal=(X=0.0,Y=0.0,Z=1.0),TraceStart=(X=-200.0,Y=0.0,Z=200.0),TraceEnd=(X=0.0,Y=0.0,Z=0.0))
[2015.07.16-18.43.07:459][  0]ImportText (LineTraceSingleByChannelTests): Missing closing parenthesis: (RootShapeAsset="/Engine/BasicShapes/Cube.Cube",HitResult=(Time=0.50,Location=(X=-100.000015,Y=0.0,Z=100.000015),ImpactPoint=(X=-50.0,Y=0.0,Z=50.0),Normal=(X=-1.0,Y=-0.0,Z=0.0),ImpactNormal=(X=0.0,Y=0.0,Z=1.0),TraceStart=(X=-200.0,Y=0.0,Z=200.0),TraceEnd=(X=0.0,Y=0.0,Z=0.0))
[2015.07.16-18.43.07:571][  0]LogMeshUtilities: No automatic mesh reduction module available
[2015.07.16-18.43.07:571][  0]LogMeshUtilities: No automatic mesh merging module available
[2015.07.16-18.43.10:447][  0]LogInit: WinSock: version 1.1 (2.2), MaxSocks=32767, MaxUdp=65467
[2015.07.16-18.43.13:370][  0]UdpMessaging: Initializing bridge on interface 0.0.0.0:0 to multicast group 230.0.0.1:6666.
[2015.07.16-18.43.14:502][  0]SourceControl: Info Source control is disabled
[2015.07.16-18.43.14:521][  0]SourceControl: Info Source control is disabled
[2015.07.16-18.43.14:534][  0]SourceControl: Info Source control is disabled
[2015.07.16-18.43.14:547][  0]SourceControl: Info Source control is disabled
[2015.07.16-18.43.15:464][  0]LogObj: 26273 objects as part of root set at end of initial load.
[2015.07.16-18.43.15:464][  0]LogUObjectAllocator: 5409248 out of 0 bytes used by permanent object pool.
[2015.07.16-18.43.15:651][  0]LogEngine: Initializing Engine...
[2015.07.16-18.43.15:653][  0]LogHMD: Can't find Oculus library dev build: is proper Runtime installed? Version: 0.6.0.0
[2015.07.16-18.43.15:700][  0]LogHMD:Warning: SteamVR failed to initialize.  Error: 110
[2015.07.16-18.43.16:507][  0]LogAIModule: Creating AISystem for world NewWorld
[2015.07.16-18.43.16:516][  0]LogInit: XAudio2 using 'Headphones (High Definition Audio Device)' : 2 channels at 44.1 kHz using 16 bits per sample (channel mask 0x3)
[2015.07.16-18.43.16:527][  0]LogInit: FAudioDevice initialized.
[2015.07.16-18.43.16:565][  0]LogDerivedDataCache: Saved boot cache 0.04s 53MB C:/Users/Nikita/AppData/Local/UnrealEngine/4.8/DerivedDataCache/Boot.ddc.
[2015.07.16-18.43.16:573][  0]LogInit: Texture streaming: Disabled
[2015.07.16-18.43.16:607][  0]LogAnalytics: Creating configured Analytics provider AnalyticsET
[2015.07.16-18.43.16:607][  0]LogAnalytics: [UEEditor.Rocket.Release] APIServer = http://et2.epicgames.com/ET2/. AppVersion = 4.8.2-2614606+++depot+UE4-Releases+4.8
[2015.07.16-18.43.16:607][  0]LogAnalytics: [UEEditor.Rocket.Release] SetUserId 412554c84dce0172ced9c993479e3b4a|211b3dab690f4096afd4dd007df595dd|a7c4cc10-e2dd-4cbc-a537-941298a0deb0
[2015.07.16-18.43.16:607][  0]LogAnalytics: [UEEditor.Rocket.Release] AnalyticsET::StartSession
[2015.07.16-18.43.16:702][  0]LogInit: Transaction tracking system initialized
[2015.07.16-18.43.16:938][  0]BlueprintLog: New page: Editor Load
[2015.07.16-18.43.16:995][  0]LogAssetRegistry: FAssetRegistry took 0.0108 seconds to start up
[2015.07.16-18.43.16:995][  0]LogDirectoryWatcher:Warning: Failed to begin reading directory changes for ../../../Engine/Plugins/Experimental/CharacterAI/Content/. Error: 0
[2015.07.16-18.43.18:609][  0]LogConsoleManager:Warning: Console variable 'r.VSync' wasn't set ('GameSetting' has a lower priority than 'SystemSettingsIni')
[2015.07.16-18.43.18:609][  0]LogConsoleResponse:Display: 
[2015.07.16-18.43.19:767][  0]LogCook:Display: Done creating registry. It took  0.00s.
[2015.07.16-18.43.20:106][  0]SourceControl: Info Source control is disabled
[2015.07.16-18.43.20:106][  0]Cmd: MAP LOAD FILE="../../../../../Projects/ActualProject_1/FirstProjEver/JustDoIt/Content/StarterContent/Maps/Minimal_Default.umap" TEMPLATE=0 SHOWPROGRESS=1 FEATURELEVEL=3
[2015.07.16-18.43.20:110][  0]LightingResults: New page: Lighting Build
[2015.07.16-18.43.20:135][  0]MapCheck: New page: Map Check
[2015.07.16-18.43.20:135][  0]LightingResults: New page: Lighting Build
[2015.07.16-18.43.20:160][  0]LogParticles: Destroying 0 GPU particle simulations for FXSystem 0x000000DB79554B80
[2015.07.16-18.43.31:520][  0]LogAIModule: Creating AISystem for world Minimal_Default
[2015.07.16-18.43.31:589][  0]LogEditorServer: Finished looking for orphan Actors (0.000 secs)
[2015.07.16-18.43.31:619][  0]Cmd: MAP CHECKDEP NOCLEARLOG
[2015.07.16-18.43.31:713][  0]MapCheck: Info Map check complete: 0 Error(s), 0 Warning(s), took 94.301ms to complete.
[2015.07.16-18.43.31:714][  0]LogFileHelpers: Loading map 'Minimal_Default' took 11.608
[2015.07.16-18.43.31:837][  0]LogCollectionManager: Loaded 0 collections in 0.002955 seconds
[2015.07.16-18.43.31:849][  0]LogContentBrowser: Native class hierarchy populated in 0.0116 seconds. Added 1792 classes and 301 folders.
[2015.07.16-18.43.31:916][  0]LogContentBrowser: Native class hierarchy updated for 'WidgetCarousel' in 0.0005 seconds. Added 0 classes and 0 folders.
[2015.07.16-18.43.32:060][  0]LogContentBrowser: Native class hierarchy updated for 'AddContentDialog' in 0.0004 seconds. Added 0 classes and 0 folders.
[2015.07.16-18.43.32:165][  0]LogContentBrowser: Native class hierarchy updated for 'SceneOutliner' in 0.0004 seconds. Added 1 classes and 2 folders.
[2015.07.16-18.43.32:524][  0]LogCrashTracker: Crashtracker disabled due to settings.
[2015.07.16-18.43.32:525][  0]LogD3D11RHI: InitD3DDevice
[2015.07.16-18.43.32:533][  0]LogUObjectGlobals:Warning: Failed to find object 'Class None.'
[2015.07.16-18.43.32:560][  0]LogLoad: Full Startup: 55.83 seconds (BP compile: 3.42 seconds)
[2015.07.16-18.43.33:184][  0]LogContentStreaming: Texture pool size is 0.000000MB
[2015.07.16-18.43.33:231][  0]LogContentStreaming: Texture pool size now 700 MB
[2015.07.16-18.43.33:585][  0]LogRenderer: Reallocating scene render targets to support 928x592 (Frame:2).
[2015.07.16-18.43.33:691][  1]LogScript:Warning: Accessed None 'CallFunc_TryGetPawnOwner_ReturnValue'
	FP_AB_C /Engine/Transient.CharacterMesh0:FP_AB_C_0
	Function /Game/FP/BP_Anims/FP_AB.FP_AB_C:ExecuteUbergraph_FP_AB:19A2
[2015.07.16-18.43.33:691][  1]LogScript:Warning: Accessed None 'CallFunc_TryGetPawnOwner_ReturnValue'
	FP_AB_C /Engine/Transient.CharacterMesh0:FP_AB_C_0
	Function /Game/FP/BP_Anims/FP_AB.FP_AB_C:ExecuteUbergraph_FP_AB:19CD
[2015.07.16-18.43.33:691][  1]LogScript:Warning: Accessed None 'CallFunc_TryGetPawnOwner_ReturnValue'
	FP_AB_C /Engine/Transient.CharacterMesh0:FP_AB_C_0
	Function /Game/FP/BP_Anims/FP_AB.FP_AB_C:ExecuteUbergraph_FP_AB:1A3C
[2015.07.16-18.43.33:691][  1]LogScript:Warning: Accessed None 'CallFunc_GetMovementComponent_ReturnValue'
	FP_AB_C /Engine/Transient.CharacterMesh0:FP_AB_C_0
	Function /Game/FP/BP_Anims/FP_AB.FP_AB_C:ExecuteUbergraph_FP_AB:1A6B
[2015.07.16-18.43.33:691][  1]LogScript:Warning: Accessed None 'CallFunc_TryGetPawnOwner_ReturnValue'
	FP_AB_C /Engine/Transient.CharacterMesh0:FP_AB_C_0
	Function /Game/FP/BP_Anims/FP_AB.FP_AB_C:ExecuteUbergraph_FP_AB:1AC7
[2015.07.16-18.43.33:692][  1]LogScript:Warning: Accessed None 'CallFunc_TryGetPawnOwner_ReturnValue'
	FP_AB_C /Engine/Transient.CharacterMesh0:FP_AB_C_0
	Function /Game/FP/BP_Anims/FP_AB.FP_AB_C:ExecuteUbergraph_FP_AB:19A2
[2015.07.16-18.43.33:692][  1]LogScript:Warning: Accessed None 'CallFunc_TryGetPawnOwner_ReturnValue'
	FP_AB_C /Engine/Transient.CharacterMesh0:FP_AB_C_0
	Function /Game/FP/BP_Anims/FP_AB.FP_AB_C:ExecuteUbergraph_FP_AB:19CD
[2015.07.16-18.43.33:692][  1]LogScript:Warning: Accessed None 'CallFunc_TryGetPawnOwner_ReturnValue'
	FP_AB_C /Engine/Transient.CharacterMesh0:FP_AB_C_0
	Function /Game/FP/BP_Anims/FP_AB.FP_AB_C:ExecuteUbergraph_FP_AB:1A3C
[2015.07.16-18.43.33:692][  1]LogScript:Warning: Accessed None 'CallFunc_GetMovementComponent_ReturnValue'
	FP_AB_C /Engine/Transient.CharacterMesh0:FP_AB_C_0
	Function /Game/FP/BP_Anims/FP_AB.FP_AB_C:ExecuteUbergraph_FP_AB:1A6B
[2015.07.16-18.43.33:692][  1]LogScript:Warning: Accessed None 'CallFunc_TryGetPawnOwner_ReturnValue'
	FP_AB_C /Engine/Transient.CharacterMesh0:FP_AB_C_0
	Function /Game/FP/BP_Anims/FP_AB.FP_AB_C:ExecuteUbergraph_FP_AB:1AC7
[2015.07.16-18.43.34:016][  2]LogD3D11RHI: InitD3DDevice
[2015.07.16-18.43.40:365][ 21]LogAssetRegistry: Asset discovery search completed in 23.3798 seconds
[2015.07.16-18.43.46:700][160]LogD3D11RHI: InitD3DDevice
[2015.07.16-18.43.48:325][267]LogPlayLevel: PIE:  No blueprints needed recompiling
[2015.07.16-18.43.48:396][267]PIE: New page: PIE session: Minimal_Default (Jul 17, 2015, 12:43:48 AM)
[2015.07.16-18.43.48:397][267]LogPlayLevel: Creating play world package: /Game/StarterContent/Maps/UEDPIE_0_Minimal_Default
[2015.07.16-18.43.48:418][267]LogPlayLevel: PIE: StaticDuplicateObject took: (0.020690s)
[2015.07.16-18.43.48:419][267]LogAIModule: Creating AISystem for world Minimal_Default
[2015.07.16-18.43.48:421][267]LogPlayLevel: PIE: World Init took: (0.003086s)
[2015.07.16-18.43.48:421][267]LogPlayLevel: PIE: Created PIE world by copying editor world from /Game/StarterContent/Maps/Minimal_Default.Minimal_Default to /Game/StarterContent/Maps/UEDPIE_0_Minimal_Default.Minimal_Default (0.024200s)
[2015.07.16-18.43.48:421][267]LogActorComponent: UnregisterComponent: (/Engine/Transient.CharMoveComp) Not registered. Aborting.
[2015.07.16-18.43.48:840][267]LogInit: XAudio2 using 'Headphones (High Definition Audio Device)' : 2 channels at 44.1 kHz using 16 bits per sample (channel mask 0x3)
[2015.07.16-18.43.48:848][267]LogInit: FAudioDevice initialized.
[2015.07.16-18.43.48:937][267]LogWorld: Game class is 'NewGameMode_C'
[2015.07.16-18.43.49:030][267]LogWorld: Bringing World /Game/StarterContent/Maps/UEDPIE_0_Minimal_Default.Minimal_Default up for play (max tick rate 0) at 2015.07.16-21.43.49
[2015.07.16-18.43.49:030][267]LogActor:Warning: GameSession /Game/StarterContent/Maps/UEDPIE_0_Minimal_Default.Minimal_Default:PersistentLevel.GameSession_0 has natively added scene component(s), but none of them were set as the actor's RootComponent - picking one arbitrarily
[2015.07.16-18.43.49:031][267]LogActor:Warning: GameNetworkManager /Game/StarterContent/Maps/UEDPIE_0_Minimal_Default.Minimal_Default:PersistentLevel.GameNetworkManager_0 has natively added scene component(s), but none of them were set as the actor's RootComponent - picking one arbitrarily
[2015.07.16-18.43.49:031][267]LogWorld: Bringing up level for play took: 0.091701
[2015.07.16-18.43.49:038][267]PIE: Info Play in editor start time for /Game/StarterContent/Maps/UEDPIE_0_Minimal_Default 1.131
[2015.07.16-18.43.59:147][970]Cmd: LevelEditor.ToggleImmersive
[2015.07.16-18.43.59:323][971]LogRenderer: Reallocating scene render targets to support 1176x672 (Frame:946).
[2015.07.16-18.43.59:399][972]LogRenderer: Reallocating scene render targets to support 1368x728 (Frame:948).
[2015.07.16-18.44.02:596][149]LogParticles: Destroying 0 GPU particle simulations for FXSystem 0x000000DB0D8C87C0
[2015.07.16-18.44.05:044][264]LogScript:Warning: Accessed None 'CallFunc_TryGetPawnOwner_ReturnValue'
	FP_AB_C /Engine/Transient.CharacterMesh0:FP_AB_C_2
	Function /Game/FP/BP_Anims/FP_AB.FP_AB_C:ExecuteUbergraph_FP_AB:19A2
[2015.07.16-18.44.05:044][264]LogScript:Warning: Accessed None 'CallFunc_TryGetPawnOwner_ReturnValue'
	FP_AB_C /Engine/Transient.CharacterMesh0:FP_AB_C_2
	Function /Game/FP/BP_Anims/FP_AB.FP_AB_C:ExecuteUbergraph_FP_AB:19CD
[2015.07.16-18.44.05:044][264]LogScript:Warning: Accessed None 'CallFunc_TryGetPawnOwner_ReturnValue'
	FP_AB_C /Engine/Transient.CharacterMesh0:FP_AB_C_2
	Function /Game/FP/BP_Anims/FP_AB.FP_AB_C:ExecuteUbergraph_FP_AB:1A3C
[2015.07.16-18.44.05:044][264]LogScript:Warning: Accessed None 'CallFunc_GetMovementComponent_ReturnValue'
	FP_AB_C /Engine/Transient.CharacterMesh0:FP_AB_C_2
	Function /Game/FP/BP_Anims/FP_AB.FP_AB_C:ExecuteUbergraph_FP_AB:1A6B
[2015.07.16-18.44.05:044][264]LogScript:Warning: Accessed None 'CallFunc_TryGetPawnOwner_ReturnValue'
	FP_AB_C /Engine/Transient.CharacterMesh0:FP_AB_C_2
	Function /Game/FP/BP_Anims/FP_AB.FP_AB_C:ExecuteUbergraph_FP_AB:1AC7
[2015.07.16-18.44.05:045][264]LogScript:Warning: Accessed None 'CallFunc_TryGetPawnOwner_ReturnValue'
	FP_AB_C /Engine/Transient.CharacterMesh0:FP_AB_C_2
	Function /Game/FP/BP_Anims/FP_AB.FP_AB_C:ExecuteUbergraph_FP_AB:19A2
[2015.07.16-18.44.05:045][264]LogScript:Warning: Accessed None 'CallFunc_TryGetPawnOwner_ReturnValue'
	FP_AB_C /Engine/Transient.CharacterMesh0:FP_AB_C_2
	Function /Game/FP/BP_Anims/FP_AB.FP_AB_C:ExecuteUbergraph_FP_AB:19CD
[2015.07.16-18.44.05:045][264]LogScript:Warning: Accessed None 'CallFunc_TryGetPawnOwner_ReturnValue'
	FP_AB_C /Engine/Transient.CharacterMesh0:FP_AB_C_2
	Function /Game/FP/BP_Anims/FP_AB.FP_AB_C:ExecuteUbergraph_FP_AB:1A3C
[2015.07.16-18.44.05:045][264]LogScript:Warning: Accessed None 'CallFunc_GetMovementComponent_ReturnValue'
	FP_AB_C /Engine/Transient.CharacterMesh0:FP_AB_C_2
	Function /Game/FP/BP_Anims/FP_AB.FP_AB_C:ExecuteUbergraph_FP_AB:1A6B
[2015.07.16-18.44.05:045][264]LogScript:Warning: Accessed None 'CallFunc_TryGetPawnOwner_ReturnValue'
	FP_AB_C /Engine/Transient.CharacterMesh0:FP_AB_C_2
	Function /Game/FP/BP_Anims/FP_AB.FP_AB_C:ExecuteUbergraph_FP_AB:1AC7
[2015.07.16-18.44.37:597][841]LogD3D11RHI: InitD3DDevice
[2015.07.16-18.44.38:167][841]LogSkeletalMesh: InitArticulated: Bodies already created (/Engine/Transient.DebugSkelMeshComponent_0) - call TermArticulated first.
[2015.07.16-18.44.38:263][841]LogLinker:Warning: Asset '../../../Engine/Content/Tutorial/SubEditors/PersonaAnimEditorTutorial.uasset' has been saved with empty engine version. The asset will be loaded but may be incompatible.
[2015.07.16-18.44.38:383][841]LogContentBrowser:Verbose: The majority of assets in the view are of type: AnimSequence
[2015.07.16-18.44.56:175][286]LogD3D11RHI: InitD3DDevice
[2015.07.16-18.44.56:309][286]LogSavePackage: Save=18.232698ms
[2015.07.16-18.44.56:309][286]LogSavePackage: Moving '../../../../../Projects/ActualProject_1/FirstProjEver/JustDoIt/Saved/m1911_upA2593AB4435775B0A3E6089C03344A3F.tmp' to '../../../../../Projects/ActualProject_1/FirstProjEver/JustDoIt/Content/Weapons/Auto_weapon/m1911/AnimsHands/m1911_up.uasset'
[2015.07.16-18.44.57:284][344]LogPlayLevel: PIE:  No blueprints needed recompiling
[2015.07.16-18.44.57:284][344]PIE: New page: PIE session: Minimal_Default (Jul 17, 2015, 12:44:57 AM)
[2015.07.16-18.44.57:285][344]LogPlayLevel: Creating play world package: /Game/StarterContent/Maps/UEDPIE_0_Minimal_Default
[2015.07.16-18.44.57:299][344]LogPlayLevel: PIE: StaticDuplicateObject took: (0.014296s)
[2015.07.16-18.44.57:300][344]LogAIModule: Creating AISystem for world Minimal_Default
[2015.07.16-18.44.57:301][344]LogPlayLevel: PIE: World Init took: (0.001745s)
[2015.07.16-18.44.57:301][344]LogPlayLevel: PIE: Created PIE world by copying editor world from /Game/StarterContent/Maps/Minimal_Default.Minimal_Default to /Game/StarterContent/Maps/UEDPIE_0_Minimal_Default.Minimal_Default (0.016410s)
[2015.07.16-18.44.57:301][344]LogActorComponent: UnregisterComponent: (/Engine/Transient.CharMoveComp) Not registered. Aborting.
[2015.07.16-18.44.57:366][344]LogInit: XAudio2 using 'Headphones (High Definition Audio Device)' : 2 channels at 44.1 kHz using 16 bits per sample (channel mask 0x3)
[2015.07.16-18.44.57:374][344]LogInit: FAudioDevice initialized.
[2015.07.16-18.44.57:414][344]LogWorld: Game class is 'NewGameMode_C'
[2015.07.16-18.44.57:424][344]LogWorld: Bringing World /Game/StarterContent/Maps/UEDPIE_0_Minimal_Default.Minimal_Default up for play (max tick rate 0) at 2015.07.16-21.44.57
[2015.07.16-18.44.57:424][344]LogActor:Warning: GameSession /Game/StarterContent/Maps/UEDPIE_0_Minimal_Default.Minimal_Default:PersistentLevel.GameSession_1 has natively added scene component(s), but none of them were set as the actor's RootComponent - picking one arbitrarily
[2015.07.16-18.44.57:425][344]LogActor:Warning: GameNetworkManager /Game/StarterContent/Maps/UEDPIE_0_Minimal_Default.Minimal_Default:PersistentLevel.GameNetworkManager_1 has natively added scene component(s), but none of them were set as the actor's RootComponent - picking one arbitrarily
[2015.07.16-18.44.57:426][344]LogWorld: Bringing up level for play took: 0.009409
[2015.07.16-18.44.57:432][344]PIE: Info Play in editor start time for /Game/StarterContent/Maps/UEDPIE_0_Minimal_Default -0.475
[2015.07.16-18.45.12:535][365]LogParticles: Destroying 0 GPU particle simulations for FXSystem 0x000000DB15054F40
[2015.07.16-18.45.21:628][ 77]LogD3D11RHI: InitD3DDevice
[2015.07.16-18.45.34:344][967]LogD3D11RHI: InitD3DDevice
[2015.07.16-18.45.37:294][160]LogD3D11RHI: InitD3DDevice
[2015.07.16-18.45.39:616][322]LogD3D11RHI: InitD3DDevice
[2015.07.16-18.45.44:780][661]LogD3D11RHI: InitD3DDevice
[2015.07.16-18.45.49:283][934]LogD3D11RHI: InitD3DDevice
[2015.07.16-18.45.50:005][964]LogD3D11RHI: InitD3DDevice
[2015.07.16-18.45.51:460][ 40]LogD3D11RHI: InitD3DDevice
[2015.07.16-18.45.53:785][168]LogD3D11RHI: InitD3DDevice
[2015.07.16-18.45.57:828][388]LogD3D11RHI: InitD3DDevice
[2015.07.16-18.46.00:619][574]LogD3D11RHI: InitD3DDevice
[2015.07.16-18.46.02:104][659]LogD3D11RHI: InitD3DDevice
[2015.07.16-18.46.02:862][695]LogD3D11RHI: InitD3DDevice
[2015.07.16-18.46.26:798][392]LogD3D11RHI: InitD3DDevice
[2015.07.16-18.46.26:860][392]LogSavePackage: Save=8.179256ms
[2015.07.16-18.46.26:860][392]LogSavePackage: Moving '../../../../../Projects/ActualProject_1/FirstProjEver/JustDoIt/Saved/m1911_upAE7A5D014D78D22E30E17CB47B87DBCC.tmp' to '../../../../../Projects/ActualProject_1/FirstProjEver/JustDoIt/Content/Weapons/Auto_weapon/m1911/AnimsHands/m1911_up.uasset'
[2015.07.16-18.46.27:906][453]LogPlayLevel: PIE:  No blueprints needed recompiling
[2015.07.16-18.46.27:906][453]PIE: New page: PIE session: Minimal_Default (Jul 17, 2015, 12:46:27 AM)
[2015.07.16-18.46.27:906][453]LogPlayLevel: Creating play world package: /Game/StarterContent/Maps/UEDPIE_0_Minimal_Default
[2015.07.16-18.46.27:920][453]LogPlayLevel: PIE: StaticDuplicateObject took: (0.013216s)
[2015.07.16-18.46.27:921][453]LogAIModule: Creating AISystem for world Minimal_Default
[2015.07.16-18.46.27:922][453]LogPlayLevel: PIE: World Init took: (0.001778s)
[2015.07.16-18.46.27:922][453]LogPlayLevel: PIE: Created PIE world by copying editor world from /Game/StarterContent/Maps/Minimal_Default.Minimal_Default to /Game/StarterContent/Maps/UEDPIE_0_Minimal_Default.Minimal_Default (0.015252s)
[2015.07.16-18.46.27:971][453]LogInit: XAudio2 using 'Headphones (High Definition Audio Device)' : 2 channels at 44.1 kHz using 16 bits per sample (channel mask 0x3)
[2015.07.16-18.46.27:979][453]LogInit: FAudioDevice initialized.
[2015.07.16-18.46.28:019][453]LogWorld: Game class is 'NewGameMode_C'
[2015.07.16-18.46.28:029][453]LogWorld: Bringing World /Game/StarterContent/Maps/UEDPIE_0_Minimal_Default.Minimal_Default up for play (max tick rate 0) at 2015.07.16-21.46.28
[2015.07.16-18.46.28:029][453]LogActor:Warning: GameSession /Game/StarterContent/Maps/UEDPIE_0_Minimal_Default.Minimal_Default:PersistentLevel.GameSession_2 has natively added scene component(s), but none of them were set as the actor's RootComponent - picking one arbitrarily
[2015.07.16-18.46.28:030][453]LogActor:Warning: GameNetworkManager /Game/StarterContent/Maps/UEDPIE_0_Minimal_Default.Minimal_Default:PersistentLevel.GameNetworkManager_2 has natively added scene component(s), but none of them were set as the actor's RootComponent - picking one arbitrarily
[2015.07.16-18.46.28:030][453]LogWorld: Bringing up level for play took: 0.009329
[2015.07.16-18.46.28:037][453]PIE: Info Play in editor start time for /Game/StarterContent/Maps/UEDPIE_0_Minimal_Default 0.13
[2015.07.16-18.46.31:511][693]LogParticles: Destroying 0 GPU particle simulations for FXSystem 0x000000DB029C6F20
[2015.07.16-18.46.38:671][321]LogD3D11RHI: InitD3DDevice
[2015.07.16-18.46.38:727][321]LogSavePackage: Save=6.274279ms
[2015.07.16-18.46.38:727][321]LogSavePackage: Moving '../../../../../Projects/ActualProject_1/FirstProjEver/JustDoIt/Saved/m1911_upC9714F9A496E0970C54BDFA2C682DB12.tmp' to '../../../../../Projects/ActualProject_1/FirstProjEver/JustDoIt/Content/Weapons/Auto_weapon/m1911/AnimsHands/m1911_up.uasset'
[2015.07.16-18.46.43:941][768]LogPlayLevel: PIE:  No blueprints needed recompiling
[2015.07.16-18.46.43:941][768]PIE: New page: PIE session: Minimal_Default (Jul 17, 2015, 12:46:43 AM)
[2015.07.16-18.46.43:942][768]LogPlayLevel: Creating play world package: /Game/StarterContent/Maps/UEDPIE_0_Minimal_Default
[2015.07.16-18.46.43:955][768]LogPlayLevel: PIE: StaticDuplicateObject took: (0.013182s)
[2015.07.16-18.46.43:956][768]LogAIModule: Creating AISystem for world Minimal_Default
[2015.07.16-18.46.43:957][768]LogPlayLevel: PIE: World Init took: (0.002156s)
[2015.07.16-18.46.43:957][768]LogPlayLevel: PIE: Created PIE world by copying editor world from /Game/StarterContent/Maps/Minimal_Default.Minimal_Default to /Game/StarterContent/Maps/UEDPIE_0_Minimal_Default.Minimal_Default (0.015640s)
[2015.07.16-18.46.44:005][768]LogInit: XAudio2 using 'Headphones (High Definition Audio Device)' : 2 channels at 44.1 kHz using 16 bits per sample (channel mask 0x3)
[2015.07.16-18.46.44:012][768]LogInit: FAudioDevice initialized.
[2015.07.16-18.46.44:055][768]LogWorld: Game class is 'NewGameMode_C'
[2015.07.16-18.46.44:064][768]LogWorld: Bringing World /Game/StarterContent/Maps/UEDPIE_0_Minimal_Default.Minimal_Default up for play (max tick rate 0) at 2015.07.16-21.46.44
[2015.07.16-18.46.44:064][768]LogActor:Warning: GameSession /Game/StarterContent/Maps/UEDPIE_0_Minimal_Default.Minimal_Default:PersistentLevel.GameSession_3 has natively added scene component(s), but none of them were set as the actor's RootComponent - picking one arbitrarily
[2015.07.16-18.46.44:065][768]LogActor:Warning: GameNetworkManager /Game/StarterContent/Maps/UEDPIE_0_Minimal_Default.Minimal_Default:PersistentLevel.GameNetworkManager_3 has natively added scene component(s), but none of them were set as the actor's RootComponent - picking one arbitrarily
[2015.07.16-18.46.44:066][768]LogWorld: Bringing up level for play took: 0.009266
[2015.07.16-18.46.44:072][768]PIE: Info Play in editor start time for /Game/StarterContent/Maps/UEDPIE_0_Minimal_Default 0.164
[2015.07.16-18.46.48:278][ 63]LogParticles: Destroying 0 GPU particle simulations for FXSystem 0x000000DB029C6C00
[2015.07.16-18.46.54:118][449]LogPlayLevel: PIE:  No blueprints needed recompiling
[2015.07.16-18.46.54:118][449]PIE: New page: PIE session: Minimal_Default (Jul 17, 2015, 12:46:54 AM)
[2015.07.16-18.46.54:118][449]LogPlayLevel: Creating play world package: /Game/StarterContent/Maps/UEDPIE_0_Minimal_Default
[2015.07.16-18.46.54:132][449]LogPlayLevel: PIE: StaticDuplicateObject took: (0.013285s)
[2015.07.16-18.46.54:132][449]LogAIModule: Creating AISystem for world Minimal_Default
[2015.07.16-18.46.54:133][449]LogPlayLevel: PIE: World Init took: (0.001766s)
[2015.07.16-18.46.54:133][449]LogPlayLevel: PIE: Created PIE world by copying editor world from /Game/StarterContent/Maps/Minimal_Default.Minimal_Default to /Game/StarterContent/Maps/UEDPIE_0_Minimal_Default.Minimal_Default (0.015297s)
[2015.07.16-18.46.54:183][449]LogInit: XAudio2 using 'Headphones (High Definition Audio Device)' : 2 channels at 44.1 kHz using 16 bits per sample (channel mask 0x3)
[2015.07.16-18.46.54:190][449]LogInit: FAudioDevice initialized.
[2015.07.16-18.46.54:230][449]LogWorld: Game class is 'NewGameMode_C'
[2015.07.16-18.46.54:239][449]LogWorld: Bringing World /Game/StarterContent/Maps/UEDPIE_0_Minimal_Default.Minimal_Default up for play (max tick rate 0) at 2015.07.16-21.46.54
[2015.07.16-18.46.54:239][449]LogActor:Warning: GameSession /Game/StarterContent/Maps/UEDPIE_0_Minimal_Default.Minimal_Default:PersistentLevel.GameSession_4 has natively added scene component(s), but none of them were set as the actor's RootComponent - picking one arbitrarily
[2015.07.16-18.46.54:240][449]LogActor:Warning: GameNetworkManager /Game/StarterContent/Maps/UEDPIE_0_Minimal_Default.Minimal_Default:PersistentLevel.GameNetworkManager_4 has natively added scene component(s), but none of them were set as the actor's RootComponent - picking one arbitrarily
[2015.07.16-18.46.54:240][449]LogWorld: Bringing up level for play took: 0.009015
[2015.07.16-18.46.54:248][449]PIE: Info Play in editor start time for /Game/StarterContent/Maps/UEDPIE_0_Minimal_Default 0.34
[2015.07.16-18.47.03:904][126]LogParticles: Destroying 0 GPU particle simulations for FXSystem 0x000000DB15025120
[2015.07.16-18.47.10:740][659]LogEditorTransaction: Undo Set Key
[2015.07.16-18.47.10:763][659]LogD3D11RHI: InitD3DDevice
[2015.07.16-18.48.29:774][320]LogPlayLevel: PIE:  No blueprints needed recompiling
[2015.07.16-18.48.29:774][320]PIE: New page: PIE session: Minimal_Default (Jul 17, 2015, 12:48:29 AM)
[2015.07.16-18.48.29:774][320]LogPlayLevel: Creating play world package: /Game/StarterContent/Maps/UEDPIE_0_Minimal_Default
[2015.07.16-18.48.29:790][320]LogPlayLevel: PIE: StaticDuplicateObject took: (0.015076s)
[2015.07.16-18.48.29:791][320]LogAIModule: Creating AISystem for world Minimal_Default
[2015.07.16-18.48.29:792][320]LogPlayLevel: PIE: World Init took: (0.002102s)
[2015.07.16-18.48.29:792][320]LogPlayLevel: PIE: Created PIE world by copying editor world from /Game/StarterContent/Maps/Minimal_Default.Minimal_Default to /Game/StarterContent/Maps/UEDPIE_0_Minimal_Default.Minimal_Default (0.017483s)
[2015.07.16-18.48.29:842][320]LogInit: XAudio2 using 'Headphones (High Definition Audio Device)' : 2 channels at 44.1 kHz using 16 bits per sample (channel mask 0x3)
[2015.07.16-18.48.29:850][320]LogInit: FAudioDevice initialized.
[2015.07.16-18.48.29:892][320]LogWorld: Game class is 'NewGameMode_C'
[2015.07.16-18.48.29:902][320]LogWorld: Bringing World /Game/StarterContent/Maps/UEDPIE_0_Minimal_Default.Minimal_Default up for play (max tick rate 0) at 2015.07.16-21.48.29
[2015.07.16-18.48.29:902][320]LogActor:Warning: GameSession /Game/StarterContent/Maps/UEDPIE_0_Minimal_Default.Minimal_Default:PersistentLevel.GameSession_5 has natively added scene component(s), but none of them were set as the actor's RootComponent - picking one arbitrarily
[2015.07.16-18.48.29:902][320]LogActor:Warning: GameNetworkManager /Game/StarterContent/Maps/UEDPIE_0_Minimal_Default.Minimal_Default:PersistentLevel.GameNetworkManager_5 has natively added scene component(s), but none of them were set as the actor's RootComponent - picking one arbitrarily
[2015.07.16-18.48.29:903][320]LogWorld: Bringing up level for play took: 0.009769
[2015.07.16-18.48.29:910][320]PIE: Info Play in editor start time for /Game/StarterContent/Maps/UEDPIE_0_Minimal_Default 0.003
[2015.07.16-18.48.58:039][428]Cmd: LevelEditor.ToggleImmersive
[2015.07.16-18.49.35:190][625]LogParticles: Destroying 0 GPU particle simulations for FXSystem 0x000000DB15054A40
[2015.07.16-18.49.40:332][866]LogD3D11RHI: InitD3DDevice
[2015.07.16-18.49.40:382][866]LogD3D11RHI: InitD3DDevice
[2015.07.16-18.49.40:483][866]LogLinker:Warning: Asset '../../../Engine/Content/ArtTools/RenderToTexture/Macros/RenderToTextureMacros.uasset' has been saved with empty engine version. The asset will be loaded but may be incompatible.
[2015.07.16-18.49.40:714][866]LogLinker:Warning: Asset '../../../Engine/Content/ArtTools/RenderToTexture/Enums/RenderToTexture_Enum.uasset' has been saved with empty engine version. The asset will be loaded but may be incompatible.
[2015.07.16-18.49.56:091][629]BlueprintLog: New page: Compile m1911_BP
[2015.07.16-18.49.56:309][629]BlueprintEditorCompileResults: Info [0439.58] Compile of m1911_BP successful! [in 217 ms]
[2015.07.16-18.49.56:311][629]LogScript:Warning: Accessed None 'CallFunc_TryGetPawnOwner_ReturnValue'
	FP_AB_C /Engine/Transient.CharacterMesh0:FP_AB_C_8
	Function /Game/FP/BP_Anims/FP_AB.FP_AB_C:ExecuteUbergraph_FP_AB:19A2
[2015.07.16-18.49.56:311][629]LogScript:Warning: Accessed None 'CallFunc_TryGetPawnOwner_ReturnValue'
	FP_AB_C /Engine/Transient.CharacterMesh0:FP_AB_C_8
	Function /Game/FP/BP_Anims/FP_AB.FP_AB_C:ExecuteUbergraph_FP_AB:19CD
[2015.07.16-18.49.56:311][629]LogScript:Warning: Accessed None 'CallFunc_TryGetPawnOwner_ReturnValue'
	FP_AB_C /Engine/Transient.CharacterMesh0:FP_AB_C_8
	Function /Game/FP/BP_Anims/FP_AB.FP_AB_C:ExecuteUbergraph_FP_AB:1A3C
[2015.07.16-18.49.56:312][629]LogScript:Warning: Accessed None 'CallFunc_GetMovementComponent_ReturnValue'
	FP_AB_C /Engine/Transient.CharacterMesh0:FP_AB_C_8
	Function /Game/FP/BP_Anims/FP_AB.FP_AB_C:ExecuteUbergraph_FP_AB:1A6B
[2015.07.16-18.49.56:312][629]LogScript:Warning: Accessed None 'CallFunc_TryGetPawnOwner_ReturnValue'
	FP_AB_C /Engine/Transient.CharacterMesh0:FP_AB_C_8
	Function /Game/FP/BP_Anims/FP_AB.FP_AB_C:ExecuteUbergraph_FP_AB:1AC7
[2015.07.16-18.49.56:312][629]LogScript:Warning: Accessed None 'CallFunc_TryGetPawnOwner_ReturnValue'
	FP_AB_C /Engine/Transient.CharacterMesh0:FP_AB_C_8
	Function /Game/FP/BP_Anims/FP_AB.FP_AB_C:ExecuteUbergraph_FP_AB:19A2
[2015.07.16-18.49.56:312][629]LogScript:Warning: Accessed None 'CallFunc_TryGetPawnOwner_ReturnValue'
	FP_AB_C /Engine/Transient.CharacterMesh0:FP_AB_C_8
	Function /Game/FP/BP_Anims/FP_AB.FP_AB_C:ExecuteUbergraph_FP_AB:19CD
[2015.07.16-18.49.56:312][629]LogScript:Warning: Accessed None 'CallFunc_TryGetPawnOwner_ReturnValue'
	FP_AB_C /Engine/Transient.CharacterMesh0:FP_AB_C_8
	Function /Game/FP/BP_Anims/FP_AB.FP_AB_C:ExecuteUbergraph_FP_AB:1A3C
[2015.07.16-18.49.56:312][629]LogScript:Warning: Accessed None 'CallFunc_GetMovementComponent_ReturnValue'
	FP_AB_C /Engine/Transient.CharacterMesh0:FP_AB_C_8
	Function /Game/FP/BP_Anims/FP_AB.FP_AB_C:ExecuteUbergraph_FP_AB:1A6B
[2015.07.16-18.49.56:312][629]LogScript:Warning: Accessed None 'CallFunc_TryGetPawnOwner_ReturnValue'
	FP_AB_C /Engine/Transient.CharacterMesh0:FP_AB_C_8
	Function /Game/FP/BP_Anims/FP_AB.FP_AB_C:ExecuteUbergraph_FP_AB:1AC7
[2015.07.16-18.49.56:759][648]LogD3D11RHI: InitD3DDevice
[2015.07.16-18.49.56:791][648]Cmd: OBJ SAVEPACKAGE PACKAGE="/Game/Weapons/Auto_weapon/m1911/m1911_BP" FILE="../../../../../Projects/ActualProject_1/FirstProjEver/JustDoIt/Content/Weapons/Auto_weapon/m1911/m1911_BP.uasset" SILENT=true
[2015.07.16-18.49.56:871][648]LogSavePackage: Save=52.531406ms
[2015.07.16-18.49.56:871][648]LogSavePackage: Moving '../../../../../Projects/ActualProject_1/FirstProjEver/JustDoIt/Saved/m1911_BP899A188D4B49E04F209F4FB8DD0F219C.tmp' to '../../../../../Projects/ActualProject_1/FirstProjEver/JustDoIt/Content/Weapons/Auto_weapon/m1911/m1911_BP.uasset'
[2015.07.16-18.49.57:606][685]LogD3D11RHI: InitD3DDevice
[2015.07.16-18.49.59:236][792]LogPlayLevel: PIE:  No blueprints needed recompiling
[2015.07.16-18.49.59:237][792]PIE: New page: PIE session: Minimal_Default (Jul 17, 2015, 12:49:59 AM)
[2015.07.16-18.49.59:237][792]LogPlayLevel: Creating play world package: /Game/StarterContent/Maps/UEDPIE_0_Minimal_Default
[2015.07.16-18.49.59:250][792]LogPlayLevel: PIE: StaticDuplicateObject took: (0.013005s)
[2015.07.16-18.49.59:251][792]LogAIModule: Creating AISystem for world Minimal_Default
[2015.07.16-18.49.59:252][792]LogPlayLevel: PIE: World Init took: (0.001826s)
[2015.07.16-18.49.59:252][792]LogPlayLevel: PIE: Created PIE world by copying editor world from /Game/StarterContent/Maps/Minimal_Default.Minimal_Default to /Game/StarterContent/Maps/UEDPIE_0_Minimal_Default.Minimal_Default (0.015126s)
[2015.07.16-18.49.59:252][792]LogActorComponent: UnregisterComponent: (/Engine/Transient.CharMoveComp) Not registered. Aborting.
[2015.07.16-18.49.59:322][792]LogInit: XAudio2 using 'Headphones (High Definition Audio Device)' : 2 channels at 44.1 kHz using 16 bits per sample (channel mask 0x3)
[2015.07.16-18.49.59:330][792]LogInit: FAudioDevice initialized.
[2015.07.16-18.49.59:369][792]LogWorld: Game class is 'NewGameMode_C'
[2015.07.16-18.49.59:379][792]LogWorld: Bringing World /Game/StarterContent/Maps/UEDPIE_0_Minimal_Default.Minimal_Default up for play (max tick rate 0) at 2015.07.16-21.49.59
[2015.07.16-18.49.59:379][792]LogActor:Warning: GameSession /Game/StarterContent/Maps/UEDPIE_0_Minimal_Default.Minimal_Default:PersistentLevel.GameSession_6 has natively added scene component(s), but none of them were set as the actor's RootComponent - picking one arbitrarily
[2015.07.16-18.49.59:379][792]LogActor:Warning: GameNetworkManager /Game/StarterContent/Maps/UEDPIE_0_Minimal_Default.Minimal_Default:PersistentLevel.GameNetworkManager_6 has natively added scene component(s), but none of them were set as the actor's RootComponent - picking one arbitrarily
[2015.07.16-18.49.59:380][792]LogWorld: Bringing up level for play took: 0.009304
[2015.07.16-18.49.59:386][792]PIE: Info Play in editor start time for /Game/StarterContent/Maps/UEDPIE_0_Minimal_Default -0.521
[2015.07.16-18.50.02:655][ 14]Cmd: LevelEditor.ToggleImmersive
[2015.07.16-18.50.40:692][ 89]LogParticles: Destroying 0 GPU particle simulations for FXSystem 0x000000DB10922700
[2015.07.16-18.50.53:370][143]LogD3D11RHI: InitD3DDevice
[2015.07.16-18.51.15:400][984]BlueprintLog: New page: Compile AssaultRifle
[2015.07.16-18.51.16:008][984]BlueprintEditorCompileResults: Info [0519.28] Compile of AssaultRifle successful! [in 608 ms]
[2015.07.16-18.51.16:031][984]LogD3D11RHI: InitD3DDevice
[2015.07.16-18.51.16:048][984]Cmd: OBJ SAVEPACKAGE PACKAGE="/Game/Weapons/Auto_weapon/AssaultRifle" FILE="../../../../../Projects/ActualProject_1/FirstProjEver/JustDoIt/Content/Weapons/Auto_weapon/AssaultRifle.uasset" SILENT=true
[2015.07.16-18.51.16:217][984]LogSavePackage: Save=141.370270ms
[2015.07.16-18.51.16:217][984]LogSavePackage: Moving '../../../../../Projects/ActualProject_1/FirstProjEver/JustDoIt/Saved/AssaultRifleB934D76F4A501639AED187ACF421ABF4.tmp' to '../../../../../Projects/ActualProject_1/FirstProjEver/JustDoIt/Content/Weapons/Auto_weapon/AssaultRifle.uasset'
[2015.07.16-18.51.16:225][984]LogScript:Warning: Accessed None 'CallFunc_TryGetPawnOwner_ReturnValue'
	FP_AB_C /Engine/Transient.CharacterMesh0:FP_AB_C_10
	Function /Game/FP/BP_Anims/FP_AB.FP_AB_C:ExecuteUbergraph_FP_AB:19A2
[2015.07.16-18.51.16:225][984]LogScript:Warning: Accessed None 'CallFunc_TryGetPawnOwner_ReturnValue'
	FP_AB_C /Engine/Transient.CharacterMesh0:FP_AB_C_10
	Function /Game/FP/BP_Anims/FP_AB.FP_AB_C:ExecuteUbergraph_FP_AB:19CD
[2015.07.16-18.51.16:225][984]LogScript:Warning: Accessed None 'CallFunc_TryGetPawnOwner_ReturnValue'
	FP_AB_C /Engine/Transient.CharacterMesh0:FP_AB_C_10
	Function /Game/FP/BP_Anims/FP_AB.FP_AB_C:ExecuteUbergraph_FP_AB:1A3C
[2015.07.16-18.51.16:225][984]LogScript:Warning: Accessed None 'CallFunc_GetMovementComponent_ReturnValue'
	FP_AB_C /Engine/Transient.CharacterMesh0:FP_AB_C_10
	Function /Game/FP/BP_Anims/FP_AB.FP_AB_C:ExecuteUbergraph_FP_AB:1A6B
[2015.07.16-18.51.16:225][984]LogScript:Warning: Accessed None 'CallFunc_TryGetPawnOwner_ReturnValue'
	FP_AB_C /Engine/Transient.CharacterMesh0:FP_AB_C_10
	Function /Game/FP/BP_Anims/FP_AB.FP_AB_C:ExecuteUbergraph_FP_AB:1AC7
[2015.07.16-18.51.16:226][984]LogScript:Warning: Accessed None 'CallFunc_TryGetPawnOwner_ReturnValue'
	FP_AB_C /Engine/Transient.CharacterMesh0:FP_AB_C_10
	Function /Game/FP/BP_Anims/FP_AB.FP_AB_C:ExecuteUbergraph_FP_AB:19A2
[2015.07.16-18.51.16:226][984]LogScript:Warning: Accessed None 'CallFunc_TryGetPawnOwner_ReturnValue'
	FP_AB_C /Engine/Transient.CharacterMesh0:FP_AB_C_10
	Function /Game/FP/BP_Anims/FP_AB.FP_AB_C:ExecuteUbergraph_FP_AB:19CD
[2015.07.16-18.51.16:226][984]LogScript:Warning: Accessed None 'CallFunc_TryGetPawnOwner_ReturnValue'
	FP_AB_C /Engine/Transient.CharacterMesh0:FP_AB_C_10
	Function /Game/FP/BP_Anims/FP_AB.FP_AB_C:ExecuteUbergraph_FP_AB:1A3C
[2015.07.16-18.51.16:226][984]LogScript:Warning: Accessed None 'CallFunc_GetMovementComponent_ReturnValue'
	FP_AB_C /Engine/Transient.CharacterMesh0:FP_AB_C_10
	Function /Game/FP/BP_Anims/FP_AB.FP_AB_C:ExecuteUbergraph_FP_AB:1A6B
[2015.07.16-18.51.16:226][984]LogScript:Warning: Accessed None 'CallFunc_TryGetPawnOwner_ReturnValue'
	FP_AB_C /Engine/Transient.CharacterMesh0:FP_AB_C_10
	Function /Game/FP/BP_Anims/FP_AB.FP_AB_C:ExecuteUbergraph_FP_AB:1AC7
[2015.07.16-18.51.18:182][131]BlueprintLog: New page: Compile AssaultRifle
[2015.07.16-18.51.18:345][131]LogActorComponent: UnregisterComponent: (/Engine/Transient.CharMoveComp) Not registered. Aborting.
[2015.07.16-18.51.18:815][131]BlueprintEditorCompileResults: Info [0522.08] Compile of AssaultRifle successful! [in 632 ms]
[2015.07.16-18.51.18:839][131]LogD3D11RHI: InitD3DDevice
[2015.07.16-18.51.18:864][131]Cmd: OBJ SAVEPACKAGE PACKAGE="/Game/Weapons/Auto_weapon/AssaultRifle" FILE="../../../../../Projects/ActualProject_1/FirstProjEver/JustDoIt/Content/Weapons/Auto_weapon/AssaultRifle.uasset" SILENT=true
[2015.07.16-18.51.19:036][131]LogSavePackage: Save=148.963379ms
[2015.07.16-18.51.19:036][131]LogSavePackage: Moving '../../../../../Projects/ActualProject_1/FirstProjEver/JustDoIt/Saved/AssaultRifle00D91FF74DEEFB6376A668837EDFC54F.tmp' to '../../../../../Projects/ActualProject_1/FirstProjEver/JustDoIt/Content/Weapons/Auto_weapon/AssaultRifle.uasset'
[2015.07.16-18.51.19:043][131]LogScript:Warning: Accessed None 'CallFunc_TryGetPawnOwner_ReturnValue'
	FP_AB_C /Engine/Transient.CharacterMesh0:FP_AB_C_11
	Function /Game/FP/BP_Anims/FP_AB.FP_AB_C:ExecuteUbergraph_FP_AB:19A2
[2015.07.16-18.51.19:043][131]LogScript:Warning: Accessed None 'CallFunc_TryGetPawnOwner_ReturnValue'
	FP_AB_C /Engine/Transient.CharacterMesh0:FP_AB_C_11
	Function /Game/FP/BP_Anims/FP_AB.FP_AB_C:ExecuteUbergraph_FP_AB:19CD
[2015.07.16-18.51.19:043][131]LogScript:Warning: Accessed None 'CallFunc_TryGetPawnOwner_ReturnValue'
	FP_AB_C /Engine/Transient.CharacterMesh0:FP_AB_C_11
	Function /Game/FP/BP_Anims/FP_AB.FP_AB_C:ExecuteUbergraph_FP_AB:1A3C
[2015.07.16-18.51.19:044][131]LogScript:Warning: Accessed None 'CallFunc_GetMovementComponent_ReturnValue'
	FP_AB_C /Engine/Transient.CharacterMesh0:FP_AB_C_11
	Function /Game/FP/BP_Anims/FP_AB.FP_AB_C:ExecuteUbergraph_FP_AB:1A6B
[2015.07.16-18.51.19:044][131]LogScript:Warning: Accessed None 'CallFunc_TryGetPawnOwner_ReturnValue'
	FP_AB_C /Engine/Transient.CharacterMesh0:FP_AB_C_11
	Function /Game/FP/BP_Anims/FP_AB.FP_AB_C:ExecuteUbergraph_FP_AB:1AC7
[2015.07.16-18.51.19:044][131]LogScript:Warning: Accessed None 'CallFunc_TryGetPawnOwner_ReturnValue'
	FP_AB_C /Engine/Transient.CharacterMesh0:FP_AB_C_11
	Function /Game/FP/BP_Anims/FP_AB.FP_AB_C:ExecuteUbergraph_FP_AB:19A2
[2015.07.16-18.51.19:044][131]LogScript:Warning: Accessed None 'CallFunc_TryGetPawnOwner_ReturnValue'
	FP_AB_C /Engine/Transient.CharacterMesh0:FP_AB_C_11
	Function /Game/FP/BP_Anims/FP_AB.FP_AB_C:ExecuteUbergraph_FP_AB:19CD
[2015.07.16-18.51.19:044][131]LogScript:Warning: Accessed None 'CallFunc_TryGetPawnOwner_ReturnValue'
	FP_AB_C /Engine/Transient.CharacterMesh0:FP_AB_C_11
	Function /Game/FP/BP_Anims/FP_AB.FP_AB_C:ExecuteUbergraph_FP_AB:1A3C
[2015.07.16-18.51.19:044][131]LogScript:Warning: Accessed None 'CallFunc_GetMovementComponent_ReturnValue'
	FP_AB_C /Engine/Transient.CharacterMesh0:FP_AB_C_11
	Function /Game/FP/BP_Anims/FP_AB.FP_AB_C:ExecuteUbergraph_FP_AB:1A6B
[2015.07.16-18.51.19:044][131]LogScript:Warning: Accessed None 'CallFunc_TryGetPawnOwner_ReturnValue'
	FP_AB_C /Engine/Transient.CharacterMesh0:FP_AB_C_11
	Function /Game/FP/BP_Anims/FP_AB.FP_AB_C:ExecuteUbergraph_FP_AB:1AC7
[2015.07.16-18.51.20:477][232]LogPlayLevel: PIE:  No blueprints needed recompiling
[2015.07.16-18.51.20:477][232]PIE: New page: PIE session: Minimal_Default (Jul 17, 2015, 12:51:20 AM)
[2015.07.16-18.51.20:478][232]LogPlayLevel: Creating play world package: /Game/StarterContent/Maps/UEDPIE_0_Minimal_Default
[2015.07.16-18.51.20:491][232]LogPlayLevel: PIE: StaticDuplicateObject took: (0.013261s)
[2015.07.16-18.51.20:492][232]LogAIModule: Creating AISystem for world Minimal_Default
[2015.07.16-18.51.20:493][232]LogPlayLevel: PIE: World Init took: (0.002226s)
[2015.07.16-18.51.20:493][232]LogPlayLevel: PIE: Created PIE world by copying editor world from /Game/StarterContent/Maps/Minimal_Default.Minimal_Default to /Game/StarterContent/Maps/UEDPIE_0_Minimal_Default.Minimal_Default (0.015750s)
[2015.07.16-18.51.20:493][232]LogActorComponent: UnregisterComponent: (/Engine/Transient.CharMoveComp) Not registered. Aborting.
[2015.07.16-18.51.20:563][232]LogInit: XAudio2 using 'Headphones (High Definition Audio Device)' : 2 channels at 44.1 kHz using 16 bits per sample (channel mask 0x3)
[2015.07.16-18.51.20:571][232]LogInit: FAudioDevice initialized.
[2015.07.16-18.51.20:607][232]LogWorld: Game class is 'NewGameMode_C'
[2015.07.16-18.51.20:616][232]LogWorld: Bringing World /Game/StarterContent/Maps/UEDPIE_0_Minimal_Default.Minimal_Default up for play (max tick rate 0) at 2015.07.16-21.51.20
[2015.07.16-18.51.20:616][232]LogActor:Warning: GameSession /Game/StarterContent/Maps/UEDPIE_0_Minimal_Default.Minimal_Default:PersistentLevel.GameSession_7 has natively added scene component(s), but none of them were set as the actor's RootComponent - picking one arbitrarily
[2015.07.16-18.51.20:617][232]LogActor:Warning: GameNetworkManager /Game/StarterContent/Maps/UEDPIE_0_Minimal_Default.Minimal_Default:PersistentLevel.GameNetworkManager_7 has natively added scene component(s), but none of them were set as the actor's RootComponent - picking one arbitrarily
[2015.07.16-18.51.20:618][232]LogWorld: Bringing up level for play took: 0.009326
[2015.07.16-18.51.20:624][232]PIE: Info Play in editor start time for /Game/StarterContent/Maps/UEDPIE_0_Minimal_Default 0.717
[2015.07.16-18.51.23:961][460]Cmd: LevelEditor.ToggleImmersive
[2015.07.16-18.51.52:300][993]LogParticles: Destroying 0 GPU particle simulations for FXSystem 0x000000DB1B105260
[2015.07.16-18.52.17:350][146]LogD3D11RHI: InitD3DDevice
[2015.07.16-18.52.18:189][191]LogD3D11RHI: InitD3DDevice
[2015.07.16-18.52.18:303][191]LogSavePackage: Save=46.208664ms
[2015.07.16-18.52.18:303][191]LogSavePackage: Moving '../../../../../Projects/ActualProject_1/FirstProjEver/JustDoIt/Saved/m1911_up70ACD0AA412C5A05F3BE06929709EDBA.tmp' to '../../../../../Projects/ActualProject_1/FirstProjEver/JustDoIt/Content/Weapons/Auto_weapon/m1911/AnimsHands/m1911_up.uasset'
[2015.07.16-18.52.43:054][503]LogD3D11RHI: InitD3DDevice
[2015.07.16-18.52.44:885][695]BlueprintLog: New page: Compile AssaultRifle
[2015.07.16-18.52.45:087][695]LogParticles: Destroying 0 GPU particle simulations for FXSystem 0x000000DB03D8F240
[2015.07.16-18.52.45:088][695]LogParticles: Destroying 0 GPU particle simulations for FXSystem 0x000000DB03954540
[2015.07.16-18.52.45:210][695]LogParticles: Destroying 0 GPU particle simulations for FXSystem 0x000000DB058084A0
[2015.07.16-18.52.45:504][695]BlueprintEditorCompileResults: Info [0608.77] Compile of AssaultRifle successful! [in 617 ms]
[2015.07.16-18.52.45:527][695]LogD3D11RHI: InitD3DDevice
[2015.07.16-18.52.45:561][695]Cmd: OBJ SAVEPACKAGE PACKAGE="/Game/Weapons/Auto_weapon/AssaultRifle" FILE="../../../../../Projects/ActualProject_1/FirstProjEver/JustDoIt/Content/Weapons/Auto_weapon/AssaultRifle.uasset" SILENT=true
[2015.07.16-18.52.45:721][695]LogSavePackage: Save=135.716354ms
[2015.07.16-18.52.45:721][695]LogSavePackage: Moving '../../../../../Projects/ActualProject_1/FirstProjEver/JustDoIt/Saved/AssaultRifle2D5CEDD64698F3ECD41BA2AD4AD87E6C.tmp' to '../../../../../Projects/ActualProject_1/FirstProjEver/JustDoIt/Content/Weapons/Auto_weapon/AssaultRifle.uasset'
[2015.07.16-18.52.45:729][695]LogScript:Warning: Accessed None 'CallFunc_TryGetPawnOwner_ReturnValue'
	FP_AB_C /Engine/Transient.CharacterMesh0:FP_AB_C_13
	Function /Game/FP/BP_Anims/FP_AB.FP_AB_C:ExecuteUbergraph_FP_AB:19A2
[2015.07.16-18.52.45:729][695]LogScript:Warning: Accessed None 'CallFunc_TryGetPawnOwner_ReturnValue'
	FP_AB_C /Engine/Transient.CharacterMesh0:FP_AB_C_13
	Function /Game/FP/BP_Anims/FP_AB.FP_AB_C:ExecuteUbergraph_FP_AB:19CD
[2015.07.16-18.52.45:730][695]LogScript:Warning: Accessed None 'CallFunc_TryGetPawnOwner_ReturnValue'
	FP_AB_C /Engine/Transient.CharacterMesh0:FP_AB_C_13
	Function /Game/FP/BP_Anims/FP_AB.FP_AB_C:ExecuteUbergraph_FP_AB:1A3C
[2015.07.16-18.52.45:730][695]LogScript:Warning: Accessed None 'CallFunc_GetMovementComponent_ReturnValue'
	FP_AB_C /Engine/Transient.CharacterMesh0:FP_AB_C_13
	Function /Game/FP/BP_Anims/FP_AB.FP_AB_C:ExecuteUbergraph_FP_AB:1A6B
[2015.07.16-18.52.45:730][695]LogScript:Warning: Accessed None 'CallFunc_TryGetPawnOwner_ReturnValue'
	FP_AB_C /Engine/Transient.CharacterMesh0:FP_AB_C_13
	Function /Game/FP/BP_Anims/FP_AB.FP_AB_C:ExecuteUbergraph_FP_AB:1AC7
[2015.07.16-18.52.45:730][695]LogScript:Warning: Accessed None 'CallFunc_TryGetPawnOwner_ReturnValue'
	FP_AB_C /Engine/Transient.CharacterMesh0:FP_AB_C_13
	Function /Game/FP/BP_Anims/FP_AB.FP_AB_C:ExecuteUbergraph_FP_AB:19A2
[2015.07.16-18.52.45:730][695]LogScript:Warning: Accessed None 'CallFunc_TryGetPawnOwner_ReturnValue'
	FP_AB_C /Engine/Transient.CharacterMesh0:FP_AB_C_13
	Function /Game/FP/BP_Anims/FP_AB.FP_AB_C:ExecuteUbergraph_FP_AB:19CD
[2015.07.16-18.52.45:730][695]LogScript:Warning: Accessed None 'CallFunc_TryGetPawnOwner_ReturnValue'
	FP_AB_C /Engine/Transient.CharacterMesh0:FP_AB_C_13
	Function /Game/FP/BP_Anims/FP_AB.FP_AB_C:ExecuteUbergraph_FP_AB:1A3C
[2015.07.16-18.52.45:730][695]LogScript:Warning: Accessed None 'CallFunc_GetMovementComponent_ReturnValue'
	FP_AB_C /Engine/Transient.CharacterMesh0:FP_AB_C_13
	Function /Game/FP/BP_Anims/FP_AB.FP_AB_C:ExecuteUbergraph_FP_AB:1A6B
[2015.07.16-18.52.45:730][695]LogScript:Warning: Accessed None 'CallFunc_TryGetPawnOwner_ReturnValue'
	FP_AB_C /Engine/Transient.CharacterMesh0:FP_AB_C_13
	Function /Game/FP/BP_Anims/FP_AB.FP_AB_C:ExecuteUbergraph_FP_AB:1AC7
[2015.07.16-18.52.47:219][810]LogPlayLevel: PIE:  No blueprints needed recompiling
[2015.07.16-18.52.47:219][810]PIE: New page: PIE session: Minimal_Default (Jul 17, 2015, 12:52:47 AM)
[2015.07.16-18.52.47:219][810]LogPlayLevel: Creating play world package: /Game/StarterContent/Maps/UEDPIE_0_Minimal_Default
[2015.07.16-18.52.47:233][810]LogPlayLevel: PIE: StaticDuplicateObject took: (0.013098s)
[2015.07.16-18.52.47:233][810]LogAIModule: Creating AISystem for world Minimal_Default
[2015.07.16-18.52.47:234][810]LogPlayLevel: PIE: World Init took: (0.001753s)
[2015.07.16-18.52.47:235][810]LogPlayLevel: PIE: Created PIE world by copying editor world from /Game/StarterContent/Maps/Minimal_Default.Minimal_Default to /Game/StarterContent/Maps/UEDPIE_0_Minimal_Default.Minimal_Default (0.015113s)
[2015.07.16-18.52.47:235][810]LogActorComponent: UnregisterComponent: (/Engine/Transient.CharMoveComp) Not registered. Aborting.
[2015.07.16-18.52.47:305][810]LogInit: XAudio2 using 'Headphones (High Definition Audio Device)' : 2 channels at 44.1 kHz using 16 bits per sample (channel mask 0x3)
[2015.07.16-18.52.47:312][810]LogInit: FAudioDevice initialized.
[2015.07.16-18.52.47:352][810]LogWorld: Game class is 'NewGameMode_C'
[2015.07.16-18.52.47:361][810]LogWorld: Bringing World /Game/StarterContent/Maps/UEDPIE_0_Minimal_Default.Minimal_Default up for play (max tick rate 0) at 2015.07.16-21.52.47
[2015.07.16-18.52.47:361][810]LogActor:Warning: GameSession /Game/StarterContent/Maps/UEDPIE_0_Minimal_Default.Minimal_Default:PersistentLevel.GameSession_8 has natively added scene component(s), but none of them were set as the actor's RootComponent - picking one arbitrarily
[2015.07.16-18.52.47:362][810]LogActor:Warning: GameNetworkManager /Game/StarterContent/Maps/UEDPIE_0_Minimal_Default.Minimal_Default:PersistentLevel.GameNetworkManager_8 has natively added scene component(s), but none of them were set as the actor's RootComponent - picking one arbitrarily
[2015.07.16-18.52.47:363][810]LogWorld: Bringing up level for play took: 0.009018
[2015.07.16-18.52.47:369][810]PIE: Info Play in editor start time for /Game/StarterContent/Maps/UEDPIE_0_Minimal_Default -0.539
[2015.07.16-18.52.57:879][573]Cmd: LevelEditor.ToggleImmersive
[2015.07.16-18.53.09:801][277]Cmd: LevelEditor.ToggleImmersive
[2015.07.16-18.53.12:735][499]Cmd: LevelEditor.ToggleImmersive
[2015.07.16-18.53.16:935][715]LogParticles: Destroying 0 GPU particle simulations for FXSystem 0x000000DB755B74C0
[2015.07.16-18.53.19:020][823]LogPlayLevel: PIE:  No blueprints needed recompiling
[2015.07.16-18.53.19:021][823]PIE: New page: PIE session: Minimal_Default (Jul 17, 2015, 12:53:19 AM)
[2015.07.16-18.53.19:021][823]LogPlayLevel: Creating play world package: /Game/StarterContent/Maps/UEDPIE_0_Minimal_Default
[2015.07.16-18.53.19:035][823]LogPlayLevel: PIE: StaticDuplicateObject took: (0.013930s)
[2015.07.16-18.53.19:036][823]LogAIModule: Creating AISystem for world Minimal_Default
[2015.07.16-18.53.19:037][823]LogPlayLevel: PIE: World Init took: (0.001891s)
[2015.07.16-18.53.19:037][823]LogPlayLevel: PIE: Created PIE world by copying editor world from /Game/StarterContent/Maps/Minimal_Default.Minimal_Default to /Game/StarterContent/Maps/UEDPIE_0_Minimal_Default.Minimal_Default (0.016137s)
[2015.07.16-18.53.19:105][823]LogInit: XAudio2 using 'Headphones (High Definition Audio Device)' : 2 channels at 44.1 kHz using 16 bits per sample (channel mask 0x3)
[2015.07.16-18.53.19:112][823]LogInit: FAudioDevice initialized.
[2015.07.16-18.53.19:155][823]LogWorld: Game class is 'NewGameMode_C'
[2015.07.16-18.53.19:164][823]LogWorld: Bringing World /Game/StarterContent/Maps/UEDPIE_0_Minimal_Default.Minimal_Default up for play (max tick rate 0) at 2015.07.16-21.53.19
[2015.07.16-18.53.19:164][823]LogActor:Warning: GameSession /Game/StarterContent/Maps/UEDPIE_0_Minimal_Default.Minimal_Default:PersistentLevel.GameSession_9 has natively added scene component(s), but none of them were set as the actor's RootComponent - picking one arbitrarily
[2015.07.16-18.53.19:165][823]LogActor:Warning: GameNetworkManager /Game/StarterContent/Maps/UEDPIE_0_Minimal_Default.Minimal_Default:PersistentLevel.GameNetworkManager_9 has natively added scene component(s), but none of them were set as the actor's RootComponent - picking one arbitrarily
[2015.07.16-18.53.19:166][823]LogWorld: Bringing up level for play took: 0.009478
[2015.07.16-18.53.19:172][823]PIE: Info Play in editor start time for /Game/StarterContent/Maps/UEDPIE_0_Minimal_Default -0.735
[2015.07.16-18.53.27:204][395]Cmd: LevelEditor.ToggleImmersive
[2015.07.16-18.53.47:212][478]LogParticles: Destroying 0 GPU particle simulations for FXSystem 0x000000DB6A4905E0
[2015.07.16-18.53.51:916][870]LogD3D11RHI: InitD3DDevice
[2015.07.16-18.53.55:054][189]BlueprintLog: New page: Compile AssaultRifle
[2015.07.16-18.53.55:665][189]BlueprintEditorCompileResults: Info [0678.93] Compile of AssaultRifle successful! [in 610 ms]
[2015.07.16-18.53.55:667][189]LogScript:Warning: Accessed None 'CallFunc_TryGetPawnOwner_ReturnValue'
	FP_AB_C /Engine/Transient.CharacterMesh0:FP_AB_C_16
	Function /Game/FP/BP_Anims/FP_AB.FP_AB_C:ExecuteUbergraph_FP_AB:19A2
[2015.07.16-18.53.55:667][189]LogScript:Warning: Accessed None 'CallFunc_TryGetPawnOwner_ReturnValue'
	FP_AB_C /Engine/Transient.CharacterMesh0:FP_AB_C_16
	Function /Game/FP/BP_Anims/FP_AB.FP_AB_C:ExecuteUbergraph_FP_AB:19CD
[2015.07.16-18.53.55:667][189]LogScript:Warning: Accessed None 'CallFunc_TryGetPawnOwner_ReturnValue'
	FP_AB_C /Engine/Transient.CharacterMesh0:FP_AB_C_16
	Function /Game/FP/BP_Anims/FP_AB.FP_AB_C:ExecuteUbergraph_FP_AB:1A3C
[2015.07.16-18.53.55:667][189]LogScript:Warning: Accessed None 'CallFunc_GetMovementComponent_ReturnValue'
	FP_AB_C /Engine/Transient.CharacterMesh0:FP_AB_C_16
	Function /Game/FP/BP_Anims/FP_AB.FP_AB_C:ExecuteUbergraph_FP_AB:1A6B
[2015.07.16-18.53.55:667][189]LogScript:Warning: Accessed None 'CallFunc_TryGetPawnOwner_ReturnValue'
	FP_AB_C /Engine/Transient.CharacterMesh0:FP_AB_C_16
	Function /Game/FP/BP_Anims/FP_AB.FP_AB_C:ExecuteUbergraph_FP_AB:1AC7
[2015.07.16-18.53.55:668][189]LogScript:Warning: Accessed None 'CallFunc_TryGetPawnOwner_ReturnValue'
	FP_AB_C /Engine/Transient.CharacterMesh0:FP_AB_C_16
	Function /Game/FP/BP_Anims/FP_AB.FP_AB_C:ExecuteUbergraph_FP_AB:19A2
[2015.07.16-18.53.55:668][189]LogScript:Warning: Accessed None 'CallFunc_TryGetPawnOwner_ReturnValue'
	FP_AB_C /Engine/Transient.CharacterMesh0:FP_AB_C_16
	Function /Game/FP/BP_Anims/FP_AB.FP_AB_C:ExecuteUbergraph_FP_AB:19CD
[2015.07.16-18.53.55:668][189]LogScript:Warning: Accessed None 'CallFunc_TryGetPawnOwner_ReturnValue'
	FP_AB_C /Engine/Transient.CharacterMesh0:FP_AB_C_16
	Function /Game/FP/BP_Anims/FP_AB.FP_AB_C:ExecuteUbergraph_FP_AB:1A3C
[2015.07.16-18.53.55:668][189]LogScript:Warning: Accessed None 'CallFunc_GetMovementComponent_ReturnValue'
	FP_AB_C /Engine/Transient.CharacterMesh0:FP_AB_C_16
	Function /Game/FP/BP_Anims/FP_AB.FP_AB_C:ExecuteUbergraph_FP_AB:1A6B
[2015.07.16-18.53.55:668][189]LogScript:Warning: Accessed None 'CallFunc_TryGetPawnOwner_ReturnValue'
	FP_AB_C /Engine/Transient.CharacterMesh0:FP_AB_C_16
	Function /Game/FP/BP_Anims/FP_AB.FP_AB_C:ExecuteUbergraph_FP_AB:1AC7
[2015.07.16-18.53.55:754][193]LogD3D11RHI: InitD3DDevice
[2015.07.16-18.53.55:772][193]Cmd: OBJ SAVEPACKAGE PACKAGE="/Game/Weapons/Auto_weapon/AssaultRifle" FILE="../../../../../Projects/ActualProject_1/FirstProjEver/JustDoIt/Content/Weapons/Auto_weapon/AssaultRifle.uasset" SILENT=true
[2015.07.16-18.53.55:929][193]LogSavePackage: Save=133.778870ms
[2015.07.16-18.53.55:929][193]LogSavePackage: Moving '../../../../../Projects/ActualProject_1/FirstProjEver/JustDoIt/Saved/AssaultRifle5C99CB11429B1DC3CE7EBC98F86272C1.tmp' to '../../../../../Projects/ActualProject_1/FirstProjEver/JustDoIt/Content/Weapons/Auto_weapon/AssaultRifle.uasset'
[2015.07.16-18.54.26:492][602]BlueprintLog: New page: Compile m1911_BP
[2015.07.16-18.54.26:606][602]LogActorComponent: UnregisterComponent: (/Engine/Transient.CharMoveComp) Not registered. Aborting.
[2015.07.16-18.54.26:691][602]BlueprintEditorCompileResults: Info [0709.96] Compile of m1911_BP successful! [in 198 ms]
[2015.07.16-18.54.26:693][602]LogScript:Warning: Accessed None 'CallFunc_TryGetPawnOwner_ReturnValue'
	FP_AB_C /Engine/Transient.CharacterMesh0:FP_AB_C_17
	Function /Game/FP/BP_Anims/FP_AB.FP_AB_C:ExecuteUbergraph_FP_AB:19A2
[2015.07.16-18.54.26:693][602]LogScript:Warning: Accessed None 'CallFunc_TryGetPawnOwner_ReturnValue'
	FP_AB_C /Engine/Transient.CharacterMesh0:FP_AB_C_17
	Function /Game/FP/BP_Anims/FP_AB.FP_AB_C:ExecuteUbergraph_FP_AB:19CD
[2015.07.16-18.54.26:694][602]LogScript:Warning: Accessed None 'CallFunc_TryGetPawnOwner_ReturnValue'
	FP_AB_C /Engine/Transient.CharacterMesh0:FP_AB_C_17
	Function /Game/FP/BP_Anims/FP_AB.FP_AB_C:ExecuteUbergraph_FP_AB:1A3C
[2015.07.16-18.54.26:694][602]LogScript:Warning: Accessed None 'CallFunc_GetMovementComponent_ReturnValue'
	FP_AB_C /Engine/Transient.CharacterMesh0:FP_AB_C_17
	Function /Game/FP/BP_Anims/FP_AB.FP_AB_C:ExecuteUbergraph_FP_AB:1A6B
[2015.07.16-18.54.26:694][602]LogScript:Warning: Accessed None 'CallFunc_TryGetPawnOwner_ReturnValue'
	FP_AB_C /Engine/Transient.CharacterMesh0:FP_AB_C_17
	Function /Game/FP/BP_Anims/FP_AB.FP_AB_C:ExecuteUbergraph_FP_AB:1AC7
[2015.07.16-18.54.26:694][602]LogScript:Warning: Accessed None 'CallFunc_TryGetPawnOwner_ReturnValue'
	FP_AB_C /Engine/Transient.CharacterMesh0:FP_AB_C_17
	Function /Game/FP/BP_Anims/FP_AB.FP_AB_C:ExecuteUbergraph_FP_AB:19A2
[2015.07.16-18.54.26:694][602]LogScript:Warning: Accessed None 'CallFunc_TryGetPawnOwner_ReturnValue'
	FP_AB_C /Engine/Transient.CharacterMesh0:FP_AB_C_17
	Function /Game/FP/BP_Anims/FP_AB.FP_AB_C:ExecuteUbergraph_FP_AB:19CD
[2015.07.16-18.54.26:694][602]LogScript:Warning: Accessed None 'CallFunc_TryGetPawnOwner_ReturnValue'
	FP_AB_C /Engine/Transient.CharacterMesh0:FP_AB_C_17
	Function /Game/FP/BP_Anims/FP_AB.FP_AB_C:ExecuteUbergraph_FP_AB:1A3C
[2015.07.16-18.54.26:694][602]LogScript:Warning: Accessed None 'CallFunc_GetMovementComponent_ReturnValue'
	FP_AB_C /Engine/Transient.CharacterMesh0:FP_AB_C_17
	Function /Game/FP/BP_Anims/FP_AB.FP_AB_C:ExecuteUbergraph_FP_AB:1A6B
[2015.07.16-18.54.26:694][602]LogScript:Warning: Accessed None 'CallFunc_TryGetPawnOwner_ReturnValue'
	FP_AB_C /Engine/Transient.CharacterMesh0:FP_AB_C_17
	Function /Game/FP/BP_Anims/FP_AB.FP_AB_C:ExecuteUbergraph_FP_AB:1AC7
[2015.07.16-18.54.26:981][632]LogD3D11RHI: InitD3DDevice
[2015.07.16-18.54.27:001][632]Cmd: OBJ SAVEPACKAGE PACKAGE="/Game/Weapons/Auto_weapon/m1911/m1911_BP" FILE="../../../../../Projects/ActualProject_1/FirstProjEver/JustDoIt/Content/Weapons/Auto_weapon/m1911/m1911_BP.uasset" SILENT=true
[2015.07.16-18.54.27:074][632]LogSavePackage: Save=48.097103ms
[2015.07.16-18.54.27:074][632]LogSavePackage: Moving '../../../../../Projects/ActualProject_1/FirstProjEver/JustDoIt/Saved/m1911_BPE77BB8294D5D0A627EF74690373D1883.tmp' to '../../../../../Projects/ActualProject_1/FirstProjEver/JustDoIt/Content/Weapons/Auto_weapon/m1911/m1911_BP.uasset'
[2015.07.16-18.54.27:986][695]LogPlayLevel: PIE:  No blueprints needed recompiling
[2015.07.16-18.54.27:986][695]PIE: New page: PIE session: Minimal_Default (Jul 17, 2015, 12:54:27 AM)
[2015.07.16-18.54.27:986][695]LogPlayLevel: Creating play world package: /Game/StarterContent/Maps/UEDPIE_0_Minimal_Default
[2015.07.16-18.54.28:003][695]LogPlayLevel: PIE: StaticDuplicateObject took: (0.017296s)
[2015.07.16-18.54.28:004][695]LogAIModule: Creating AISystem for world Minimal_Default
[2015.07.16-18.54.28:005][695]LogPlayLevel: PIE: World Init took: (0.001572s)
[2015.07.16-18.54.28:005][695]LogPlayLevel: PIE: Created PIE world by copying editor world from /Game/StarterContent/Maps/Minimal_Default.Minimal_Default to /Game/StarterContent/Maps/UEDPIE_0_Minimal_Default.Minimal_Default (0.019153s)
[2015.07.16-18.54.28:005][695]LogActorComponent: UnregisterComponent: (/Engine/Transient.CharMoveComp) Not registered. Aborting.
[2015.07.16-18.54.28:075][695]LogInit: XAudio2 using 'Headphones (High Definition Audio Device)' : 2 channels at 44.1 kHz using 16 bits per sample (channel mask 0x3)
[2015.07.16-18.54.28:083][695]LogInit: FAudioDevice initialized.
[2015.07.16-18.54.28:128][695]LogWorld: Game class is 'NewGameMode_C'
[2015.07.16-18.54.28:137][695]LogWorld: Bringing World /Game/StarterContent/Maps/UEDPIE_0_Minimal_Default.Minimal_Default up for play (max tick rate 0) at 2015.07.16-21.54.28
[2015.07.16-18.54.28:137][695]LogActor:Warning: GameSession /Game/StarterContent/Maps/UEDPIE_0_Minimal_Default.Minimal_Default:PersistentLevel.GameSession_10 has natively added scene component(s), but none of them were set as the actor's RootComponent - picking one arbitrarily
[2015.07.16-18.54.28:138][695]LogActor:Warning: GameNetworkManager /Game/StarterContent/Maps/UEDPIE_0_Minimal_Default.Minimal_Default:PersistentLevel.GameNetworkManager_10 has natively added scene component(s), but none of them were set as the actor's RootComponent - picking one arbitrarily
[2015.07.16-18.54.28:139][695]LogWorld: Bringing up level for play took: 0.009173
[2015.07.16-18.54.28:145][695]PIE: Info Play in editor start time for /Game/StarterContent/Maps/UEDPIE_0_Minimal_Default 0.237
[2015.07.16-18.54.29:609][794]Cmd: LevelEditor.ToggleImmersive
[2015.07.16-18.54.53:200][324]LogParticles: Destroying 0 GPU particle simulations for FXSystem 0x000000DB10923560
[2015.07.16-18.54.55:273][447]LogD3D11RHI: InitD3DDevice
[2015.07.16-18.54.55:401][453]LogD3D11RHI: InitD3DDevice
[2015.07.16-18.54.55:888][478]LogD3D11RHI: InitD3DDevice
[2015.07.16-19.09.28:781][345]LogPlayLevel: PIE:  No blueprints needed recompiling
[2015.07.16-19.09.28:781][345]PIE: New page: PIE session: Minimal_Default (Jul 17, 2015, 1:09:28 AM)
[2015.07.16-19.09.28:782][345]LogPlayLevel: Creating play world package: /Game/StarterContent/Maps/UEDPIE_0_Minimal_Default
[2015.07.16-19.09.28:798][345]LogPlayLevel: PIE: StaticDuplicateObject took: (0.016288s)
[2015.07.16-19.09.28:800][345]LogAIModule: Creating AISystem for world Minimal_Default
[2015.07.16-19.09.28:800][345]LogPlayLevel: PIE: World Init took: (0.002352s)
[2015.07.16-19.09.28:801][345]LogPlayLevel: PIE: Created PIE world by copying editor world from /Game/StarterContent/Maps/Minimal_Default.Minimal_Default to /Game/StarterContent/Maps/UEDPIE_0_Minimal_Default.Minimal_Default (0.018919s)
[2015.07.16-19.09.28:880][345]LogInit: XAudio2 using 'Headphones (High Definition Audio Device)' : 2 channels at 44.1 kHz using 16 bits per sample (channel mask 0x3)
[2015.07.16-19.09.28:887][345]LogInit: FAudioDevice initialized.
[2015.07.16-19.09.28:923][345]LogWorld: Game class is 'NewGameMode_C'
[2015.07.16-19.09.28:933][345]LogWorld: Bringing World /Game/StarterContent/Maps/UEDPIE_0_Minimal_Default.Minimal_Default up for play (max tick rate 0) at 2015.07.16-22.09.28
[2015.07.16-19.09.28:933][345]LogActor:Warning: GameSession /Game/StarterContent/Maps/UEDPIE_0_Minimal_Default.Minimal_Default:PersistentLevel.GameSession_11 has natively added scene component(s), but none of them were set as the actor's RootComponent - picking one arbitrarily
[2015.07.16-19.09.28:934][345]LogActor:Warning: GameNetworkManager /Game/StarterContent/Maps/UEDPIE_0_Minimal_Default.Minimal_Default:PersistentLevel.GameNetworkManager_11 has natively added scene component(s), but none of them were set as the actor's RootComponent - picking one arbitrarily
[2015.07.16-19.09.28:934][345]LogWorld: Bringing up level for play took: 0.009291
[2015.07.16-19.09.28:941][345]PIE: Info Play in editor start time for /Game/StarterContent/Maps/UEDPIE_0_Minimal_Default 1.034
[2015.07.16-19.09.43:511][327]Cmd: LevelEditor.ToggleImmersive
[2015.07.16-19.09.56:441][294]LogParticles: Destroying 0 GPU particle simulations for FXSystem 0x000000DB0D8C93A0
[2015.07.16-19.10.19:061][538]LogWindowsTextInputMethodSystem:Display: IME system now deactivated.
[2015.07.16-19.10.19:061][538]LogWindowsTextInputMethodSystem:Display: IME system now deactivated.
[2015.07.16-19.11.06:957][466]LogD3D11RHI: InitD3DDevice
[2015.07.16-19.11.09:923][677]LogActorComponent: UnregisterComponent: (/Engine/Transient.EditorFloorComp) Not registered. Aborting.
[2015.07.16-19.11.09:964][677]LogWindowsTextInputMethodSystem:Display: IME system now deactivated.
[2015.07.16-19.11.10:297][678]Cmd: QUIT_EDITOR
[2015.07.16-19.11.10:748][678]LogExit: Preparing to exit.
[2015.07.16-19.11.11:531][678]LogExit: Editor shut down
[2015.07.16-19.11.11:532][678]LogExit: Transaction tracking system shut down
[2015.07.16-19.11.11:540][678]LogParticles: Destroying 0 GPU particle simulations for FXSystem 0x000000DB0580AFC0
[2015.07.16-19.11.11:541][678]LogParticles: Destroying 0 GPU particle simulations for FXSystem 0x000000DB028C9B20
[2015.07.16-19.11.11:541][678]LogParticles: Destroying 0 GPU particle simulations for FXSystem 0x000000DB028C8A40
[2015.07.16-19.11.11:541][678]LogParticles: Destroying 0 GPU particle simulations for FXSystem 0x000000DB07EDD3A0
[2015.07.16-19.11.11:542][678]LogParticles: Destroying 0 GPU particle simulations for FXSystem 0x000000DB0EE6B9C0
[2015.07.16-19.11.11:542][678]LogParticles: Destroying 0 GPU particle simulations for FXSystem 0x000000DB0BAA6DE0
[2015.07.16-19.11.11:543][678]LogParticles: Destroying 0 GPU particle simulations for FXSystem 0x000000DB1303F560
[2015.07.16-19.11.11:543][678]LogParticles: Destroying 0 GPU particle simulations for FXSystem 0x000000DB1303F380
[2015.07.16-19.11.11:543][678]LogParticles: Destroying 0 GPU particle simulations for FXSystem 0x000000DB1303C540
[2015.07.16-19.11.11:543][678]LogParticles: Destroying 0 GPU particle simulations for FXSystem 0x000000DB0ED55F80
[2015.07.16-19.11.11:767][678]LogParticles: Destroying 0 GPU particle simulations for FXSystem 0x000000DB0579F060
[2015.07.16-19.11.11:767][678]LogParticles: Destroying 0 GPU particle simulations for FXSystem 0x000000DB055D8220
[2015.07.16-19.11.11:767][678]LogExit: Object subsystem successfully closed.
[2015.07.16-19.11.11:794][678]LogD3D11RHI: Shutdown
[2015.07.16-19.11.11:794][678]LogD3D11RHI: CleanupD3DDevice
[2015.07.16-19.11.11:855][678]LogD3D11RHI: ~FD3D11DynamicRHI
[2015.07.16-19.11.11:877][678]LogModuleManager: Shutting down and abandoning module CrashTracker (188)
[2015.07.16-19.11.11:877][678]LogModuleManager: Shutting down and abandoning module SceneOutliner (187)
[2015.07.16-19.11.11:877][678]LogModuleManager: Shutting down and abandoning module SuperSearch (186)
[2015.07.16-19.11.11:877][678]LogModuleManager: Shutting down and abandoning module WidgetCarousel (185)
[2015.07.16-19.11.11:877][678]LogModuleManager: Shutting down and abandoning module AddContentDialog (184)
[2015.07.16-19.11.11:879][678]LogModuleManager: Shutting down and abandoning module EditorWidgets (183)
[2015.07.16-19.11.11:879][678]LogModuleManager: Shutting down and abandoning module CollectionManager (182)
[2015.07.16-19.11.11:880][678]LogModuleManager: Shutting down and abandoning module StatsViewer (181)
[2015.07.16-19.11.11:880][678]LogModuleManager: Shutting down and abandoning module FoliageEdit (180)
[2015.07.16-19.11.11:880][678]LogModuleManager: Shutting down and abandoning module LandscapeEditor (179)
[2015.07.16-19.11.11:880][678]LogModuleManager: Shutting down and abandoning module ActorPickerMode (178)
[2015.07.16-19.11.11:880][678]LogModuleManager: Shutting down and abandoning module GeometryMode (177)
[2015.07.16-19.11.11:880][678]LogModuleManager: Shutting down and abandoning module TextureAlignMode (176)
[2015.07.16-19.11.11:880][678]LogModuleManager: Shutting down and abandoning module BspMode (175)
[2015.07.16-19.11.11:880][678]LogModuleManager: Shutting down and abandoning module PlacementMode (174)
[2015.07.16-19.11.11:880][678]LogModuleManager: Shutting down and abandoning module AutomationWorker (173)
[2015.07.16-19.11.11:880][678]LogModuleManager: Shutting down and abandoning module CharacterAI (172)
[2015.07.16-19.11.11:880][678]LogModuleManager: Shutting down and abandoning module SmartSnapping (171)
[2015.07.16-19.11.11:880][678]LogModuleManager: Shutting down and abandoning module ViewportSnapping (170)
[2015.07.16-19.11.11:880][678]LogModuleManager: Shutting down and abandoning module LogVisualizer (169)
[2015.07.16-19.11.11:880][678]LogModuleManager: Shutting down and abandoning module GameProjectGeneration (168)
[2015.07.16-19.11.11:880][678]LogModuleManager: Shutting down and abandoning module IntroTutorials (167)
[2015.07.16-19.11.11:880][678]LogModuleManager: Shutting down and abandoning module EditorLiveStreaming (166)
[2015.07.16-19.11.11:880][678]LogModuleManager: Shutting down and abandoning module IOSPlatformEditor (165)
[2015.07.16-19.11.11:880][678]LogModuleManager: Shutting down and abandoning module HTML5PlatformEditor (164)
[2015.07.16-19.11.11:880][678]LogModuleManager: Shutting down and abandoning module AndroidDeviceDetection (163)
[2015.07.16-19.11.12:132][678]LogModuleManager: Shutting down and abandoning module AndroidPlatformEditor (162)
[2015.07.16-19.11.12:132][678]LogModuleManager: Shutting down and abandoning module IOSRuntimeSettings (161)
[2015.07.16-19.11.12:132][678]LogModuleManager: Shutting down and abandoning module AndroidRuntimeSettings (160)
[2015.07.16-19.11.12:132][678]LogModuleManager: Shutting down and abandoning module MergeActors (159)
[2015.07.16-19.11.12:132][678]LogModuleManager: Shutting down and abandoning module SizeMap (158)
[2015.07.16-19.11.12:132][678]LogModuleManager: Shutting down and abandoning module TreeMap (157)
[2015.07.16-19.11.12:132][678]LogModuleManager: Shutting down and abandoning module ReferenceViewer (156)
[2015.07.16-19.11.12:132][678]LogModuleManager: Shutting down and abandoning module LocalizationDashboard (155)
[2015.07.16-19.11.12:133][678]LogModuleManager: Shutting down and abandoning module HardwareTargeting (154)
[2015.07.16-19.11.12:133][678]LogModuleManager: Shutting down and abandoning module DeviceProfileEditor (153)
[2015.07.16-19.11.12:133][678]LogModuleManager: Shutting down and abandoning module UndoHistory (152)
[2015.07.16-19.11.12:133][678]LogModuleManager: Shutting down and abandoning module GameplayTagsEditor (151)
[2015.07.16-19.11.12:133][678]LogModuleManager: Shutting down and abandoning module UserFeedback (150)
[2015.07.16-19.11.12:133][678]LogModuleManager: Shutting down and abandoning module XmlParser (149)
[2015.07.16-19.11.12:133][678]LogModuleManager: Shutting down and abandoning module Blutility (148)
[2015.07.16-19.11.12:133][678]LogModuleManager: Shutting down and abandoning module ProjectTargetPlatformEditor (147)
[2015.07.16-19.11.12:133][678]LogModuleManager: Shutting down and abandoning module ProjectSettingsViewer (146)
[2015.07.16-19.11.12:133][678]LogModuleManager: Shutting down and abandoning module InputBindingEditor (145)
[2015.07.16-19.11.12:134][678]LogModuleManager: Shutting down and abandoning module EditorSettingsViewer (144)
[2015.07.16-19.11.12:134][678]LogModuleManager: Shutting down and abandoning module SettingsEditor (143)
[2015.07.16-19.11.12:134][678]LogModuleManager: Shutting down and abandoning module ProjectLauncher (142)
[2015.07.16-19.11.12:134][678]LogModuleManager: Shutting down and abandoning module SessionFrontend (141)
[2015.07.16-19.11.12:134][678]LogModuleManager: Shutting down and abandoning module ProfilerClient (140)
[2015.07.16-19.11.12:134][678]LogModuleManager: Shutting down and abandoning module TargetDeviceServices (139)
[2015.07.16-19.11.12:134][678]LogModuleManager: Shutting down and abandoning module DeviceManager (138)
[2015.07.16-19.11.12:135][678]LogModuleManager: Shutting down and abandoning module AutomationController (137)
[2015.07.16-19.11.12:135][678]LogModuleManager: Shutting down and abandoning module AutomationWindow (136)
[2015.07.16-19.11.12:135][678]LogModuleManager: Shutting down and abandoning module Layers (135)
[2015.07.16-19.11.12:135][678]LogModuleManager: Shutting down and abandoning module ComponentVisualizers (134)
[2015.07.16-19.11.12:135][678]LogModuleManager: Shutting down and abandoning module DetailCustomizations (133)
[2015.07.16-19.11.12:135][678]LogModuleManager: Shutting down and abandoning module PackagesDialog (132)
[2015.07.16-19.11.12:135][678]LogModuleManager: Shutting down and abandoning module AssetRegistry (131)
[2015.07.16-19.11.12:355][678]LogModuleManager: Shutting down and abandoning module Persona (130)
[2015.07.16-19.11.12:355][678]LogModuleManager: Shutting down and abandoning module Kismet (129)
[2015.07.16-19.11.12:355][678]LogModuleManager: Shutting down and abandoning module GraphEditor (128)
[2015.07.16-19.11.12:355][678]LogModuleManager: Shutting down and abandoning module ClassViewer (127)
[2015.07.16-19.11.12:355][678]LogModuleManager: Shutting down and abandoning module Toolbox (126)
[2015.07.16-19.11.12:356][678]LogModuleManager: Shutting down and abandoning module ModuleUI (125)
[2015.07.16-19.11.12:356][678]LogModuleManager: Shutting down and abandoning module MovieSceneTools (124)
[2015.07.16-19.11.12:356][678]LogModuleManager: Shutting down and abandoning module OutputLog (123)
[2015.07.16-19.11.12:356][678]LogModuleManager: Shutting down and abandoning module GammaUI (122)
[2015.07.16-19.11.12:356][678]LogModuleManager: Shutting down and abandoning module Documentation (121)
[2015.07.16-19.11.12:356][678]LogModuleManager: Shutting down and abandoning module GameLiveStreaming (120)
[2015.07.16-19.11.12:356][678]LogModuleManager: Shutting down and abandoning module StreamingPauseRendering (119)
[2015.07.16-19.11.12:356][678]LogModuleManager: Shutting down and abandoning module AnalyticsET (118)
[2015.07.16-19.11.12:356][678]LogModuleManager: Shutting down and abandoning module Analytics (117)
[2015.07.16-19.11.12:356][678]LogModuleManager: Shutting down and abandoning module AITestSuite (116)
[2015.07.16-19.11.12:356][678]LogModuleManager: Shutting down and abandoning module GameplayDebugger (115)
[2015.07.16-19.11.12:356][678]LogModuleManager: Shutting down and abandoning module AIModule (114)
[2015.07.16-19.11.12:356][678]LogModuleManager: Shutting down and abandoning module ProfilerService (113)
[2015.07.16-19.11.12:499][678]LogModuleManager: Shutting down and abandoning module TaskGraph (112)
[2015.07.16-19.11.12:499][678]LogModuleManager: Shutting down and abandoning module SlateRemote (111)
[2015.07.16-19.11.12:499][678]LogModuleManager: Shutting down and abandoning module SteamVRController (110)
[2015.07.16-19.11.12:499][678]LogModuleManager: Shutting down and abandoning module SteamVR (109)
[2015.07.16-19.11.12:499][678]LogModuleManager: Shutting down and abandoning module ProceduralMeshComponent (108)
[2015.07.16-19.11.12:499][678]LogModuleManager: Shutting down and abandoning module OculusRift (107)
[2015.07.16-19.11.12:499][678]LogModuleManager: Shutting down and abandoning module LeapMotionController (106)
[2015.07.16-19.11.12:520][678]LogModuleManager: Shutting down and abandoning module CustomMeshComponent (105)
[2015.07.16-19.11.12:520][678]LogModuleManager: Shutting down and abandoning module CableComponent (104)
[2015.07.16-19.11.12:520][678]LogModuleManager: Shutting down and abandoning module MessagingDebugger (103)
[2015.07.16-19.11.12:520][678]LogModuleManager: Shutting down and abandoning module MediaPlayerEditor (102)
[2015.07.16-19.11.12:520][678]LogModuleManager: Shutting down and abandoning module SpeedTreeImporter (101)
[2015.07.16-19.11.12:520][678]LogModuleManager: Shutting down and abandoning module PluginBrowser (100)
[2015.07.16-19.11.12:520][678]LogModuleManager: Shutting down and abandoning module EpicSurvey (99)
[2015.07.16-19.11.12:520][678]LogModuleManager: Shutting down and abandoning module DesktopPlatform (98)
[2015.07.16-19.11.12:520][678]LogModuleManager: Shutting down and abandoning module VisualStudioSourceCodeAccess (97)
[2015.07.16-19.11.12:520][678]LogModuleManager: Shutting down and abandoning module UObjectPlugin (96)
[2015.07.16-19.11.12:520][678]LogModuleManager: Shutting down and abandoning module SubversionSourceControl (95)
[2015.07.16-19.11.12:520][678]LogModuleManager: Shutting down and abandoning module PerforceSourceControl (94)
[2015.07.16-19.11.12:520][678]LogModuleManager: Shutting down and abandoning module SourceControl (93)
[2015.07.16-19.11.12:520][678]LogModuleManager: Shutting down and abandoning module GitSourceControl (92)
[2015.07.16-19.11.12:520][678]LogModuleManager: Shutting down and abandoning module BlankPlugin (91)
[2015.07.16-19.11.12:520][678]LogModuleManager: Shutting down and abandoning module PaperTiledImporter (90)
[2015.07.16-19.11.12:520][678]LogModuleManager: Shutting down and abandoning module PaperSpriteSheetImporter (89)
[2015.07.16-19.11.12:520][678]LogModuleManager: Shutting down and abandoning module MeshPaint (88)
[2015.07.16-19.11.12:520][678]LogModuleManager: Shutting down and abandoning module SlateReflector (87)
[2015.07.16-19.11.12:521][678]LogModuleManager: Shutting down and abandoning module DirectoryWatcher (86)
[2015.07.16-19.11.12:522][678]LogModuleManager: Shutting down and abandoning module HotReload (85)
[2015.07.16-19.11.12:522][678]LogModuleManager: Shutting down and abandoning module MainFrame (84)
[2015.07.16-19.11.12:523][678]LogModuleManager: Shutting down and abandoning module LevelEditor (83)
[2015.07.16-19.11.12:524][678]LogModuleManager: Shutting down and abandoning module ContentBrowser (82)
[2015.07.16-19.11.12:525][678]LogModuleManager: Shutting down and abandoning module Paper2DEditor (81)
[2015.07.16-19.11.12:525][678]LogModuleManager: Shutting down and abandoning module UdpMessaging (80)
[2015.07.16-19.11.12:625][678]LogModuleManager: Shutting down and abandoning module Paper2D (79)
[2015.07.16-19.11.12:625][678]LogModuleManager: Shutting down and abandoning module WindowsMoviePlayer (78)
[2015.07.16-19.11.12:636][678]LogModuleManager: Shutting down and abandoning module Media (77)
[2015.07.16-19.11.12:636][678]LogModuleManager: Shutting down and abandoning module WmfMedia (76)
[2015.07.16-19.11.12:636][678]LogModuleManager: Shutting down and abandoning module OnlineBlueprintSupport (75)
[2015.07.16-19.11.12:636][678]LogModuleManager: Shutting down and abandoning module PropertyEditor (74)
[2015.07.16-19.11.12:637][678]LogModuleManager: Shutting down and abandoning module BehaviorTreeEditor (73)
[2015.07.16-19.11.12:637][678]LogModuleManager: Shutting down and abandoning module FunctionalTesting (72)
[2015.07.16-19.11.12:637][678]LogModuleManager: Shutting down and abandoning module CollisionAnalyzer (71)
[2015.07.16-19.11.12:637][678]LogModuleManager: Shutting down and abandoning module WorkspaceMenuStructure (70)
[2015.07.16-19.11.12:637][678]LogModuleManager: Shutting down and abandoning module MessageLog (69)
[2015.07.16-19.11.12:637][678]LogModuleManager: Shutting down and abandoning module Sequencer (68)
[2015.07.16-19.11.12:637][678]LogModuleManager: Shutting down and abandoning module AssetTools (67)
[2015.07.16-19.11.12:637][678]LogModuleManager: Shutting down and abandoning module UMGEditor (66)
[2015.07.16-19.11.12:637][678]LogModuleManager: Shutting down and abandoning module UMG (65)
[2015.07.16-19.11.12:637][678]LogModuleManager: Shutting down and abandoning module Slate (64)
[2015.07.16-19.11.12:637][678]LogModuleManager: Shutting down and abandoning module EditorStyle (63)
[2015.07.16-19.11.12:647][678]LogModuleManager: Shutting down and abandoning module SessionServices (62)
[2015.07.16-19.11.12:647][678]LogModuleManager: Shutting down and abandoning module SourceCodeAccess (61)
[2015.07.16-19.11.12:647][678]LogModuleManager: Shutting down and abandoning module HeadMountedDisplay (60)
[2015.07.16-19.11.12:647][678]LogModuleManager: Shutting down and abandoning module XAudio2 (59)
[2015.07.16-19.11.12:647][678]LogModuleManager: Shutting down and abandoning module Networking (57)
[2015.07.16-19.11.12:647][678]LogModuleManager: Shutting down and abandoning module Core (56)
[2015.07.16-19.11.12:647][678]LogModuleManager: Shutting down and abandoning module KismetCompiler (55)
[2015.07.16-19.11.12:647][678]LogModuleManager: Shutting down and abandoning module PhysXFormats (54)
[2015.07.16-19.11.12:647][678]LogModuleManager: Shutting down and abandoning module MeshUtilities (53)
[2015.07.16-19.11.12:647][678]LogModuleManager: Shutting down and abandoning module DerivedDataCache (52)
[2015.07.16-19.11.12:659][678]LogDerivedDataCache: Shutdown
[2015.07.16-19.11.12:659][678]LogModuleManager: Shutting down and abandoning module ShaderFormatOpenGL (51)
[2015.07.16-19.11.12:659][678]LogModuleManager: Shutting down and abandoning module ShaderFormatD3D (50)
[2015.07.16-19.11.12:659][678]LogModuleManager: Shutting down and abandoning module MetalShaderFormat (49)
[2015.07.16-19.11.12:659][678]LogModuleManager: Shutting down and abandoning module TextureFormatUncompressed (48)
[2015.07.16-19.11.12:659][678]LogModuleManager: Shutting down and abandoning module TextureFormatPVR (47)
[2015.07.16-19.11.12:659][678]LogModuleManager: Shutting down and abandoning module TextureFormatIntelISPCTexComp (46)
[2015.07.16-19.11.12:659][678]LogModuleManager: Shutting down and abandoning module TextureFormatDXT (45)
[2015.07.16-19.11.12:659][678]LogModuleManager: Shutting down and abandoning module ImageWrapper (44)
[2015.07.16-19.11.12:659][678]LogModuleManager: Shutting down and abandoning module TextureFormatASTC (43)
[2015.07.16-19.11.12:659][678]LogModuleManager: Shutting down and abandoning module TextureFormatAndroid (42)
[2015.07.16-19.11.12:660][678]LogModuleManager: Shutting down and abandoning module AudioFormatOpus (41)
[2015.07.16-19.11.12:660][678]LogModuleManager: Shutting down and abandoning module AudioFormatOgg (40)
[2015.07.16-19.11.12:660][678]LogModuleManager: Shutting down and abandoning module AudioFormatADPCM (39)
[2015.07.16-19.11.12:660][678]LogModuleManager: Shutting down and abandoning module LinuxTargetPlatform (38)
[2015.07.16-19.11.12:660][678]LogModuleManager: Shutting down and abandoning module LinuxServerTargetPlatform (37)
[2015.07.16-19.11.12:660][678]LogModuleManager: Shutting down and abandoning module LinuxNoEditorTargetPlatform (36)
[2015.07.16-19.11.12:660][678]LogModuleManager: Shutting down and abandoning module Messaging (35)
[2015.07.16-19.11.12:660][678]LogModuleManager: Shutting down and abandoning module IOSTargetPlatform (34)
[2015.07.16-19.11.12:660][678]LogModuleManager: Shutting down and abandoning module HTML5TargetPlatform (33)
[2015.07.16-19.11.12:660][678]LogModuleManager: Shutting down and abandoning module Android_PVRTCTargetPlatform (32)
[2015.07.16-19.11.12:660][678]LogModuleManager: Shutting down and abandoning module Android_ETC2TargetPlatform (31)
[2015.07.16-19.11.12:660][678]LogModuleManager: Shutting down and abandoning module Android_ETC1TargetPlatform (30)
[2015.07.16-19.11.12:660][678]LogModuleManager: Shutting down and abandoning module Android_DXTTargetPlatform (29)
[2015.07.16-19.11.12:660][678]LogModuleManager: Shutting down and abandoning module Android_ATCTargetPlatform (28)
[2015.07.16-19.11.12:660][678]LogModuleManager: Shutting down and abandoning module Android_ASTCTargetPlatform (27)
[2015.07.16-19.11.12:660][678]LogModuleManager: Shutting down and abandoning module AndroidTargetPlatform (26)
[2015.07.16-19.11.12:660][678]LogModuleManager: Shutting down and abandoning module WindowsTargetPlatform (25)
[2015.07.16-19.11.12:660][678]LogModuleManager: Shutting down and abandoning module WindowsServerTargetPlatform (24)
[2015.07.16-19.11.12:660][678]LogModuleManager: Shutting down and abandoning module WindowsNoEditorTargetPlatform (23)
[2015.07.16-19.11.12:660][678]LogModuleManager: Shutting down and abandoning module WindowsClientTargetPlatform (22)
[2015.07.16-19.11.12:660][678]LogModuleManager: Shutting down and abandoning module DesktopTargetPlatform (21)
[2015.07.16-19.11.12:661][678]LogModuleManager: Shutting down and abandoning module TargetPlatform (20)
[2015.07.16-19.11.12:661][678]LogModuleManager: Shutting down and abandoning module InputCore (19)
[2015.07.16-19.11.12:661][678]LogModuleManager: Shutting down and abandoning module Settings (18)
[2015.07.16-19.11.12:661][678]LogModuleManager: Shutting down and abandoning module OnlineSubsystem (16)
[2015.07.16-19.11.12:661][678]LogModuleManager: Shutting down and abandoning module HTTP (15)
[2015.07.16-19.11.12:662][678]LogModuleManager: Shutting down and abandoning module ExampleDeviceProfileSelector (14)
[2015.07.16-19.11.12:662][678]LogModuleManager: Shutting down and abandoning module TextureCompressor (13)
[2015.07.16-19.11.12:662][678]LogModuleManager: Shutting down and abandoning module ShaderCore (12)
[2015.07.16-19.11.12:662][678]LogModuleManager: Shutting down and abandoning module Landscape (11)
[2015.07.16-19.11.12:662][678]LogModuleManager: Shutting down and abandoning module SlateRHIRenderer (10)
[2015.07.16-19.11.12:675][678]LogModuleManager: Shutting down and abandoning module OpenGLDrv (9)
[2015.07.16-19.11.12:675][678]LogModuleManager: Shutting down and abandoning module D3D11RHI (8)
[2015.07.16-19.11.12:675][678]LogModuleManager: Shutting down and abandoning module Renderer (7)
[2015.07.16-19.11.12:675][678]LogModuleManager: Shutting down and abandoning module Engine (6)
[2015.07.16-19.11.12:675][678]LogModuleManager: Shutting down and abandoning module CoreUObject (5)
[2015.07.16-19.11.12:675][678]LogModuleManager: Shutting down and abandoning module NetworkFile (4)
[2015.07.16-19.11.12:675][678]LogModuleManager: Shutting down and abandoning module StreamingFile (3)
[2015.07.16-19.11.12:675][678]LogModuleManager: Shutting down and abandoning module SandboxFile (2)
[2015.07.16-19.11.12:675][678]LogModuleManager: Shutting down and abandoning module PakFile (1)
[2015.07.16-19.11.12:677][678]LogExit: Exiting.
[2015.07.16-19.11.12:681][678]Log file closed, 07/16/15 22:11:12
