[2015.07.15-20.34.05:938][  0]Log file open, 07/15/15 23:34:05
[2015.07.15-20.34.05:938][  0]LogInit:Display: Running engine for game: JustDoIt
[2015.07.15-20.34.05:938][  0]LogInit:Display: RandInit(649349979) SRandInit(649349979).
[2015.07.15-20.34.05:938][  0]LogTaskGraph: Started task graph with 4 named threads and 5 total threads.
[2015.07.15-20.34.05:938][  0]LogStats: Stats thread started
[2015.07.15-20.34.05:938][  0]LogInit: Version: 4.8.2-2614606+++depot+UE4-Releases+4.8
[2015.07.15-20.34.05:938][  0]LogInit: API Version: 2579680
[2015.07.15-20.34.05:938][  0]LogInit: Compiled (64-bit): Jul  8 2015 23:43:41
[2015.07.15-20.34.05:938][  0]LogInit: Compiled with Visual C++: 18.00.21005.01
[2015.07.15-20.34.05:938][  0]LogInit: Build Configuration: Development
[2015.07.15-20.34.05:938][  0]LogInit: Branch Name: ++depot+UE4-Releases+4.8
[2015.07.15-20.34.05:938][  0]LogInit: Command line:  
[2015.07.15-20.34.05:938][  0]LogInit: Base directory: F:/GameDevelopment/Epic Games/4.8/Engine/Binaries/Win64/
[2015.07.15-20.34.05:938][  0]LogInit: Rocket: 1
[2015.07.15-20.34.05:956][  0]LogInit: Using libcurl 7.41.0
[2015.07.15-20.34.05:956][  0]LogInit:  - built for x86_64-pc-win32
[2015.07.15-20.34.05:956][  0]LogInit:  - supports SSL with WinSSL
[2015.07.15-20.34.05:956][  0]LogInit:  - other features:
[2015.07.15-20.34.05:956][  0]LogInit:      CURL_VERSION_SSL
[2015.07.15-20.34.05:956][  0]LogInit:      CURL_VERSION_IPV6
[2015.07.15-20.34.05:956][  0]LogInit:      CURL_VERSION_ASYNCHDNS
[2015.07.15-20.34.05:956][  0]LogInit:      CURL_VERSION_LARGEFILE
[2015.07.15-20.34.05:956][  0]LogInit:      CURL_VERSION_IDN
[2015.07.15-20.34.05:956][  0]LogInit:  CurlRequestOptions (configurable via config and command line):
[2015.07.15-20.34.05:956][  0]LogInit:  - bVerifyPeer = true  - Libcurl will verify peer certificate
[2015.07.15-20.34.05:956][  0]LogInit:  - bUseHttpProxy = false  - Libcurl will NOT use HTTP proxy
[2015.07.15-20.34.05:956][  0]LogInit:  - bDontReuseConnections = false  - Libcurl will reuse connections
[2015.07.15-20.34.05:956][  0]LogInit:  - CertBundlePath = nullptr  - Libcurl will use whatever was configured at build time.
[2015.07.15-20.34.05:974][  0]LogOnline:Warning: No default platform service specified for OnlineSubsystem
[2015.07.15-20.34.05:992][  0]LogInit: Presizing for 0 objects not considered by GC, pre-allocating 0 bytes.
[2015.07.15-20.34.06:003][  0]LogInit: Object subsystem initialized
[2015.07.15-20.34.06:004][  0]LogConsoleResponse:Warning: Skipping Unknown console variable: 'TranslucentSortAxis = (X=0.000000,Y=-1.000000,Z=0.000000)'
[2015.07.15-20.34.06:004][  0]LogConsoleResponse:Warning:   Found in ini file 'F:/GameDevelopment/Projects/ActualProject_1/FirstProjEver/JustDoIt/Saved/Config/Windows/Engine.ini', in section '[/Script/Engine.RendererSettings]'
[2015.07.15-20.34.06:004][  0]LogConsoleResponse:Warning: Skipping Unknown console variable: 'UIScaleRule = ShortestSide'
[2015.07.15-20.34.06:004][  0]LogConsoleResponse:Warning:   Found in ini file 'F:/GameDevelopment/Projects/ActualProject_1/FirstProjEver/JustDoIt/Saved/Config/Windows/Engine.ini', in section '[/Script/Engine.RendererSettings]'
[2015.07.15-20.34.06:004][  0]LogConsoleResponse:Warning: Skipping Unknown console variable: 'UIScaleCurve = (EditorCurveData=(Keys=),ExternalCurve=None)'
[2015.07.15-20.34.06:004][  0]LogConsoleResponse:Warning:   Found in ini file 'F:/GameDevelopment/Projects/ActualProject_1/FirstProjEver/JustDoIt/Saved/Config/Windows/Engine.ini', in section '[/Script/Engine.RendererSettings]'
[2015.07.15-20.34.06:005][  0]LogInit: Selected Device Profile: [Windows]
[2015.07.15-20.34.06:005][  0]LogInit: Applying CVar settings loaded from the selected device profile: [Windows]
[2015.07.15-20.34.06:018][  0]LogInit: Computer: NIKPC
[2015.07.15-20.34.06:018][  0]LogInit: User: Nikita
[2015.07.15-20.34.06:018][  0]LogInit: CPU Page size=4096, Cores=2
[2015.07.15-20.34.06:018][  0]LogInit: High frequency timer resolution =1.753827 MHz
[2015.07.15-20.34.06:018][  0]LogMemory: Memory total: Physical=7.9GB (8GB approx)
[2015.07.15-20.34.06:018][  0]LogMemory: Platform Memory Stats for Windows
[2015.07.15-20.34.06:018][  0]LogMemory: Process Physical Memory: 49.03 MB used, 49.03 MB peak
[2015.07.15-20.34.06:018][  0]LogMemory: Process Virtual Memory: 24.44 MB used, 24.44 MB peak
[2015.07.15-20.34.06:018][  0]LogMemory: Physical Memory: 3925.37 MB used, 8077.30 MB total
[2015.07.15-20.34.06:018][  0]LogMemory: Virtual Memory: 293.19 MB used, 134217728.00 MB total
[2015.07.15-20.34.06:059][  0]LogTextLocalizationManager: The requested culture ('ru_RU') has no localization data; falling back to 'en' for localization and internationalization data.
[2015.07.15-20.34.06:386][  0]LogTextLocalizationManager:Warning: Loaded localization resources contain conflicting entries for (Namespace:ContentBrowser, Key:ImportAssetToolTip):
Localization Resource: (F:/GameDevelopment/Epic Games/4.8/Engine/Content/Localization/Editor/en/Editor.locres) Source String Hash: (-630476809) Localized String: (Import to {0}...)
Localization Resource: (F:/GameDevelopment/Epic Games/4.8/Engine/Content/Localization/Editor/en/Editor.locres) Source String Hash: (1271782899) Localized String: (Imports an asset from file to this folder.)
[2015.07.15-20.34.06:818][  0]LogD3D11RHI: Found D3D11 adapter 0: Intel(R) HD Graphics 4000 (Feature Level 11_0)
[2015.07.15-20.34.06:818][  0]LogD3D11RHI: Adapter has 1988MB of dedicated video memory, 0MB of dedicated system memory, and 2048MB of shared system memory, 2 output[s]
[2015.07.15-20.34.06:833][  0]LogD3D11RHI: Found D3D11 adapter 1: NVIDIA GeForce GT 740M    (Feature Level 11_0)
[2015.07.15-20.34.06:833][  0]LogD3D11RHI: Adapter has 1988MB of dedicated video memory, 0MB of dedicated system memory, and 2048MB of shared system memory, 0 output[s]
[2015.07.15-20.34.06:835][  0]LogD3D11RHI: Found D3D11 adapter 2: Microsoft Basic Render Driver (Feature Level 11_0)
[2015.07.15-20.34.06:835][  0]LogD3D11RHI: Adapter has 1988MB of dedicated video memory, 0MB of dedicated system memory, and 2048MB of shared system memory, 0 output[s]
[2015.07.15-20.34.06:835][  0]LogD3D11RHI: Chosen D3D11 Adapter Id = 0
[2015.07.15-20.34.06:840][  0]LogD3D11RHI: InitD3DDevice
[2015.07.15-20.34.06:840][  0]LogD3D11RHI: !Direct3DDevice
[2015.07.15-20.34.06:840][  0]LogRHI: Texture pool is 1361 MB (70% of 1945 MB)
[2015.07.15-20.34.06:857][  0]LogD3D11RHI: Async texture creation enabled
[2015.07.15-20.34.06:877][  0]LogShaderCompilers:Display: Using Local Shader Compiler.
[2015.07.15-20.34.08:477][  0]LogTemp:Display: Loaded TP DesktopTargetPlatform
[2015.07.15-20.34.08:499][  0]LogTemp:Display: Loaded TP WindowsClientTargetPlatform
[2015.07.15-20.34.08:521][  0]LogTemp:Display: Loaded TP WindowsNoEditorTargetPlatform
[2015.07.15-20.34.08:541][  0]LogTemp:Display: Loaded TP WindowsServerTargetPlatform
[2015.07.15-20.34.08:563][  0]LogTemp:Display: Loaded TP WindowsTargetPlatform
[2015.07.15-20.34.08:579][  0]LogTemp:Display: Loaded TP AndroidTargetPlatform
[2015.07.15-20.34.08:594][  0]LogTemp:Display: Loaded TP Android_ASTCTargetPlatform
[2015.07.15-20.34.08:610][  0]LogTemp:Display: Loaded TP Android_ATCTargetPlatform
[2015.07.15-20.34.08:626][  0]LogTemp:Display: Loaded TP Android_DXTTargetPlatform
[2015.07.15-20.34.08:644][  0]LogTemp:Display: Loaded TP Android_ETC1TargetPlatform
[2015.07.15-20.34.08:661][  0]LogTemp:Display: Loaded TP Android_ETC2TargetPlatform
[2015.07.15-20.34.08:677][  0]LogTemp:Display: Loaded TP Android_PVRTCTargetPlatform
[2015.07.15-20.34.08:740][  0]LogTemp:Display: Loaded TP IOSTargetPlatform
[2015.07.15-20.34.08:756][  0]LogTemp:Display: Loaded TP LinuxNoEditorTargetPlatform
[2015.07.15-20.34.08:772][  0]LogTemp:Display: Loaded TP LinuxServerTargetPlatform
[2015.07.15-20.34.08:791][  0]LogTemp:Display: Loaded TP LinuxTargetPlatform
[2015.07.15-20.34.08:791][  0]LogTargetPlatformManager:Display: Building Assets For Windows
[2015.07.15-20.34.09:076][  0]LogDerivedDataCache:Display: Max Cache Size: 512 MB
[2015.07.15-20.34.09:142][  0]LogDerivedDataCache: Loaded boot cache 0.07s 53MB C:/Users/Nikita/AppData/Local/UnrealEngine/4.8/DerivedDataCache/Boot.ddc.
[2015.07.15-20.34.09:142][  0]LogDerivedDataCache:Display: Loaded Boot cache: C:/Users/Nikita/AppData/Local/UnrealEngine/4.8/DerivedDataCache/Boot.ddc
[2015.07.15-20.34.09:142][  0]LogDerivedDataCache: FDerivedDataBackendGraph:  Pak pak cache file ../../../../../Projects/ActualProject_1/FirstProjEver/JustDoIt/DerivedDataCache/DDC.ddp not found, will not use a pak cache.
[2015.07.15-20.34.09:142][  0]LogDerivedDataCache: Unable to find inner node Pak for hierarchical cache Hierarchy.
[2015.07.15-20.34.09:142][  0]LogDerivedDataCache: FDerivedDataBackendGraph:  CompressedPak pak cache file ../../../../../Projects/ActualProject_1/FirstProjEver/JustDoIt/DerivedDataCache/Compressed.ddp not found, will not use a pak cache.
[2015.07.15-20.34.09:142][  0]LogDerivedDataCache: Unable to find inner node CompressedPak for hierarchical cache Hierarchy.
[2015.07.15-20.34.09:387][  0]LogDerivedDataCache:Display: Pak cache opened for reading ../../../Engine/DerivedDataCache/Compressed.ddp.
[2015.07.15-20.34.09:400][  0]LogDerivedDataCache: Using Local data cache path C:/Users/Nikita/AppData/Local/UnrealEngine/Common/DerivedDataCache: Writable
[2015.07.15-20.34.09:731][  0]LogInit: Selected Device Profile: [Windows]
[2015.07.15-20.34.09:864][  0]ImportText (ComponentSweepMultiTests): Missing closing parenthesis: (RootShapeAsset="/Engine/BasicShapes/Cube.Cube",ShapeType="TriggerCapsule",HitResult=(Time=0.50,Location=(X=-100.000015,Y=0.0,Z=100.000015),ImpactPoint=(X=-50.0,Y=0.0,Z=50.0),Normal=(X=-1.0,Y=-0.0,Z=0.0),ImpactNormal=(X=0.0,Y=0.0,Z=1.0),TraceStart=(X=-200.0,Y=0.0,Z=200.0),TraceEnd=(X=0.0,Y=0.0,Z=0.0))
[2015.07.15-20.34.09:864][  0]ImportText (LineTraceSingleByChannelTests): Missing closing parenthesis: (RootShapeAsset="/Engine/BasicShapes/Cube.Cube",HitResult=(Time=0.50,Location=(X=-100.000015,Y=0.0,Z=100.000015),ImpactPoint=(X=-50.0,Y=0.0,Z=50.0),Normal=(X=-1.0,Y=-0.0,Z=0.0),ImpactNormal=(X=0.0,Y=0.0,Z=1.0),TraceStart=(X=-200.0,Y=0.0,Z=200.0),TraceEnd=(X=0.0,Y=0.0,Z=0.0))
[2015.07.15-20.34.09:904][  0]LogMeshUtilities: No automatic mesh reduction module available
[2015.07.15-20.34.09:904][  0]LogMeshUtilities: No automatic mesh merging module available
[2015.07.15-20.34.10:411][  0]LogInit: WinSock: version 1.1 (2.2), MaxSocks=32767, MaxUdp=65467
[2015.07.15-20.34.11:702][  0]UdpMessaging: Initializing bridge on interface 0.0.0.0:0 to multicast group 230.0.0.1:6666.
[2015.07.15-20.34.12:194][  0]SourceControl: Info Source control is disabled
[2015.07.15-20.34.12:211][  0]SourceControl: Info Source control is disabled
[2015.07.15-20.34.12:223][  0]SourceControl: Info Source control is disabled
[2015.07.15-20.34.12:235][  0]SourceControl: Info Source control is disabled
[2015.07.15-20.34.12:558][  0]LogObj: 26273 objects as part of root set at end of initial load.
[2015.07.15-20.34.12:558][  0]LogUObjectAllocator: 5409248 out of 0 bytes used by permanent object pool.
[2015.07.15-20.34.12:646][  0]LogEngine: Initializing Engine...
[2015.07.15-20.34.12:649][  0]LogHMD: Can't find Oculus library dev build: is proper Runtime installed? Version: 0.6.0.0
[2015.07.15-20.34.12:651][  0]LogHMD:Warning: SteamVR failed to initialize.  Error: 110
[2015.07.15-20.34.12:881][  0]LogAIModule: Creating AISystem for world NewWorld
[2015.07.15-20.34.12:889][  0]LogInit: XAudio2 using 'Headphones (High Definition Audio Device)' : 2 channels at 44.1 kHz using 16 bits per sample (channel mask 0x3)
[2015.07.15-20.34.12:899][  0]LogInit: FAudioDevice initialized.
[2015.07.15-20.34.12:930][  0]LogDerivedDataCache: Saved boot cache 0.03s 53MB C:/Users/Nikita/AppData/Local/UnrealEngine/4.8/DerivedDataCache/Boot.ddc.
[2015.07.15-20.34.12:937][  0]LogInit: Texture streaming: Disabled
[2015.07.15-20.34.12:976][  0]LogAnalytics: Creating configured Analytics provider AnalyticsET
[2015.07.15-20.34.12:976][  0]LogAnalytics: [UEEditor.Rocket.Release] APIServer = http://et2.epicgames.com/ET2/. AppVersion = 4.8.2-2614606+++depot+UE4-Releases+4.8
[2015.07.15-20.34.12:976][  0]LogAnalytics: [UEEditor.Rocket.Release] SetUserId 412554c84dce0172ced9c993479e3b4a|211b3dab690f4096afd4dd007df595dd|a7c4cc10-e2dd-4cbc-a537-941298a0deb0
[2015.07.15-20.34.12:976][  0]LogAnalytics: [UEEditor.Rocket.Release] AnalyticsET::StartSession
[2015.07.15-20.34.13:013][  0]LogInit: Transaction tracking system initialized
[2015.07.15-20.34.13:233][  0]BlueprintLog: New page: Editor Load
[2015.07.15-20.34.13:288][  0]LogAssetRegistry: FAssetRegistry took 0.0114 seconds to start up
[2015.07.15-20.34.13:288][  0]LogDirectoryWatcher:Warning: Failed to begin reading directory changes for ../../../Engine/Plugins/Experimental/CharacterAI/Content/. Error: 0
[2015.07.15-20.34.14:688][  0]LogConsoleManager:Warning: Console variable 'r.VSync' wasn't set ('GameSetting' has a lower priority than 'SystemSettingsIni')
[2015.07.15-20.34.14:689][  0]LogConsoleResponse:Display: 
[2015.07.15-20.34.14:884][  0]LogCook:Display: Done creating registry. It took  0.00s.
[2015.07.15-20.34.15:230][  0]SourceControl: Info Source control is disabled
[2015.07.15-20.34.15:230][  0]Cmd: MAP LOAD FILE="../../../../../Projects/ActualProject_1/FirstProjEver/JustDoIt/Content/StarterContent/Maps/Minimal_Default.umap" TEMPLATE=0 SHOWPROGRESS=1 FEATURELEVEL=3
[2015.07.15-20.34.15:231][  0]LightingResults: New page: Lighting Build
[2015.07.15-20.34.15:253][  0]MapCheck: New page: Map Check
[2015.07.15-20.34.15:253][  0]LightingResults: New page: Lighting Build
[2015.07.15-20.34.15:278][  0]LogParticles: Destroying 0 GPU particle simulations for FXSystem 0x000000DB18D70B80
[2015.07.15-20.34.22:166][  0]LogAIModule: Creating AISystem for world Minimal_Default
[2015.07.15-20.34.22:183][  0]LogEditorServer: Finished looking for orphan Actors (0.000 secs)
[2015.07.15-20.34.22:225][  0]Cmd: MAP CHECKDEP NOCLEARLOG
[2015.07.15-20.34.22:390][  0]MapCheck: Info Map check complete: 0 Error(s), 0 Warning(s), took 165.596ms to complete.
[2015.07.15-20.34.22:391][  0]LogFileHelpers: Loading map 'Minimal_Default' took 7.160
[2015.07.15-20.34.22:535][  0]LogCollectionManager: Loaded 0 collections in 0.005441 seconds
[2015.07.15-20.34.22:557][  0]LogContentBrowser: Native class hierarchy populated in 0.0227 seconds. Added 1792 classes and 301 folders.
[2015.07.15-20.34.22:664][  0]LogContentBrowser: Native class hierarchy updated for 'WidgetCarousel' in 0.0007 seconds. Added 0 classes and 0 folders.
[2015.07.15-20.34.22:727][  0]LogContentBrowser: Native class hierarchy updated for 'AddContentDialog' in 0.0009 seconds. Added 0 classes and 0 folders.
[2015.07.15-20.34.22:838][  0]LogContentBrowser: Native class hierarchy updated for 'SceneOutliner' in 0.0007 seconds. Added 1 classes and 2 folders.
[2015.07.15-20.34.22:990][  0]LogCrashTracker: Crashtracker disabled due to settings.
[2015.07.15-20.34.22:992][  0]LogD3D11RHI: InitD3DDevice
[2015.07.15-20.34.22:997][  0]LogUObjectGlobals:Warning: Failed to find object 'Class None.'
[2015.07.15-20.34.23:019][  0]LogLoad: Full Startup: 19.52 seconds (BP compile: 3.72 seconds)
[2015.07.15-20.34.23:545][  0]LogContentStreaming: Texture pool size is 0.000000MB
[2015.07.15-20.34.23:607][  0]LogContentStreaming: Texture pool size now 700 MB
[2015.07.15-20.34.23:834][  0]LogRenderer: Reallocating scene render targets to support 944x592 (Frame:2).
[2015.07.15-20.34.23:975][  1]LogScript:Warning: Accessed None 'CallFunc_TryGetPawnOwner_ReturnValue'
	FP_AB_C /Engine/Transient.CharacterMesh0:FP_AB_C_0
	Function /Game/FP/BP_Anims/FP_AB.FP_AB_C:ExecuteUbergraph_FP_AB:19A2
[2015.07.15-20.34.23:975][  1]LogScript:Warning: Accessed None 'CallFunc_TryGetPawnOwner_ReturnValue'
	FP_AB_C /Engine/Transient.CharacterMesh0:FP_AB_C_0
	Function /Game/FP/BP_Anims/FP_AB.FP_AB_C:ExecuteUbergraph_FP_AB:19CD
[2015.07.15-20.34.23:975][  1]LogScript:Warning: Accessed None 'CallFunc_TryGetPawnOwner_ReturnValue'
	FP_AB_C /Engine/Transient.CharacterMesh0:FP_AB_C_0
	Function /Game/FP/BP_Anims/FP_AB.FP_AB_C:ExecuteUbergraph_FP_AB:1A3C
[2015.07.15-20.34.23:975][  1]LogScript:Warning: Accessed None 'CallFunc_GetMovementComponent_ReturnValue'
	FP_AB_C /Engine/Transient.CharacterMesh0:FP_AB_C_0
	Function /Game/FP/BP_Anims/FP_AB.FP_AB_C:ExecuteUbergraph_FP_AB:1A6B
[2015.07.15-20.34.23:975][  1]LogScript:Warning: Accessed None 'CallFunc_TryGetPawnOwner_ReturnValue'
	FP_AB_C /Engine/Transient.CharacterMesh0:FP_AB_C_0
	Function /Game/FP/BP_Anims/FP_AB.FP_AB_C:ExecuteUbergraph_FP_AB:1AC7
[2015.07.15-20.34.23:976][  1]LogScript:Warning: Accessed None 'CallFunc_TryGetPawnOwner_ReturnValue'
	FP_AB_C /Engine/Transient.CharacterMesh0:FP_AB_C_0
	Function /Game/FP/BP_Anims/FP_AB.FP_AB_C:ExecuteUbergraph_FP_AB:19A2
[2015.07.15-20.34.23:976][  1]LogScript:Warning: Accessed None 'CallFunc_TryGetPawnOwner_ReturnValue'
	FP_AB_C /Engine/Transient.CharacterMesh0:FP_AB_C_0
	Function /Game/FP/BP_Anims/FP_AB.FP_AB_C:ExecuteUbergraph_FP_AB:19CD
[2015.07.15-20.34.23:976][  1]LogScript:Warning: Accessed None 'CallFunc_TryGetPawnOwner_ReturnValue'
	FP_AB_C /Engine/Transient.CharacterMesh0:FP_AB_C_0
	Function /Game/FP/BP_Anims/FP_AB.FP_AB_C:ExecuteUbergraph_FP_AB:1A3C
[2015.07.15-20.34.23:976][  1]LogScript:Warning: Accessed None 'CallFunc_GetMovementComponent_ReturnValue'
	FP_AB_C /Engine/Transient.CharacterMesh0:FP_AB_C_0
	Function /Game/FP/BP_Anims/FP_AB.FP_AB_C:ExecuteUbergraph_FP_AB:1A6B
[2015.07.15-20.34.23:976][  1]LogScript:Warning: Accessed None 'CallFunc_TryGetPawnOwner_ReturnValue'
	FP_AB_C /Engine/Transient.CharacterMesh0:FP_AB_C_0
	Function /Game/FP/BP_Anims/FP_AB.FP_AB_C:ExecuteUbergraph_FP_AB:1AC7
[2015.07.15-20.34.24:576][  3]LogD3D11RHI: InitD3DDevice
[2015.07.15-20.34.27:940][ 16]LogAssetRegistry: Asset discovery search completed in 14.6625 seconds
[2015.07.15-20.34.28:191][ 29]LogD3D11RHI: InitD3DDevice
[2015.07.15-20.34.28:431][ 29]LogD3D11RHI: InitD3DDevice
[2015.07.15-20.34.28:495][ 29]LogLinker:Warning: Asset '../../../Engine/Content/ArtTools/RenderToTexture/Macros/RenderToTextureMacros.uasset' has been saved with empty engine version. The asset will be loaded but may be incompatible.
[2015.07.15-20.34.28:653][ 29]LogLinker:Warning: Asset '../../../Engine/Content/ArtTools/RenderToTexture/Enums/RenderToTexture_Enum.uasset' has been saved with empty engine version. The asset will be loaded but may be incompatible.
[2015.07.15-20.34.29:680][ 29]LogSkeletalMesh: InitArticulated: Bodies already created (/Engine/Transient.DebugSkelMeshComponent_0) - call TermArticulated first.
[2015.07.15-20.34.30:013][ 29]LogActorComponent: RegisterComponentWithWorld: (/Engine/Transient.DebugSkelMeshComponent_0) Already registered. Aborting.
[2015.07.15-20.34.30:028][ 29]LogD3D11RHI: InitD3DDevice
[2015.07.15-20.34.30:349][ 29]LogSkeletalMesh: InitArticulated: Bodies already created (/Engine/Transient.DebugSkelMeshComponent_2) - call TermArticulated first.
[2015.07.15-20.34.30:563][ 29]LogActorComponent: RegisterComponentWithWorld: (/Engine/Transient.DebugSkelMeshComponent_2) Already registered. Aborting.
[2015.07.15-20.34.30:581][ 29]LogD3D11RHI: InitD3DDevice
[2015.07.15-20.34.30:749][ 29]LogD3D11RHI: InitD3DDevice
[2015.07.15-20.34.30:869][ 29]LogD3D11RHI: InitD3DDevice
[2015.07.15-20.34.31:422][ 29]LogLinker:Warning: Asset '../../../Engine/Content/Tutorial/SubEditors/PersonaAnimEditorTutorial.uasset' has been saved with empty engine version. The asset will be loaded but may be incompatible.
[2015.07.15-20.34.31:569][ 29]LogContentBrowser:Verbose: The majority of assets in the view are of type: AnimSequence
[2015.07.15-20.34.32:393][ 38]LogD3D11RHI: InitD3DDevice
[2015.07.15-20.34.38:656][263]LogD3D11RHI: InitD3DDevice
[2015.07.15-20.34.41:946][389]LogD3D11RHI: InitD3DDevice
[2015.07.15-20.34.43:229][426]LogD3D11RHI: InitD3DDevice
[2015.07.15-20.34.43:727][441]LogD3D11RHI: InitD3DDevice
[2015.07.15-20.34.46:088][526]BlueprintLog: New page: Compile FP_char
[2015.07.15-20.34.47:259][526]LogActorComponent: UnregisterComponent: (/Engine/Transient.CharMoveComp) Not registered. Aborting.
[2015.07.15-20.34.47:414][526]LogParticles: Destroying 0 GPU particle simulations fo