[2015.07.17-12.38.15:031][  0]Log file open, 07/17/15 15:38:15
[2015.07.17-12.38.15:031][  0]LogInit:Display: Running engine for game: JustDoIt
[2015.07.17-12.38.15:031][  0]LogInit:Display: RandInit(234063601) SRandInit(234063601).
[2015.07.17-12.38.15:031][  0]LogTaskGraph: Started task graph with 4 named threads and 5 total threads.
[2015.07.17-12.38.15:031][  0]LogStats: Stats thread started
[2015.07.17-12.38.15:031][  0]LogInit: Version: 4.8.2-2614606+++depot+UE4-Releases+4.8
[2015.07.17-12.38.15:031][  0]LogInit: API Version: 2579680
[2015.07.17-12.38.15:031][  0]LogInit: Compiled (64-bit): Jul  8 2015 23:43:41
[2015.07.17-12.38.15:031][  0]LogInit: Compiled with Visual C++: 18.00.21005.01
[2015.07.17-12.38.15:031][  0]LogInit: Build Configuration: Development
[2015.07.17-12.38.15:031][  0]LogInit: Branch Name: ++depot+UE4-Releases+4.8
[2015.07.17-12.38.15:031][  0]LogInit: Command line:  
[2015.07.17-12.38.15:031][  0]LogInit: Base directory: F:/GameDevelopment/Epic Games/4.8/Engine/Binaries/Win64/
[2015.07.17-12.38.15:031][  0]LogInit: Rocket: 1
[2015.07.17-12.38.15:053][  0]LogInit: Using libcurl 7.41.0
[2015.07.17-12.38.15:053][  0]LogInit:  - built for x86_64-pc-win32
[2015.07.17-12.38.15:053][  0]LogInit:  - supports SSL with WinSSL
[2015.07.17-12.38.15:053][  0]LogInit:  - other features:
[2015.07.17-12.38.15:053][  0]LogInit:      CURL_VERSION_SSL
[2015.07.17-12.38.15:053][  0]LogInit:      CURL_VERSION_IPV6
[2015.07.17-12.38.15:053][  0]LogInit:      CURL_VERSION_ASYNCHDNS
[2015.07.17-12.38.15:053][  0]LogInit:      CURL_VERSION_LARGEFILE
[2015.07.17-12.38.15:053][  0]LogInit:      CURL_VERSION_IDN
[2015.07.17-12.38.15:053][  0]LogInit:  CurlRequestOptions (configurable via config and command line):
[2015.07.17-12.38.15:053][  0]LogInit:  - bVerifyPeer = true  - Libcurl will verify peer certificate
[2015.07.17-12.38.15:053][  0]LogInit:  - bUseHttpProxy = false  - Libcurl will NOT use HTTP proxy
[2015.07.17-12.38.15:053][  0]LogInit:  - bDontReuseConnections = false  - Libcurl will reuse connections
[2015.07.17-12.38.15:053][  0]LogInit:  - CertBundlePath = nullptr  - Libcurl will use whatever was configured at build time.
[2015.07.17-12.38.15:075][  0]LogOnline:Warning: No default platform service specified for OnlineSubsystem
[2015.07.17-12.38.15:100][  0]LogInit: Presizing for 0 objects not considered by GC, pre-allocating 0 bytes.
[2015.07.17-12.38.15:116][  0]LogInit: Object subsystem initialized
[2015.07.17-12.38.15:117][  0]LogConsoleResponse:Warning: Skipping Unknown console variable: 'TranslucentSortAxis = (X=0.000000,Y=-1.000000,Z=0.000000)'
[2015.07.17-12.38.15:117][  0]LogConsoleResponse:Warning:   Found in ini file 'F:/GameDevelopment/Projects/ActualProject_1/FirstProjEver/JustDoIt/Saved/Config/Windows/Engine.ini', in section '[/Script/Engine.RendererSettings]'
[2015.07.17-12.38.15:117][  0]LogConsoleResponse:Warning: Skipping Unknown console variable: 'UIScaleRule = ShortestSide'
[2015.07.17-12.38.15:117][  0]LogConsoleResponse:Warning:   Found in ini file 'F:/GameDevelopment/Projects/ActualProject_1/FirstProjEver/JustDoIt/Saved/Config/Windows/Engine.ini', in section '[/Script/Engine.RendererSettings]'
[2015.07.17-12.38.15:117][  0]LogConsoleResponse:Warning: Skipping Unknown console variable: 'UIScaleCurve = (EditorCurveData=(Keys=),ExternalCurve=None)'
[2015.07.17-12.38.15:117][  0]LogConsoleResponse:Warning:   Found in ini file 'F:/GameDevelopment/Projects/ActualProject_1/FirstProjEver/JustDoIt/Saved/Config/Windows/Engine.ini', in section '[/Script/Engine.RendererSettings]'
[2015.07.17-12.38.15:118][  0]LogInit: Selected Device Profile: [Windows]
[2015.07.17-12.38.15:118][  0]LogInit: Applying CVar settings loaded from the selected device profile: [Windows]
[2015.07.17-12.38.15:130][  0]LogInit: Computer: NIKPC
[2015.07.17-12.38.15:130][  0]LogInit: User: Nikita
[2015.07.17-12.38.15:130][  0]LogInit: CPU Page size=4096, Cores=2
[2015.07.17-12.38.15:130][  0]LogInit: High frequency timer resolution =1.753827 MHz
[2015.07.17-12.38.15:130][  0]LogMemory: Memory total: Physical=7.9GB (8GB approx)
[2015.07.17-12.38.15:131][  0]LogMemory: Platform Memory Stats for Windows
[2015.07.17-12.38.15:131][  0]LogMemory: Process Physical Memory: 49.68 MB used, 49.68 MB peak
[2015.07.17-12.38.15:131][  0]LogMemory: Process Virtual Memory: 22.52 MB used, 22.52 MB peak
[2015.07.17-12.38.15:131][  0]LogMemory: Physical Memory: 4054.57 MB used, 8077.30 MB total
[2015.07.17-12.38.15:131][  0]LogMemory: Virtual Memory: 291.25 MB used, 134217728.00 MB total
[2015.07.17-12.38.15:179][  0]LogTextLocalizationManager: The requested culture ('ru_RU') has no localization data; falling back to 'en' for localization and internationalization data.
[2015.07.17-12.38.15:544][  0]LogTextLocalizationManager:Warning: Loaded localization resources contain conflicting entries for (Namespace:ContentBrowser, Key:ImportAssetToolTip):
Localization Resource: (F:/GameDevelopment/Epic Games/4.8/Engine/Content/Localization/Editor/en/Editor.locres) Source String Hash: (-630476809) Localized String: (Import to {0}...)
Localization Resource: (F:/GameDevelopment/Epic Games/4.8/Engine/Content/Localization/Editor/en/Editor.locres) Source String Hash: (1271782899) Localized String: (Imports an asset from file to this folder.)
[2015.07.17-12.38.16:252][  0]LogD3D11RHI: Found D3D11 adapter 0: Intel(R) HD Graphics 4000 (Feature Level 11_0)
[2015.07.17-12.38.16:252][  0]LogD3D11RHI: Adapter has 1988MB of dedicated video memory, 0MB of dedicated system memory, and 2048MB of shared system memory, 2 output[s]
[2015.07.17-12.38.16:267][  0]LogD3D11RHI: Found D3D11 adapter 1: NVIDIA GeForce GT 740M    (Feature Level 11_0)
[2015.07.17-12.38.16:267][  0]LogD3D11RHI: Adapter has 1988MB of dedicated video memory, 0MB of dedicated system memory, and 2048MB of shared system memory, 0 output[s]
[2015.07.17-12.38.16:269][  0]LogD3D11RHI: Found D3D11 adapter 2: Microsoft Basic Render Driver (Feature Level 11_0)
[2015.07.17-12.38.16:269][  0]LogD3D11RHI: Adapter has 1988MB of dedicated video memory, 0MB of dedicated system memory, and 2048MB of shared system memory, 0 output[s]
[2015.07.17-12.38.16:269][  0]LogD3D11RHI: Chosen D3D11 Adapter Id = 0
[2015.07.17-12.38.16:276][  0]LogD3D11RHI: InitD3DDevice
[2015.07.17-12.38.16:276][  0]LogD3D11RHI: !Direct3DDevice
[2015.07.17-12.38.16:276][  0]LogRHI: Texture pool is 1361 MB (70% of 1945 MB)
[2015.07.17-12.38.16:293][  0]LogD3D11RHI: Async texture creation enabled
[2015.07.17-12.38.16:312][  0]LogShaderCompilers:Display: Using Local Shader Compiler.
[2015.07.17-12.38.17:893][  0]LogTemp:Display: Loaded TP DesktopTargetPlatform
[2015.07.17-12.38.17:913][  0]LogTemp:Display: Loaded TP WindowsClientTargetPlatform
[2015.07.17-12.38.17:935][  0]LogTemp:Display: Loaded TP WindowsNoEditorTargetPlatform
[2015.07.17-12.38.17:957][  0]LogTemp:Display: Loaded TP WindowsServerTargetPlatform
[2015.07.17-12.38.17:983][  0]LogTemp:Display: Loaded TP WindowsTargetPlatform
[2015.07.17-12.38.18:003][  0]LogTemp:Display: Loaded TP AndroidTargetPlatform
[2015.07.17-12.38.18:020][  0]LogTemp:Display: Loaded TP Android_ASTCTargetPlatform
[2015.07.17-12.38.18:039][  0]LogTemp:Display: Loaded TP Android_ATCTargetPlatform
[2015.07.17-12.38.18:058][  0]LogTemp:Display: Loaded TP Android_DXTTargetPlatform
[2015.07.17-12.38.18:078][  0]LogTemp:Display: Loaded TP Android_ETC1TargetPlatform
[2015.07.17-12.38.18:097][  0]LogTemp:Display: Loaded TP Android_ETC2TargetPlatform
[2015.07.17-12.38.18:116][  0]LogTemp:Display: Loaded TP Android_PVRTCTargetPlatform
[2015.07.17-12.38.18:185][  0]LogTemp:Display: Loaded TP IOSTargetPlatform
[2015.07.17-12.38.18:203][  0]LogTemp:Display: Loaded TP LinuxNoEditorTargetPlatform
[2015.07.17-12.38.18:222][  0]LogTemp:Display: Loaded TP LinuxServerTargetPlatform
[2015.07.17-12.38.18:245][  0]LogTemp:Display: Loaded TP LinuxTargetPlatform
[2015.07.17-12.38.18:245][  0]LogTargetPlatformManager:Display: Building Assets For Windows
[2015.07.17-12.38.18:568][  0]LogDerivedDataCache:Display: Max Cache Size: 512 MB
[2015.07.17-12.38.18:678][  0]LogDerivedDataCache: Loaded boot cache 0.11s 53MB C:/Users/Nikita/AppData/Local/UnrealEngine/4.8/DerivedDataCache/Boot.ddc.
[2015.07.17-12.38.18:678][  0]LogDerivedDataCache:Display: Loaded Boot cache: C:/Users/Nikita/AppData/Local/UnrealEngine/4.8/DerivedDataCache/Boot.ddc
[2015.07.17-12.38.18:678][  0]LogDerivedDataCache: FDerivedDataBackendGraph:  Pak pak cache file ../../../../../Projects/ActualProject_1/FirstProjEver/JustDoIt/DerivedDataCache/DDC.ddp not found, will not use a pak cache.
[2015.07.17-12.38.18:678][  0]LogDerivedDataCache: Unable to find inner node Pak for hierarchical cache Hierarchy.
[2015.07.17-12.38.18:678][  0]LogDerivedDataCache: FDerivedDataBackendGraph:  CompressedPak pak cache file ../../../../../Projects/ActualProject_1/FirstProjEver/JustDoIt/DerivedDataCache/Compressed.ddp not found, will not use a pak cache.
[2015.07.17-12.38.18:678][  0]LogDerivedDataCache: Unable to find inner node CompressedPak for hierarchical cache Hierarchy.
[2015.07.17-12.38.18:916][  0]LogDerivedDataCache:Display: Pak cache opened for reading ../../../Engine/DerivedDataCache/Compressed.ddp.
[2015.07.17-12.38.18:928][  0]LogDerivedDataCache: Using Local data cache path C:/Users/Nikita/AppData/Local/UnrealEngine/Common/DerivedDataCache: Writable
[2015.07.17-12.38.19:338][  0]LogInit: Selected Device Profile: [Windows]
[2015.07.17-12.38.19:499][  0]ImportText (ComponentSweepMultiTests): Missing closing parenthesis: (RootShapeAsset="/Engine/BasicShapes/Cube.Cube",ShapeType="TriggerCapsule",HitResult=(Time=0.50,Location=(X=-100.000015,Y=0.0,Z=100.000015),ImpactPoint=(X=-50.0,Y=0.0,Z=50.0),Normal=(X=-1.0,Y=-0.0,Z=0.0),ImpactNormal=(X=0.0,Y=0.0,Z=1.0),TraceStart=(X=-200.0,Y=0.0,Z=200.0),TraceEnd=(X=0.0,Y=0.0,Z=0.0))
[2015.07.17-12.38.19:499][  0]ImportText (LineTraceSingleByChannelTests): Missing closing parenthesis: (RootShapeAsset="/Engine/BasicShapes/Cube.Cube",HitResult=(Time=0.50,Location=(X=-100.000015,Y=0.0,Z=100.000015),ImpactPoint=(X=-50.0,Y=0.0,Z=50.0),Normal=(X=-1.0,Y=-0.0,Z=0.0),ImpactNormal=(X=0.0,Y=0.0,Z=1.0),TraceStart=(X=-200.0,Y=0.0,Z=200.0),TraceEnd=(X=0.0,Y=0.0,Z=0.0))
[2015.07.17-12.38.19:544][  0]LogMeshUtilities: No automatic mesh reduction module available
[2015.07.17-12.38.19:544][  0]LogMeshUtilities: No automatic mesh merging module available
[2015.07.17-12.38.20:102][  0]LogInit: WinSock: version 1.1 (2.2), MaxSocks=32767, MaxUdp=65467
[2015.07.17-12.38.21:724][  0]UdpMessaging: Initializing bridge on interface 0.0.0.0:0 to multicast group 230.0.0.1:6666.
[2015.07.17-12.38.22:260][  0]SourceControl: Info Source control is disabled
[2015.07.17-12.38.22:285][  0]SourceControl: Info Source control is disabled
[2015.07.17-12.38.22:301][  0]SourceControl: Info Source control is disabled
[2015.07.17-12.38.22:315][  0]SourceControl: Info Source control is disabled
[2015.07.17-12.38.22:704][  0]LogObj: 26273 objects as part of root set at end of initial load.
[2015.07.17-12.38.22:704][  0]LogUObjectAllocator: 5409248 out of 0 bytes used by permanent object pool.
[2015.07.17-12.38.22:823][  0]LogEngine: Initializing Engine...
[2015.07.17-12.38.22:826][  0]LogHMD: Can't find Oculus library dev build: is proper Runtime installed? Version: 0.6.0.0
[2015.07.17-12.38.22:828][  0]LogHMD:Warning: SteamVR failed to initialize.  Error: 110
[2015.07.17-12.38.23:104][  0]LogAIModule: Creating AISystem for world NewWorld
[2015.07.17-12.38.23:114][  0]LogInit: XAudio2 using 'Headphones (High Definition Audio Device)' : 2 channels at 44.1 kHz using 16 bits per sample (channel mask 0x3)
[2015.07.17-12.38.23:125][  0]LogInit: FAudioDevice initialized.
[2015.07.17-12.38.23:186][  0]LogDerivedDataCache: Saved boot cache 0.06s 53MB C:/Users/Nikita/AppData/Local/UnrealEngine/4.8/DerivedDataCache/Boot.ddc.
[2015.07.17-12.38.23:195][  0]LogInit: Texture streaming: Disabled
[2015.07.17-12.38.23:240][  0]LogAnalytics: Creating configured Analytics provider AnalyticsET
[2015.07.17-12.38.23:240][  0]LogAnalytics: [UEEditor.Rocket.Release] APIServer = http://et2.epicgames.com/ET2/. AppVersion = 4.8.2-2614606+++depot+UE4-Releases+4.8
[2015.07.17-12.38.23:240][  0]LogAnalytics: [UEEditor.Rocket.Release] SetUserId 412554c84dce0172ced9c993479e3b4a|211b3dab690f4096afd4dd007df595dd|a7c4cc10-e2dd-4cbc-a537-941298a0deb0
[2015.07.17-12.38.23:240][  0]LogAnalytics: [UEEditor.Rocket.Release] AnalyticsET::StartSession
[2015.07.17-12.38.23:292][  0]LogInit: Transaction tracking system initialized
[2015.07.17-12.38.23:577][  0]BlueprintLog: New page: Editor Load
[2015.07.17-12.38.23:639][  0]LogAssetRegistry: FAssetRegistry took 0.0118 seconds to start up
[2015.07.17-12.38.23:640][  0]LogDirectoryWatcher:Warning: Failed to begin reading directory changes for ../../../Engine/Plugins/Experimental/CharacterAI/Content/. Error: 0
[2015.07.17-12.38.25:227][  0]LogConsoleManager:Warning: Console variable 'r.VSync' wasn't set ('GameSetting' has a lower priority than 'SystemSettingsIni')
[2015.07.17-12.38.25:228][  0]LogConsoleResponse:Display: 
[2015.07.17-12.38.25:469][  0]LogCook:Display: Done creating registry. It took  0.00s.
[2015.07.17-12.38.25:856][  0]SourceControl: Info Source control is disabled
[2015.07.17-12.38.25:857][  0]Cmd: MAP LOAD FILE="../../../../../Projects/ActualProject_1/FirstProjEver/JustDoIt/Content/StarterContent/Maps/Minimal_Default.umap" TEMPLATE=0 SHOWPROGRESS=1 FEATURELEVEL=3
[2015.07.17-12.38.25:858][  0]LightingResults: New page: Lighting Build
[2015.07.17-12.38.25:884][  0]MapCheck: New page: Map Check
[2015.07.17-12.38.25:884][  0]LightingResults: New page: Lighting Build
[2015.07.17-12.38.25:913][  0]LogParticles: Destroying 0 GPU particle simulations for FXSystem 0x0000005E9DF64B80
[2015.07.17-12.38.33:536][  0]LogAIModule: Creating AISystem for world Minimal_Default
[2015.07.17-12.38.33:551][  0]LogEditorServer: Finished looking for orphan Actors (0.000 secs)
[2015.07.17-12.38.33:584][  0]Cmd: MAP CHECKDEP NOCLEARLOG
[2015.07.17-12.38.33:705][  0]MapCheck: Info Map check complete: 0 Error(s), 0 Warning(s), took 120.259ms to complete.
[2015.07.17-12.38.33:705][  0]LogFileHelpers: Loading map 'Minimal_Default' took 7.849
[2015.07.17-12.38.33:801][  0]LogCollectionManager: Loaded 0 collections in 0.002603 seconds
[2015.07.17-12.38.33:812][  0]LogContentBrowser: Native class hierarchy populated in 0.0112 seconds. Added 1792 classes and 301 folders.
[2015.07.17-12.38.33:872][  0]LogContentBrowser: Native class hierarchy updated for 'WidgetCarousel' in 0.0007 seconds. Added 0 classes and 0 folders.
[2015.07.17-12.38.33:912][  0]LogContentBrowser: Native class hierarchy updated for 'AddContentDialog' in 0.0004 seconds. Added 0 classes and 0 folders.
[2015.07.17-12.38.33:991][  0]LogContentBrowser: Native class hierarchy updated for 'SceneOutliner' in 0.0008 seconds. Added 1 classes and 2 folders.
[2015.07.17-12.38.34:140][  0]LogCrashTracker: Crashtracker disabled due to settings.
[2015.07.17-12.38.34:142][  0]LogD3D11RHI: InitD3DDevice
[2015.07.17-12.38.34:145][  0]LogUObjectGlobals:Warning: Failed to find object 'Class None.'
[2015.07.17-12.38.34:168][  0]LogLoad: Full Startup: 21.70 seconds (BP compile: 4.23 seconds)
[2015.07.17-12.38.34:587][  0]LogContentStreaming: Texture pool size is 0.000000MB
[2015.07.17-12.38.34:634][  0]LogContentStreaming: Texture pool size now 700 MB
[2015.07.17-12.38.34:834][  0]LogRenderer: Reallocating scene render targets to support 928x592 (Frame:2).
[2015.07.17-12.38.34:950][  1]LogScript:Warning: Accessed None 'CallFunc_TryGetPawnOwner_ReturnValue'
	FP_AB_C /Engine/Transient.CharacterMesh0:FP_AB_C_0
	Function /Game/FP/BP_Anims/FP_AB.FP_AB_C:ExecuteUbergraph_FP_AB:19A2
[2015.07.17-12.38.34:951][  1]LogScript:Warning: Accessed None 'CallFunc_TryGetPawnOwner_ReturnValue'
	FP_AB_C /Engine/Transient.CharacterMesh0:FP_AB_C_0
	Function /Game/FP/BP_Anims/FP_AB.FP_AB_C:ExecuteUbergraph_FP_AB:19CD
[2015.07.17-12.38.34:951][  1]LogScript:Warning: Accessed None 'CallFunc_TryGetPawnOwner_ReturnValue'
	FP_AB_C /Engine/Transient.CharacterMesh0:FP_AB_C_0
	Function /Game/FP/BP_Anims/FP_AB.FP_AB_C:ExecuteUbergraph_FP_AB:1A3C
[2015.07.17-12.38.34:951][  1]LogScript:Warning: Accessed None 'CallFunc_GetMovementComponent_ReturnValue'
	FP_AB_C /Engine/Transient.CharacterMesh0:FP_AB_C_0
	Function /Game/FP/BP_Anims/FP_AB.FP_AB_C:ExecuteUbergraph_FP_AB:1A6B
[2015.07.17-12.38.34:951][  1]LogScript:Warning: Accessed None 'CallFunc_TryGetPawnOwner_ReturnValue'
	FP_AB_C /Engine/Transient.CharacterMesh0:FP_AB_C_0
	Function /Game/FP/BP_Anims/FP_AB.FP_AB_C:ExecuteUbergraph_FP_AB:1AC7
[2015.07.17-12.38.34:952][  1]LogScript:Warning: Accessed None 'CallFunc_TryGetPawnOwner_ReturnValue'
	FP_AB_C /Engine/Transient.CharacterMesh0:FP_AB_C_0
	Function /Game/FP/BP_Anims/FP_AB.FP_AB_C:ExecuteUbergraph_FP_AB:19A2
[2015.07.17-12.38.34:952][  1]LogScript:Warning: Accessed None 'CallFunc_TryGetPawnOwner_ReturnValue'
	FP_AB_C /Engine/Transient.CharacterMesh0:FP_AB_C_0
	Function /Game/FP/BP_Anims/FP_AB.FP_AB_C:ExecuteUbergraph_FP_AB:19CD
[2015.07.17-12.38.34:952][  1]LogScript:Warning: Accessed None 'CallFunc_TryGetPawnOwner_ReturnValue'
	FP_AB_C /Engine/Transient.CharacterMesh0:FP_AB_C_0
	Function /Game/FP/BP_Anims/FP_AB.FP_AB_C:ExecuteUbergraph_FP_AB:1A3C
[2015.07.17-12.38.34:952][  1]LogScript:Warning: Accessed None 'CallFunc_GetMovementComponent_ReturnValue'
	FP_AB_C /Engine/Transient.CharacterMesh0:FP_AB_C_0
	Function /Game/FP/BP_Anims/FP_AB.FP_AB_C:ExecuteUbergraph_FP_AB:1A6B
[2015.07.17-12.38.34:952][  1]LogScript:Warning: Accessed None 'CallFunc_TryGetPawnOwner_ReturnValue'
	FP_AB_C /Engine/Transient.CharacterMesh0:FP_AB_C_0
	Function /Game/FP/BP_Anims/FP_AB.FP_AB_C:ExecuteUbergraph_FP_AB:1AC7
[2015.07.17-12.38.35:447][  3]LogD3D11RHI: InitD3DDevice
[2015.07.17-12.38.39:960][ 16]LogAssetRegistry: Asset discovery search completed in 16.3333 seconds
[2015.07.17-12.38.49:751][148]LogD3D11RHI: InitD3DDevice
[2015.07.17-12.38.54:082][382]LogD3D11RHI: InitD3DDevice
[2015.07.17-12.38.54:236][382]LogLinker:Warning: Asset '../../../Engine/Content/ArtTools/RenderToTexture/Macros/RenderToTextureMacros.uasset' has been saved with empty engine version. The asset will be loaded but may be incompatible.
[2015.07.17-12.38.54:319][382]LogLinker:Warning: Asset '../../../Engine/Content/ArtTools/RenderToTexture/Enums/RenderToTexture_Enum.uasset' has been saved with empty engine version. The asset will be loaded but may be incompatible.
[2015.07.17-12.38.56:019][382]LogSkinnedMeshComp:Warning: GetSocketByName(): No SkeletalMesh for Weapon
[2015.07.17-12.38.59:733][552]LogD3D11RHI: InitD3DDevice
[2015.07.17-12.38.59:785][552]LogD3D11RHI: InitD3DDevice
[2015.07.17-12.39.01:568][571]LogD3D11RHI: InitD3DDevice
[2015.07.17-12.56.29:486][728]LogD3D11RHI: InitD3DDevice
[2015.07.17-12.56.49:154][867]LogD3D11RHI: InitD3DDevice
[2015.07.17-12.56.52:654][271]LogD3D11RHI: InitD3DDevice
[2015.07.17-12.56.56:957][757]BlueprintLog: New page: Compile Weapon_interface
[2015.07.17-12.56.57:090][757]LogActorComponent: UnregisterComponent: (/Engine/Transient.CharMoveComp) Not registered. Aborting.
[2015.07.17-12.56.58:008][757]LogSkinnedMeshComp:Warning: GetSocketByName(): No SkeletalMesh for Weapon
[2015.07.17-12.56.58:008][757]LogSkinnedMeshComp:Warning: GetSocketByName(): No SkeletalMesh for Weapon
[2015.07.17-12.56.58:008][757]LogSkinnedMeshComp:Warning: GetSocketByName(): No SkeletalMesh for Weapon
[2015.07.17-12.56.58:010][757]LogSkinnedMeshComp:Warning: GetSocketByName(): No SkeletalMesh for Weapon
[2015.07.17-12.56.58:010][757]LogSkinnedMeshComp:Warning: GetSocketByName(): No SkeletalMesh for Weapon
[2015.07.17-12.56.58:010][757]LogSkinnedMeshComp:Warning: GetSocketByName(): No SkeletalMesh for Weapon
[2015.07.17-12.56.58:010][757]LogSkinnedMeshComp:Warning: GetSocketByName(): No SkeletalMesh for Weapon
[2015.07.17-12.56.58:010][757]LogSkinnedMeshComp:Warning: GetSocketByName(): No SkeletalMesh for Weapon
[2015.07.17-12.56.58:010][757]LogSkinnedMeshComp:Warning: GetSocketByName(): No SkeletalMesh for Weapon
[2015.07.17-12.56.58:208][757]LogSkinnedMeshComp:Warning: GetSocketByName(): No SkeletalMesh for Weapon
[2015.07.17-12.56.58:208][757]LogSkinnedMeshComp:Warning: GetSocketByName(): No SkeletalMesh for Weapon
[2015.07.17-12.56.58:208][757]LogSkinnedMeshComp:Warning: GetSocketByName(): No SkeletalMesh for Weapon
[2015.07.17-12.56.58:211][757]LogSkinnedMeshComp:Warning: GetSocketByName(): No SkeletalMesh for Weapon
[2015.07.17-12.56.58:212][757]LogSkinnedMeshComp:Warning: GetSocketByName(): No SkeletalMesh for Weapon
[2015.07.17-12.56.58:212][757]LogSkinnedMeshComp:Warning: GetSocketByName(): No SkeletalMesh for Weapon
[2015.07.17-12.56.58:212][757]LogSkinnedMeshComp:Warning: GetSocketByName(): No SkeletalMesh for Weapon
[2015.07.17-12.56.58:212][757]LogSkinnedMeshComp:Warning: GetSocketByName(): No SkeletalMesh for Weapon
[2015.07.17-12.56.58:212][757]LogSkinnedMeshComp:Warning: GetSocketByName(): No SkeletalMesh for Weapon
[2015.07.17-12.56.58:508][757]BlueprintEditorCompileResults: Info [1126.04] Compile of Weapon_interface successful! [in 1,550 ms]
[2015.07.17-12.56.58:517][757]LogD3D11RHI: InitD3DDevice
[2015.07.17-12.56.58:563][757]Cmd: OBJ SAVEPACKAGE PACKAGE="/Game/Weapons/Weapon_interface" FILE="../../../../../Projects/ActualProject_1/FirstProjEver/JustDoIt/Content/Weapons/Weapon_interface.uasset" SILENT=true
[2015.07.17-12.56.58:753][757]LogSavePackage: Save=65.329132ms
[2015.07.17-12.56.58:753][757]LogSavePackage: Moving '../../../../../Projects/ActualProject_1/FirstProjEver/JustDoIt/Saved/Weapon_interfaceFEB4C12949DB51C0A6496297C972377E.tmp' to '../../../../../Projects/ActualProject_1/FirstProjEver/JustDoIt/Content/Weapons/Weapon_interface.uasset'
[2015.07.17-12.56.58:805][757]LogScript:Warning: Accessed None 'CallFunc_TryGetPawnOwner_ReturnValue'
	FP_AB_C /Engine/Transient.CharacterMesh0:FP_AB_C_2
	Function /Game/FP/BP_Anims/FP_AB.FP_AB_C:ExecuteUbergraph_FP_AB:19A2
[2015.07.17-12.56.58:805][757]LogScript:Warning: Accessed None 'CallFunc_TryGetPawnOwner_ReturnValue'
	FP_AB_C /Engine/Transient.CharacterMesh0:FP_AB_C_2
	Function /Game/FP/BP_Anims/FP_AB.FP_AB_C:ExecuteUbergraph_FP_AB:19CD
[2015.07.17-12.56.58:805][757]LogScript:Warning: Accessed None 'CallFunc_TryGetPawnOwner_ReturnValue'
	FP_AB_C /Engine/Transient.CharacterMesh0:FP_AB_C_2
	Function /Game/FP/BP_Anims/FP_AB.FP_AB_C:ExecuteUbergraph_FP_AB:1A3C
[2015.07.17-12.56.58:805][757]LogScript:Warning: Accessed None 'CallFunc_GetMovementComponent_ReturnValue'
	FP_AB_C /Engine/Transient.CharacterMesh0:FP_AB_C_2
	Function /Game/FP/BP_Anims/FP_AB.FP_AB_C:ExecuteUbergraph_FP_AB:1A6B
[2015.07.17-12.56.58:805][757]LogScript:Warning: Accessed None 'CallFunc_TryGetPawnOwner_ReturnValue'
	FP_AB_C /Engine/Transient.CharacterMesh0:FP_AB_C_2
	Function /Game/FP/BP_Anims/FP_AB.FP_AB_C:ExecuteUbergraph_FP_AB:1AC7
[2015.07.17-12.56.58:806][757]LogScript:Warning: Accessed None 'CallFunc_TryGetPawnOwner_ReturnValue'
	FP_AB_C /Engine/Transient.CharacterMesh0:FP_AB_C_2
	Function /Game/FP/BP_Anims/FP_AB.FP_AB_C:ExecuteUbergraph_FP_AB:19A2
[2015.07.17-12.56.58:806][757]LogScript:Warning: Accessed None 'CallFunc_TryGetPawnOwner_ReturnValue'
	FP_AB_C /Engine/Transient.CharacterMesh0:FP_AB_C_2
	Function /Game/FP/BP_Anims/FP_AB.FP_AB_C:ExecuteUbergraph_FP_AB:19CD
[2015.07.17-12.56.58:806][757]LogScript:Warning: Accessed None 'CallFunc_TryGetPawnOwner_ReturnValue'
	FP_AB_C /Engine/Transient.CharacterMesh0:FP_AB_C_2
	Function /Game/FP/BP_Anims/FP_AB.FP_AB_C:ExecuteUbergraph_FP_AB:1A3C
[2015.07.17-12.56.58:806][757]LogScript:Warning: Accessed None 'CallFunc_GetMovementComponent_ReturnValue'
	FP_AB_C /Engine/Transient.CharacterMesh0:FP_AB_C_2
	Function /Game/FP/BP_Anims/FP_AB.FP_AB_C:ExecuteUbergraph_FP_AB:1A6B
[2015.07.17-12.56.58:806][757]LogScript:Warning: Accessed None 'CallFunc_TryGetPawnOwner_ReturnValue'
	FP_AB_C /Engine/Transient.CharacterMesh0:FP_AB_C_2
	Function /Game/FP/BP_Anims/FP_AB.FP_AB_C:ExecuteUbergraph_FP_AB:1AC7
[2015.07.17-12.57.08:084][402]LogD3D11RHI: InitD3DDevice
[2015.07.17-12.57.13:228][727]LogD3D11RHI: InitD3DDevice
[2015.07.17-12.57.14:678][846]LogSkinnedMeshComp:Warning: GetSocketByName(): No SkeletalMesh for Weapon
[2015.07.17-12.57.14:678][846]LogSkinnedMeshComp:Warning: GetSocketByName(): No SkeletalMesh for Weapon
[2015.07.17-12.57.14:679][846]LogSkinnedMeshComp:Warning: GetSocketByName(): No SkeletalMesh for Weapon
[2015.07.17-12.57.14:680][846]LogSkinnedMeshComp:Warning: GetSocketByName(): No SkeletalMesh for Weapon
[2015.07.17-12.57.14:680][846]LogSkinnedMeshComp:Warning: GetSocketByName(): No SkeletalMesh for Weapon
[2015.07.17-12.57.14:680][846]LogSkinnedMeshComp:Warning: GetSocketByName(): No SkeletalMesh for Weapon
[2015.07.17-12.57.14:680][846]LogSkinnedMeshComp:Warning: GetSocketByName(): No SkeletalMesh for Weapon
[2015.07.17-12.57.14:680][846]LogSkinnedMeshComp:Warning: GetSocketByName(): No SkeletalMesh for Weapon
[2015.07.17-12.57.14:680][846]LogSkinnedMeshComp:Warning: GetSocketByName(): No SkeletalMesh for Weapon
[2015.07.17-12.57.15:192][869]LogD3D11RHI: InitD3DDevice
[2015.07.17-12.57.32:761][279]BlueprintLog: New page: Compile Weapon_interface
[2015.07.17-12.57.32:857][279]LogActorComponent: UnregisterComponent: (/Engine/Transient.CharMoveComp) Not registered. Aborting.
[2015.07.17-12.57.33:300][279]LogSkinnedMeshComp:Warning: GetSocketByName(): No SkeletalMesh for Weapon
[2015.07.17-12.57.33:300][279]LogSkinnedMeshComp:Warning: GetSocketByName(): No SkeletalMesh for Weapon
[2015.07.17-12.57.33:300][279]LogSkinnedMeshComp:Warning: GetSocketByName(): No SkeletalMesh for Weapon
[2015.07.17-12.57.33:302][279]LogSkinnedMeshComp:Warning: GetSocketByName(): No SkeletalMesh for Weapon
[2015.07.17-12.57.33:302][279]LogSkinnedMeshComp:Warning: GetSocketByName(): No SkeletalMesh for Weapon
[2015.07.17-12.57.33:302][279]LogSkinnedMeshComp:Warning: GetSocketByName(): No SkeletalMesh for Weapon
[2015.07.17-12.57.33:302][279]LogSkinnedMeshComp:Warning: GetSocketByName(): No SkeletalMesh for Weapon
[2015.07.17-12.57.33:302][279]LogSkinnedMeshComp:Warning: GetSocketByName(): No SkeletalMesh for Weapon
[2015.07.17-12.57.33:302][279]LogSkinnedMeshComp:Warning: GetSocketByName(): No SkeletalMesh for Weapon
[2015.07.17-12.57.33:489][279]LogSkinnedMeshComp:Warning: GetSocketByName(): No SkeletalMesh for Weapon
[2015.07.17-12.57.33:489][279]LogSkinnedMeshComp:Warning: GetSocketByName(): No SkeletalMesh for Weapon
[2015.07.17-12.57.33:489][279]LogSkinnedMeshComp:Warning: GetSocketByName(): No SkeletalMesh for Weapon
[2015.07.17-12.57.33:490][279]LogSkinnedMeshComp:Warning: GetSocketByName(): No SkeletalMesh for Weapon
[2015.07.17-12.57.33:491][279]LogSkinnedMeshComp:Warning: GetSocketByName(): No SkeletalMesh for Weapon
[2015.07.17-12.57.33:491][279]LogSkinnedMeshComp:Warning: GetSocketByName(): No SkeletalMesh for Weapon
[2015.07.17-12.57.33:491][279]LogSkinnedMeshComp:Warning: GetSocketByName(): No SkeletalMesh for Weapon
[2015.07.17-12.57.33:491][279]LogSkinnedMeshComp:Warning: GetSocketByName(): No SkeletalMesh for Weapon
[2015.07.17-12.57.33:491][279]LogSkinnedMeshComp:Warning: GetSocketByName(): No SkeletalMesh for Weapon
[2015.07.17-12.57.33:801][279]BlueprintEditorCompileResults: Info [1161.33] Compile of Weapon_interface successful! [in 1,039 ms]
[2015.07.17-12.57.33:804][279]LogScript:Warning: Accessed None 'CallFunc_TryGetPawnOwner_ReturnValue'
	FP_AB_C /Engine/Transient.CharacterMesh0:FP_AB_C_3
	Function /Game/FP/BP_Anims/FP_AB.FP_AB_C:ExecuteUbergraph_FP_AB:19A2
[2015.07.17-12.57.33:804][279]LogScript:Warning: Accessed None 'CallFunc_TryGetPawnOwner_ReturnValue'
	FP_AB_C /Engine/Transient.CharacterMesh0:FP_AB_C_3
	Function /Game/FP/BP_Anims/FP_AB.FP_AB_C:ExecuteUbergraph_FP_AB:19CD
[2015.07.17-12.57.33:804][279]LogScript:Warning: Accessed None 'CallFunc_TryGetPawnOwner_ReturnValue'
	FP_AB_C /Engine/Transient.CharacterMesh0:FP_AB_C_3
	Function /Game/FP/BP_Anims/FP_AB.FP_AB_C:ExecuteUbergraph_FP_AB:1A3C
[2015.07.17-12.57.33:804][279]LogScript:Warning: Accessed None 'CallFunc_GetMovementComponent_ReturnValue'
	FP_AB_C /Engine/Transient.CharacterMesh0:FP_AB_C_3
	Function /Game/FP/BP_Anims/FP_AB.FP_AB_C:ExecuteUbergraph_FP_AB:1A6B
[2015.07.17-12.57.33:804][279]LogScript:Warning: Accessed None 'CallFunc_TryGetPawnOwner_ReturnValue'
	FP_AB_C /Engine/Transient.CharacterMesh0:FP_AB_C_3
	Function /Game/FP/BP_Anims/FP_AB.FP_AB_C:ExecuteUbergraph_FP_AB:1AC7
[2015.07.17-12.57.33:805][279]LogScript:Warning: Accessed None 'CallFunc_TryGetPawnOwner_ReturnValue'
	FP_AB_C /Engine/Transient.CharacterMesh0:FP_AB_C_3
	Function /Game/FP/BP_Anims/FP_AB.FP_AB_C:ExecuteUbergraph_FP_AB:19A2
[2015.07.17-12.57.33:805][279]LogScript:Warning: Accessed None 'CallFunc_TryGetPawnOwner_ReturnValue'
	FP_AB_C /Engine/Transient.CharacterMesh0:FP_AB_C_3
	Function /Game/FP/BP_Anims/FP_AB.FP_AB_C:ExecuteUbergraph_FP_AB:19CD
[2015.07.17-12.57.33:805][279]LogScript:Warning: Accessed None 'CallFunc_TryGetPawnOwner_ReturnValue'
	FP_AB_C /Engine/Transient.CharacterMesh0:FP_AB_C_3
	Function /Game/FP/BP_Anims/FP_AB.FP_AB_C:ExecuteUbergraph_FP_AB:1A3C
[2015.07.17-12.57.33:805][279]LogScript:Warning: Accessed None 'CallFunc_GetMovementComponent_ReturnValue'
	FP_AB_C /Engine/Transient.CharacterMesh0:FP_AB_C_3
	Function /Game/FP/BP_Anims/FP_AB.FP_AB_C:ExecuteUbergraph_FP_AB:1A6B
[2015.07.17-12.57.33:805][279]LogScript:Warning: Accessed None 'CallFunc_TryGetPawnOwner_ReturnValue'
	FP_AB_C /Engine/Transient.CharacterMesh0:FP_AB_C_3
	Function /Game/FP/BP_Anims/FP_AB.FP_AB_C:ExecuteUbergraph_FP_AB:1AC7
[2015.07.17-12.57.34:250][321]LogD3D11RHI: InitD3DDevice
[2015.07.17-12.57.34:270][321]Cmd: OBJ SAVEPACKAGE PACKAGE="/Game/Weapons/Weapon_interface" FILE="../../../../../Projects/ActualProject_1/FirstProjEver/JustDoIt/Content/Weapons/Weapon_interface.uasset" SILENT=true
[2015.07.17-12.57.34:363][321]LogSavePackage: Save=29.399708ms
[2015.07.17-12.57.34:363][321]LogSavePackage: Moving '../../../../../Projects/ActualProject_1/FirstProjEver/JustDoIt/Saved/Weapon_interface68D2C0A04F13F31FB3185E91DF3E1DC6.tmp' to '../../../../../Projects/ActualProject_1/FirstProjEver/JustDoIt/Content/Weapons/Weapon_interface.uasset'
[2015.07.17-12.57.35:798][455]LogD3D11RHI: InitD3DDevice
[2015.07.17-12.57.38:450][623]LogSkinnedMeshComp:Warning: GetSocketByName(): No SkeletalMesh for Weapon
[2015.07.17-12.57.38:450][623]LogSkinnedMeshComp:Warning: GetSocketByName(): No SkeletalMesh for Weapon
[2015.07.17-12.57.38:450][623]LogSkinnedMeshComp:Warning: GetSocketByName(): No SkeletalMesh for Weapon
[2015.07.17-12.57.38:452][623]LogSkinnedMeshComp:Warning: GetSocketByName(): No SkeletalMesh for Weapon
[2015.07.17-12.57.38:452][623]LogSkinnedMeshComp:Warning: GetSocketByName(): No SkeletalMesh for Weapon
[2015.07.17-12.57.38:452][623]LogSkinnedMeshComp:Warning: GetSocketByName(): No SkeletalMesh for Weapon
[2015.07.17-12.57.38:452][623]LogSkinnedMeshComp:Warning: GetSocketByName(): No SkeletalMesh for Weapon
[2015.07.17-12.57.38:452][623]LogSkinnedMeshComp:Warning: GetSocketByName(): No SkeletalMesh for Weapon
[2015.07.17-12.57.38:452][623]LogSkinnedMeshComp:Warning: GetSocketByName(): No SkeletalMesh for Weapon
[2015.07.17-12.57.40:352][816]LogD3D11RHI: InitD3DDevice
[2015.07.17-12.57.48:226][657]LogD3D11RHI: InitD3DDevice
[2015.07.17-12.57.49:931][808]LogActorComponent: UnregisterComponent: (/Engine/Transient.CharMoveComp) Not registered. Aborting.
[2015.07.17-12.57.50:074][808]LogD3D11RHI: InitD3DDevice
[2015.07.17-12.57.50:103][808]LogScript:Warning: Accessed None 'CallFunc_TryGetPawnOwner_ReturnValue'
	FP_AB_C /Engine/Transient.CharacterMesh0:FP_AB_C_4
	Function /Game/FP/BP_Anims/FP_AB.FP_AB_C:ExecuteUbergraph_FP_AB:19A2
[2015.07.17-12.57.50:104][808]LogScript:Warning: Accessed None 'CallFunc_TryGetPawnOwner_ReturnValue'
	FP_AB_C /Engine/Transient.CharacterMesh0:FP_AB_C_4
	Function /Game/FP/BP_Anims/FP_AB.FP_AB_C:ExecuteUbergraph_FP_AB:19CD
[2015.07.17-12.57.50:104][808]LogScript:Warning: Accessed None 'CallFunc_TryGetPawnOwner_ReturnValue'
	FP_AB_C /Engine/Transient.CharacterMesh0:FP_AB_C_4
	Function /Game/FP/BP_Anims/FP_AB.FP_AB_C:ExecuteUbergraph_FP_AB:1A3C
[2015.07.17-12.57.50:104][808]LogScript:Warning: Accessed None 'CallFunc_GetMovementComponent_ReturnValue'
	FP_AB_C /Engine/Transient.CharacterMesh0:FP_AB_C_4
	Function /Game/FP/BP_Anims/FP_AB.FP_AB_C:ExecuteUbergraph_FP_AB:1A6B
[2015.07.17-12.57.50:104][808]LogScript:Warning: Accessed None 'CallFunc_TryGetPawnOwner_ReturnValue'
	FP_AB_C /Engine/Transient.CharacterMesh0:FP_AB_C_4
	Function /Game/FP/BP_Anims/FP_AB.FP_AB_C:ExecuteUbergraph_FP_AB:1AC7
[2015.07.17-12.57.50:104][808]LogScript:Warning: Accessed None 'CallFunc_TryGetPawnOwner_ReturnValue'
	FP_AB_C /Engine/Transient.CharacterMesh0:FP_AB_C_4
	Function /Game/FP/BP_Anims/FP_AB.FP_AB_C:ExecuteUbergraph_FP_AB:19A2
[2015.07.17-12.57.50:104][808]LogScript:Warning: Accessed None 'CallFunc_TryGetPawnOwner_ReturnValue'
	FP_AB_C /Engine/Transient.CharacterMesh0:FP_AB_C_4
	Function /Game/FP/BP_Anims/FP_AB.FP_AB_C:ExecuteUbergraph_FP_AB:19CD
[2015.07.17-12.57.50:104][808]LogScript:Warning: Accessed None 'CallFunc_TryGetPawnOwner_ReturnValue'
	FP_AB_C /Engine/Transient.CharacterMesh0:FP_AB_C_4
	Function /Game/FP/BP_Anims/FP_AB.FP_AB_C:ExecuteUbergraph_FP_AB:1A3C
[2015.07.17-12.57.50:104][808]LogScript:Warning: Accessed None 'CallFunc_GetMovementComponent_ReturnValue'
	FP_AB_C /Engine/Transient.CharacterMesh0:FP_AB_C_4
	Function /Game/FP/BP_Anims/FP_AB.FP_AB_C:ExecuteUbergraph_FP_AB:1A6B
[2015.07.17-12.57.50:104][808]LogScript:Warning: Accessed None 'CallFunc_TryGetPawnOwner_ReturnValue'
	FP_AB_C /Engine/Transient.CharacterMesh0:FP_AB_C_4
	Function /Game/FP/BP_Anims/FP_AB.FP_AB_C:ExecuteUbergraph_FP_AB:1AC7
[2015.07.17-12.57.50:127][808]Cmd: OBJ SAVEPACKAGE PACKAGE="/Game/FP/CharBP/FP_char" FILE="../../../../../Projects/ActualProject_1/FirstProjEver/JustDoIt/Content/FP/CharBP/FP_char.uasset" SILENT=true
[2015.07.17-12.57.51:136][808]LogSavePackage: Save=798.609009ms
[2015.07.17-12.57.51:136][808]LogSavePackage: Moving '../../../../../Projects/ActualProject_1/FirstProjEver/JustDoIt/Saved/FP_charB9CD60BB4DD81EB00ADE8B8BBCDF257B.tmp' to '../../../../../Projects/ActualProject_1/FirstProjEver/JustDoIt/Content/FP/CharBP/FP_char.uasset'
[2015.07.17-12.57.51:728][808]LogSavePackage: Save=402.628082ms
[2015.07.17-12.57.51:728][808]LogSavePackage: Moving '../../../../../Projects/ActualProject_1/FirstProjEver/JustDoIt/Saved/m1911Hands_AB8031423743A457BA1B3244AFD86BD24E.tmp' to '../../../../../Projects/ActualProject_1/FirstProjEver/JustDoIt/Content/Weapons/Auto_weapon/m1911/AnimBP/m1911Hands_AB.uasset'
[2015.07.17-12.57.51:920][808]LogSavePackage: Save=65.375893ms
[2015.07.17-12.57.51:920][808]LogSavePackage: Moving '../../../../../Projects/ActualProject_1/FirstProjEver/JustDoIt/Saved/AK_AB354B32F24414F2A8F3B1BE86053617F0.tmp' to '../../../../../Projects/ActualProject_1/FirstProjEver/JustDoIt/Content/Weapons/Auto_weapon/AK/AK_anims/AK_AB.uasset'
[2015.07.17-12.57.52:320][808]LogSavePackage: Save=331.685516ms
[2015.07.17-12.57.52:320][808]LogSavePackage: Moving '../../../../../Projects/ActualProject_1/FirstProjEver/JustDoIt/Saved/akHands_AB3F87940243DB907C5B9C6FB16EAA5C4A.tmp' to '../../../../../Projects/ActualProject_1/FirstProjEver/JustDoIt/Content/Weapons/Auto_weapon/AK/AnimBP/akHands_AB.uasset'
[2015.07.17-12.57.52:333][808]Cmd: OBJ SAVEPACKAGE PACKAGE="/Game/Weapons/Auto_weapon/AssaultRifle" FILE="../../../../../Projects/ActualProject_1/FirstProjEver/JustDoIt/Content/Weapons/Auto_weapon/AssaultRifle.uasset" SILENT=true
[2015.07.17-12.57.52:557][808]LogSavePackage: Save=161.659042ms
[2015.07.17-12.57.52:557][808]LogSavePackage: Moving '../../../../../Projects/ActualProject_1/FirstProjEver/JustDoIt/Saved/AssaultRifle3AE7C6CE471B49E0616A91B080C01DD0.tmp' to '../../../../../Projects/ActualProject_1/FirstProjEver/JustDoIt/Content/Weapons/Auto_weapon/AssaultRifle.uasset'
[2015.07.17-12.57.52:572][808]Cmd: OBJ SAVEPACKAGE PACKAGE="/Game/Weapons/Weapon" FILE="../../../../../Projects/ActualProject_1/FirstProjEver/JustDoIt/Content/Weapons/Weapon.uasset" SILENT=true
[2015.07.17-12.57.52:645][808]LogSavePackage: Save=39.880215ms
[2015.07.17-12.57.52:645][808]LogSavePackage: Moving '../../../../../Projects/ActualProject_1/FirstProjEver/JustDoIt/Saved/WeaponBCCBB7E8477B82C51F3E59BD5E3D5D4E.tmp' to '../../../../../Projects/ActualProject_1/FirstProjEver/JustDoIt/Content/Weapons/Weapon.uasset'
[2015.07.17-12.57.52:844][808]LogSavePackage: Save=48.763645ms
[2015.07.17-12.57.52:844][808]LogSavePackage: Moving '../../../../../Projects/ActualProject_1/FirstProjEver/JustDoIt/Saved/m1911_ABFB8029C644115CE061079C8CDAB8C133.tmp' to '../../../../../Projects/ActualProject_1/FirstProjEver/JustDoIt/Content/Weapons/Auto_weapon/m1911/m1911_anims/m1911_AB.uasset'
[2015.07.17-13.30.16:942][932]BlueprintLog: New page: Compile AssaultRifle
[2015.07.17-13.30.17:098][932]LogActorComponent: UnregisterComponent: (/Engine/Transient.CharMoveComp) Not registered. Aborting.
[2015.07.17-13.30.17:599][932]LogBlueprint:Error: [compiler FP_char] Error Pin  Shot Happend  named ShotHappend doesn't match any parameters of function ShootGun
[2015.07.17-13.30.17:959][932]LogBlueprint:Error: [compiler m1911Hands_AB] Error Graph named 'ShootGun' already exists in 'm1911Hands_AB'. Another one cannot be generated from  (none) 
[2015.07.17-13.30.18:205][932]LogBlueprint:Error: [compiler akHands_AB] Error Graph named 'ShootGun' already exists in 'akHands_AB'. Another one cannot be generated from  (none) 
[2015.07.17-13.30.18:748][932]LogSkinnedMeshComp:Warning: GetSocketByName(): No SkeletalMesh for Weapon
[2015.07.17-13.30.18:749][932]LogSkinnedMeshComp:Warning: GetSocketByName(): No SkeletalMesh for Weapon
[2015.07.17-13.30.18:749][932]LogSkinnedMeshComp:Warning: GetSocketByName(): No SkeletalMesh for Weapon
[2015.07.17-13.30.18:749][932]LogSkinnedMeshComp:Warning: GetSocketByName(): No SkeletalMesh for Weapon
[2015.07.17-13.30.18:749][932]LogSkinnedMeshComp:Warning: GetSocketByName(): No SkeletalMesh for Weapon
[2015.07.17-13.30.18:749][932]LogSkinnedMeshComp:Warning: GetSocketByName(): No SkeletalMesh for Weapon
[2015.07.17-13.30.19:340][932]LogSkinnedMeshComp:Warning: GetSocketByName(): No SkeletalMesh for Weapon
[2015.07.17-13.30.19:340][932]LogSkinnedMeshComp:Warning: GetSocketByName(): No SkeletalMesh for Weapon
[2015.07.17-13.30.19:340][932]LogSkinnedMeshComp:Warning: GetSocketByName(): No SkeletalMesh for Weapon
[2015.07.17-13.30.19:341][932]LogSkinnedMeshComp:Warning: GetSocketByName(): No SkeletalMesh for Weapon
[2015.07.17-13.30.19:341][932]LogSkinnedMeshComp:Warning: GetSocketByName(): No SkeletalMesh for Weapon
[2015.07.17-13.30.19:341][932]LogSkinnedMeshComp:Warning: GetSocketByName(): No SkeletalMesh for Weapon
[2015.07.17-13.30.19:341][932]LogSkinnedMeshComp:Warning: GetSocketByName(): No SkeletalMesh for Weapon
[2015.07.17-13.30.19:341][932]LogSkinnedMeshComp:Warning: GetSocketByName(): No SkeletalMesh for Weapon
[2015.07.17-13.30.19:341][932]LogSkinnedMeshComp:Warning: GetSocketByName(): No SkeletalMesh for Weapon
[2015.07.17-13.30.19:344][932]BlueprintEditorCompileResults: Info [3126.88] Compile of AssaultRifle successful! [in 2,402 ms]
[2015.07.17-13.30.19:368][932]LogD3D11RHI: InitD3DDevice
[2015.07.17-13.30.19:400][932]Cmd: OBJ SAVEPACKAGE PACKAGE="/Game/Weapons/Auto_weapon/AssaultRifle" FILE="../../../../../Projects/ActualProject_1/FirstProjEver/JustDoIt/Content/Weapons/Auto_weapon/AssaultRifle.uasset" SILENT=true
[2015.07.17-13.30.20:049][932]LogSavePackage: Save=163.048004ms
[2015.07.17-13.30.20:049][932]LogSavePackage: Moving '../../../../../Projects/ActualProject_1/FirstProjEver/JustDoIt/Saved/AssaultRifleB23BA6274C56E5DD384B1DB8795B48BF.tmp' to '../../../../../Projects/ActualProject_1/FirstProjEver/JustDoIt/Content/Weapons/Auto_weapon/AssaultRifle.uasset'
[2015.07.17-13.30.20:056][932]LogScript:Warning: Accessed None 'CallFunc_TryGetPawnOwner_ReturnValue'
	FP_AB_C /Engine/Transient.CharacterMesh0:FP_AB_C_2
	Function /Game/FP/BP_Anims/FP_AB.FP_AB_C:ExecuteUbergraph_FP_AB:19A2
[2015.07.17-13.30.20:056][932]LogScript:Warning: Accessed None 'CallFunc_TryGetPawnOwner_ReturnValue'
	FP_AB_C /Engine/Transient.CharacterMesh0:FP_AB_C_2
	Function /Game/FP/BP_Anims/FP_AB.FP_AB_C:ExecuteUbergraph_FP_AB:19CD
[2015.07.17-13.30.20:056][932]LogScript:Warning: Accessed None 'CallFunc_TryGetPawnOwner_ReturnValue'
	FP_AB_C /Engine/Transient.CharacterMesh0:FP_AB_C_2
	Function /Game/FP/BP_Anims/FP_AB.FP_AB_C:ExecuteUbergraph_FP_AB:1A3C
[2015.07.17-13.30.20:056][932]LogScript:Warning: Accessed None 'CallFunc_GetMovementComponent_ReturnValue'
	FP_AB_C /Engine/Transient.CharacterMesh0:FP_AB_C_2
	Function /Game/FP/BP_Anims/FP_AB.FP_AB_C:ExecuteUbergraph_FP_AB:1A6B
[2015.07.17-13.30.20:056][932]LogScript:Warning: Accessed None 'CallFunc_TryGetPawnOwner_ReturnValue'
	FP_AB_C /Engine/Transient.CharacterMesh0:FP_AB_C_2
	Function /Game/FP/BP_Anims/FP_AB.FP_AB_C:ExecuteUbergraph_FP_AB:1AC7
[2015.07.17-13.30.20:056][932]LogScript:Warning: Accessed None 'CallFunc_TryGetPawnOwner_ReturnValue'
	FP_AB_C /Engine/Transient.CharacterMesh0:FP_AB_C_2
	Function /Game/FP/BP_Anims/FP_AB.FP_AB_C:ExecuteUbergraph_FP_AB:19A2
[2015.07.17-13.30.20:056][932]LogScript:Warning: Accessed None 'CallFunc_TryGetPawnOwner_ReturnValue'
	FP_AB_C /Engine/Transient.CharacterMesh0:FP_AB_C_2
	Function /Game/FP/BP_Anims/FP_AB.FP_AB_C:ExecuteUbergraph_FP_AB:19CD
[2015.07.17-13.30.23:948][152]BlueprintLog: New page: Compile FP_char
[2015.07.17-13.30.24:228][152]LogBlueprint:Error: [compiler FP_char] Error Pin  Shot Happend  named ShotHappend doesn't match any parameters of function ShootGun
[2015.07.17-13.30.24:388][152]LogBlueprint:Error: [compiler akHands_AB] Error Graph named 'ShootGun' already exists in 'akHands_AB'. Another one cannot be generated from  (none) 
[2015.07.17-13.30.24:434][152]LogActorComponent: UnregisterComponent: (/Engine/Transient.CharMoveComp) Not registered. Aborting.
[2015.07.17-13.30.24:668][152]LogBlueprint:Error: [compiler m1911Hands_AB] Error Graph named 'ShootGun' already exists in 'm1911Hands_AB'. Another one cannot be generated from  (none) 
[2015.07.17-13.30.25:775][152]LogBlueprint:Warning: [compiler FP_char] Warning [3133.31] Compile of FP_char failed. 1 Fatal Issue(s) 0 Warning(s) [in 1,827 ms]
[2015.07.17-13.30.25:775][152]BlueprintEditorCompileResults:Error: Error Pin  Shot Happend  named ShotHappend doesn't match any parameters of function ShootGun
[2015.07.17-13.30.25:775][152]BlueprintEditorCompileResults:Warning: Warning [3133.31] Compile of FP_char failed. 1 Fatal Issue(s) 0 Warning(s) [in 1,827 ms]
[2015.07.17-13.30.25:777][152]LogScript:Warning: Accessed None 'CallFunc_TryGetPawnOwner_ReturnValue'
	FP_AB_C /Engine/Transient.CharacterMesh0:FP_AB_C_0
	Function /Game/FP/BP_Anims/FP_AB.FP_AB_C:ExecuteUbergraph_FP_AB:19A2
[2015.07.17-13.30.25:777][152]LogScript:Warning: Accessed None 'CallFunc_TryGetPawnOwner_ReturnValue'
	FP_AB_C /Engine/Transient.CharacterMesh0:FP_AB_C_0
	Function /Game/FP/BP_Anims/FP_AB.FP_AB_C:ExecuteUbergraph_FP_AB:19CD
[2015.07.17-13.30.25:777][152]LogScript:Warning: Accessed None 'CallFunc_TryGetPawnOwner_ReturnValue'
	FP_AB_C /Engine/Transient.CharacterMesh0:FP_AB_C_0
	Function /Game/FP/BP_Anims/FP_AB.FP_AB_C:ExecuteUbergraph_FP_AB:1A3C
[2015.07.17-13.30.25:777][152]LogScript:Warning: Accessed None 'CallFunc_GetMovementComponent_ReturnValue'
	FP_AB_C /Engine/Transient.CharacterMesh0:FP_AB_C_0
	Function /Game/FP/BP_Anims/FP_AB.FP_AB_C:ExecuteUbergraph_FP_AB:1A6B
[2015.07.17-13.30.25:777][152]LogScript:Warning: Accessed None 'CallFunc_TryGetPawnOwner_ReturnValue'
	FP_AB_C /Engine/Transient.CharacterMesh0:FP_AB_C_0
	Function /Game/FP/BP_Anims/FP_AB.FP_AB_C:ExecuteUbergraph_FP_AB:1AC7
[2015.07.17-13.30.25:777][152]LogScript:Warning: Accessed None 'CallFunc_TryGetPawnOwner_ReturnValue'
	FP_AB_C /Engine/Transient.CharacterMesh0:FP_AB_C_0
	Function /Game/FP/BP_Anims/FP_AB.FP_AB_C:ExecuteUbergraph_FP_AB:19A2
[2015.07.17-13.30.25:777][152]LogScript:Warning: Accessed None 'CallFunc_TryGetPawnOwner_ReturnValue'
	FP_AB_C /Engine/Transient.CharacterMesh0:FP_AB_C_0
	Function /Game/FP/BP_Anims/FP_AB.FP_AB_C:ExecuteUbergraph_FP_AB:19CD
[2015.07.17-13.30.33:909][733]LogD3D11RHI: InitD3DDevice
[2015.07.17-13.30.34:423][753]LogD3D11RHI: InitD3DDevice
[2015.07.17-13.30.39:399][ 91]LogD3D11RHI: InitD3DDevice
[2015.07.17-13.30.40:904][201]LogD3D11RHI: InitD3DDevice
[2015.07.17-13.30.42:269][299]BlueprintLog: New page: Compile FP_char
[2015.07.17-13.30.42:695][299]LogBlueprint:Error: [compil