[2015.07.08-20.51.46:854][  0]Log file open, 07/08/15 23:51:46
[2015.07.08-20.51.46:854][  0]LogInit:Display: Running engine for game: JustDoIt
[2015.07.08-20.51.46:854][  0]LogInit:Display: RandInit(-203048947) SRandInit(-203048947).
[2015.07.08-20.51.46:854][  0]LogTaskGraph: Started task graph with 4 named threads and 5 total threads.
[2015.07.08-20.51.46:854][  0]LogStats: Stats thread started
[2015.07.08-20.51.46:854][  0]LogInit: Version: 4.8.1-2591939+++depot+UE4-Releases+4.8
[2015.07.08-20.51.46:854][  0]LogInit: API Version: 2579680
[2015.07.08-20.51.46:854][  0]LogInit: Compiled (64-bit): Jun 18 2015 11:02:04
[2015.07.08-20.51.46:854][  0]LogInit: Compiled with Visual C++: 18.00.21005.01
[2015.07.08-20.51.46:854][  0]LogInit: Build Configuration: Development
[2015.07.08-20.51.46:854][  0]LogInit: Branch Name: ++depot+UE4-Releases+4.8
[2015.07.08-20.51.46:854][  0]LogInit: Command line:  
[2015.07.08-20.51.46:854][  0]LogInit: Base directory: F:/GameDevelopment/Epic Games/4.8/Engine/Binaries/Win64/
[2015.07.08-20.51.46:854][  0]LogInit: Rocket: 1
[2015.07.08-20.51.46:894][  0]LogInit: Using libcurl 7.41.0
[2015.07.08-20.51.46:894][  0]LogInit:  - built for x86_64-pc-win32
[2015.07.08-20.51.46:894][  0]LogInit:  - supports SSL with WinSSL
[2015.07.08-20.51.46:894][  0]LogInit:  - other features:
[2015.07.08-20.51.46:894][  0]LogInit:      CURL_VERSION_SSL
[2015.07.08-20.51.46:894][  0]LogInit:      CURL_VERSION_IPV6
[2015.07.08-20.51.46:894][  0]LogInit:      CURL_VERSION_ASYNCHDNS
[2015.07.08-20.51.46:894][  0]LogInit:      CURL_VERSION_LARGEFILE
[2015.07.08-20.51.46:894][  0]LogInit:      CURL_VERSION_IDN
[2015.07.08-20.51.46:894][  0]LogInit:  CurlRequestOptions (configurable via config and command line):
[2015.07.08-20.51.46:894][  0]LogInit:  - bVerifyPeer = true  - Libcurl will verify peer certificate
[2015.07.08-20.51.46:894][  0]LogInit:  - bUseHttpProxy = false  - Libcurl will NOT use HTTP proxy
[2015.07.08-20.51.46:895][  0]LogInit:  - bDontReuseConnections = false  - Libcurl will reuse connections
[2015.07.08-20.51.46:895][  0]LogInit:  - CertBundlePath = nullptr  - Libcurl will use whatever was configured at build time.
[2015.07.08-20.51.46:913][  0]LogOnline:Warning: No default platform service specified for OnlineSubsystem
[2015.07.08-20.51.46:935][  0]LogInit: Presizing for 0 objects not considered by GC, pre-allocating 0 bytes.
[2015.07.08-20.51.46:946][  0]LogInit: Object subsystem initialized
[2015.07.08-20.51.46:948][  0]LogConsoleResponse:Warning: Skipping Unknown console variable: 'TranslucentSortAxis = (X=0.000000,Y=-1.000000,Z=0.000000)'
[2015.07.08-20.51.46:948][  0]LogConsoleResponse:Warning:   Found in ini file 'F:/GameDevelopment/Projects/ActualProject_1/FirstProjEver/JustDoIt/Saved/Config/Windows/Engine.ini', in section '[/Script/Engine.RendererSettings]'
[2015.07.08-20.51.46:948][  0]LogConsoleResponse:Warning: Skipping Unknown console variable: 'UIScaleRule = ShortestSide'
[2015.07.08-20.51.46:948][  0]LogConsoleResponse:Warning:   Found in ini file 'F:/GameDevelopment/Projects/ActualProject_1/FirstProjEver/JustDoIt/Saved/Config/Windows/Engine.ini', in section '[/Script/Engine.RendererSettings]'
[2015.07.08-20.51.46:948][  0]LogConsoleResponse:Warning: Skipping Unknown console variable: 'UIScaleCurve = (EditorCurveData=(Keys=),ExternalCurve=None)'
[2015.07.08-20.51.46:948][  0]LogConsoleResponse:Warning:   Found in ini file 'F:/GameDevelopment/Projects/ActualProject_1/FirstProjEver/JustDoIt/Saved/Config/Windows/Engine.ini', in section '[/Script/Engine.RendererSettings]'
[2015.07.08-20.51.46:949][  0]LogInit: Selected Device Profile: [Windows]
[2015.07.08-20.51.46:949][  0]LogInit: Applying CVar settings loaded from the selected device profile: [Windows]
[2015.07.08-20.51.46:978][  0]LogInit: Computer: NIKPC
[2015.07.08-20.51.46:978][  0]LogInit: User: Nikita
[2015.07.08-20.51.46:978][  0]LogInit: CPU Page size=4096, Cores=2
[2015.07.08-20.51.46:978][  0]LogInit: High frequency timer resolution =1.753831 MHz
[2015.07.08-20.51.46:978][  0]LogMemory: Memory total: Physical=7.9GB (8GB approx)
[2015.07.08-20.51.46:978][  0]LogMemory: Platform Memory Stats for Windows
[2015.07.08-20.51.46:978][  0]LogMemory: Process Physical Memory: 49.00 MB used, 49.00 MB peak
[2015.07.08-20.51.46:978][  0]LogMemory: Process Virtual Memory: 24.45 MB used, 24.45 MB peak
[2015.07.08-20.51.46:978][  0]LogMemory: Physical Memory: 3483.94 MB used, 8077.30 MB total
[2015.07.08-20.51.46:978][  0]LogMemory: Virtual Memory: 297.03 MB used, 134217728.00 MB total
[2015.07.08-20.51.47:020][  0]LogTextLocalizationManager: The requested culture ('ru_RU') has no localization data; falling back to 'en' for localization and internationalization data.
[2015.07.08-20.51.47:339][  0]LogTextLocalizationManager:Warning: Loaded localization resources contain conflicting entries for (Namespace:ContentBrowser, Key:ImportAssetToolTip):
Localization Resource: (F:/GameDevelopment/Epic Games/4.8/Engine/Content/Localization/Editor/en/Editor.locres) Source String Hash: (-630476809) Localized String: (Import to {0}...)
Localization Resource: (F:/GameDevelopment/Epic Games/4.8/Engine/Content/Localization/Editor/en/Editor.locres) Source String Hash: (1271782899) Localized String: (Imports an asset from file to this folder.)
[2015.07.08-20.51.48:031][  0]LogD3D11RHI: Found D3D11 adapter 0: Intel(R) HD Graphics 4000 (Feature Level 11_0)
[2015.07.08-20.51.48:031][  0]LogD3D11RHI: Adapter has 1988MB of dedicated video memory, 0MB of dedicated system memory, and 2048MB of shared system memory, 2 output[s]
[2015.07.08-20.51.48:049][  0]LogD3D11RHI: Found D3D11 adapter 1: NVIDIA GeForce GT 740M    (Feature Level 11_0)
[2015.07.08-20.51.48:049][  0]LogD3D11RHI: Adapter has 1988MB of dedicated video memory, 0MB of dedicated system memory, and 2048MB of shared system memory, 0 output[s]
[2015.07.08-20.51.48:051][  0]LogD3D11RHI: Found D3D11 adapter 2: Microsoft Basic Render Driver (Feature Level 11_0)
[2015.07.08-20.51.48:051][  0]LogD3D11RHI: Adapter has 1988MB of dedicated video memory, 0MB of dedicated system memory, and 2048MB of shared system memory, 0 output[s]
[2015.07.08-20.51.48:051][  0]LogD3D11RHI: Chosen D3D11 Adapter Id = 0
[2015.07.08-20.51.48:057][  0]LogRHI: Texture pool is 1361 MB (70% of 1945 MB)
[2015.07.08-20.51.48:074][  0]LogD3D11RHI: Async texture creation enabled
[2015.07.08-20.51.48:095][  0]LogShaderCompilers:Display: Using Local Shader Compiler.
[2015.07.08-20.51.49:525][  0]LogTemp:Display: Loaded TP DesktopTargetPlatform
[2015.07.08-20.51.49:547][  0]LogTemp:Display: Loaded TP WindowsClientTargetPlatform
[2015.07.08-20.51.49:570][  0]LogTemp:Display: Loaded TP WindowsNoEditorTargetPlatform
[2015.07.08-20.51.49:594][  0]LogTemp:Display: Loaded TP WindowsServerTargetPlatform
[2015.07.08-20.51.49:619][  0]LogTemp:Display: Loaded TP WindowsTargetPlatform
[2015.07.08-20.51.49:637][  0]LogTemp:Display: Loaded TP AndroidTargetPlatform
[2015.07.08-20.51.49:656][  0]LogTemp:Display: Loaded TP Android_ASTCTargetPlatform
[2015.07.08-20.51.49:675][  0]LogTemp:Display: Loaded TP Android_ATCTargetPlatform
[2015.07.08-20.51.49:699][  0]LogTemp:Display: Loaded TP Android_DXTTargetPlatform
[2015.07.08-20.51.49:720][  0]LogTemp:Display: Loaded TP Android_ETC1TargetPlatform
[2015.07.08-20.51.49:740][  0]LogTemp:Display: Loaded TP Android_ETC2TargetPlatform
[2015.07.08-20.51.49:761][  0]LogTemp:Display: Loaded TP Android_PVRTCTargetPlatform
[2015.07.08-20.51.49:834][  0]LogTemp:Display: Loaded TP IOSTargetPlatform
[2015.07.08-20.51.49:854][  0]LogTemp:Display: Loaded TP LinuxNoEditorTargetPlatform
[2015.07.08-20.51.49:876][  0]LogTemp:Display: Loaded TP LinuxServerTargetPlatform
[2015.07.08-20.51.49:900][  0]LogTemp:Display: Loaded TP LinuxTargetPlatform
[2015.07.08-20.51.49:900][  0]LogTargetPlatformManager:Display: Building Assets For Windows
[2015.07.08-20.51.50:219][  0]LogDerivedDataCache:Display: Max Cache Size: 512 MB
[2015.07.08-20.51.50:288][  0]LogDerivedDataCache: Loaded boot cache 0.07s 53MB C:/Users/Nikita/AppData/Local/UnrealEngine/4.8/DerivedDataCache/Boot.ddc.
[2015.07.08-20.51.50:288][  0]LogDerivedDataCache:Display: Loaded Boot cache: C:/Users/Nikita/AppData/Local/UnrealEngine/4.8/DerivedDataCache/Boot.ddc
[2015.07.08-20.51.50:288][  0]LogDerivedDataCache: FDerivedDataBackendGraph:  Pak pak cache file ../../../../../Projects/ActualProject_1/FirstProjEver/JustDoIt/DerivedDataCache/DDC.ddp not found, will not use a pak cache.
[2015.07.08-20.51.50:288][  0]LogDerivedDataCache: Unable to find inner node Pak for hierarchical cache Hierarchy.
[2015.07.08-20.51.50:288][  0]LogDerivedDataCache: FDerivedDataBackendGraph:  CompressedPak pak cache file ../../../../../Projects/ActualProject_1/FirstProjEver/JustDoIt/DerivedDataCache/Compressed.ddp not found, will not use a pak cache.
[2015.07.08-20.51.50:288][  0]LogDerivedDataCache: Unable to find inner node CompressedPak for hierarchical cache Hierarchy.
[2015.07.08-20.51.50:501][  0]LogDerivedDataCache:Display: Pak cache opened for reading ../../../Engine/DerivedDataCache/Compressed.ddp.
[2015.07.08-20.51.50:514][  0]LogDerivedDataCache: Using Local data cache path C:/Users/Nikita/AppData/Local/UnrealEngine/Common/DerivedDataCache: Writable
[2015.07.08-20.51.50:899][  0]LogInit: Selected Device Profile: [Windows]
[2015.07.08-20.51.51:029][  0]ImportText (ComponentSweepMultiTests): Missing closing parenthesis: (RootShapeAsset="/Engine/BasicShapes/Cube.Cube",ShapeType="TriggerCapsule",HitResult=(Time=0.50,Location=(X=-100.000015,Y=0.0,Z=100.000015),ImpactPoint=(X=-50.0,Y=0.0,Z=50.0),Normal=(X=-1.0,Y=-0.0,Z=0.0),ImpactNormal=(X=0.0,Y=0.0,Z=1.0),TraceStart=(X=-200.0,Y=0.0,Z=200.0),TraceEnd=(X=0.0,Y=0.0,Z=0.0))
[2015.07.08-20.51.51:030][  0]ImportText (LineTraceSingleByChannelTests): Missing closing parenthesis: (RootShapeAsset="/Engine/BasicShapes/Cube.Cube",HitResult=(Time=0.50,Location=(X=-100.000015,Y=0.0,Z=100.000015),ImpactPoint=(X=-50.0,Y=0.0,Z=50.0),Normal=(X=-1.0,Y=-0.0,Z=0.0),ImpactNormal=(X=0.0,Y=0.0,Z=1.0),TraceStart=(X=-200.0,Y=0.0,Z=200.0),TraceEnd=(X=0.0,Y=0.0,Z=0.0))
[2015.07.08-20.51.51:072][  0]LogMeshUtilities: No automatic mesh reduction module available
[2015.07.08-20.51.51:072][  0]LogMeshUtilities: No automatic mesh merging module available
[2015.07.08-20.51.51:592][  0]LogInit: WinSock: version 1.1 (2.2), MaxSocks=32767, MaxUdp=65467
[2015.07.08-20.51.52:930][  0]UdpMessaging: Initializing bridge on interface 0.0.0.0:0 to multicast group 230.0.0.1:6666.
[2015.07.08-20.51.53:404][  0]SourceControl: Info Source control is disabled
[2015.07.08-20.51.53:424][  0]SourceControl: Info Source control is disabled
[2015.07.08-20.51.53:438][  0]SourceControl: Info Source control is disabled
[2015.07.08-20.51.53:451][  0]SourceControl: Info Source control is disabled
[2015.07.08-20.51.53:784][  0]LogObj: 26273 objects as part of root set at end of initial load.
[2015.07.08-20.51.53:784][  0]LogUObjectAllocator: 5409248 out of 0 bytes used by permanent object pool.
[2015.07.08-20.51.53:883][  0]LogEngine: Initializing Engine...
[2015.07.08-20.51.53:885][  0]LogHMD: Can't find Oculus library dev build: is proper Runtime installed? Version: 0.6.0.0
[2015.07.08-20.51.53:887][  0]LogHMD:Warning: SteamVR failed to initialize.  Error: 110
[2015.07.08-20.51.54:111][  0]LogAIModule: Creating AISystem for world NewWorld
[2015.07.08-20.51.54:119][  0]LogInit: XAudio2 using 'Headphones (High Definition Audio Device)' : 2 channels at 44.1 kHz using 16 bits per sample (channel mask 0x3)
[2015.07.08-20.51.54:129][  0]LogInit: FAudioDevice initialized.
[2015.07.08-20.51.54:160][  0]LogDerivedDataCache: Saved boot cache 0.03s 53MB C:/Users/Nikita/AppData/Local/UnrealEngine/4.8/DerivedDataCache/Boot.ddc.
[2015.07.08-20.51.54:167][  0]LogInit: Texture streaming: Disabled
[2015.07.08-20.51.54:200][  0]LogAnalytics: Creating configured Analytics provider AnalyticsET
[2015.07.08-20.51.54:200][  0]LogAnalytics: [UEEditor.Rocket.Release] APIServer = http://et2.epicgames.com/ET2/. AppVersion = 4.8.1-2591939+++depot+UE4-Releases+4.8
[2015.07.08-20.51.54:200][  0]LogAnalytics: [UEEditor.Rocket.Release] SetUserId 412554c84dce0172ced9c993479e3b4a|211b3dab690f4096afd4dd007df595dd|a7c4cc10-e2dd-4cbc-a537-941298a0deb0
[2015.07.08-20.51.54:200][  0]LogAnalytics: [UEEditor.Rocket.Release] AnalyticsET::StartSession
[2015.07.08-20.51.54:239][  0]LogInit: Transaction tracking system initialized
[2015.07.08-20.51.54:450][  0]BlueprintLog: New page: Editor Load
[2015.07.08-20.51.54:504][  0]LogAssetRegistry: FAssetRegistry took 0.0112 seconds to start up
[2015.07.08-20.51.54:504][  0]LogDirectoryWatcher:Warning: Failed to begin reading directory changes for ../../../Engine/Plugins/Experimental/CharacterAI/Content/. Error: 0
[2015.07.08-20.51.55:868][  0]LogConsoleManager:Warning: Console variable 'r.VSync' wasn't set ('GameSetting' has a lower priority than 'SystemSettingsIni')
[2015.07.08-20.51.55:870][  0]LogConsoleResponse:Display: 
[2015.07.08-20.51.56:109][  0]LogCook:Display: Done creating registry. It took  0.00s.
[2015.07.08-20.51.56:476][  0]SourceControl: Info Source control is disabled
[2015.07.08-20.51.56:476][  0]Cmd: MAP LOAD FILE="../../../../../Projects/ActualProject_1/FirstProjEver/JustDoIt/Content/StarterContent/Maps/Minimal_Default.umap" TEMPLATE=0 SHOWPROGRESS=1 FEATURELEVEL=3
[2015.07.08-20.51.56:531][  0]LightingResults: New page: Lighting Build
[2015.07.08-20.51.56:555][  0]MapCheck: New page: Map Check
[2015.07.08-20.51.56:555][  0]LightingResults: New page: Lighting Build
[2015.07.08-20.51.56:583][  0]LogParticles: Destroying 0 GPU particle simulations for FXSystem 0x000000EB971C8B80
[2015.07.08-20.52.12:682][  0]LogAIModule: Creating AISystem for world Minimal_Default
[2015.07.08-20.52.12:693][  0]LogEditorServer: Finished looking for orphan Actors (0.000 secs)
[2015.07.08-20.52.12:734][  0]Cmd: MAP CHECKDEP NOCLEARLOG
[2015.07.08-20.52.12:817][  0]MapCheck: Info Map check complete: 0 Error(s), 0 Warning(s), took 82.914ms to complete.
[2015.07.08-20.52.12:817][  0]LogFileHelpers: Loading map 'Minimal_Default' took 16.342
[2015.07.08-20.52.12:919][  0]LogCollectionManager: Loaded 0 collections in 0.002695 seconds
[2015.07.08-20.52.12:928][  0]LogContentBrowser: Native class hierarchy populated in 0.0090 seconds. Added 1792 classes and 301 folders.
[2015.07.08-20.52.12:984][  0]LogContentBrowser: Native class hierarchy updated for 'WidgetCarousel' in 0.0004 seconds. Added 0 classes and 0 folders.
[2015.07.08-20.52.13:018][  0]LogContentBrowser: Native class hierarchy updated for 'AddContentDialog' in 0.0004 seconds. Added 0 classes and 0 folders.
[2015.07.08-20.52.13:086][  0]LogContentBrowser: Native class hierarchy updated for 'SceneOutliner' in 0.0005 seconds. Added 1 classes and 2 folders.
[2015.07.08-20.52.13:197][  0]LogCrashTracker: Crashtracker disabled due to settings.
[2015.07.08-20.52.13:203][  0]LogUObjectGlobals:Warning: Failed to find object 'Class None.'
[2015.07.08-20.52.13:225][  0]LogLoad: Full Startup: 29.16 seconds (BP compile: 3.30 seconds)
[2015.07.08-20.52.13:661][  0]LogContentStreaming: Texture pool size is 0.000000MB
[2015.07.08-20.52.13:711][  0]LogContentStreaming: Texture pool size now 700 MB
[2015.07.08-20.52.13:873][  0]LogRenderer: Reallocating scene render targets to support 896x592 (Frame:2).
[2015.07.08-20.52.13:964][  1]LogScript:Warning: Accessed None 'CallFunc_TryGetPawnOwner_ReturnValue'
	FP_AB_C /Engine/Transient.CharacterMesh0:FP_AB_C_0
	Function /Game/FP/BP_Anims/FP_AB.FP_AB_C:ExecuteUbergraph_FP_AB:19A2
[2015.07.08-20.52.13:964][  1]LogScript:Warning: Accessed None 'CallFunc_TryGetPawnOwner_ReturnValue'
	FP_AB_C /Engine/Transient.CharacterMesh0:FP_AB_C_0
	Function /Game/FP/BP_Anims/FP_AB.FP_AB_C:ExecuteUbergraph_FP_AB:19CD
[2015.07.08-20.52.13:965][  1]LogScript:Warning: Accessed None 'CallFunc_TryGetPawnOwner_ReturnValue'
	FP_AB_C /Engine/Transient.CharacterMesh0:FP_AB_C_0
	Function /Game/FP/BP_Anims/FP_AB.FP_AB_C:ExecuteUbergraph_FP_AB:1A3C
[2015.07.08-20.52.13:965][  1]LogScript:Warning: Accessed None 'CallFunc_GetMovementComponent_ReturnValue'
	FP_AB_C /Engine/Transient.CharacterMesh0:FP_AB_C_0
	Function /Game/FP/BP_Anims/FP_AB.FP_AB_C:ExecuteUbergraph_FP_AB:1A6B
[2015.07.08-20.52.13:965][  1]LogScript:Warning: Accessed None 'CallFunc_TryGetPawnOwner_ReturnValue'
	FP_AB_C /Engine/Transient.CharacterMesh0:FP_AB_C_0
	Function /Game/FP/BP_Anims/FP_AB.FP_AB_C:ExecuteUbergraph_FP_AB:1AC7
[2015.07.08-20.52.13:966][  1]LogScript:Warning: Accessed None 'CallFunc_TryGetPawnOwner_ReturnValue'
	FP_AB_C /Engine/Transient.CharacterMesh0:FP_AB_C_0
	Function /Game/FP/BP_Anims/FP_AB.FP_AB_C:ExecuteUbergraph_FP_AB:19A2
[2015.07.08-20.52.13:966][  1]LogScript:Warning: Accessed None 'CallFunc_TryGetPawnOwner_ReturnValue'
	FP_AB_C /Engine/Transient.CharacterMesh0:FP_AB_C_0
	Function /Game/FP/BP_Anims/FP_AB.FP_AB_C:ExecuteUbergraph_FP_AB:19CD
[2015.07.08-20.52.13:966][  1]LogScript:Warning: Accessed None 'CallFunc_TryGetPawnOwner_ReturnValue'
	FP_AB_C /Engine/Transient.CharacterMesh0:FP_AB_C_0
	Function /Game/FP/BP_Anims/FP_AB.FP_AB_C:ExecuteUbergraph_FP_AB:1A3C
[2015.07.08-20.52.13:966][  1]LogScript:Warning: Accessed None 'CallFunc_GetMovementComponent_ReturnValue'
	FP_AB_C /Engine/Transient.CharacterMesh0:FP_AB_C_0
	Function /Game/FP/BP_Anims/FP_AB.FP_AB_C:ExecuteUbergraph_FP_AB:1A6B
[2015.07.08-20.52.13:966][  1]LogScript:Warning: Accessed None 'CallFunc_TryGetPawnOwner_ReturnValue'
	FP_AB_C /Engine/Transient.CharacterMesh0:FP_AB_C_0
	Function /Game/FP/BP_Anims/FP_AB.FP_AB_C:ExecuteUbergraph_FP_AB:1AC7
[2015.07.08-20.52.20:976][ 22]LogAssetRegistry: Asset discovery search completed in 26.4823 seconds
[2015.07.08-20.53.20:089][276]LogPlayLevel: PIE:  No blueprints needed recompiling
[2015.07.08-20.53.20:092][276]PIE: New page: PIE session: Minimal_Default (Jul 9, 2015, 2:53:20 AM)
[2015.07.08-20.53.20:092][276]LogPlayLevel: Creating play world package: /Game/StarterContent/Maps/UEDPIE_0_Minimal_Default
[2015.07.08-20.53.20:106][276]LogPlayLevel: PIE: StaticDuplicateObject took: (0.014097s)
[2015.07.08-20.53.20:107][276]LogAIModule: Creating AISystem for world Minimal_Default
[2015.07.08-20.53.20:108][276]LogPlayLevel: PIE: World Init took: (0.001997s)
[2015.07.08-20.53.20:109][276]LogPlayLevel: PIE: Created PIE world by copying editor world from /Game/StarterContent/Maps/Minimal_Default.Minimal_Default to /Game/StarterContent/Maps/UEDPIE_0_Minimal_Default.Minimal_Default (0.016534s)
[2015.07.08-20.53.20:109][276]LogActorComponent: UnregisterComponent: (/Engine/Transient.CharMoveComp) Not registered. Aborting.
[2015.07.08-20.53.20:470][276]LogInit: XAudio2 using 'Headphones (High Definition Audio Device)' : 2 channels at 44.1 kHz using 16 bits per sample (channel mask 0x3)
[2015.07.08-20.53.20:478][276]LogInit: FAudioDevice initialized.
[2015.07.08-20.53.20:534][276]LogWorld: Game class is 'NewGameMode_C'
[2015.07.08-20.53.20:898][276]LogWorld: Bringing World /Game/StarterContent/Maps/UEDPIE_0_Minimal_Default.Minimal_Default up for play (max tick rate 0) at 2015.07.08-23.53.20
[2015.07.08-20.53.20:898][276]LogActor:Warning: GameSession /Game/StarterContent/Maps/UEDPIE_0_Minimal_Default.Minimal_Default:PersistentLevel.GameSession_0 has natively added scene component(s), but none of them were set as the actor's RootComponent - picking one arbitrarily
[2015.07.08-20.53.20:899][276]LogActor:Warning: GameNetworkManager /Game/StarterContent/Maps/UEDPIE_0_Minimal_Default.Minimal_Default:PersistentLevel.GameNetworkManager_0 has natively added scene component(s), but none of them were set as the actor's RootComponent - picking one arbitrarily
[2015.07.08-20.53.20:899][276]LogWorld: Bringing up level for play took: 0.362983
[2015.07.08-20.53.20:937][276]PIE: Info Play in editor start time for /Game/StarterContent/Maps/UEDPIE_0_Minimal_Default 1.422
[2015.07.08-20.53.23:188][427]Cmd: LevelEditor.ToggleImmersive
[2015.07.08-20.53.23:353][428]LogRenderer: Reallocating scene render targets to support 1128x664 (Frame:244).
[2015.07.08-20.53.23:430][429]LogRenderer: Reallocating scene render targets to support 1368x728 (Frame:246).
[2015.07.08-20.54.14:532][112]LogParticles: Destroying 0 GPU particle simulations for FXSystem 0x000000EBA3F6C400
[2015.07.08-20.54.22:413][472]LogScript:Warning: Accessed None 'CallFunc_TryGetPawnOwner_ReturnValue'
	FP_AB_C /Engine/Transient.CharacterMesh0:FP_AB_C_2
	Function /Game/FP/BP_Anims/FP_AB.FP_AB_C:ExecuteUbergraph_FP_AB:19A2
[2015.07.08-20.54.22:413][472]LogScript:Warning: Accessed None 'CallFunc_TryGetPawnOwner_ReturnValue'
	FP_AB_C /Engine/Transient.CharacterMesh0:FP_AB_C_2
	Function /Game/FP/BP_Anims/FP_AB.FP_AB_C:ExecuteUbergraph_FP_AB:19CD
[2015.07.08-20.54.22:413][472]LogScript:Warning: Accessed None 'CallFunc_TryGetPawnOwner_ReturnValue'
	FP_AB_C /Engine/Transient.CharacterMesh0:FP_AB_C_2
	Function /Game/FP/BP_Anims/FP_AB.FP_AB_C:ExecuteUbergraph_FP_AB:1A3C
[2015.07.08-20.54.22:413][472]LogScript:Warning: Accessed None 'CallFunc_GetMovementComponent_ReturnValue'
	FP_AB_C /Engine/Transient.CharacterMesh0:FP_AB_C_2
	Function /Game/FP/BP_Anims/FP_AB.FP_AB_C:ExecuteUbergraph_FP_AB:1A6B
[2015.07.08-20.54.22:413][472]LogScript:Warning: Accessed None 'CallFunc_TryGetPawnOwner_ReturnValue'
	FP_AB_C /Engine/Transient.CharacterMesh0:FP_AB_C_2
	Function /Game/FP/BP_Anims/FP_AB.FP_AB_C:ExecuteUbergraph_FP_AB:1AC7
[2015.07.08-20.54.22:414][472]LogScript:Warning: Accessed None 'CallFunc_TryGetPawnOwner_ReturnValue'
	FP_AB_C /Engine/Transient.CharacterMesh0:FP_AB_C_2
	Function /Game/FP/BP_Anims/FP_AB.FP_AB_C:ExecuteUbergraph_FP_AB:19A2
[2015.07.08-20.54.22:414][472]LogScript:Warning: Accessed None 'CallFunc_TryGetPawnOwner_ReturnValue'
	FP_AB_C /Engine/Transient.CharacterMesh0:FP_AB_C_2
	Function /Game/FP/BP_Anims/FP_AB.FP_AB_C:ExecuteUbergraph_FP_AB:19CD
[2015.07.08-20.54.22:414][472]LogScript:Warning: Accessed None 'CallFunc_TryGetPawnOwner_ReturnValue'
	FP_AB_C /Engine/Transient.CharacterMesh0:FP_AB_C_2
	Function /Game/FP/BP_Anims/FP_AB.FP_AB_C:ExecuteUbergraph_FP_AB:1A3C
[2015.07.08-20.54.22:414][472]LogScript:Warning: Accessed None 'CallFunc_GetMovementComponent_ReturnValue'
	FP_AB_C /Engine/Transient.CharacterMesh0:FP_AB_C_2
	Function /Game/FP/BP_Anims/FP_AB.FP_AB_C:ExecuteUbergraph_FP_AB:1A6B
[2015.07.08-20.54.22:414][472]LogScript:Warning: Accessed None 'CallFunc_TryGetPawnOwner_ReturnValue'
	FP_AB_C /Engine/Transient.CharacterMesh0:FP_AB_C_2
	Function /Game/FP/BP_Anims/FP_AB.FP_AB_C:ExecuteUbergraph_FP_AB:1AC7
[2015.07.08-20.54.23:472][513]LogLinker:Warning: Asset '../../../Engine/Content/ArtTools/RenderToTexture/Macros/RenderToTextureMacros.uasset' has been saved with empty engine version. The asset will be loaded but may be incompatible.
[2015.07.08-20.54.23:602][513]LogLinker:Warning: Asset '../../../Engine/Content/ArtTools/RenderToTexture/Enums/RenderToTexture_Enum.uasset' has been saved with empty engine version. The asset will be loaded but may be incompatible.
[2015.07.08-20.55.27:955][ 11]BlueprintLog: New page: Compile FP_char
[2015.07.08-20.55.28:881][ 11]LogActorComponent: UnregisterComponent: (/Engine/Transient.CharMoveComp) Not registered. Aborting.
[2015.07.08-20.55.29:025][ 11]BlueprintEditorCompileResults: Info [0224.96] Compile of FP_char successful! [in 1,068 ms]
[2015.07.08-20.55.29:027][ 11]LogScript:Warning: Accessed None 'CallFunc_TryGetPawnOwner_ReturnValue'
	FP_AB_C /Engine/Transient.CharacterMesh0:FP_AB_C_2
	Function /Game/FP/BP_Anims/FP_AB.FP_AB_C:ExecuteUbergraph_FP_AB:19A2
[2015.07.08-20.55.29:027][ 11]LogScript:Warning: Accessed None 'CallFunc_TryGetPawnOwner_ReturnValue'
	FP_AB_C /Engine/Transient.CharacterMesh0:FP_AB_C_2
	Function /Game/FP/BP_Anims/FP_AB.FP_AB_C:ExecuteUbergraph_FP_AB:19CD
[2015.07.08-20.55.29:027][ 11]LogScript:Warning: Accessed None 'CallFunc_TryGetPawnOwner_ReturnValue'
	FP_AB_C /Engine/Transient.CharacterMesh0:FP_AB_C_2
	Function /Game/FP/BP_Anims/FP_AB.FP_AB_C:ExecuteUbergraph_FP_AB:1A3C
[2015.07.08-20.55.29:027][ 11]LogScript:Warning: Accessed None 'CallFunc_GetMovementComponent_ReturnValue'
	FP_AB_C /Engine/Transient.CharacterMesh0:FP_AB_C_2
	Function /Game/FP/BP_Anims/FP_AB.FP_AB_C:ExecuteUbergraph_FP_AB:1A6B
[2015.07.08-20.55.29:027][ 11]LogScript:Warning: Accessed None 'CallFunc_TryGetPawnOwner_ReturnValue'
	FP_AB_C /Engine/Transient.CharacterMesh0:FP_AB_C_2
	Function /Game/FP/BP_Anims/FP_AB.FP_AB_C:ExecuteUbergraph_FP_AB:1AC7
[2015.07.08-20.55.29:027][ 11]LogScript:Warning: Accessed None 'CallFunc_TryGetPawnOwner_ReturnValue'
	FP_AB_C /Engine/Transient.CharacterMesh0:FP_AB_C_2
	Function /Game/FP/BP_Anims/FP_AB.FP_AB_C:ExecuteUbergraph_FP_AB:19A2
[2015.07.08-20.55.29:027][ 11]LogScript:Warning: Accessed None 'CallFunc_TryGetPawnOwner_ReturnValue'
	FP_AB_C /Engine/Transient.CharacterMesh0:FP_AB_C_2
	Function /Game/FP/BP_Anims/FP_AB.FP_AB_C:ExecuteUbergraph_FP_AB:19CD
[2015.07.08-20.55.30:048][ 60]LogPlayLevel: PIE:  No blueprints needed recompiling
[2015.07.08-20.55.30:048][ 60]PIE: New page: PIE session: Minimal_Default (Jul 9, 2015, 2:55:30 AM)
[2015.07.08-20.55.30:049][ 60]LogPlayLevel: Creating play world package: /Game/StarterContent/Maps/UEDPIE_0_Minimal_Default
[2015.07.08-20.55.30:061][ 60]LogPlayLevel: PIE: StaticDuplicateObject took: (0.012291s)
[2015.07.08-20.55.30:062][ 60]LogAIModule: Creating AISystem for world Minimal_Default
[2015.07.08-20.55.30:063][ 60]LogPlayLevel: PIE: World Init took: (0.001592s)
[2015.07.08-20.55.30:063][ 60]LogPlayLevel: PIE: Created PIE world by copying editor world from /Game/StarterContent/Maps/Minimal_Default.Minimal_Default to /Game/StarterContent/Maps/UEDPIE_0_Minimal_Default.Minimal_Default (0.014136s)
[2015.07.08-20.55.30:063][ 60]LogActorComponent: UnregisterComponent: (/Engine/Transient.CharMoveComp) Not registered. Aborting.
[2015.07.08-20.55.30:129][ 60]LogInit: XAudio2 using 'Headphones (High Definition Audio Device)' : 2 channels at 44.1 kHz using 16 bits per sample (channel mask 0x3)
[2015.07.08-20.55.30:138][ 60]LogInit: FAudioDevice initialized.
[2015.07.08-20.55.30:179][ 60]LogWorld: Game class is 'NewGameMode_C'
[2015.07.08-20.55.30:190][ 60]LogWorld: Bringing World /Game/StarterContent/Maps/UEDPIE_0_Minimal_Default.Minimal_Default up for play (max tick rate 0) at 2015.07.08-23.55.30
[2015.07.08-20.55.30:190][ 60]LogActor:Warning: GameSession /Game/StarterContent/Maps/UEDPIE_0_Minimal_Default.Minimal_Default:PersistentLevel.GameSession_1 has natively added scene component(s), but none of them were set as the actor's RootComponent - picking one arbitrarily
[2015.07.08-20.55.30:191][ 60]LogActor:Warning: GameNetworkManager /Game/StarterContent/Maps/UEDPIE_0_Minimal_Default.Minimal_Default:PersistentLevel.GameNetworkManager_1 has natively added scene component(s), but none of them were set as the actor's RootComponent - picking one arbitrarily
[2015.07.08-20.55.30:191][ 60]LogWorld: Bringing up level for play took: 0.010079
[2015.07.08-20.55.30:199][ 60]PIE: Info Play in editor start time for /Game/StarterContent/Maps/UEDPIE_0_Minimal_Default 0.684
[2015.07.08-20.55.45:657][132]Cmd: LevelEditor.ToggleImmersive
[2015.07.08-20.59.21:903][978]LogParticles: Destroying 0 GPU particle simulations for FXSystem 0x000000EB9EB3B600
[2015.07.08-21.04.13:988][532]LogScript:Warning: Accessed None 'CallFunc_TryGetPawnOwner_ReturnValue'
	FP_AB_C /Engine/Transient.CharacterMesh0:FP_AB_C_4
	Function /Game/FP/BP_Anims/FP_AB.FP_AB_C:ExecuteUbergraph_FP_AB:19A2
[2015.07.08-21.04.13:988][532]LogScript:Warning: Accessed None 'CallFunc_TryGetPawnOwner_ReturnValue'
	FP_AB_C /Engine/Transient.CharacterMesh0:FP_AB_C_4
	Function /Game/FP/BP_Anims/FP_AB.FP_AB_C:ExecuteUbergraph_FP_AB:19CD
[2015.07.08-21.04.13:988][532]LogScript:Warning: Accessed None 'CallFunc_TryGetPawnOwner_ReturnValue'
	FP_AB_C /Engine/Transient.CharacterMesh0:FP_AB_C_4
	Function /Game/FP/BP_Anims/FP_AB.FP_AB_C:ExecuteUbergraph_FP_AB:1A3C
[2015.07.08-21.04.13:988][532]LogScript:Warning: Accessed None 'CallFunc_GetMovementComponent_ReturnValue'
	FP_AB_C /Engine/Transient.CharacterMesh0:FP_AB_C_4
	Function /Game/FP/BP_Anims/FP_AB.FP_AB_C:ExecuteUbergraph_FP_AB:1A6B
[2015.07.08-21.04.13:988][532]LogScript:Warning: Accessed None 'CallFunc_TryGetPawnOwner_ReturnValue'
	FP_AB_C /Engine/Transient.CharacterMesh0:FP_AB_C_4
	Function /Game/FP/BP_Anims/FP_AB.FP_AB_C:ExecuteUbergraph_FP_AB:1AC7
[2015.07.08-21.04.13:988][532]LogScript:Warning: Accessed None 'CallFunc_TryGetPawnOwner_ReturnValue'
	FP_AB_C /Engine/Transient.CharacterMesh0:FP_AB_C_4
	Function /Game/FP/BP_Anims/FP_AB.FP_AB_C:ExecuteUbergraph_FP_AB:19A2
[2015.07.08-21.04.13:988][532]LogScript:Warning: Accessed None 'CallFunc_TryGetPawnOwner_ReturnValue'
	FP_AB_C /Engine/Transient.CharacterMesh0:FP_AB_C_4
	Function /Game/FP/BP_Anims/FP_AB.FP_AB_C:ExecuteUbergraph_FP_AB:19CD
[2015.07.08-21.04.13:988][532]LogScript:Warning: Accessed None 'CallFunc_TryGetPawnOwner_ReturnValue'
	FP_AB_C /Engine/Transient.CharacterMesh0:FP_AB_C_4
	Function /Game/FP/BP_Anims/FP_AB.FP_AB_C:ExecuteUbergraph_FP_AB:1A3C
[2015.07.08-21.04.13:988][532]LogScript:Warning: Accessed None 'CallFunc_GetMovementComponent_ReturnValue'
	FP_AB_C /Engine/Transient.CharacterMesh0:FP_AB_C_4
	Function /Game/FP/BP_Anims/FP_AB.FP_AB_C:ExecuteUbergraph_FP_AB:1A6B
[2015.07.08-21.04.13:988][532]LogScript:Warning: Accessed None 'CallFunc_TryGetPawnOwner_ReturnValue'
	FP_AB_C /Engine/Transient.CharacterMesh0:FP_AB_C_4
	Function /Game/FP/BP_Anims/FP_AB.FP_AB_C:ExecuteUbergraph_FP_AB:1AC7
[2015.07.08-21.04.16:496][676]LogActorComponent: UnregisterComponent: (/Engine/Transient.CharMoveComp) Not registered. Aborting.
[2015.07.08-21.04.16:529][676]LogScript:Warning: Accessed None 'CallFunc_TryGetPawnOwner_ReturnValue'
	FP_AB_C /Engine/Transient.SkeletalMeshComponent_0:FP_AB_C_5
	Function /Game/FP/BP_Anims/FP_AB.FP_AB_C:ExecuteUbergraph_FP_AB:19A2
[2015.07.08-21.04.16:529][676]LogScript:Warning: Accessed None 'CallFunc_TryGetPawnOwner_ReturnValue'
	FP_AB_C /Engine/Transient.SkeletalMeshComponent_0:FP_AB_C_5
	Function /Game/FP/BP_Anims/FP_AB.FP_AB_C:ExecuteUbergraph_FP_AB:19CD
[2015.07.08-21.04.16:529][676]LogScript:Warning: Accessed None 'CallFunc_TryGetPawnOwner_ReturnValue'
	FP_AB_C /Engine/Transient.SkeletalMeshComponent_0:FP_AB_C_5
	Function /Game/FP/BP_Anims/FP_AB.FP_AB_C:ExecuteUbergraph_FP_AB:1A3C
[2015.07.08-21.04.16:529][676]LogScript:Warning: Accessed None 'CallFunc_GetMovementComponent_ReturnValue'
	FP_AB_C /Engine/Transient.SkeletalMeshComponent_0:FP_AB_C_5
	Function /Game/FP/BP_Anims/FP_AB.FP_AB_C:ExecuteUbergraph_FP_AB:1A6B
[2015.07.08-21.04.16:529][676]LogScript:Warning: Accessed None 'CallFunc_TryGetPawnOwner_ReturnValue'
	FP_AB_C /Engine/Transient.SkeletalMeshComponent_0:FP_AB_C_5
	Function /Game/FP/BP_Anims/FP_AB.FP_AB_C:ExecuteUbergraph_FP_AB:1AC7
[2015.07.08-21.04.16:529][676]LogScript:Warning: Accessed None 'CallFunc_TryGetPawnOwner_ReturnValue'
	FP_AB_C /Engine/Transient.SkeletalMeshComponent_0:FP_AB_C_5
	Function /Game/FP/BP_Anims/FP_AB.FP_AB_C:ExecuteUbergraph_FP_AB:19A2
[2015.07.08-21.04.16:529][676]LogScript:Warning: Accessed None 'CallFunc_TryGetPawnOwner_ReturnValue'
	FP_AB_C /Engine/Transient.SkeletalMeshComponent_0:FP_AB_C_5
	Function /Game/FP/BP_Anims/FP_AB.FP_AB_C:ExecuteUbergraph_FP_AB:19CD
[2015.07.08-21.04.16:529][676]LogScript:Warning: Accessed None 'CallFunc_TryGetPawnOwner_ReturnValue'
	FP_AB_C /Engine/Transient.SkeletalMeshComponent_0:FP_AB_C_5
	Function /Game/FP/BP_Anims/FP_AB.FP_AB_C:ExecuteUbergraph_FP_AB:1A3C
[2015.07.08-21.04.16:529][676]LogScript:Warning: Accessed None 'CallFunc_GetMovementComponent_ReturnValue'
	FP_AB_C /Engine/Transient.SkeletalMeshComponent_0:FP_AB_C_5
	Function /Game/FP/BP_Anims/FP_AB.FP_AB_C:ExecuteUbergraph_FP_AB:1A6B
[2015.07.08-21.04.16:529][676]LogScript:Warning: Accessed None 'CallFunc_TryGetPawnOwner_ReturnValue'
	FP_AB_C /Engine/Transient.SkeletalMeshComponent_0:FP_AB_C_5
	Function /Game/FP/BP_Anims/FP_AB.FP_AB_C:ExecuteUbergraph_FP_AB:1AC7
[2015.07.08-21.05.07:436][291]LogActorComponent: UnregisterComponent: (/Engine/Transient.CharacterMovementComponent_0) Not registered. Aborting.
[2015.07.08-21.05.07:474][291]LogScript:Warning: Accessed None 'CallFunc_TryGetPawnOwner_ReturnValue'
	FP_AB_C /Engine/Transient.SkeletalMeshComponent_2:FP_AB_C_6
	Function /Game/FP/BP_Anims/FP_AB.FP_AB_C:ExecuteUbergraph_FP_AB:19A2
[2015.07.08-21.05.07:474][291]LogScript:Warning: Accessed None 'CallFunc_TryGetPawnOwner_ReturnValue'
	FP_AB_C /Engine/Transient.SkeletalMeshComponent_2:FP_AB_C_6
	Function /Game/FP/BP_Anims/FP_AB.FP_AB_C:ExecuteUbergraph_FP_AB:19CD
[2015.07.08-21.05.07:474][291]LogScript:Warning: Accessed None 'CallFunc_TryGetPawnOwner_ReturnValue'
	FP_AB_C /Engine/Transient.SkeletalMeshComponent_2:FP_AB_C_6
	Function /Game/FP/BP_Anims/FP_AB.FP_AB_C:ExecuteUbergraph_FP_AB:1A3C
[2015.07.08-21.05.07:474][291]LogScript:Warning: Accessed None 'CallFunc_GetMovementComponent_ReturnValue'
	FP_AB_C /Engine/Transient.SkeletalMeshComponent_2:FP_AB_C_6
	Function /Game/FP/BP_Anims/FP_AB.FP_AB_C:ExecuteUbergraph_FP_AB:1A6B
[2015.07.08-21.05.07:474][291]LogScript:Warning: Accessed None 'CallFunc_TryGetPawnOwner_ReturnValue'
	FP_AB_C /Engine/Transient.SkeletalMeshComponent_2:FP_AB_C_6
	Function /Game/FP/BP_Anims/FP_AB.FP_AB_C:ExecuteUbergraph_FP_AB:1AC7
[2015.07.08-21.05.07:475][291]LogScript:Warning: Accessed None 'CallFunc_TryGetPawnOwner_ReturnValue'
	FP_AB_C /Engine/Transient.SkeletalMeshComponent_2:FP_AB_C_6
	Function /Game/FP/BP_Anims/FP_AB.FP_AB_C:ExecuteUbergraph_FP_AB:19A2
[2015.07.08-21.05.07:475][291]LogScript:Warning: Accessed None 'CallFunc_TryGetPawnOwner_ReturnValue'
	FP_AB_C /Engine/Transient.SkeletalMeshComponent_2:FP_AB_C_6
	Function /Game/FP/BP_Anims/FP_AB.FP_AB_C:ExecuteUbergraph_FP_AB:19CD
[2015.07.08-21.05.07:475][291]LogScript:Warning: Accessed None 'CallFunc_TryGetPawnOwner_ReturnValue'
	FP_AB_C /Engine/Transient.SkeletalMeshComponent_2:FP_AB_C_6
	Function /Game/FP/BP_Anims/FP_AB.FP_AB_C:ExecuteUbergraph_FP_AB:1A3C
[2015.07.08-21.05.07:475][291]LogScript:Warning: Accessed None 'CallFunc_GetMovementComponent_ReturnValue'
	FP_AB_C /Engine/Transient.SkeletalMeshComponent_2:FP_AB_C_6
	Function /Game/FP/BP_Anims/FP_AB.FP_AB_C:ExecuteUbergraph_FP_AB:1A6B
[2015.07.08-21.05.07:475][291]LogScript:Warning: Accessed None 'CallFunc_TryGetPawnOwner_ReturnValue'
	FP_AB_C /Engine/Transient.SkeletalMeshComponent_2:FP_AB_C_6
	Function /Game/FP/BP_Anims/FP_AB.FP_AB_C:ExecuteUbergraph_FP_AB:1AC7
[2015.07.08-21.05.10:440][508]BlueprintLog: New page: Compile FP_char
[2015.07.08-21.05.11:379][508]LogActorComponent: UnregisterComponent: (/Engine/Transient.CharacterMovementComponent_1) Not registered. Aborting.
[2015.07.08-21.05.11:537][508]BlueprintEditorCompileResults: Info [0807.47] Compile of FP_char successful! [in 1,095 ms]
[2015.07.08-21.05.13:391][617]Cmd: OBJ SAVEPACKAGE PACKAGE="/Game/FP/CharBP/FP_char" FILE="../../../../../Projects/ActualProject_1/FirstProjEver/JustDoIt/Content/FP/CharBP/FP_char.uasset" SILENT=true
[2015.07.08-21.05.14:498][617]LogSavePackage: Save=645.225220ms
[2015.07.08-21.05.14:498][617]LogSavePackage: Moving '../../../../../Projects/ActualProject_1/FirstProjEver/JustDoIt/Saved/FP_char1608268F410BC25B74F38D9B4AE68E7E.tmp' to '../../../../../Projects/ActualProject_1/FirstProjEver/JustDoIt/Content/FP/CharBP/FP_char.uasset'
[2015.07.08-21.05.15:724][713]LogPlayLevel: PIE:  No blueprints needed recompiling
[2015.07.08-21.05.15:724][713]PIE: New page: PIE session: Minimal_Default (Jul 9, 2015, 3:05:15 AM)
[2015.07.08-21.05.15:724][713]LogPlayLevel: Creating play world package: /Game/StarterContent/Maps/UEDPIE_0_Minimal_Default
[2015.07.08-21.05.15:736][713]LogPlayLevel: PIE: StaticDuplicateObject took: (0.011958s)
[2015.07.08-21.05.15:737][713]LogAIModule: Creating AISystem for world Minimal_Default
[2015.07.08-21.05.15:738][713]LogPlayLevel: PIE: World Init took: (0.001537s)
[2015.07.08-21.05.15:738][713]LogPlayLevel: PIE: Created PIE world by copying editor world from /Game/StarterContent/Maps/Minimal_Default.Minimal_Default to /Game/StarterContent/Maps/UEDPIE_0_Minimal_Default.Minimal_Default (0.013800s)
[2015.07.08-21.05.15:738][713]LogActorComponent: UnregisterComponent: (/Engine/Transient.CharMoveComp) Not registered. Aborting.
[2015.07.08-21.05.15:808][713]LogInit: XAudio2 using 'Headphones (High Definition Audio Device)' : 2 channels at 44.1 kHz using 16 bits per sample (channel mask 0x3)
[2015.07.08-21.05.15:817][713]LogInit: FAudioDevice initialized.
[2015.07.08-21.05.15:862][713]LogWorld: Game class is 'NewGameMode_C'
[2015.07.08-21.05.15:873][713]LogWorld: Bringing World /Game/StarterContent/Maps/UEDPIE_0_Minimal_Default.Minimal_Default up for play (max tick rate 0) at 2015.07.09-00.05.15
[2015.07.08-21.05.15:874][713]LogActor:Warning: GameSession /Game/StarterContent/Maps/UEDPIE_0_Minimal_Default.Minimal_Default:PersistentLevel.GameSession_2 has natively added scene component(s), but none of them were set as the actor's RootComponent - picking one arbitrarily
[2015.07.08-21.05.15:874][713]LogActor:Warning: GameNetworkManager /Game/StarterContent/Maps/UEDPIE_0_Minimal_Default.Minimal_Default:PersistentLevel.GameNetworkManager_2 has natively added scene component(s), but none of them were set as the actor's RootComponent - picking one arbitrarily
[2015.07.08-21.05.15:875][713]LogWorld: Bringing up level for play took: 0.010755
[2015.07.08-21.05.15:884][713]PIE: Info Play in editor start time for /Game/StarterContent/Maps/UEDPIE_0_Minimal_Default 0.37
[2015.07.08-21.05.18:653][919]LogParticles: Destroying 0 GPU particle simulations for FXSystem 0x000000EBAEE97A60
[2015.07.08-21.05.27:650][618]LogScript:Warning: Accessed None 'CallFunc_TryGetPawnOwner_ReturnValue'
	FP_AB_C /Engine/Transient.CharacterMesh0:FP_AB_C_4
	Function /Game/FP/BP_Anims/FP_AB.FP_AB_C:ExecuteUbergraph_FP_AB:19A2
[2015.07.08-21.05.27:650][618]LogScript:Warning: Accessed None 'CallFunc_TryGetPawnOwner_ReturnValue'
	FP_AB_C /Engine/Transient.CharacterMesh0:FP_AB_C_4
	Function /Game/FP/BP_Anims/FP_AB.FP_AB_C:ExecuteUbergraph_FP_AB:19CD
[2015.07.08-21.05.27:650][618]LogScript:Warning: Accessed None 'CallFunc_TryGetPawnOwner_ReturnValue'
	FP_AB_C /Engine/Transient.CharacterMesh0:FP_AB_C_4
	Function /Game/FP/BP_Anims/FP_AB.FP_AB_C:ExecuteUbergraph_FP_AB:1A3C
[2015.07.08-21.05.27:650][618]LogScript:Warning: Accessed None 'CallFunc_GetMovementComponent_ReturnValue'
	FP_AB_C /Engine/Transient.CharacterMesh0:FP_AB_C_4
	Function /Game/FP/BP_Anims/FP_AB.FP_AB_C:ExecuteUbergraph_FP_AB:1A6B
[2015.07.08-21.05.27:650][618]LogScript:Warning: Accessed None 'CallFunc_TryGetPawnOwner_ReturnValue'
	FP_AB_C /Engine/Transient.CharacterMesh0:FP_AB_C_4
	Function /Game/FP/BP_Anims/FP_AB.FP_AB_C:ExecuteUbergraph_FP_AB:1AC7
[2015.07.08-21.05.27:651][618]LogScript:Warning: Accessed None 'CallFunc_TryGetPawnOwner_ReturnValue'
	FP_AB_C /Engine/Transient.CharacterMesh0:FP_AB_C_4
	Function /Game/FP/BP_Anims/FP_AB.FP_AB_C:ExecuteUbergraph_FP_AB:19A2
[2015.07.08-21.05.27:651][618]LogScript:Warning: Accessed None 'CallFunc_TryGetPawnOwner_ReturnValue'
	FP_AB_C /Engine/Transient.CharacterMesh0:FP_AB_C_4
	Function /Game/FP/BP_Anims/FP_AB.FP_AB_C:ExecuteUbergraph_FP_AB:19CD
[2015.07.08-21.05.28:487][676]BlueprintLog: New page: Compile FP_char
[2015.07.08-21.05.29:412][676]LogActorComponent: UnregisterComponent: (/Engine/Transient.CharMoveComp) Not registered. Aborting.
[2015.07.08-21.05.29:548][676]BlueprintEditorCompileResults: Info [0825.48] Compile of FP_char successful! [in 1,061 ms]
[2015.07.08-21.05.29:551][676]LogScript:Warning: Accessed None 'CallFunc_TryGetPawnOwner_ReturnValue'
	FP_AB_C /Engine/Transient.CharacterMesh0:FP_AB_C_0
	Function /Game/FP/BP_Anims/FP_AB.FP_AB_C:ExecuteUbergraph_FP_AB:19A2
[2015.07.08-21.05.29:551][676]LogScript:Warning: Accessed None 'CallFunc_TryGetPawnOwner_ReturnValue'
	FP_AB_C /Engine/Transient.CharacterMesh0:FP_AB_C_0
	Function /Game/FP/BP_Anims/FP_AB.FP_AB_C:ExecuteUbergraph_FP_AB:19CD
[2015.07.08-21.05.29:551][676]LogScript:Warning: Accessed None 'CallFunc_TryGetPawnOwner_ReturnValue'
	FP_AB_C /Engine/Transient.CharacterMesh0:FP_AB_C_0
	Function /Game/FP/BP_Anims/FP_AB.FP_AB_C:ExecuteUbergraph_FP_AB:1A3C
[2015.07.08-21.05.29:551][676]LogScript:Warning: Accessed None 'CallFunc_GetMovementComponent_ReturnValue'
	FP_AB_C /Engine/Transient.CharacterMesh0:FP_AB_C_0
	Function /Game/FP/BP_Anims/FP_AB.FP_AB_C:ExecuteUbergraph_FP_AB:1A6B
[2015.07.08-21.05.29:551][676]LogScript:Warning: Accessed None 'CallFunc_TryGetPawnOwner_ReturnValue'
	FP_AB_C /Engine/Transient.CharacterMesh0:FP_AB_C_0
	Function /Game/FP/BP_Anims/FP_AB.FP_AB_C:ExecuteUbergraph_FP_AB:1AC7
[2015.07.08-21.05.29:552][676]LogScript:Warning: Accessed None 'CallFunc_TryGetPawnOwner_ReturnValue'
	FP_AB_C /Engine/Transient.CharacterMesh0:FP_AB_C_0
	Function /Game/FP/BP_Anims/FP_AB.FP_AB_C:ExecuteUbergraph_FP_AB:19A2
[2015.07.08-21.05.29:552][676]LogScript:Warning: Accessed None 'CallFunc_TryGetPawnOwner_ReturnValue'
	FP_AB_C /Engine/Transient.CharacterMesh0:FP_AB_C_0
	Function /Game/FP/BP_Anims/FP_AB.FP_AB_C:ExecuteUbergraph_FP_AB:19CD
[2015.07.08-21.05.30:383][730]LogActorComponent: UnregisterComponent: (/Engine/Transient.CharMoveComp) Not registered. Aborting.
[2015.07.08-21.05.30:716][730]LogSavePackage: Save=247.420074ms
[2015.07.08-21.05.30:716][730]LogSavePackage: Moving '../../../../../Projects/ActualProject_1/FirstProjEver/JustDoIt/Saved/Minimal_Default1C55537B4744BB30DD35D7AD198C777B.tmp' to '../../../../../Projects/ActualProject_1/FirstProjEver/JustDoIt/Content/StarterContent/Maps/Minimal_Default.umap'
[2015.07.08-21.05.31:406][777]LogPlayLevel: PIE:  No blueprints needed recompiling
[2015.07.08-21.05.31:406][777]PIE: New page: PIE session: Minimal_Default (Jul 9, 2015, 3:05:31 AM)
[2015.07.08-21.05.31:407][777]LogPlayLevel: Creating play world package: /Game/StarterContent/Maps/UEDPIE_0_Minimal_Default
[2015.07.08-21.05.31:419][777]LogPlayLevel: PIE: StaticDuplicateObject took: (0.012789s)
[2015.07.08-21.05.31:420][777]LogAIModule: Creating AISystem for world Minimal_Default
[2015.07.08-21.05.31:421][777]LogPlayLevel: PIE: World Init took: (0.001822s)
[2015.07.08-21.05.31:422][777]LogPlayLevel: PIE: Created PIE world by copying editor world from /Game/StarterContent/Maps/Minimal_Default.Minimal_Default to /Game/StarterContent/Maps/UEDPIE_0_Minimal_Default.Minimal_Default (0.014941s)
[2015.07.08-21.05.31:514][777]LogInit: XAudio2 using 'Headphones (High Definition Audio Device)' : 2 channels at 44.1 kHz using 16 bits per sample (channel mask 0x3)
[2015.07.08-21.05.31:522][777]LogInit: FAudioDevice initialized.
[2015.07.08-21.05.31:562][777]LogWorld: Game class is 'NewGameMode_C'
[2015.07.08-21.05.31:572][777]LogWorld: Bringing World /Game/StarterContent/Maps/UEDPIE_0_Minimal_Default.Minimal_Default up for play (max tick rate 0) at 2015.07.09-00.05.31
[2015.07.08-21.05.31:572][777]LogActor:Warning: GameSession /Game/StarterContent/Maps/UEDPIE_0_Minimal_Default.Minimal_Default:PersistentLevel.GameSession_3 has natively added scene component(s), but none of them were set as the actor's RootComponent - picking one arbitrarily
[2015.07.08-21.05.31:573][777]LogActor:Warning: GameNetworkManager /Game/StarterContent/Maps/UEDPIE_0_Minimal_Default.Minimal_Default:PersistentLevel.GameNetworkManager_3 has natively added scene component(s), but none of them were set as the actor's RootComponent - picking one arbitrarily
[2015.07.08-21.05.31:573][777]LogWorld: Bringing up level for play took: 0.009515
[2015.07.08-21.05.31:581][777]PIE: Info Play in editor start time for /Game/StarterContent/Maps/UEDPIE_0_Minimal_Default 0.066
[2015.07.08-21.06.23:907][616]Cmd: LevelEditor.ToggleImmersive
[2015.07.08-21.07.01:532][610]LogParticles: Destroying 0 GPU particle simulations for FXSystem 0x000000EB98171D00
[2015.07.08-21.07.06:084][879]Cmd: OBJ SAVEPACKAGE PACKAGE="/Game/FP/CharBP/FP_char" FILE="../../../../../Projects/ActualProject_1/FirstProjEver/JustDoIt/Content/FP/CharBP/FP_char.uasset" SILENT=true
[2015.07.08-21.07.06:741][879]LogSavePackage: Save=641.281860ms
[2015.07.08-21.07.06:741][879]LogSavePackage: Moving '../../../../../Projects/ActualProject_1/FirstProjEver/JustDoIt/Saved/FP_charF6A5439F4CCD241983F443800757294A.tmp' to '../../../../../Projects/ActualProject_1/FirstProjEver/JustDoIt/Content/FP/CharBP/FP_char.uasset'
[2015.07.08-21.07.53:601][310]LogActorComponent: UnregisterComponent: (/Engine/Transient.CharMoveComp) Not registered. Aborting.
[2015.07.08-21.11.17:682][742]LogPlayLevel: PIE:  No blueprints needed recompiling
[2015.07.08-21.11.17:682][742]PIE: New page: PIE session: Minimal_Default (Jul 9, 2015, 3:11:17 AM)
[2015.07.08-21.11.17:682][742]LogPlayLevel: Creating play world package: /Game/StarterContent/Maps/UEDPIE_0_Minimal_Default
[2015.07.08-21.11.17:695][742]LogPlayLevel: PIE: StaticDuplicateObject took: (0.012469s)
[2015.07.08-21.11.17:696][742]LogAIModule: Creating AISystem for world Minimal_Default
[2015.07.08-21.11.17:697][742]LogPlayLevel: PIE: World Init took: (0.002019s)
[2015.07.08-21.11.17:697][742]LogPlayLevel: PIE: Created PIE world by copying editor world from /Game/StarterContent/Maps/Minimal_Default.Minimal_Default to /Game/StarterContent/Maps/UEDPIE_0_Minimal_Default.Minimal_Default (0.014836s)
[2015.07.08-21.11.17:763][742]LogInit: XAudio2 using 'Headphones (High Definition Audio Device)' : 2 channels at 44.1 kHz using 16 bits per sample (channel mask 0x3)
[2015.07.08-21.11.17:771][742]LogInit: FAudioDevice initialized.
[2015.07.08-21.11.17:810][742]LogWorld: Game class is 'NewGameMode_C'
[2015.07.08-21.11.17:821][742]LogWorld: Bringing World /Game/StarterContent/Maps/UEDPIE_0_Minimal_Default.Minimal_Default up for play (max tick rate 0) at 2015.07.09-00.11.17
[2015.07.08-21.11.17:821][742]LogActor:Warning: GameSession /Game/StarterContent/Maps/UEDPIE_0_Minimal_Default.Minimal_Default:PersistentLevel.GameSession_4 has natively added scene component(s), but none of them were set as the actor's RootComponent - picking one arbitrarily
[2015.07.08-21.11.17:822][742]LogActor:Warning: GameNetworkManager /Game/StarterContent/Maps/UEDPIE_0_Minimal_Default.Minimal_Default:PersistentLevel.GameNetworkManager_4 has natively added scene component(s), but none of them were set as the actor's RootComponent - picking one arbitrarily
[2015.07.08-21.11.17:822][742]LogWorld: Bringing up level for play took: 0.010088
[2015.07.08-21.11.17:830][742]PIE: Info Play in editor start time for /Game/StarterContent/Maps/UEDPIE_0_Minimal_Default 0.315
[2015.07.08-21.11.21:566][ 14]LogParticles: Destroying 0 GPU particle simulations for FXSystem 0x000000EB98173A60
[2015.07.08-21.11.36:428][ 92]BlueprintLog: New page: Compile FP_char
[2015.07.08-21.11.37:339][ 92]LogActorComponent: UnregisterComponent: (/Engine/Transient.CharMoveComp) Not registered. Aborting.
[2015.07.08-21.11.37:473][ 92]BlueprintEditorCompileResults: Info [1193.41] Compile of FP_char successful! [in 1,044 ms]
[2015.07.08-21.11.37:623][ 92]Cmd: OBJ SAVEPACKAGE PACKAGE="/Game/FP/CharBP/FP_char" FILE="../../../../../Projects/ActualProject_1/FirstProjEver/JustDoIt/Content/FP/CharBP/FP_char.uasset" SILENT=true
[2015.07.08-21.11.38:254][ 92]LogSavePackage: Save=610.127747ms
[2015.07.08-21.11.38:254][ 92]LogSavePackage: Moving '../../../../../Projects/ActualProject_1/FirstProjEver/JustDoIt/Saved/FP_char3859D61441D952984EC839AA047DE3EF.tmp' to '../../../../../Projects/ActualProject_1/FirstProjEver/JustDoIt/Content/FP/CharBP/FP_char.uasset'
[2015.07.08-21.11.39:528][164]LogPlayLevel: PIE:  No blueprints needed recompiling
[2015.07.08-21.11.39:528][164]PIE: New page: PIE session: Minimal_Default (Jul 9, 2015, 3:11:39 AM)
[2015.07.08-21.11.39:528][164]LogPlayLevel: Creating play world package: /Game/StarterContent/Maps/UEDPIE_0_Minimal_Default
[2015.07.08-21.11.39:542][164]LogPlayLevel: PIE: StaticDuplicateObject took: (0.013247s)
[2015.07.08-21.11.39:543][164]LogAIModule: Creating AISystem for world Minimal_Default
[2015.07.08-21.11.39:543][164]LogPlayLevel: PIE: World Init took: (0.001633s)
[2015.07.08-21.11.39:544][164]LogPlayLevel: PIE: Created PIE world by copying editor world from /Game/StarterContent/Maps/Minimal_Default.Minimal_Default to /Game/StarterContent/Maps/UEDPIE_0_Minimal_Default.Minimal_Default (0.015143s)
[2015.07.08-21.11.39:544][164]LogActorComponent: UnregisterComponent: (/Engine/Transient.CharMoveComp) Not registered. Aborting.
[2015.07.08-21.11.39:612][164]LogInit: XAudio2 using 'Headphones (High Definition Audio Device)' : 2 channels at 44.1 kHz using 16 bits per sample (channel mask 0x3)
[2015.07.08-21.11.39:619][164]LogInit: FAudioDevice initialized.
[2015.07.08-21.11.39:660][164]LogWorld: Game class is 'NewGameMode_C'
[2015.07.08-21.11.39:669][164]LogWorld: Bringing World /Game/StarterContent/Maps/UEDPIE_0_Minimal_Default.Minimal_Default up for play (max tick rate 0) at 2015.07.09-00.11.39
[2015.07.08-21.11.39:670][164]LogActor:Warning: GameSession /Game/StarterContent/Maps/UEDPIE_0_Minimal_Default.Minimal_Default:PersistentLevel.GameSession_5 has natively added scene component(s), but none of them were set as the actor's RootComponent - picking one arbitrarily
[2015.07.08-21.11.39:670][164]LogActor:Warning: GameNetworkManager /Game/StarterContent/Maps/UEDPIE_0_Minimal_Default.Minimal_Default:PersistentLevel.GameNetworkManager_5 has natively added scene component(s), but none of them were set as the actor's RootComponent - picking one arbitrarily
[2015.07.08-21.11.39:671][164]LogWorld: Bringing up level for play took: 0.009174
[2015.07.08-21.11.39:677][164]PIE: Info Play in editor start time for /Game/StarterContent/Maps/UEDPIE_0_Minimal_Default 0.163
[2015.07.08-21.11.41:575][299]LogBlueprintUserMessages: Hello
[2015.07.08-21.11.42:461][362]LogBlueprintUserMessages: Hello
[2015.07.08-21.11.44:254][497]LogBlueprintUserMessages: Hello
[2015.07.08-21.11.44:608][524]LogBlueprintUserMessages: Hello
[2015.07.08-21.11.46:123][641]LogBlueprintUserMessages: Hello
[2015.07.08-21.11.51:102][998]LogBlueprintUserMessages: Hello
[2015.07.08-21.11.52:029][ 63]LogBlueprintUserMessages: Hello
[2015.07.08-21.11.53:693][187]LogBlueprintUserMessages: Hello
[2015.07.08-21.11.53:940][206]LogBlueprintUserMessages: Hello
[2015.07.08-21.11.54:973][281]LogBlueprintUserMessages: Hello
[2015.07.08-21.11.55:181][289]LogParticles: Destroying 0 GPU particle simulations for FXSystem 0x000000EB98167A60
[2015.07.08-21.12.04:188][943]BlueprintLog: New page: Compile FP_char
[2015.07.08-21.12.05:104][943]LogActorComponent: UnregisterComponent: (/Engine/Transient.CharMoveComp) Not registered. Aborting.
[2015.07.08-21.12.05:236][943]BlueprintEditorCompileResults: Info [1221.17] Compile of FP_char successful! [in 1,048 ms]
[2015.07.08-21.12.05:374][943]Cmd: OBJ SAVEPACKAGE PACKAGE="/Game/FP/CharBP/FP_char" FILE="../../../../../Projects/ActualProject_1/FirstProjEver/JustDoIt/Content/FP/CharBP/FP_char.uasset" SILENT=true
[2015.07.08-21.12.06:055][943]LogSavePackage: Save=667.828857ms
[2015.07.08-21.12.06:055][943]LogSavePackage: Moving '../../../../../Projects/ActualProject_1/FirstProjEver/JustDoIt/Saved/FP_char147FB3A3471F559F2642D098CB3EB062.tmp' to '../../../../../Projects/ActualProject_1/FirstProjEver/JustDoIt/Content/FP/CharBP/FP_char.uasset'
[2015.07.08-21.12.18:295][876]BlueprintLog: New page: Compile FP_char
[2015.07.08-21.12.19:213][876]LogActorComponent: UnregisterComponent: (/Engine/Transient.CharMoveComp) Not registered. Aborting.
[2015.07.08-21.12.19:352][876]BlueprintEditorCompileResults: Info [1235.29] Compile of FP_char successful! [in 1,057 ms]
[2015.07.08-21.12.20:639][952]LogPlayLevel: PIE:  No blueprints needed recompiling
[2015.07.08-21.12.20:639][952]PIE: New page: PIE session: Minimal_Default (Jul 9, 2015, 3:12:20 AM)
[2015.07.08-21.12.20:639][952]LogPlayLevel: Creating play world package: /Game/StarterContent/Maps/UEDPIE_0_Minimal_Default
[2015.07.08-21.12.20:652][952]LogPlayLevel: PIE: StaticDuplicateObject took: (0.012672s)
[2015.07.08-21.12.20:653][952]LogAIModule: Creating AISystem for world Minimal_Default
[2015.07.08-21.12.20:654][952]LogPlayLevel: PIE: World Init took: (0.001555s)
[2015.07.08-21.12.20:654][952]LogPlayLevel: PIE: Created PIE world by copying editor world from /Game/StarterContent/Maps/Minimal_Default.Minimal_Default to /Game/StarterContent/Maps/UEDPIE_0_Minimal_Default.Minimal_Default (0.014499s)
[2015.07.08-21.12.20:654][952]LogActorComponent: UnregisterComponent: (/Engine/Transient.CharMoveComp) Not registered. Aborting.
[2015.07.08-21.12.20:722][952]LogInit: XAudio2 using 'Headphones (High Definition Audio Device)' : 2 channels at 44.1 kHz using 16 bits per sample (channel mask 0x3)
[2015.07.08-21.12.20:730][952]LogInit: FAudioDevice initialized.
[2015.07.08-21.12.20:774][952]LogWorld: Game class is 'NewGameMode_C'
[2015.07.08-21.12.20:784][952]LogWorld: Bringing World /Game/StarterContent/Maps/UEDPIE_0_Minimal_Default.Minimal_Default up for play (max tick rate 0) at 2015.07.09-00.12.20
[2015.07.08-21.12.20:784][952]LogActor:Warning: GameSession /Game/StarterContent/Maps/UEDPIE_0_Minimal_Default.Minimal_Default:PersistentLevel.GameSession_6 has natively added scene component(s), but none of them were set as the actor's RootComponent - picking one arbitrarily
[2015.07.08-21.12.20:785][952]LogActor:Warning: GameNetworkManager /Game/StarterContent/Maps/UEDPIE_0_Minimal_Default.Minimal_Default:PersistentLevel.GameNetworkManager_6 has natively added scene component(s), but none of them were set as the actor's RootComponent - picking one arbitrarily
[2015.07.08-21.12.20:786][952]LogWorld: Bringing up level for play took: 0.009546
[2015.07.08-21.12.20:793][952]PIE: Info Play in editor start time for /Game/StarterContent/Maps/UEDPIE_0_Minimal_Default -0.722
[2015.07.08-21.12.21:733][ 21]LogBlueprintUserMessages: Hello
[2015.07.08-21.12.21:824][ 28]LogBlueprintUserMessages: Hello
[2015.07.08-21.12.22:018][ 43]LogBlueprintUserMessages: Hello
[2015.07.08-21.12.22:187][ 56]LogBlueprintUserMessages: Hello
[2015.07.08-21.12.23:451][158]LogBlueprintUserMessages: Hello
[2015.07.08-21.12.25:093][290]LogBlueprintUserMessages: Hello
[2015.07.08-21.12.25:105][291]LogBlueprintUserMessages: Hello
[2015.07.08-21.12.26:703][420]LogBlueprintUserMessages: Hello
[2015.07.08-21.12.29:390][638]LogBlueprintUserMessages: Hello
[2015.07.08-21.12.29:462][644]LogBlueprintUserMessages: Hello
[2015.07.08-21.12.29:591][654]LogBlueprintUserMessages: Hello
[2015.07.08-21.12.29:711][663]LogBlueprintUserMessages: Hello
[2015.07.08-21.12.30:160][700]LogBlueprintUserMessages: Hello
[2015.07.08-21.12.31:034][767]LogBlueprintUserMessages: Hello
[2015.07.08-21.12.31:236][775]LogParticles: Destroying 0 GPU particle simulations for FXSystem 0x000000EBAEE942C0
[2015.07.08-21.12.39:316][381]Cmd: OBJ SAVEPACKAGE PACKAGE="/Game/FP/CharBP/FP_char" FILE="../../../../../Projects/ActualProject_1/FirstProjEver/JustDoIt/Content/FP/CharBP/FP_char.uasset" SILENT=true
[2015.07.08-21.12.39:956][381]LogSavePackage: Save=626.592896ms
[2015.07.08-21.12.39:956][381]LogSavePackage: Moving '../../../../../Projects/ActualProject_1/FirstProjEver/JustDoIt/Saved/FP_charD6A7E42E4563AEEB6ABFC4BCD3F3BF00.tmp' to '../../../../../Projects/ActualProject_1/FirstProjEver/JustDoIt/Content/FP/CharBP/FP_char.uasset'
[2015.07.08-21.13.46:303][378]LogActorComponent: UnregisterComponent: (/Engine/Transient.CharMoveComp) Not registered. Aborting.
[2015.07.08-21.14.07:313][326]BlueprintLog: New page: Pre-PIE auto-recompile
[2015.07.08-21.14.07:371][326]LogPlayLevel: [PIE] Compiling FP_char before PIE...
[2015.07.08-21.14.08:317][326]LogPlayLevel: [PIE] Compiling FP_AB before PIE...
[2015.07.08-21.14.09:128][326]LogPlayLevel: [PIE] Compiling akHands_AB before PIE...
[2015.07.08-21.14.09:566][326]LogPlayLevel: PIE:  Blueprint regeneration took 2254 ms (3 blueprints)
[2015.07.08-21.14.09:567][326]PIE: New page: PIE session: Minimal_Default (Jul 9, 2015, 3:14:09 AM)
[2015.07.08-21.14.09:567][326]LogPlayLevel: Creating play world package: /Game/StarterContent/Maps/UEDPIE_0_Minimal_Default
[2015.07.08-21.14.09:579][326]LogPlayLevel: PIE: StaticDuplicateObject took: (0.011958s)
[2015.07.08-21.14.09:580][326]LogAIModule: Creating AISystem for world Minimal_Default
[2015.07.08-21.14.09:581][326]LogPlayLevel: PIE: World Init took: (0.002144s)
[2015.07.08-21.14.09:581][326]LogPlayLevel: PIE: Created PIE world by copying editor world from /Game/StarterContent/Maps/Minimal_Default.Minimal_Default to /Game/StarterContent/Maps/UEDPIE_0_Minimal_Default.Minimal_Default (0.014438s)
[2015.07.08-21.14.09:643][326]LogInit: XAudio2 using 'Headphones (High Definition Audio Device)' : 2 channels at 44.1 kHz using 16 bits per sample (channel mask 0x3)
[2015.07.08-21.14.09:651][326]LogInit: FAudioDevice initialized.
[2015.07.08-21.14.09:693][326]LogWorld: Game class is 'NewGameMode_C'
[2015.07.08-21.14.09:703][326]LogWorld: Bringing World /Game/StarterContent/Maps/UEDPIE_0_Minimal_Default.Minimal_Default up for play (max tick rate 0) at 2015.07.09-00.14.09
[2015.07.08-21.14.09:703][326]LogActor:Warning: GameSession /Game/StarterContent/Maps/UEDPIE_0_Minimal_Default.Minimal_Default:PersistentLevel.GameSession_7 has natively added scene component(s), but none of them were set as the actor's RootComponent - picking one arbitrarily
[2015.07.08-21.14.09:703][326]LogActor:Warning: GameNetworkManager /Game/StarterContent/Maps/UEDPIE_0_Minimal_Default.Minimal_Default:PersistentLevel.GameNetworkManager_7 has natively added scene component(s), but none of them were set as the actor's RootComponent - picking one arbitrarily
[2015.07.08-21.14.09:704][326]LogWorld: Bringing up level for play took: 0.009239
[2015.07.08-21.14.09:710][326]PIE: Info Play in editor start time for /Game/StarterContent/Maps/UEDPIE_0_Minimal_Default 2.195
[2015.07.08-21.14.37:582][161]LogActorComponent: UnregisterComponent: (/Engine/Transient.CharMoveComp) Not registered. Aborting.
[2015.07.08-21.14.37:663][162]LogParticles: Destroying 0 GPU particle simulations for FXSystem 0x000000EBAAED18A0
[2015.07.08-21.14.39:832][266]Cmd: QUIT_EDITOR
[2015.07.08-21.14.40:089][266]LogWindowsTextInputMethodSystem:Display: IME system now deactivated.
[2015.07.08-21.14.40:263][266]LogExit: Preparing to exit.
[2015.07.08-21.14.40:961][266]LogExit: Editor shut down
[2015.07.08-21.14.40:961][266]LogExit: Transaction tracking system shut down
[2015.07.08-21.14.40:969][266]LogParticles: Destroying 0 GPU particle simulations for FXSystem 0x000000EB997B4CC0
[2015.07.08-21.14.40:969][266]LogParticles: Destroying 0 GPU particle simulations for FXSystem 0x000000EBA0EF0EA0
[2015.07.08-21.14.40:969][266]LogParticles: Destroying 0 GPU particle simulations for FXSystem 0x000000EBA0EF09A0
[2015.07.08-21.14.40:970][266]LogParticles: Destroying 0 GPU particle simulations for FXSystem 0x000000EBA3CAEFC0
[2015.07.08-21.14.40:970][266]LogParticles: Destroying 0 GPU particle simulations for FXSystem 0x000000EBA74D39C0
[2015.07.08-21.14.40:970][266]LogParticles: Destroying 0 GPU particle simulations for FXSystem 0x000000EBA72E6020
[2015.07.08-21.14.40:971][266]LogParticles: Destroying 0 GPU particle simulations for FXSystem 0x000000EBAAA219E0
[2015.07.08-21.14.40:971][266]LogParticles: Destroying 0 GPU particle simulations for FXSystem 0x000000EBAAA218A0
[2015.07.08-21.14.40:971][266]LogParticles: Destroying 0 GPU particle simulations for FXSystem 0x000000EBAAA21300
[2015.07.08-21.14.40:971][266]LogParticles: Destroying 0 GPU particle simulations for FXSystem 0x000000EBAAA21120
[2015.07.08-21.14.40:971][266]LogParticles: Destroying 0 GPU particle simulations for FXSystem 0x000000EBA4043F60
[2015.07.08-21.14.41:229][266]LogExit: Object subsystem successfully closed.
[2015.07.08-21.14.41:340][266]LogModuleManager: Shutting down and abandoning module CrashTracker (188)
[2015.07.08-21.14.41:340][266]LogModuleManager: Shutting down and abandoning module SceneOutliner (187)
[2015.07.08-21.14.41:340][266]LogModuleManager: Shutting down and abandoning module SuperSearch (186)
[2015.07.08-21.14.41:340][266]LogModuleManager: Shutting down and abandoning module WidgetCarousel (185)
[2015.07.08-21.14.41:340][266]LogModuleManager: Shutting down and abandoning module AddContentDialog (184)
[2015.07.08-21.14.41:341][266]LogModuleManager: Shutting down and abandoning module EditorWidgets (183)
[2015.07.08-21.14.41:341][266]LogModuleManager: Shutting down and abandoning module CollectionManager (182)
[2015.07.08-21.14.41:341][266]LogModuleManager: Shutting down and abandoning module StatsViewer (181)
[2015.07.08-21.14.41:341][266]LogModuleManager: Shutting down and abandoning module FoliageEdit (180)
[2015.07.08-21.14.41:341][266]LogModuleManager: Shutting down and abandoning module LandscapeEditor (179)
[2015.07.08-21.14.41:341][266]LogModuleManager: Shutting down and abandoning module ActorPickerMode (178)
[2015.07.08-21.14.41:341][266]LogModuleManager: Shutting down and abandoning module GeometryMode (177)
[2015.07.08-21.14.41:341][266]LogModuleManager: Shutting down and abandoning module TextureAlignMode (176)
[2015.07.08-21.14.41:342][266]LogModuleManager: Shutting down and abandoning module BspMode (175)
[2015.07.08-21.14.41:342][266]LogModuleManager: Shutting down and abandoning module PlacementMode (174)
[2015.07.08-21.14.41:342][266]LogModuleManager: Shutting down and abandoning module AutomationWorker (173)
[2015.07.08-21.14.41:342][266]LogModuleManager: Shutting down and abandoning module CharacterAI (172)
[2015.07.08-21.14.41:342][266]LogModuleManager: Shutting down and abandoning module SmartSnapping (171)
[2015.07.08-21.14.41:342][266]LogModuleManager: Shutting down and abandoning module ViewportSnapping (170)
[2015.07.08-21.14.41:342][266]LogModuleManager: Shutting down and abandoning module LogVisualizer (169)
[2015.07.08-21.14.41:342][266]LogModuleManager: Shutting down and abandoning module GameProjectGeneration (168)
[2015.07.08-21.14.41:342][266]LogModuleManager: Shutting down and abandoning module IntroTutorials (167)
[2015.07.08-21.14.41:342][266]LogModuleManager: Shutting down and abandoning module EditorLiveStreaming (166)
[2015.07.08-21.14.41:342][266]LogModuleManager: Shutting down and abandoning module IOSPlatformEditor (165)
[2015.07.08-21.14.41:342][266]LogModuleManager: Shutting down and abandoning module HTML5PlatformEditor (164)
[2015.07.08-21.14.41:342][266]LogModuleManager: Shutting down and abandoning module AndroidDeviceDetection (163)
[2015.07.08-21.14.42:258][266]LogModuleManager: Shutting down and abandoning module AndroidPlatformEditor (162)
[2015.07.08-21.14.42:258][266]LogModuleManager: Shutting down and abandoning module IOSRuntimeSettings (161)
[2015.07.08-21.14.42:258][266]LogModuleManager: Shutting down and abandoning module AndroidRuntimeSettings (160)
[2015.07.08-21.14.42:258][266]LogModuleManager: Shutting down and abandoning module MergeActors (159)
[2015.07.08-21.14.42:258][266]LogModuleManager: Shutting down and abandoning module SizeMap (158)
[2015.07.08-21.14.42:258][266]LogModuleManager: Shutting down and abandoning module TreeMap (157)
[2015.07.08-21.14.42:258][266]LogModuleManager: Shutting down and abandoning module ReferenceViewer (156)
[2015.07.08-21.14.42:258][266]LogModuleManager: Shutting down and abandoning module LocalizationDashboard (155)
[2015.07.08-21.14.42:259][266]LogModuleManager: Shutting down and abandoning module HardwareTargeting (154)
[2015.07.08-21.14.42:259][266]LogModuleManager: Shutting down and abandoning module DeviceProfileEditor (153)
[2015.07.08-21.14.42:259][266]LogModuleManager: Shutting down and abandoning module UndoHistory (152)
[2015.07.08-21.14.42:259][266]LogModuleManager: Shutting down and abandoning module GameplayTagsEditor (151)
[2015.07.08-21.14.42:259][266]LogModuleManager: Shutting down and abandoning module UserFeedback (150)
[2015.07.08-21.14.42:259][266]LogModuleManager: Shutting down and abandoning module XmlParser (149)
[2015.07.08-21.14.42:259][266]LogModuleManager: Shutting down and abandoning module Blutility (148)
[2015.07.08-21.14.42:259][266]LogModuleManager: Shutting down and abandoning module ProjectTargetPlatformEditor (147)
[2015.07.08-21.14.42:259][266]LogModuleManager: Shutting down and abandoning module ProjectSettingsViewer (146)
[2015.07.08-21.14.42:259][266]LogModuleManager: Shutting down and abandoning module InputBindingEditor (145)
[2015.07.08-21.14.42:260][266]LogModuleManager: Shutting down and abandoning module EditorSettingsViewer (144)
[2015.07.08-21.14.42:260][266]LogModuleManager: Shutting down and abandoning module SettingsEditor (143)
[2015.07.08-21.14.42:260][266]LogModuleManager: Shutting down and abandoning module ProjectLauncher (142)
[2015.07.08-21.14.42:260][266]LogModuleManager: Shutting down and abandoning module SessionFrontend (141)
[2015.07.08-21.14.42:261][266]LogModuleManager: Shutting down and abandoning module ProfilerClient (140)
[2015.07.08-21.14.42:261][266]LogModuleManager: Shutting down and abandoning module TargetDeviceServices (139)
[2015.07.08-21.14.42:261][266]LogModuleManager: Shutting down and abandoning module DeviceManager (138)
[2015.07.08-21.14.42:261][266]LogModuleManager: Shutting down and abandoning module AutomationController (137)
[2015.07.08-21.14.42:261][266]LogModuleManager: Shutting down and abandoning module AutomationWindow (136)
[2015.07.08-21.14.42:262][266]LogModuleManager: Shutting down and abandoning module Layers (135)
[2015.07.08-21.14.42:262][266]LogModuleManager: Shutting down and abandoning module ComponentVisualizers (134)
[2015.07.08-21.14.42:262][266]LogModuleManager: Shutting down and abandoning module DetailCustomizations (133)
[2015.07.08-21.14.42:262][266]LogModuleManager: Shutting down and abandoning module PackagesDialog (132)
[2015.07.08-21.14.42:262][266]LogModuleManager: Shutting down and abandoning module AssetRegistry (131)
[2015.07.08-21.14.42:428][266]LogModuleManager: Shutting down and abandoning module Persona (130)
[2015.07.08-21.14.42:428][266]LogModuleManager: Shutting down and abandoning module Kismet (129)
[2015.07.08-21.14.42:428][266]LogModuleManager: Shutting down and abandoning module GraphEditor (128)
[2015.07.08-21.14.42:429][266]LogModuleManager: Shutting down and abandoning module ClassViewer (127)
[2015.07.08-21.14.42:429][266]LogModuleManager: Shutting down and abandoning module Toolbox (126)
[2015.07.08-21.14.42:429][266]LogModuleManager: Shutting down and abandoning module ModuleUI (125)
[2015.07.08-21.14.42:429][266]LogModuleManager: Shutting down and abandoning module MovieSceneTools (124)
[2015.07.08-21.14.42:429][266]LogModuleManager: Shutting down and abandoning module OutputLog (123)
[2015.07.08-21.14.42:429][266]LogModuleManager: Shutting down and abandoning module GammaUI (122)
[2015.07.08-21.14.42:429][266]LogModuleManager: Shutting down and abandoning module Documentation (121)
[2015.07.08-21.14.42:429][266]LogModuleManager: Shutting down and abandoning module GameLiveStreaming (120)
[2015.07.08-21.14.42:429][266]LogModuleManager: Shutting down and abandoning module StreamingPauseRendering (119)
[2015.07.08-21.14.42:429][266]LogModuleManager: Shutting down and abandoning module AnalyticsET (118)
[2015.07.08-21.14.42:429][266]LogModuleManager: Shutting down and abandoning module Analytics (117)
[2015.07.08-21.14.42:429][266]LogModuleManager: Shutting down and abandoning module AITestSuite (116)
[2015.07.08-21.14.42:429][266]LogModuleManager: Shutting down and abandoning module GameplayDebugger (115)
[2015.07.08-21.14.42:429][266]LogModuleManager: Shutting down and abandoning module AIModule (114)
[2015.07.08-21.14.42:429][266]LogModuleManager: Shutting down and abandoning module ProfilerService (113)
[2015.07.08-21.14.42:510][266]LogModuleManager: Shutting down and abandoning module TaskGraph (112)
[2015.07.08-21.14.42:510][266]LogModuleManager: Shutting down and abandoning module SlateRemote (111)
[2015.07.08-21.14.42:510][266]LogModuleManager: Shutting down and abandoning module SteamVRController (110)
[2015.07.08-21.14.42:510][266]LogModuleManager: Shutting down and abandoning module SteamVR (109)
[2015.07.08-21.14.42:510][266]LogModuleManager: Shutting down and abandoning module ProceduralMeshComponent (108)
[2015.07.08-21.14.42:510][266]LogModuleManager: Shutting down and abandoning module OculusRift (107)
[2015.07.08-21.14.42:510][266]LogModuleManager: Shutting down and abandoning module LeapMotionController (106)
[2015.07.08-21.14.42:546][266]LogModuleManager: Shutting down and abandoning module CustomMeshComponent (105)
[2015.07.08-21.14.42:546][266]LogModuleManager: Shutting down and abandoning module CableComponent (104)
[2015.07.08-21.14.42:546][266]LogModuleManager: Shutting down and abandoning module MessagingDebugger (103)
[2015.07.08-21.14.42:546][266]LogModuleManager: Shutting down and abandoning module MediaPlayerEditor (102)
[2015.07.08-21.14.42:547][266]LogModuleManager: Shutting down and abandoning module SpeedTreeImporter (101)
[2015.07.08-21.14.42:547][266]LogModuleManager: Shutting down and abandoning module PluginBrowser (100)
[2015.07.08-21.14.42:547][266]LogModuleManager: Shutting down and abandoning module EpicSurvey (99)
[2015.07.08-21.14.42:547][266]LogModuleManager: Shutting down and abandoning module DesktopPlatform (98)
[2015.07.08-21.14.42:547][266]LogModuleManager: Shutting down and abandoning module VisualStudioSourceCodeAccess (97)
[2015.07.08-21.14.42:547][266]LogModuleManager: Shutting down and abandoning module UObjectPlugin (96)
[2015.07.08-21.14.42:547][266]LogModuleManager: Shutting down and abandoning module SubversionSourceControl (95)
[2015.07.08-21.14.42:547][266]LogModuleManager: Shutting down and abandoning module PerforceSourceControl (94)
[2015.07.08-21.14.42:547][266]LogModuleManager: Shutting down and abandoning module SourceControl (93)
[2015.07.08-21.14.42:547][266]LogModuleManager: Shutting down and abandoning module GitSourceControl (92)
[2015.07.08-21.14.42:548][266]LogModuleManager: Shutting down and abandoning module BlankPlugin (91)
[2015.07.08-21.14.42:548][266]LogModuleManager: Shutting down and abandoning module PaperTiledImporter (90)
[2015.07.08-21.14.42:548][266]LogModuleManager: Shutting down and abandoning module PaperSpriteSheetImporter (89)
[2015.07.08-21.14.42:548][266]LogModuleManager: Shutting down and abandoning module MeshPaint (88)
[2015.07.08-21.14.42:548][266]LogModuleManager: Shutting down and abandoning module SlateReflector (87)
[2015.07.08-21.14.42:548][266]LogModuleManager: Shutting down and abandoning module DirectoryWatcher (86)
[2015.07.08-21.14.42:549][266]LogModuleManager: Shutting down and abandoning module HotReload (85)
[2015.07.08-21.14.42:549][266]LogModuleManager: Shutting down and abandoning module MainFrame (84)
[2015.07.08-21.14.42:549][266]LogModuleManager: Shutting down and abandoning module LevelEditor (83)
[2015.07.08-21.14.42:551][266]LogModuleManager: Shutting down and abandoning module ContentBrowser (82)
[2015.07.08-21.14.42:553][266]LogModuleManager: Shutting down and abandoning module Paper2DEditor (81)
[2015.07.08-21.14.42:553][266]LogModuleManager: Shutting down and abandoning module UdpMessaging (80)
[2015.07.08-21.14.42:653][266]LogModuleManager: Shutting down and abandoning module Paper2D (79)
[2015.07.08-21.14.42:653][266]LogModuleManager: Shutting down and abandoning module WindowsMoviePlayer (78)
[2015.07.08-21.14.42:664][266]LogModuleManager: Shutting down and abandoning module Media (77)
[2015.07.08-21.14.42:664][266]LogModuleManager: Shutting down and abandoning module WmfMedia (76)
[2015.07.08-21.14.42:664][266]LogModuleManager: Shutting down and abandoning module OnlineBlueprintSupport (75)
[2015.07.08-21.14.42:664][266]LogModuleManager: Shutting down and abandoning module PropertyEditor (74)
[2015.07.08-21.14.42:664][266]LogModuleManager: Shutting down and abandoning module BehaviorTreeEditor (73)
[2015.07.08-21.14.42:664][266]LogModuleManager: Shutting down and abandoning module FunctionalTesting (72)
[2015.07.08-21.14.42:664][266]LogModuleManager: Shutting down and abandoning module CollisionAnalyzer (71)
[2015.07.08-21.14.42:665][266]LogModuleManager: Shutting down and abandoning module WorkspaceMenuStructure (70)
[2015.07.08-21.14.42:665][266]LogModuleManager: Shutting down and abandoning module MessageLog (69)
[2015.07.08-21.14.42:665][266]LogModuleManager: Shutting down and abandoning module Sequencer (68)
[2015.07.08-21.14.42:665][266]LogModuleManager: Shutting down and abandoning module AssetTools (67)
[2015.07.08-21.14.42:665][266]LogModuleManager: Shutting down and abandoning module UMGEditor (66)
[2015.07.08-21.14.42:665][266]LogModuleManager: Shutting down and abandoning module UMG (65)
[2015.07.08-21.14.42:665][266]LogModuleManager: Shutting down and abandoning module Slate (64)
[2015.07.08-21.14.42:665][266]LogModuleManager: Shutting down and abandoning module EditorStyle (63)
[2015.07.08-21.14.42:675][266]LogModuleManager: Shutting down and abandoning module SessionServices (62)
[2015.07.08-21.14.42:675][266]LogModuleManager: Shutting down and abandoning module SourceCodeAccess (61)
[2015.07.08-21.14.42:675][266]LogModuleManager: Shutting down and abandoning module HeadMountedDisplay (60)
[2015.07.08-21.14.42:675][266]LogModuleManager: Shutting down and abandoning module XAudio2 (59)
[2015.07.08-21.14.42:675][266]LogModuleManager: Shutting down and abandoning module Networking (57)
[2015.07.08-21.14.42:675][266]LogModuleManager: Shutting down and abandoning module Core (56)
[2015.07.08-21.14.42:675][266]LogModuleManager: Shutting down and abandoning module KismetCompiler (55)
[2015.07.08-21.14.42:675][266]LogModuleManager: Shutting down and abandoning module PhysXFormats (54)
[2015.07.08-21.14.42:675][266]LogModuleManager: Shutting down and abandoning module MeshUtilities (53)
[2015.07.08-21.14.42:675][266]LogModuleManager: Shutting down and abandoning module DerivedDataCache (52)
[2015.07.08-21.14.42:721][266]LogDerivedDataCache: Shutdown
[2015.07.08-21.14.42:721][266]LogModuleManager: Shutting down and abandoning module ShaderFormatOpenGL (51)
[2015.07.08-21.14.42:721][266]LogModuleManager: Shutting down and abandoning module ShaderFormatD3D (50)
[2015.07.08-21.14.42:721][266]LogModuleManager: Shutting down and abandoning module MetalShaderFormat (49)
[2015.07.08-21.14.42:721][266]LogModuleManager: Shutting down and abandoning module TextureFormatUncompressed (48)
[2015.07.08-21.14.42:721][266]LogModuleManager: Shutting down and abandoning module TextureFormatPVR (47)
[2015.07.08-21.14.42:721][266]LogModuleManager: Shutting down and abandoning module TextureFormatIntelISPCTexComp (46)
[2015.07.08-21.14.42:721][266]LogModuleManager: Shutting down and abandoning module TextureFormatDXT (45)
[2015.07.08-21.14.42:721][266]LogModuleManager: Shutting down and abandoning module ImageWrapper (44)
[2015.07.08-21.14.42:722][266]LogModuleManager: Shutting down and abandoning module TextureFormatASTC (43)
[2015.07.08-21.14.42:722][266]LogModuleManager: Shutting down and abandoning module TextureFormatAndroid (42)
[2015.07.08-21.14.42:722][266]LogModuleManager: Shutting down and abandoning module AudioFormatOpus (41)
[2015.07.08-21.14.42:722][266]LogModuleManager: Shutting down and abandoning module AudioFormatOgg (40)
[2015.07.08-21.14.42:722][266]LogModuleManager: Shutting down and abandoning module AudioFormatADPCM (39)
[2015.07.08-21.14.42:722][266]LogModuleManager: Shutting down and abandoning module LinuxTargetPlatform (38)
[2015.07.08-21.14.42:722][266]LogModuleManager: Shutting down and abandoning module LinuxServerTargetPlatform (37)
[2015.07.08-21.14.42:722][266]LogModuleManager: Shutting down and abandoning module LinuxNoEditorTargetPlatform (36)
[2015.07.08-21.14.42:722][266]LogModuleManager: Shutting down and abandoning module Messaging (35)
[2015.07.08-21.14.42:722][266]LogModuleManager: Shutting down and abandoning module IOSTargetPlatform (34)
[2015.07.08-21.14.42:722][266]LogModuleManager: Shutting down and abandoning module HTML5TargetPlatform (33)
[2015.07.08-21.14.42:722][266]LogModuleManager: Shutting down and abandoning module Android_PVRTCTargetPlatform (32)
[2015.07.08-21.14.42:722][266]LogModuleManager: Shutting down and abandoning module Android_ETC2TargetPlatform (31)
[2015.07.08-21.14.42:722][266]LogModuleManager: Shutting down and abandoning module Android_ETC1TargetPlatform (30)
[2015.07.08-21.14.42:722][266]LogModuleManager: Shutting down and abandoning module Android_DXTTargetPlatform (29)
[2015.07.08-21.14.42:722][266]LogModuleManager: Shutting down and abandoning module Android_ATCTargetPlatform (28)
[2015.07.08-21.14.42:722][266]LogModuleManager: Shutting down and abandoning module Android_ASTCTargetPlatform (27)
[2015.07.08-21.14.42:722][266]LogModuleManager: Shutting down and abandoning module AndroidTargetPlatform (26)
[2015.07.08-21.14.42:722][266]LogModuleManager: Shutting down and abandoning module WindowsTargetPlatform (25)
[2015.07.08-21.14.42:722][266]LogModuleManager: Shutting down and abandoning module WindowsServerTargetPlatform (24)
[2015.07.08-21.14.42:722][266]LogModuleManager: Shutting down and abandoning module WindowsNoEditorTargetPlatform (23)
[2015.07.08-21.14.42:723][266]LogModuleManager: Shutting down and abandoning module WindowsClientTargetPlatform (22)
[2015.07.08-21.14.42:723][266]LogModuleManager: Shutting down and abandoning module DesktopTargetPlatform (21)
[2015.07.08-21.14.42:723][266]LogModuleManager: Shutting down and abandoning module TargetPlatform (20)
[2015.07.08-21.14.42:723][266]LogModuleManager: Shutting down and abandoning module InputCore (19)
[2015.07.08-21.14.42:723][266]LogModuleManager: Shutting down and abandoning module Settings (18)
[2015.07.08-21.14.42:723][266]LogModuleManager: Shutting down and abandoning module OnlineSubsystem (16)
[2015.07.08-21.14.42:723][266]LogModuleManager: Shutting down and abandoning module HTTP (15)
[2015.07.08-21.14.42:724][266]LogModuleManager: Shutting down and abandoning module ExampleDeviceProfileSelector (14)
[2015.07.08-21.14.42:724][266]LogModuleManager: Shutting down and abandoning module TextureCompressor (13)
[2015.07.08-21.14.42:724][266]LogModuleManager: Shutting down and abandoning module ShaderCore (12)
[2015.07.08-21.14.42:724][266]LogModuleManager: Shutting down and abandoning module Landscape (11)
[2015.07.08-21.14.42:724][266]LogModuleManager: Shutting down and abandoning module SlateRHIRenderer (10)
[2015.07.08-21.14.42:735][266]LogModuleManager: Shutting down and abandoning module OpenGLDrv (9)
[2015.07.08-21.14.42:735][266]LogModuleManager: Shutting down and abandoning module D3D11RHI (8)
[2015.07.08-21.14.42:735][266]LogModuleManager: Shutting down and abandoning module Renderer (7)
[2015.07.08-21.14.42:735][266]LogModuleManager: Shutting down and abandoning module Engine (6)
[2015.07.08-21.14.42:735][266]LogModuleManager: Shutting down and abandoning module CoreUObject (5)
[2015.07.08-21.14.42:735][266]LogModuleManager: Shutting down and abandoning module NetworkFile (4)
[2015.07.08-21.14.42:735][266]LogModuleManager: Shutting down and abandoning module StreamingFile (3)
[2015.07.08-21.14.42:736][266]LogModuleManager: Shutting down and abandoning module SandboxFile (2)
[2015.07.08-21.14.42:736][266]LogModuleManager: Shutting down and abandoning module PakFile (1)
[2015.07.08-21.14.42:737][266]LogExit: Exiting.
[2015.07.08-21.14.42:784][266]Log file closed, 07/09/15 00:14:42
