[2015.07.29-11.18.47:230][  0]Log file open, 07/29/15 14:18:47
[2015.07.29-11.18.47:230][  0]LogInit:Display: Running engine for game: JustDoIt
[2015.07.29-11.18.47:230][  0]LogInit:Display: RandInit(-1670706515) SRandInit(-1670706515).
[2015.07.29-11.18.47:230][  0]LogTaskGraph: Started task graph with 4 named threads and 5 total threads.
[2015.07.29-11.18.47:230][  0]LogStats: Stats thread started
[2015.07.29-11.18.47:230][  0]LogInit: Version: 4.8.2-2614606+++depot+UE4-Releases+4.8
[2015.07.29-11.18.47:230][  0]LogInit: API Version: 2579680
[2015.07.29-11.18.47:230][  0]LogInit: Compiled (64-bit): Jul  8 2015 23:43:41
[2015.07.29-11.18.47:230][  0]LogInit: Compiled with Visual C++: 18.00.21005.01
[2015.07.29-11.18.47:230][  0]LogInit: Build Configuration: Development
[2015.07.29-11.18.47:231][  0]LogInit: Branch Name: ++depot+UE4-Releases+4.8
[2015.07.29-11.18.47:231][  0]LogInit: Command line:  
[2015.07.29-11.18.47:231][  0]LogInit: Base directory: F:/GameDevelopment/Epic Games/4.8/Engine/Binaries/Win64/
[2015.07.29-11.18.47:231][  0]LogInit: Rocket: 1
[2015.07.29-11.18.47:306][  0]LogInit: Using libcurl 7.41.0
[2015.07.29-11.18.47:306][  0]LogInit:  - built for x86_64-pc-win32
[2015.07.29-11.18.47:306][  0]LogInit:  - supports SSL with WinSSL
[2015.07.29-11.18.47:306][  0]LogInit:  - other features:
[2015.07.29-11.18.47:306][  0]LogInit:      CURL_VERSION_SSL
[2015.07.29-11.18.47:306][  0]LogInit:      CURL_VERSION_IPV6
[2015.07.29-11.18.47:306][  0]LogInit:      CURL_VERSION_ASYNCHDNS
[2015.07.29-11.18.47:306][  0]LogInit:      CURL_VERSION_LARGEFILE
[2015.07.29-11.18.47:306][  0]LogInit:      CURL_VERSION_IDN
[2015.07.29-11.18.47:306][  0]LogInit:  CurlRequestOptions (configurable via config and command line):
[2015.07.29-11.18.47:306][  0]LogInit:  - bVerifyPeer = true  - Libcurl will verify peer certificate
[2015.07.29-11.18.47:306][  0]LogInit:  - bUseHttpProxy = false  - Libcurl will NOT use HTTP proxy
[2015.07.29-11.18.47:306][  0]LogInit:  - bDontReuseConnections = false  - Libcurl will reuse connections
[2015.07.29-11.18.47:306][  0]LogInit:  - CertBundlePath = nullptr  - Libcurl will use whatever was configured at build time.
[2015.07.29-11.18.47:327][  0]LogOnline:Warning: No default platform service specified for OnlineSubsystem
[2015.07.29-11.18.47:743][  0]LogInit: Presizing for 0 objects not considered by GC, pre-allocating 0 bytes.
[2015.07.29-11.18.47:761][  0]LogInit: Object subsystem initialized
[2015.07.29-11.18.47:763][  0]LogConsoleResponse:Warning: Skipping Unknown console variable: 'TranslucentSortAxis = (X=0.000000,Y=-1.000000,Z=0.000000)'
[2015.07.29-11.18.47:763][  0]LogConsoleResponse:Warning:   Found in ini file 'F:/GameDevelopment/Projects/ActualProject_1/FirstProjEver/JustDoIt/Saved/Config/Windows/Engine.ini', in section '[/Script/Engine.RendererSettings]'
[2015.07.29-11.18.47:763][  0]LogConsoleResponse:Warning: Skipping Unknown console variable: 'UIScaleRule = ShortestSide'
[2015.07.29-11.18.47:763][  0]LogConsoleResponse:Warning:   Found in ini file 'F:/GameDevelopment/Projects/ActualProject_1/FirstProjEver/JustDoIt/Saved/Config/Windows/Engine.ini', in section '[/Script/Engine.RendererSettings]'
[2015.07.29-11.18.47:763][  0]LogConsoleResponse:Warning: Skipping Unknown console variable: 'UIScaleCurve = (EditorCurveData=(Keys=),ExternalCurve=None)'
[2015.07.29-11.18.47:763][  0]LogConsoleResponse:Warning:   Found in ini file 'F:/GameDevelopment/Projects/ActualProject_1/FirstProjEver/JustDoIt/Saved/Config/Windows/Engine.ini', in section '[/Script/Engine.RendererSettings]'
[2015.07.29-11.18.47:763][  0]LogInit: Selected Device Profile: [Windows]
[2015.07.29-11.18.47:763][  0]LogInit: Applying CVar settings loaded from the selected device profile: [Windows]
[2015.07.29-11.18.47:817][  0]LogInit: Computer: NIKPC
[2015.07.29-11.18.47:817][  0]LogInit: User: Nikita
[2015.07.29-11.18.47:817][  0]LogInit: CPU Page size=4096, Cores=2
[2015.07.29-11.18.47:817][  0]LogInit: High frequency timer resolution =1.753826 MHz
[2015.07.29-11.18.47:817][  0]LogMemory: Memory total: Physical=7.9GB (8GB approx)
[2015.07.29-11.18.47:818][  0]LogMemory: Platform Memory Stats for Windows
[2015.07.29-11.18.47:818][  0]LogMemory: Process Physical Memory: 52.16 MB used, 52.16 MB peak
[2015.07.29-11.18.47:818][  0]LogMemory: Process Virtual Memory: 24.51 MB used, 27.41 MB peak
[2015.07.29-11.18.47:818][  0]LogMemory: Physical Memory: 2970.38 MB used, 8077.30 MB total
[2015.07.29-11.18.47:818][  0]LogMemory: Virtual Memory: 293.25 MB used, 134217728.00 MB total
[2015.07.29-11.18.50:837][  0]LogTextLocalizationManager: The requested culture ('ru_RU') has no localization data; falling back to 'en' for localization and internationalization data.
[2015.07.29-11.18.51:207][  0]LogTextLocalizationManager:Warning: Loaded localization resources contain conflicting entries for (Namespace:ContentBrowser, Key:ImportAssetToolTip):
Localization Resource: (F:/GameDevelopment/Epic Games/4.8/Engine/Content/Localization/Editor/en/Editor.locres) Source String Hash: (-630476809) Localized String: (Import to {0}...)
Localization Resource: (F:/GameDevelopment/Epic Games/4.8/Engine/Content/Localization/Editor/en/Editor.locres) Source String Hash: (1271782899) Localized String: (Imports an asset from file to this folder.)
[2015.07.29-11.18.53:106][  0]LogD3D11RHI: Found D3D11 adapter 0: Intel(R) HD Graphics 4000 (Feature Level 11_0)
[2015.07.29-11.18.53:106][  0]LogD3D11RHI: Adapter has 1988MB of dedicated video memory, 0MB of dedicated system memory, and 2048MB of shared system memory, 2 output[s]
[2015.07.29-11.18.53:122][  0]LogD3D11RHI: Found D3D11 adapter 1: NVIDIA GeForce GT 740M    (Feature Level 11_0)
[2015.07.29-11.18.53:122][  0]LogD3D11RHI: Adapter has 1988MB of dedicated video memory, 0MB of dedicated system memory, and 2048MB of shared system memory, 0 output[s]
[2015.07.29-11.18.53:124][  0]LogD3D11RHI: Found D3D11 adapter 2: Microsoft Basic Render Driver (Feature Level 11_0)
[2015.07.29-11.18.53:124][  0]LogD3D11RHI: Adapter has 1988MB of dedicated video memory, 0MB of dedicated system memory, and 2048MB of shared system memory, 0 output[s]
[2015.07.29-11.18.53:124][  0]LogD3D11RHI: Chosen D3D11 Adapter Id = 0
[2015.07.29-11.18.53:128][  0]LogD3D11RHI: InitD3DDevice
[2015.07.29-11.18.53:128][  0]LogD3D11RHI: !Direct3DDevice
[2015.07.29-11.18.53:128][  0]LogRHI: Texture pool is 1361 MB (70% of 1945 MB)
[2015.07.29-11.18.53:142][  0]LogD3D11RHI: Async texture creation enabled
[2015.07.29-11.18.53:156][  0]LogShaderCompilers:Display: Using Local Shader Compiler.
[2015.07.29-11.19.21:068][  0]LogTemp:Display: Loaded TP DesktopTargetPlatform
[2015.07.29-11.19.21:098][  0]LogTemp:Display: Loaded TP WindowsClientTargetPlatform
[2015.07.29-11.19.21:127][  0]LogTemp:Display: Loaded TP WindowsNoEditorTargetPlatform
[2015.07.29-11.19.21:150][  0]LogTemp:Display: Loaded TP WindowsServerTargetPlatform
[2015.07.29-11.19.21:177][  0]LogTemp:Display: Loaded TP WindowsTargetPlatform
[2015.07.29-11.19.21:204][  0]LogTemp:Display: Loaded TP AndroidTargetPlatform
[2015.07.29-11.19.21:223][  0]LogTemp:Display: Loaded TP Android_ASTCTargetPlatform
[2015.07.29-11.19.21:241][  0]LogTemp:Display: Loaded TP Android_ATCTargetPlatform
[2015.07.29-11.19.21:259][  0]LogTemp:Display: Loaded TP Android_DXTTargetPlatform
[2015.07.29-11.19.21:285][  0]LogTemp:Display: Loaded TP Android_ETC1TargetPlatform
[2015.07.29-11.19.21:313][  0]LogTemp:Display: Loaded TP Android_ETC2TargetPlatform
[2015.07.29-11.19.21:346][  0]LogTemp:Display: Loaded TP Android_PVRTCTargetPlatform
[2015.07.29-11.19.21:708][  0]LogTemp:Display: Loaded TP IOSTargetPlatform
[2015.07.29-11.19.21:735][  0]LogTemp:Display: Loaded TP LinuxNoEditorTargetPlatform
[2015.07.29-11.19.21:759][  0]LogTemp:Display: Loaded TP LinuxServerTargetPlatform
[2015.07.29-11.19.21:787][  0]LogTemp:Display: Loaded TP LinuxTargetPlatform
[2015.07.29-11.19.21:787][  0]LogTargetPlatformManager:Display: Building Assets For Windows
[2015.07.29-11.19.27:707][  0]LogDerivedDataCache:Display: Max Cache Size: 512 MB
[2015.07.29-11.19.28:956][  0]LogDerivedDataCache: Loaded boot cache 1.22s 53MB C:/Users/Nikita/AppData/Local/UnrealEngine/4.8/DerivedDataCache/Boot.ddc.
[2015.07.29-11.19.28:956][  0]LogDerivedDataCache:Display: Loaded Boot cache: C:/Users/Nikita/AppData/Local/UnrealEngine/4.8/DerivedDataCache/Boot.ddc
[2015.07.29-11.19.28:956][  0]LogDerivedDataCache: FDerivedDataBackendGraph:  Pak pak cache file ../../../../../Projects/ActualProject_1/FirstProjEver/JustDoIt/DerivedDataCache/DDC.ddp not found, will not use a pak cache.
[2015.07.29-11.19.28:956][  0]LogDerivedDataCache: Unable to find inner node Pak for hierarchical cache Hierarchy.
[2015.07.29-11.19.28:956][  0]LogDerivedDataCache: FDerivedDataBackendGraph:  CompressedPak pak cache file ../../../../../Projects/ActualProject_1/FirstProjEver/JustDoIt/DerivedDataCache/Compressed.ddp not found, will not use a pak cache.
[2015.07.29-11.19.28:956][  0]LogDerivedDataCache: Unable to find inner node CompressedPak for hierarchical cache Hierarchy.
[2015.07.29-11.19.29:499][  0]LogDerivedDataCache:Display: Pak cache opened for reading ../../../Engine/DerivedDataCache/Compressed.ddp.
[2015.07.29-11.19.29:511][  0]LogDerivedDataCache: Using Local data cache path C:/Users/Nikita/AppData/Local/UnrealEngine/Common/DerivedDataCache: Writable
[2015.07.29-11.20.40:575][  0]LogInit: Selected Device Profile: [Windows]
[2015.07.29-11.20.42:696][  0]ImportText (ComponentSweepMultiTests): Missing closing parenthesis: (RootShapeAsset="/Engine/BasicShapes/Cube.Cube",ShapeType="TriggerCapsule",HitResult=(Time=0.50,Location=(X=-100.000015,Y=0.0,Z=100.000015),ImpactPoint=(X=-50.0,Y=0.0,Z=50.0),Normal=(X=-1.0,Y=-0.0,Z=0.0),ImpactNormal=(X=0.0,Y=0.0,Z=1.0),TraceStart=(X=-200.0,Y=0.0,Z=200.0),TraceEnd=(X=0.0,Y=0.0,Z=0.0))
[2015.07.29-11.20.42:697][  0]ImportText (LineTraceSingleByChannelTests): Missing closing parenthesis: (RootShapeAsset="/Engine/BasicShapes/Cube.Cube",HitResult=(Time=0.50,Location=(X=-100.000015,Y=0.0,Z=100.000015),ImpactPoint=(X=-50.0,Y=0.0,Z=50.0),Normal=(X=-1.0,Y=-0.0,Z=0.0),ImpactNormal=(X=0.0,Y=0.0,Z=1.0),TraceStart=(X=-200.0,Y=0.0,Z=200.0),TraceEnd=(X=0.0,Y=0.0,Z=0.0))
[2015.07.29-11.20.43:067][  0]LogMeshUtilities: No automatic mesh reduction module available
[2015.07.29-11.20.43:067][  0]LogMeshUtilities: No automatic mesh merging module available
[2015.07.29-11.20.55:333][  0]LogInit: WinSock: version 1.1 (2.2), MaxSocks=32767, MaxUdp=65467
[2015.07.29-11.21.20:160][  0]UdpMessaging: Initializing bridge on interface 0.0.0.0:0 to multicast group 230.0.0.1:6666.
[2015.07.29-11.21.24:218][  0]LogConfig:Warning: Failed to saved backup for config[InternationalizationExport]
[2015.07.29-11.21.25:620][  0]SourceControl: Info Source control is disabled
[2015.07.29-11.21.25:644][  0]SourceControl: Info Source control is disabled
[2015.07.29-11.21.25:906][  0]SourceControl: Info Source control is disabled
[2015.07.29-11.21.25:955][  0]SourceControl: Info Source control is disabled
[2015.07.29-11.21.28:763][  0]LogObj: 26273 objects as part of root set at end of initial load.
[2015.07.29-11.21.28:763][  0]LogUObjectAllocator: 5409256 out of 0 bytes used by permanent object pool.
[2015.07.29-11.21.29:668][  0]LogEngine: Initializing Engine...
[2015.07.29-11.21.29:700][  0]LogHMD: Can't find Oculus library dev build: is proper Runtime installed? Version: 0.6.0.0
[2015.07.29-11.21.29:964][  0]LogHMD:Warning: SteamVR failed to initialize.  Error: 110
[2015.07.29-11.21.31:116][  0]LogAIModule: Creating AISystem for world NewWorld
[2015.07.29-11.21.31:179][  0]LogInit: XAudio2 using 'Headphones (High Definition Audio Device)' : 2 channels at 44.1 kHz using 16 bits per sample (channel mask 0x3)
[2015.07.29-11.21.31:195][  0]LogInit: FAudioDevice initialized.
[2015.07.29-11.21.31:247][  0]LogDerivedDataCache: Saved boot cache 0.05s 53MB C:/Users/Nikita/AppData/Local/UnrealEngine/4.8/DerivedDataCache/Boot.ddc.
[2015.07.29-11.21.31:256][  0]LogInit: Texture streaming: Disabled
[2015.07.29-11.21.31:379][  0]LogAnalytics: Creating configured Analytics provider AnalyticsET
[2015.07.29-11.21.31:37